[0.029s] Invoking command in '/home/rakesh/practice/build/champ_msgs': CMAKE_PREFIX_PATH=${CMAKE_PREFIX_PATH}:/opt/ros/jazzy: DEBUGINFOD_URLS=https://debuginfod.ubuntu.com /usr/bin/cmake --build /home/rakesh/practice/build/champ_msgs -- -j12 -l12
[0.202s] [  1%] Built target champ_msgs__rosidl_generator_type_description
[0.234s] [  1%] Built target ament_cmake_python_copy_champ_msgs
[0.251s] [  1%] Built target champ_msgs__cpp
[0.272s] [ 27%] Built target champ_msgs__rosidl_generator_c
[0.329s] [ 37%] Built target champ_msgs__rosidl_typesupport_introspection_c
[0.333s] [ 64%] Built target champ_msgs__rosidl_typesupport_cpp
[0.333s] [ 64%] Built target champ_msgs__rosidl_typesupport_fastrtps_cpp
[0.334s] [ 67%] Built target champ_msgs__rosidl_typesupport_c
[0.335s] [ 76%] Built target champ_msgs__rosidl_typesupport_introspection_cpp
[0.339s] [ 85%] Built target champ_msgs__rosidl_typesupport_fastrtps_c
[0.383s] [ 85%] Built target champ_msgs
[0.423s] [ 86%] Built target champ_msgs__py
[0.473s] [ 94%] Built target champ_msgs__rosidl_generator_py
[0.512s] [ 98%] Built target champ_msgs_s__rosidl_typesupport_introspection_c
[0.513s] [ 98%] Built target champ_msgs_s__rosidl_typesupport_c
[0.515s] [100%] Built target champ_msgs_s__rosidl_typesupport_fastrtps_c
[0.567s] running egg_info
[0.600s] writing champ_msgs.egg-info/PKG-INFO
[0.601s] writing dependency_links to champ_msgs.egg-info/dependency_links.txt
[0.601s] writing top-level names to champ_msgs.egg-info/top_level.txt
[0.694s] reading manifest file 'champ_msgs.egg-info/SOURCES.txt'
[0.695s] writing manifest file 'champ_msgs.egg-info/SOURCES.txt'
[0.754s] [100%] Built target ament_cmake_python_build_champ_msgs_egg
[0.777s] Invoked command in '/home/rakesh/practice/build/champ_msgs' returned '0': CMAKE_PREFIX_PATH=${CMAKE_PREFIX_PATH}:/opt/ros/jazzy: DEBUGINFOD_URLS=https://debuginfod.ubuntu.com /usr/bin/cmake --build /home/rakesh/practice/build/champ_msgs -- -j12 -l12
[0.779s] Invoking command in '/home/rakesh/practice/build/champ_msgs': CMAKE_PREFIX_PATH=${CMAKE_PREFIX_PATH}:/opt/ros/jazzy: DEBUGINFOD_URLS=https://debuginfod.ubuntu.com /usr/bin/cmake --install /home/rakesh/practice/build/champ_msgs
[0.795s] -- Install configuration: ""
[0.795s] -- Up-to-date: /home/rakesh/practice/install/champ_msgs/share/ament_index/resource_index/rosidl_interfaces/champ_msgs
[0.795s] -- Up-to-date: /home/rakesh/practice/install/champ_msgs/share/champ_msgs/msg/Velocities.json
[0.795s] -- Up-to-date: /home/rakesh/practice/install/champ_msgs/share/champ_msgs/msg/PID.json
[0.795s] -- Up-to-date: /home/rakesh/practice/install/champ_msgs/share/champ_msgs/msg/Imu.json
[0.795s] -- Up-to-date: /home/rakesh/practice/install/champ_msgs/share/champ_msgs/msg/Point.json
[0.795s] -- Up-to-date: /home/rakesh/practice/install/champ_msgs/share/champ_msgs/msg/PointArray.json
[0.796s] -- Up-to-date: /home/rakesh/practice/install/champ_msgs/share/champ_msgs/msg/Joints.json
[0.796s] -- Up-to-date: /home/rakesh/practice/install/champ_msgs/share/champ_msgs/msg/Contacts.json
[0.796s] -- Up-to-date: /home/rakesh/practice/install/champ_msgs/share/champ_msgs/msg/ContactsStamped.json
[0.796s] -- Up-to-date: /home/rakesh/practice/install/champ_msgs/share/champ_msgs/msg/Pose.json
[0.796s] -- Up-to-date: /home/rakesh/practice/install/champ_msgs/include/champ_msgs/champ_msgs
[0.796s] -- Up-to-date: /home/rakesh/practice/install/champ_msgs/include/champ_msgs/champ_msgs/msg
[0.796s] -- Up-to-date: /home/rakesh/practice/install/champ_msgs/include/champ_msgs/champ_msgs/msg/velocities.h
[0.796s] -- Up-to-date: /home/rakesh/practice/install/champ_msgs/include/champ_msgs/champ_msgs/msg/rosidl_generator_c__visibility_control.h
[0.796s] -- Up-to-date: /home/rakesh/practice/install/champ_msgs/include/champ_msgs/champ_msgs/msg/point.h
[0.796s] -- Up-to-date: /home/rakesh/practice/install/champ_msgs/include/champ_msgs/champ_msgs/msg/contacts.h
[0.796s] -- Up-to-date: /home/rakesh/practice/install/champ_msgs/include/champ_msgs/champ_msgs/msg/point_array.h
[0.797s] -- Up-to-date: /home/rakesh/practice/install/champ_msgs/include/champ_msgs/champ_msgs/msg/joints.h
[0.797s] -- Up-to-date: /home/rakesh/practice/install/champ_msgs/include/champ_msgs/champ_msgs/msg/contacts_stamped.h
[0.797s] -- Up-to-date: /home/rakesh/practice/install/champ_msgs/include/champ_msgs/champ_msgs/msg/imu.h
[0.797s] -- Up-to-date: /home/rakesh/practice/install/champ_msgs/include/champ_msgs/champ_msgs/msg/pid.h
[0.797s] -- Up-to-date: /home/rakesh/practice/install/champ_msgs/include/champ_msgs/champ_msgs/msg/pose.h
[0.797s] -- Up-to-date: /home/rakesh/practice/install/champ_msgs/include/champ_msgs/champ_msgs/msg/detail
[0.797s] -- Up-to-date: /home/rakesh/practice/install/champ_msgs/include/champ_msgs/champ_msgs/msg/detail/velocities__struct.h
[0.797s] -- Up-to-date: /home/rakesh/practice/install/champ_msgs/include/champ_msgs/champ_msgs/msg/detail/contacts_stamped__struct.h
[0.797s] -- Up-to-date: /home/rakesh/practice/install/champ_msgs/include/champ_msgs/champ_msgs/msg/detail/pid__functions.c
[0.797s] -- Up-to-date: /home/rakesh/practice/install/champ_msgs/include/champ_msgs/champ_msgs/msg/detail/contacts__struct.h
[0.798s] -- Up-to-date: /home/rakesh/practice/install/champ_msgs/include/champ_msgs/champ_msgs/msg/detail/imu__type_support.h
[0.798s] -- Up-to-date: /home/rakesh/practice/install/champ_msgs/include/champ_msgs/champ_msgs/msg/detail/pose__description.c
[0.798s] -- Up-to-date: /home/rakesh/practice/install/champ_msgs/include/champ_msgs/champ_msgs/msg/detail/contacts__functions.h
[0.798s] -- Up-to-date: /home/rakesh/practice/install/champ_msgs/include/champ_msgs/champ_msgs/msg/detail/joints__description.c
[0.798s] -- Up-to-date: /home/rakesh/practice/install/champ_msgs/include/champ_msgs/champ_msgs/msg/detail/contacts_stamped__description.c
[0.798s] -- Up-to-date: /home/rakesh/practice/install/champ_msgs/include/champ_msgs/champ_msgs/msg/detail/contacts_stamped__type_support.h
[0.798s] -- Up-to-date: /home/rakesh/practice/install/champ_msgs/include/champ_msgs/champ_msgs/msg/detail/point__functions.h
[0.798s] -- Up-to-date: /home/rakesh/practice/install/champ_msgs/include/champ_msgs/champ_msgs/msg/detail/velocities__type_support.c
[0.799s] -- Up-to-date: /home/rakesh/practice/install/champ_msgs/include/champ_msgs/champ_msgs/msg/detail/joints__functions.c
[0.799s] -- Up-to-date: /home/rakesh/practice/install/champ_msgs/include/champ_msgs/champ_msgs/msg/detail/pid__type_support.h
[0.799s] -- Up-to-date: /home/rakesh/practice/install/champ_msgs/include/champ_msgs/champ_msgs/msg/detail/contacts_stamped__functions.h
[0.799s] -- Up-to-date: /home/rakesh/practice/install/champ_msgs/include/champ_msgs/champ_msgs/msg/detail/velocities__functions.c
[0.799s] -- Up-to-date: /home/rakesh/practice/install/champ_msgs/include/champ_msgs/champ_msgs/msg/detail/pose__functions.h
[0.799s] -- Up-to-date: /home/rakesh/practice/install/champ_msgs/include/champ_msgs/champ_msgs/msg/detail/velocities__description.c
[0.799s] -- Up-to-date: /home/rakesh/practice/install/champ_msgs/include/champ_msgs/champ_msgs/msg/detail/contacts__type_support.h
[0.799s] -- Up-to-date: /home/rakesh/practice/install/champ_msgs/include/champ_msgs/champ_msgs/msg/detail/point_array__type_support.h
[0.799s] -- Up-to-date: /home/rakesh/practice/install/champ_msgs/include/champ_msgs/champ_msgs/msg/detail/joints__type_support.c
[0.799s] -- Up-to-date: /home/rakesh/practice/install/champ_msgs/include/champ_msgs/champ_msgs/msg/detail/pose__type_support.h
[0.799s] -- Up-to-date: /home/rakesh/practice/install/champ_msgs/include/champ_msgs/champ_msgs/msg/detail/imu__functions.h
[0.800s] -- Up-to-date: /home/rakesh/practice/install/champ_msgs/include/champ_msgs/champ_msgs/msg/detail/contacts__functions.c
[0.800s] -- Up-to-date: /home/rakesh/practice/install/champ_msgs/include/champ_msgs/champ_msgs/msg/detail/imu__functions.c
[0.800s] -- Up-to-date: /home/rakesh/practice/install/champ_msgs/include/champ_msgs/champ_msgs/msg/detail/point_array__functions.c
[0.800s] -- Installing: /home/rakesh/practice/install/champ_msgs/include/champ_msgs/champ_msgs/msg/detail/pose__type_support.c
[0.800s] -- Up-to-date: /home/rakesh/practice/install/champ_msgs/include/champ_msgs/champ_msgs/msg/detail/imu__struct.h
[0.800s] -- Up-to-date: /home/rakesh/practice/install/champ_msgs/include/champ_msgs/champ_msgs/msg/detail/point_array__description.c
[0.800s] -- Up-to-date: /home/rakesh/practice/install/champ_msgs/include/champ_msgs/champ_msgs/msg/detail/contacts__type_support.c
[0.800s] -- Up-to-date: /home/rakesh/practice/install/champ_msgs/include/champ_msgs/champ_msgs/msg/detail/point__struct.h
[0.800s] -- Up-to-date: /home/rakesh/practice/install/champ_msgs/include/champ_msgs/champ_msgs/msg/detail/velocities__functions.h
[0.800s] -- Up-to-date: /home/rakesh/practice/install/champ_msgs/include/champ_msgs/champ_msgs/msg/detail/point__description.c
[0.800s] -- Up-to-date: /home/rakesh/practice/install/champ_msgs/include/champ_msgs/champ_msgs/msg/detail/point_array__functions.h
[0.801s] -- Up-to-date: /home/rakesh/practice/install/champ_msgs/include/champ_msgs/champ_msgs/msg/detail/joints__functions.h
[0.801s] -- Up-to-date: /home/rakesh/practice/install/champ_msgs/include/champ_msgs/champ_msgs/msg/detail/velocities__type_support.h
[0.801s] -- Up-to-date: /home/rakesh/practice/install/champ_msgs/include/champ_msgs/champ_msgs/msg/detail/contacts_stamped__type_support.c
[0.801s] -- Up-to-date: /home/rakesh/practice/install/champ_msgs/include/champ_msgs/champ_msgs/msg/detail/joints__struct.h
[0.801s] -- Up-to-date: /home/rakesh/practice/install/champ_msgs/include/champ_msgs/champ_msgs/msg/detail/contacts_stamped__functions.c
[0.801s] -- Up-to-date: /home/rakesh/practice/install/champ_msgs/include/champ_msgs/champ_msgs/msg/detail/pid__description.c
[0.801s] -- Up-to-date: /home/rakesh/practice/install/champ_msgs/include/champ_msgs/champ_msgs/msg/detail/pid__struct.h
[0.801s] -- Up-to-date: /home/rakesh/practice/install/champ_msgs/include/champ_msgs/champ_msgs/msg/detail/point__type_support.h
[0.801s] -- Up-to-date: /home/rakesh/practice/install/champ_msgs/include/champ_msgs/champ_msgs/msg/detail/pose__functions.c
[0.801s] -- Up-to-date: /home/rakesh/practice/install/champ_msgs/include/champ_msgs/champ_msgs/msg/detail/point_array__struct.h
[0.802s] -- Up-to-date: /home/rakesh/practice/install/champ_msgs/include/champ_msgs/champ_msgs/msg/detail/joints__type_support.h
[0.802s] -- Up-to-date: /home/rakesh/practice/install/champ_msgs/include/champ_msgs/champ_msgs/msg/detail/pose__struct.h
[0.802s] -- Up-to-date: /home/rakesh/practice/install/champ_msgs/include/champ_msgs/champ_msgs/msg/detail/point__type_support.c
[0.802s] -- Up-to-date: /home/rakesh/practice/install/champ_msgs/include/champ_msgs/champ_msgs/msg/detail/pid__functions.h
[0.802s] -- Up-to-date: /home/rakesh/practice/install/champ_msgs/include/champ_msgs/champ_msgs/msg/detail/point__functions.c
[0.802s] -- Up-to-date: /home/rakesh/practice/install/champ_msgs/include/champ_msgs/champ_msgs/msg/detail/imu__description.c
[0.802s] -- Up-to-date: /home/rakesh/practice/install/champ_msgs/include/champ_msgs/champ_msgs/msg/detail/imu__type_support.c
[0.802s] -- Up-to-date: /home/rakesh/practice/install/champ_msgs/include/champ_msgs/champ_msgs/msg/detail/pid__type_support.c
[0.802s] -- Up-to-date: /home/rakesh/practice/install/champ_msgs/include/champ_msgs/champ_msgs/msg/detail/contacts__description.c
[0.802s] -- Up-to-date: /home/rakesh/practice/install/champ_msgs/include/champ_msgs/champ_msgs/msg/detail/point_array__type_support.c
[0.803s] -- Up-to-date: /home/rakesh/practice/install/champ_msgs/share/champ_msgs/environment/library_path.sh
[0.803s] -- Up-to-date: /home/rakesh/practice/install/champ_msgs/share/champ_msgs/environment/library_path.dsv
[0.803s] -- Up-to-date: /home/rakesh/practice/install/champ_msgs/lib/libchamp_msgs__rosidl_generator_c.so
[0.803s] -- Up-to-date: /home/rakesh/practice/install/champ_msgs/include/champ_msgs/champ_msgs
[0.803s] -- Up-to-date: /home/rakesh/practice/install/champ_msgs/include/champ_msgs/champ_msgs/msg
[0.803s] -- Up-to-date: /home/rakesh/practice/install/champ_msgs/include/champ_msgs/champ_msgs/msg/rosidl_typesupport_fastrtps_c__visibility_control.h
[0.803s] -- Up-to-date: /home/rakesh/practice/install/champ_msgs/include/champ_msgs/champ_msgs/msg/detail
[0.803s] -- Up-to-date: /home/rakesh/practice/install/champ_msgs/include/champ_msgs/champ_msgs/msg/detail/velocities__rosidl_typesupport_fastrtps_c.h
[0.803s] -- Up-to-date: /home/rakesh/practice/install/champ_msgs/include/champ_msgs/champ_msgs/msg/detail/pose__rosidl_typesupport_fastrtps_c.h
[0.804s] -- Up-to-date: /home/rakesh/practice/install/champ_msgs/include/champ_msgs/champ_msgs/msg/detail/pid__rosidl_typesupport_fastrtps_c.h
[0.804s] -- Up-to-date: /home/rakesh/practice/install/champ_msgs/include/champ_msgs/champ_msgs/msg/detail/imu__rosidl_typesupport_fastrtps_c.h
[0.804s] -- Up-to-date: /home/rakesh/practice/install/champ_msgs/include/champ_msgs/champ_msgs/msg/detail/joints__rosidl_typesupport_fastrtps_c.h
[0.804s] -- Up-to-date: /home/rakesh/practice/install/champ_msgs/include/champ_msgs/champ_msgs/msg/detail/contacts__rosidl_typesupport_fastrtps_c.h
[0.804s] -- Up-to-date: /home/rakesh/practice/install/champ_msgs/include/champ_msgs/champ_msgs/msg/detail/point_array__rosidl_typesupport_fastrtps_c.h
[0.804s] -- Up-to-date: /home/rakesh/practice/install/champ_msgs/include/champ_msgs/champ_msgs/msg/detail/contacts_stamped__rosidl_typesupport_fastrtps_c.h
[0.804s] -- Up-to-date: /home/rakesh/practice/install/champ_msgs/include/champ_msgs/champ_msgs/msg/detail/point__rosidl_typesupport_fastrtps_c.h
[0.804s] -- Up-to-date: /home/rakesh/practice/install/champ_msgs/lib/libchamp_msgs__rosidl_typesupport_fastrtps_c.so
[0.804s] -- Up-to-date: /home/rakesh/practice/install/champ_msgs/include/champ_msgs/champ_msgs
[0.804s] -- Up-to-date: /home/rakesh/practice/install/champ_msgs/include/champ_msgs/champ_msgs/msg
[0.805s] -- Up-to-date: /home/rakesh/practice/install/champ_msgs/include/champ_msgs/champ_msgs/msg/rosidl_typesupport_introspection_c__visibility_control.h
[0.805s] -- Up-to-date: /home/rakesh/practice/install/champ_msgs/include/champ_msgs/champ_msgs/msg/detail
[0.805s] -- Up-to-date: /home/rakesh/practice/install/champ_msgs/include/champ_msgs/champ_msgs/msg/detail/joints__rosidl_typesupport_introspection_c.h
[0.805s] -- Up-to-date: /home/rakesh/practice/install/champ_msgs/include/champ_msgs/champ_msgs/msg/detail/velocities__type_support.c
[0.805s] -- Up-to-date: /home/rakesh/practice/install/champ_msgs/include/champ_msgs/champ_msgs/msg/detail/contacts__rosidl_typesupport_introspection_c.h
[0.805s] -- Up-to-date: /home/rakesh/practice/install/champ_msgs/include/champ_msgs/champ_msgs/msg/detail/joints__type_support.c
[0.805s] -- Installing: /home/rakesh/practice/install/champ_msgs/include/champ_msgs/champ_msgs/msg/detail/pose__type_support.c
[0.805s] -- Up-to-date: /home/rakesh/practice/install/champ_msgs/include/champ_msgs/champ_msgs/msg/detail/point_array__rosidl_typesupport_introspection_c.h
[0.805s] -- Up-to-date: /home/rakesh/practice/install/champ_msgs/include/champ_msgs/champ_msgs/msg/detail/contacts__type_support.c
[0.805s] -- Up-to-date: /home/rakesh/practice/install/champ_msgs/include/champ_msgs/champ_msgs/msg/detail/imu__rosidl_typesupport_introspection_c.h
[0.805s] -- Up-to-date: /home/rakesh/practice/install/champ_msgs/include/champ_msgs/champ_msgs/msg/detail/contacts_stamped__type_support.c
[0.805s] -- Up-to-date: /home/rakesh/practice/install/champ_msgs/include/champ_msgs/champ_msgs/msg/detail/velocities__rosidl_typesupport_introspection_c.h
[0.805s] -- Up-to-date: /home/rakesh/practice/install/champ_msgs/include/champ_msgs/champ_msgs/msg/detail/pid__rosidl_typesupport_introspection_c.h
[0.806s] -- Up-to-date: /home/rakesh/practice/install/champ_msgs/include/champ_msgs/champ_msgs/msg/detail/point__type_support.c
[0.806s] -- Up-to-date: /home/rakesh/practice/install/champ_msgs/include/champ_msgs/champ_msgs/msg/detail/pose__rosidl_typesupport_introspection_c.h
[0.806s] -- Up-to-date: /home/rakesh/practice/install/champ_msgs/include/champ_msgs/champ_msgs/msg/detail/contacts_stamped__rosidl_typesupport_introspection_c.h
[0.806s] -- Up-to-date: /home/rakesh/practice/install/champ_msgs/include/champ_msgs/champ_msgs/msg/detail/imu__type_support.c
[0.806s] -- Up-to-date: /home/rakesh/practice/install/champ_msgs/include/champ_msgs/champ_msgs/msg/detail/pid__type_support.c
[0.806s] -- Up-to-date: /home/rakesh/practice/install/champ_msgs/include/champ_msgs/champ_msgs/msg/detail/point__rosidl_typesupport_introspection_c.h
[0.806s] -- Up-to-date: /home/rakesh/practice/install/champ_msgs/include/champ_msgs/champ_msgs/msg/detail/point_array__type_support.c
[0.806s] -- Up-to-date: /home/rakesh/practice/install/champ_msgs/lib/libchamp_msgs__rosidl_typesupport_introspection_c.so
[0.806s] -- Up-to-date: /home/rakesh/practice/install/champ_msgs/lib/libchamp_msgs__rosidl_typesupport_c.so
[0.806s] -- Up-to-date: /home/rakesh/practice/install/champ_msgs/include/champ_msgs/champ_msgs
[0.806s] -- Up-to-date: /home/rakesh/practice/install/champ_msgs/include/champ_msgs/champ_msgs/msg
[0.806s] -- Up-to-date: /home/rakesh/practice/install/champ_msgs/include/champ_msgs/champ_msgs/msg/contacts_stamped.hpp
[0.806s] -- Up-to-date: /home/rakesh/practice/install/champ_msgs/include/champ_msgs/champ_msgs/msg/imu.hpp
[0.807s] -- Up-to-date: /home/rakesh/practice/install/champ_msgs/include/champ_msgs/champ_msgs/msg/point.hpp
[0.807s] -- Up-to-date: /home/rakesh/practice/install/champ_msgs/include/champ_msgs/champ_msgs/msg/pid.hpp
[0.807s] -- Up-to-date: /home/rakesh/practice/install/champ_msgs/include/champ_msgs/champ_msgs/msg/point_array.hpp
[0.807s] -- Up-to-date: /home/rakesh/practice/install/champ_msgs/include/champ_msgs/champ_msgs/msg/pose.hpp
[0.807s] -- Up-to-date: /home/rakesh/practice/install/champ_msgs/include/champ_msgs/champ_msgs/msg/joints.hpp
[0.807s] -- Up-to-date: /home/rakesh/practice/install/champ_msgs/include/champ_msgs/champ_msgs/msg/velocities.hpp
[0.807s] -- Up-to-date: /home/rakesh/practice/install/champ_msgs/include/champ_msgs/champ_msgs/msg/contacts.hpp
[0.807s] -- Up-to-date: /home/rakesh/practice/install/champ_msgs/include/champ_msgs/champ_msgs/msg/detail
[0.807s] -- Up-to-date: /home/rakesh/practice/install/champ_msgs/include/champ_msgs/champ_msgs/msg/detail/velocities__traits.hpp
[0.807s] -- Up-to-date: /home/rakesh/practice/install/champ_msgs/include/champ_msgs/champ_msgs/msg/detail/velocities__type_support.hpp
[0.807s] -- Up-to-date: /home/rakesh/practice/install/champ_msgs/include/champ_msgs/champ_msgs/msg/detail/velocities__struct.hpp
[0.807s] -- Up-to-date: /home/rakesh/practice/install/champ_msgs/include/champ_msgs/champ_msgs/msg/detail/point_array__struct.hpp
[0.807s] -- Up-to-date: /home/rakesh/practice/install/champ_msgs/include/champ_msgs/champ_msgs/msg/detail/point__traits.hpp
[0.808s] -- Up-to-date: /home/rakesh/practice/install/champ_msgs/include/champ_msgs/champ_msgs/msg/detail/velocities__builder.hpp
[0.808s] -- Up-to-date: /home/rakesh/practice/install/champ_msgs/include/champ_msgs/champ_msgs/msg/detail/point_array__builder.hpp
[0.808s] -- Up-to-date: /home/rakesh/practice/install/champ_msgs/include/champ_msgs/champ_msgs/msg/detail/imu__builder.hpp
[0.808s] -- Up-to-date: /home/rakesh/practice/install/champ_msgs/include/champ_msgs/champ_msgs/msg/detail/contacts__type_support.hpp
[0.808s] -- Up-to-date: /home/rakesh/practice/install/champ_msgs/include/champ_msgs/champ_msgs/msg/detail/contacts_stamped__builder.hpp
[0.809s] -- Up-to-date: /home/rakesh/practice/install/champ_msgs/include/champ_msgs/champ_msgs/msg/detail/point__builder.hpp
[0.809s] -- Up-to-date: /home/rakesh/practice/install/champ_msgs/include/champ_msgs/champ_msgs/msg/detail/contacts_stamped__struct.hpp
[0.809s] -- Up-to-date: /home/rakesh/practice/install/champ_msgs/include/champ_msgs/champ_msgs/msg/detail/joints__type_support.hpp
[0.809s] -- Up-to-date: /home/rakesh/practice/install/champ_msgs/include/champ_msgs/champ_msgs/msg/detail/imu__traits.hpp
[0.809s] -- Up-to-date: /home/rakesh/practice/install/champ_msgs/include/champ_msgs/champ_msgs/msg/detail/pose__struct.hpp
[0.809s] -- Up-to-date: /home/rakesh/practice/install/champ_msgs/include/champ_msgs/champ_msgs/msg/detail/imu__type_support.hpp
[0.809s] -- Up-to-date: /home/rakesh/practice/install/champ_msgs/include/champ_msgs/champ_msgs/msg/detail/pose__traits.hpp
[0.809s] -- Up-to-date: /home/rakesh/practice/install/champ_msgs/include/champ_msgs/champ_msgs/msg/detail/point__struct.hpp
[0.809s] -- Up-to-date: /home/rakesh/practice/install/champ_msgs/include/champ_msgs/champ_msgs/msg/detail/imu__struct.hpp
[0.809s] -- Up-to-date: /home/rakesh/practice/install/champ_msgs/include/champ_msgs/champ_msgs/msg/detail/pid__builder.hpp
[0.809s] -- Up-to-date: /home/rakesh/practice/install/champ_msgs/include/champ_msgs/champ_msgs/msg/detail/pid__struct.hpp
[0.809s] -- Up-to-date: /home/rakesh/practice/install/champ_msgs/include/champ_msgs/champ_msgs/msg/detail/point_array__type_support.hpp
[0.810s] -- Up-to-date: /home/rakesh/practice/install/champ_msgs/include/champ_msgs/champ_msgs/msg/detail/contacts__struct.hpp
[0.810s] -- Up-to-date: /home/rakesh/practice/install/champ_msgs/include/champ_msgs/champ_msgs/msg/detail/point__type_support.hpp
[0.810s] -- Up-to-date: /home/rakesh/practice/install/champ_msgs/include/champ_msgs/champ_msgs/msg/detail/contacts__builder.hpp
[0.810s] -- Up-to-date: /home/rakesh/practice/install/champ_msgs/include/champ_msgs/champ_msgs/msg/detail/joints__struct.hpp
[0.810s] -- Up-to-date: /home/rakesh/practice/install/champ_msgs/include/champ_msgs/champ_msgs/msg/detail/contacts_stamped__type_support.hpp
[0.810s] -- Up-to-date: /home/rakesh/practice/install/champ_msgs/include/champ_msgs/champ_msgs/msg/detail/contacts__traits.hpp
[0.810s] -- Up-to-date: /home/rakesh/practice/install/champ_msgs/include/champ_msgs/champ_msgs/msg/detail/joints__traits.hpp
[0.810s] -- Up-to-date: /home/rakesh/practice/install/champ_msgs/include/champ_msgs/champ_msgs/msg/detail/joints__builder.hpp
[0.810s] -- Up-to-date: /home/rakesh/practice/install/champ_msgs/include/champ_msgs/champ_msgs/msg/detail/pose__type_support.hpp
[0.810s] -- Up-to-date: /home/rakesh/practice/install/champ_msgs/include/champ_msgs/champ_msgs/msg/detail/pid__type_support.hpp
[0.810s] -- Up-to-date: /home/rakesh/practice/install/champ_msgs/include/champ_msgs/champ_msgs/msg/detail/pid__traits.hpp
[0.810s] -- Up-to-date: /home/rakesh/practice/install/champ_msgs/include/champ_msgs/champ_msgs/msg/detail/pose__builder.hpp
[0.810s] -- Up-to-date: /home/rakesh/practice/install/champ_msgs/include/champ_msgs/champ_msgs/msg/detail/point_array__traits.hpp
[0.810s] -- Up-to-date: /home/rakesh/practice/install/champ_msgs/include/champ_msgs/champ_msgs/msg/detail/contacts_stamped__traits.hpp
[0.810s] -- Up-to-date: /home/rakesh/practice/install/champ_msgs/include/champ_msgs/champ_msgs/msg/rosidl_generator_cpp__visibility_control.hpp
[0.811s] -- Up-to-date: /home/rakesh/practice/install/champ_msgs/include/champ_msgs/champ_msgs
[0.811s] -- Up-to-date: /home/rakesh/practice/install/champ_msgs/include/champ_msgs/champ_msgs/msg
[0.811s] -- Up-to-date: /home/rakesh/practice/install/champ_msgs/include/champ_msgs/champ_msgs/msg/rosidl_typesupport_fastrtps_cpp__visibility_control.h
[0.811s] -- Up-to-date: /home/rakesh/practice/install/champ_msgs/include/champ_msgs/champ_msgs/msg/detail
[0.811s] -- Up-to-date: /home/rakesh/practice/install/champ_msgs/include/champ_msgs/champ_msgs/msg/detail/contacts__rosidl_typesupport_fastrtps_cpp.hpp
[0.811s] -- Up-to-date: /home/rakesh/practice/install/champ_msgs/include/champ_msgs/champ_msgs/msg/detail/pose__rosidl_typesupport_fastrtps_cpp.hpp
[0.811s] -- Up-to-date: /home/rakesh/practice/install/champ_msgs/include/champ_msgs/champ_msgs/msg/detail/point__rosidl_typesupport_fastrtps_cpp.hpp
[0.811s] -- Up-to-date: /home/rakesh/practice/install/champ_msgs/include/champ_msgs/champ_msgs/msg/detail/joints__rosidl_typesupport_fastrtps_cpp.hpp
[0.811s] -- Up-to-date: /home/rakesh/practice/install/champ_msgs/include/champ_msgs/champ_msgs/msg/detail/point_array__rosidl_typesupport_fastrtps_cpp.hpp
[0.811s] -- Up-to-date: /home/rakesh/practice/install/champ_msgs/include/champ_msgs/champ_msgs/msg/detail/pid__rosidl_typesupport_fastrtps_cpp.hpp
[0.811s] -- Up-to-date: /home/rakesh/practice/install/champ_msgs/include/champ_msgs/champ_msgs/msg/detail/dds_fastrtps
[0.811s] -- Up-to-date: /home/rakesh/practice/install/champ_msgs/include/champ_msgs/champ_msgs/msg/detail/contacts_stamped__rosidl_typesupport_fastrtps_cpp.hpp
[0.811s] -- Up-to-date: /home/rakesh/practice/install/champ_msgs/include/champ_msgs/champ_msgs/msg/detail/velocities__rosidl_typesupport_fastrtps_cpp.hpp
[0.811s] -- Up-to-date: /home/rakesh/practice/install/champ_msgs/include/champ_msgs/champ_msgs/msg/detail/imu__rosidl_typesupport_fastrtps_cpp.hpp
[0.811s] -- Up-to-date: /home/rakesh/practice/install/champ_msgs/lib/libchamp_msgs__rosidl_typesupport_fastrtps_cpp.so
[0.811s] -- Up-to-date: /home/rakesh/practice/install/champ_msgs/include/champ_msgs/champ_msgs
[0.812s] -- Up-to-date: /home/rakesh/practice/install/champ_msgs/include/champ_msgs/champ_msgs/msg
[0.812s] -- Up-to-date: /home/rakesh/practice/install/champ_msgs/include/champ_msgs/champ_msgs/msg/detail
[0.812s] -- Up-to-date: /home/rakesh/practice/install/champ_msgs/include/champ_msgs/champ_msgs/msg/detail/point__type_support.cpp
[0.812s] -- Up-to-date: /home/rakesh/practice/install/champ_msgs/include/champ_msgs/champ_msgs/msg/detail/pid__type_support.cpp
[0.812s] -- Up-to-date: /home/rakesh/practice/install/champ_msgs/include/champ_msgs/champ_msgs/msg/detail/contacts_stamped__rosidl_typesupport_introspection_cpp.hpp
[0.812s] -- Up-to-date: /home/rakesh/practice/install/champ_msgs/include/champ_msgs/champ_msgs/msg/detail/velocities__type_support.cpp
[0.812s] -- Up-to-date: /home/rakesh/practice/install/champ_msgs/include/champ_msgs/champ_msgs/msg/detail/point_array__rosidl_typesupport_introspection_cpp.hpp
[0.812s] -- Up-to-date: /home/rakesh/practice/install/champ_msgs/include/champ_msgs/champ_msgs/msg/detail/point__rosidl_typesupport_introspection_cpp.hpp
[0.812s] -- Up-to-date: /home/rakesh/practice/install/champ_msgs/include/champ_msgs/champ_msgs/msg/detail/joints__type_support.cpp
[0.812s] -- Up-to-date: /home/rakesh/practice/install/champ_msgs/include/champ_msgs/champ_msgs/msg/detail/contacts__type_support.cpp
[0.812s] -- Up-to-date: /home/rakesh/practice/install/champ_msgs/include/champ_msgs/champ_msgs/msg/detail/pose__rosidl_typesupport_introspection_cpp.hpp
[0.812s] -- Up-to-date: /home/rakesh/practice/install/champ_msgs/include/champ_msgs/champ_msgs/msg/detail/pose__type_support.cpp
[0.812s] -- Up-to-date: /home/rakesh/practice/install/champ_msgs/include/champ_msgs/champ_msgs/msg/detail/point_array__type_support.cpp
[0.812s] -- Up-to-date: /home/rakesh/practice/install/champ_msgs/include/champ_msgs/champ_msgs/msg/detail/pid__rosidl_typesupport_introspection_cpp.hpp
[0.812s] -- Up-to-date: /home/rakesh/practice/install/champ_msgs/include/champ_msgs/champ_msgs/msg/detail/contacts__rosidl_typesupport_introspection_cpp.hpp
[0.812s] -- Up-to-date: /home/rakesh/practice/install/champ_msgs/include/champ_msgs/champ_msgs/msg/detail/imu__type_support.cpp
[0.813s] -- Up-to-date: /home/rakesh/practice/install/champ_msgs/include/champ_msgs/champ_msgs/msg/detail/joints__rosidl_typesupport_introspection_cpp.hpp
[0.813s] -- Up-to-date: /home/rakesh/practice/install/champ_msgs/include/champ_msgs/champ_msgs/msg/detail/velocities__rosidl_typesupport_introspection_cpp.hpp
[0.813s] -- Up-to-date: /home/rakesh/practice/install/champ_msgs/include/champ_msgs/champ_msgs/msg/detail/imu__rosidl_typesupport_introspection_cpp.hpp
[0.813s] -- Up-to-date: /home/rakesh/practice/install/champ_msgs/include/champ_msgs/champ_msgs/msg/detail/contacts_stamped__type_support.cpp
[0.813s] -- Up-to-date: /home/rakesh/practice/install/champ_msgs/lib/libchamp_msgs__rosidl_typesupport_introspection_cpp.so
[0.813s] -- Up-to-date: /home/rakesh/practice/install/champ_msgs/lib/libchamp_msgs__rosidl_typesupport_cpp.so
[0.813s] -- Up-to-date: /home/rakesh/practice/install/champ_msgs/share/champ_msgs/environment/pythonpath.sh
[0.813s] -- Up-to-date: /home/rakesh/practice/install/champ_msgs/share/champ_msgs/environment/pythonpath.dsv
[0.813s] -- Up-to-date: /home/rakesh/practice/install/champ_msgs/lib/python3.12/site-packages/champ_msgs-0.1.0-py3.12.egg-info
[0.813s] -- Installing: /home/rakesh/practice/install/champ_msgs/lib/python3.12/site-packages/champ_msgs-0.1.0-py3.12.egg-info/PKG-INFO
[0.813s] -- Installing: /home/rakesh/practice/install/champ_msgs/lib/python3.12/site-packages/champ_msgs-0.1.0-py3.12.egg-info/SOURCES.txt
[0.813s] -- Installing: /home/rakesh/practice/install/champ_msgs/lib/python3.12/site-packages/champ_msgs-0.1.0-py3.12.egg-info/top_level.txt
[0.813s] -- Installing: /home/rakesh/practice/install/champ_msgs/lib/python3.12/site-packages/champ_msgs-0.1.0-py3.12.egg-info/dependency_links.txt
[0.813s] -- Up-to-date: /home/rakesh/practice/install/champ_msgs/lib/python3.12/site-packages/champ_msgs
[0.813s] -- Up-to-date: /home/rakesh/practice/install/champ_msgs/lib/python3.12/site-packages/champ_msgs/_champ_msgs_s.ep.rosidl_typesupport_c.c
[0.813s] -- Up-to-date: /home/rakesh/practice/install/champ_msgs/lib/python3.12/site-packages/champ_msgs/__init__.py
[0.814s] -- Up-to-date: /home/rakesh/practice/install/champ_msgs/lib/python3.12/site-packages/champ_msgs/msg
[0.814s] -- Up-to-date: /home/rakesh/practice/install/champ_msgs/lib/python3.12/site-packages/champ_msgs/msg/_contacts_stamped_s.c
[0.814s] -- Up-to-date: /home/rakesh/practice/install/champ_msgs/lib/python3.12/site-packages/champ_msgs/msg/_pose_s.c
[0.814s] -- Up-to-date: /home/rakesh/practice/install/champ_msgs/lib/python3.12/site-packages/champ_msgs/msg/__init__.py
[0.814s] -- Up-to-date: /home/rakesh/practice/install/champ_msgs/lib/python3.12/site-packages/champ_msgs/msg/_velocities.py
[0.814s] -- Up-to-date: /home/rakesh/practice/install/champ_msgs/lib/python3.12/site-packages/champ_msgs/msg/_pose.py
[0.814s] -- Up-to-date: /home/rakesh/practice/install/champ_msgs/lib/python3.12/site-packages/champ_msgs/msg/_joints_s.c
[0.814s] -- Up-to-date: /home/rakesh/practice/install/champ_msgs/lib/python3.12/site-packages/champ_msgs/msg/_point.py
[0.814s] -- Up-to-date: /home/rakesh/practice/install/champ_msgs/lib/python3.12/site-packages/champ_msgs/msg/_point_s.c
[0.814s] -- Up-to-date: /home/rakesh/practice/install/champ_msgs/lib/python3.12/site-packages/champ_msgs/msg/_joints.py
[0.814s] -- Up-to-date: /home/rakesh/practice/install/champ_msgs/lib/python3.12/site-packages/champ_msgs/msg/_contacts.py
[0.814s] -- Up-to-date: /home/rakesh/practice/install/champ_msgs/lib/python3.12/site-packages/champ_msgs/msg/_pid.py
[0.814s] -- Up-to-date: /home/rakesh/practice/install/champ_msgs/lib/python3.12/site-packages/champ_msgs/msg/_point_array.py
[0.814s] -- Up-to-date: /home/rakesh/practice/install/champ_msgs/lib/python3.12/site-packages/champ_msgs/msg/_point_array_s.c
[0.814s] -- Up-to-date: /home/rakesh/practice/install/champ_msgs/lib/python3.12/site-packages/champ_msgs/msg/_contacts_stamped.py
[0.814s] -- Up-to-date: /home/rakesh/practice/install/champ_msgs/lib/python3.12/site-packages/champ_msgs/msg/_imu_s.c
[0.815s] -- Up-to-date: /home/rakesh/practice/install/champ_msgs/lib/python3.12/site-packages/champ_msgs/msg/_velocities_s.c
[0.815s] -- Up-to-date: /home/rakesh/practice/install/champ_msgs/lib/python3.12/site-packages/champ_msgs/msg/_imu.py
[0.815s] -- Up-to-date: /home/rakesh/practice/install/champ_msgs/lib/python3.12/site-packages/champ_msgs/msg/_pid_s.c
[0.815s] -- Up-to-date: /home/rakesh/practice/install/champ_msgs/lib/python3.12/site-packages/champ_msgs/msg/_contacts_s.c
[0.815s] -- Up-to-date: /home/rakesh/practice/install/champ_msgs/lib/python3.12/site-packages/champ_msgs/_champ_msgs_s.ep.rosidl_typesupport_introspection_c.c
[0.815s] -- Up-to-date: /home/rakesh/practice/install/champ_msgs/lib/python3.12/site-packages/champ_msgs/champ_msgs_s__rosidl_typesupport_fastrtps_c.so
[0.815s] -- Up-to-date: /home/rakesh/practice/install/champ_msgs/lib/python3.12/site-packages/champ_msgs/champ_msgs_s__rosidl_typesupport_c.so
[0.815s] -- Up-to-date: /home/rakesh/practice/install/champ_msgs/lib/python3.12/site-packages/champ_msgs/champ_msgs_s__rosidl_typesupport_introspection_c.so
[0.815s] -- Up-to-date: /home/rakesh/practice/install/champ_msgs/lib/python3.12/site-packages/champ_msgs/_champ_msgs_s.ep.rosidl_typesupport_fastrtps_c.c
[0.850s] Listing '/home/rakesh/practice/install/champ_msgs/lib/python3.12/site-packages/champ_msgs'...
[0.850s] Listing '/home/rakesh/practice/install/champ_msgs/lib/python3.12/site-packages/champ_msgs/msg'...
[0.858s] -- Up-to-date: /home/rakesh/practice/install/champ_msgs/lib/python3.12/site-packages/champ_msgs/champ_msgs_s__rosidl_typesupport_fastrtps_c.so
[0.859s] -- Up-to-date: /home/rakesh/practice/install/champ_msgs/lib/python3.12/site-packages/champ_msgs/champ_msgs_s__rosidl_typesupport_introspection_c.so
[0.859s] -- Up-to-date: /home/rakesh/practice/install/champ_msgs/lib/python3.12/site-packages/champ_msgs/champ_msgs_s__rosidl_typesupport_c.so
[0.860s] -- Up-to-date: /home/rakesh/practice/install/champ_msgs/lib/libchamp_msgs__rosidl_generator_py.so
[0.860s] -- Up-to-date: /home/rakesh/practice/install/champ_msgs/share/champ_msgs/msg/Velocities.idl
[0.860s] -- Up-to-date: /home/rakesh/practice/install/champ_msgs/share/champ_msgs/msg/PID.idl
[0.861s] -- Up-to-date: /home/rakesh/practice/install/champ_msgs/share/champ_msgs/msg/Imu.idl
[0.861s] -- Up-to-date: /home/rakesh/practice/install/champ_msgs/share/champ_msgs/msg/Point.idl
[0.861s] -- Up-to-date: /home/rakesh/practice/install/champ_msgs/share/champ_msgs/msg/PointArray.idl
[0.861s] -- Up-to-date: /home/rakesh/practice/install/champ_msgs/share/champ_msgs/msg/Joints.idl
[0.861s] -- Up-to-date: /home/rakesh/practice/install/champ_msgs/share/champ_msgs/msg/Contacts.idl
[0.861s] -- Up-to-date: /home/rakesh/practice/install/champ_msgs/share/champ_msgs/msg/ContactsStamped.idl
[0.861s] -- Up-to-date: /home/rakesh/practice/install/champ_msgs/share/champ_msgs/msg/Pose.idl
[0.861s] -- Up-to-date: /home/rakesh/practice/install/champ_msgs/share/champ_msgs/msg/Velocities.msg
[0.861s] -- Up-to-date: /home/rakesh/practice/install/champ_msgs/share/champ_msgs/msg/PID.msg
[0.862s] -- Up-to-date: /home/rakesh/practice/install/champ_msgs/share/champ_msgs/msg/Imu.msg
[0.862s] -- Up-to-date: /home/rakesh/practice/install/champ_msgs/share/champ_msgs/msg/Point.msg
[0.862s] -- Up-to-date: /home/rakesh/practice/install/champ_msgs/share/champ_msgs/msg/PointArray.msg
[0.862s] -- Up-to-date: /home/rakesh/practice/install/champ_msgs/share/champ_msgs/msg/Joints.msg
[0.862s] -- Up-to-date: /home/rakesh/practice/install/champ_msgs/share/champ_msgs/msg/Contacts.msg
[0.862s] -- Up-to-date: /home/rakesh/practice/install/champ_msgs/share/champ_msgs/msg/ContactsStamped.msg
[0.862s] -- Up-to-date: /home/rakesh/practice/install/champ_msgs/share/champ_msgs/msg/Pose.msg
[0.862s] -- Up-to-date: /home/rakesh/practice/install/champ_msgs/share/ament_index/resource_index/package_run_dependencies/champ_msgs
[0.862s] -- Up-to-date: /home/rakesh/practice/install/champ_msgs/share/ament_index/resource_index/parent_prefix_path/champ_msgs
[0.862s] -- Up-to-date: /home/rakesh/practice/install/champ_msgs/share/champ_msgs/environment/ament_prefix_path.sh
[0.863s] -- Up-to-date: /home/rakesh/practice/install/champ_msgs/share/champ_msgs/environment/ament_prefix_path.dsv
[0.863s] -- Up-to-date: /home/rakesh/practice/install/champ_msgs/share/champ_msgs/environment/path.sh
[0.863s] -- Up-to-date: /home/rakesh/practice/install/champ_msgs/share/champ_msgs/environment/path.dsv
[0.863s] -- Up-to-date: /home/rakesh/practice/install/champ_msgs/share/champ_msgs/local_setup.bash
[0.863s] -- Up-to-date: /home/rakesh/practice/install/champ_msgs/share/champ_msgs/local_setup.sh
[0.863s] -- Up-to-date: /home/rakesh/practice/install/champ_msgs/share/champ_msgs/local_setup.zsh
[0.863s] -- Up-to-date: /home/rakesh/practice/install/champ_msgs/share/champ_msgs/local_setup.dsv
[0.863s] -- Installing: /home/rakesh/practice/install/champ_msgs/share/champ_msgs/package.dsv
[0.863s] -- Up-to-date: /home/rakesh/practice/install/champ_msgs/share/ament_index/resource_index/packages/champ_msgs
[0.863s] -- Up-to-date: /home/rakesh/practice/install/champ_msgs/share/champ_msgs/cmake/export_champ_msgs__rosidl_generator_cExport.cmake
[0.864s] -- Up-to-date: /home/rakesh/practice/install/champ_msgs/share/champ_msgs/cmake/export_champ_msgs__rosidl_generator_cExport-noconfig.cmake
[0.864s] -- Up-to-date: /home/rakesh/practice/install/champ_msgs/share/champ_msgs/cmake/export_champ_msgs__rosidl_typesupport_fastrtps_cExport.cmake
[0.864s] -- Up-to-date: /home/rakesh/practice/install/champ_msgs/share/champ_msgs/cmake/export_champ_msgs__rosidl_typesupport_fastrtps_cExport-noconfig.cmake
[0.864s] -- Up-to-date: /home/rakesh/practice/install/champ_msgs/share/champ_msgs/cmake/champ_msgs__rosidl_typesupport_introspection_cExport.cmake
[0.864s] -- Up-to-date: /home/rakesh/practice/install/champ_msgs/share/champ_msgs/cmake/champ_msgs__rosidl_typesupport_introspection_cExport-noconfig.cmake
[0.864s] -- Up-to-date: /home/rakesh/practice/install/champ_msgs/share/champ_msgs/cmake/champ_msgs__rosidl_typesupport_cExport.cmake
[0.864s] -- Up-to-date: /home/rakesh/practice/install/champ_msgs/share/champ_msgs/cmake/champ_msgs__rosidl_typesupport_cExport-noconfig.cmake
[0.864s] -- Up-to-date: /home/rakesh/practice/install/champ_msgs/share/champ_msgs/cmake/export_champ_msgs__rosidl_generator_cppExport.cmake
[0.864s] -- Up-to-date: /home/rakesh/practice/install/champ_msgs/share/champ_msgs/cmake/export_champ_msgs__rosidl_typesupport_fastrtps_cppExport.cmake
[0.865s] -- Up-to-date: /home/rakesh/practice/install/champ_msgs/share/champ_msgs/cmake/export_champ_msgs__rosidl_typesupport_fastrtps_cppExport-noconfig.cmake
[0.865s] -- Up-to-date: /home/rakesh/practice/install/champ_msgs/share/champ_msgs/cmake/champ_msgs__rosidl_typesupport_introspection_cppExport.cmake
[0.865s] -- Up-to-date: /home/rakesh/practice/install/champ_msgs/share/champ_msgs/cmake/champ_msgs__rosidl_typesupport_introspection_cppExport-noconfig.cmake
[0.865s] -- Up-to-date: /home/rakesh/practice/install/champ_msgs/share/champ_msgs/cmake/champ_msgs__rosidl_typesupport_cppExport.cmake
[0.865s] -- Up-to-date: /home/rakesh/practice/install/champ_msgs/share/champ_msgs/cmake/champ_msgs__rosidl_typesupport_cppExport-noconfig.cmake
[0.865s] -- Up-to-date: /home/rakesh/practice/install/champ_msgs/share/champ_msgs/cmake/export_champ_msgs__rosidl_generator_pyExport.cmake
[0.865s] -- Up-to-date: /home/rakesh/practice/install/champ_msgs/share/champ_msgs/cmake/export_champ_msgs__rosidl_generator_pyExport-noconfig.cmake
[0.865s] -- Up-to-date: /home/rakesh/practice/install/champ_msgs/share/champ_msgs/cmake/rosidl_cmake-extras.cmake
[0.865s] -- Up-to-date: /home/rakesh/practice/install/champ_msgs/share/champ_msgs/cmake/ament_cmake_export_dependencies-extras.cmake
[0.866s] -- Up-to-date: /home/rakesh/practice/install/champ_msgs/share/champ_msgs/cmake/ament_cmake_export_include_directories-extras.cmake
[0.866s] -- Up-to-date: /home/rakesh/practice/install/champ_msgs/share/champ_msgs/cmake/ament_cmake_export_libraries-extras.cmake
[0.866s] -- Up-to-date: /home/rakesh/practice/install/champ_msgs/share/champ_msgs/cmake/ament_cmake_export_targets-extras.cmake
[0.866s] -- Up-to-date: /home/rakesh/practice/install/champ_msgs/share/champ_msgs/cmake/rosidl_cmake_export_typesupport_targets-extras.cmake
[0.866s] -- Up-to-date: /home/rakesh/practice/install/champ_msgs/share/champ_msgs/cmake/rosidl_cmake_export_typesupport_libraries-extras.cmake
[0.866s] -- Up-to-date: /home/rakesh/practice/install/champ_msgs/share/champ_msgs/cmake/champ_msgsConfig.cmake
[0.866s] -- Up-to-date: /home/rakesh/practice/install/champ_msgs/share/champ_msgs/cmake/champ_msgsConfig-version.cmake
[0.866s] -- Up-to-date: /home/rakesh/practice/install/champ_msgs/share/champ_msgs/package.xml
[0.870s] Invoked command in '/home/rakesh/practice/build/champ_msgs' returned '0': CMAKE_PREFIX_PATH=${CMAKE_PREFIX_PATH}:/opt/ros/jazzy: DEBUGINFOD_URLS=https://debuginfod.ubuntu.com /usr/bin/cmake --install /home/rakesh/practice/build/champ_msgs
