[0.019s] Invoking command in '/home/rakesh/practice/build/champ_msgs': CMAKE_PREFIX_PATH=${CMAKE_PREFIX_PATH}:/opt/ros/jazzy: DEBUGINFOD_URLS=https://debuginfod.ubuntu.com /usr/bin/cmake /home/rakesh/practice/src/unitree_go2_ros2/champ_msgs -DCMAKE_INSTALL_PREFIX=/home/rakesh/practice/install/champ_msgs
[0.207s] -- The C compiler identification is GNU 13.3.0
[0.345s] -- The CXX compiler identification is GNU 13.3.0
[0.373s] -- Detecting C compiler ABI info
[0.497s] -- Detecting C compiler ABI info - done
[0.507s] -- Check for working C compiler: /usr/bin/cc - skipped
[0.507s] -- Detecting C compile features
[0.508s] -- Detecting C compile features - done
[0.523s] -- Detecting CXX compiler ABI info
[0.651s] -- Detecting CXX compiler ABI info - done
[0.661s] -- Check for working CXX compiler: /usr/bin/c++ - skipped
[0.661s] -- Detecting CXX compile features
[0.662s] -- Detecting CXX compile features - done
[0.674s] -- Found ament_cmake: 2.5.4 (/opt/ros/jazzy/share/ament_cmake/cmake)
[0.859s] -- Found Python3: /usr/bin/python3 (found version "3.12.3") found components: Interpreter 
[1.042s] -- Found rosidl_default_generators: 1.6.0 (/opt/ros/jazzy/share/rosidl_default_generators/cmake)
[1.056s] -- Using all available rosidl_typesupport_c: rosidl_typesupport_fastrtps_c;rosidl_typesupport_introspection_c
[1.161s] -- Using all available rosidl_typesupport_cpp: rosidl_typesupport_fastrtps_cpp;rosidl_typesupport_introspection_cpp
[1.242s] -- Found rosidl_adapter: 4.6.6 (/opt/ros/jazzy/share/rosidl_adapter/cmake)
[1.254s] -- Found std_msgs: 5.3.6 (/opt/ros/jazzy/share/std_msgs/cmake)
[1.315s] -- Found geometry_msgs: 5.3.6 (/opt/ros/jazzy/share/geometry_msgs/cmake)
[2.112s] -- Found ament_cmake_ros: 0.12.0 (/opt/ros/jazzy/share/ament_cmake_ros/cmake)
[2.721s] -- Using all available rosidl_typesupport_c: rosidl_typesupport_fastrtps_c;rosidl_typesupport_introspection_c
[3.532s] -- Using all available rosidl_typesupport_cpp: rosidl_typesupport_fastrtps_cpp;rosidl_typesupport_introspection_cpp
[3.541s] -- Found python_cmake_module: 0.11.1 (/opt/ros/jazzy/share/python_cmake_module/cmake)
[3.696s] -- Found PythonExtra: /usr/bin/python3  
[4.242s] -- Found Python3: /usr/bin/python3 (found version "3.12.3") found components: Interpreter Development NumPy Development.Module Development.Embed 
[4.346s] -- Found ament_lint_auto: 0.17.3 (/opt/ros/jazzy/share/ament_lint_auto/cmake)
[4.357s] -- Configuring done (4.3s)
[4.422s] -- Generating done (0.1s)
[4.438s] -- Build files have been written to: /home/rakesh/practice/build/champ_msgs
[4.447s] Invoked command in '/home/rakesh/practice/build/champ_msgs' returned '0': CMAKE_PREFIX_PATH=${CMAKE_PREFIX_PATH}:/opt/ros/jazzy: DEBUGINFOD_URLS=https://debuginfod.ubuntu.com /usr/bin/cmake /home/rakesh/practice/src/unitree_go2_ros2/champ_msgs -DCMAKE_INSTALL_PREFIX=/home/rakesh/practice/install/champ_msgs
[4.448s] Invoking command in '/home/rakesh/practice/build/champ_msgs': CMAKE_PREFIX_PATH=${CMAKE_PREFIX_PATH}:/opt/ros/jazzy: DEBUGINFOD_URLS=https://debuginfod.ubuntu.com /usr/bin/cmake --build /home/rakesh/practice/build/champ_msgs -- -j12 -l12
[4.525s] [  1%] [34m[1mGenerating type hashes for ROS interfaces[0m
[4.537s] [  1%] Built target ament_cmake_python_copy_champ_msgs
[4.800s] [  1%] Built target champ_msgs__rosidl_generator_type_description
[4.813s] running egg_info
[4.814s] creating champ_msgs.egg-info
[4.814s] [  2%] [34m[1mGenerating C code for ROS interfaces[0m
[4.830s] [  2%] [34m[1mGenerating C++ code for ROS interfaces[0m
[4.844s] writing champ_msgs.egg-info/PKG-INFO
[4.844s] writing dependency_links to champ_msgs.egg-info/dependency_links.txt
[4.845s] writing top-level names to champ_msgs.egg-info/top_level.txt
[4.845s] writing manifest file 'champ_msgs.egg-info/SOURCES.txt'
[4.936s] reading manifest file 'champ_msgs.egg-info/SOURCES.txt'
[4.937s] writing manifest file 'champ_msgs.egg-info/SOURCES.txt'
[4.979s] [  2%] Built target ament_cmake_python_build_champ_msgs_egg
[5.371s] [  2%] Built target champ_msgs__cpp
[5.552s] [  5%] [32mBuilding C object CMakeFiles/champ_msgs__rosidl_generator_c.dir/rosidl_generator_c/champ_msgs/msg/detail/pid__type_support.c.o[0m
[5.552s] [  5%] [32mBuilding C object CMakeFiles/champ_msgs__rosidl_generator_c.dir/rosidl_generator_c/champ_msgs/msg/detail/velocities__functions.c.o[0m
[5.553s] [  8%] [32mBuilding C object CMakeFiles/champ_msgs__rosidl_generator_c.dir/rosidl_generator_c/champ_msgs/msg/detail/imu__description.c.o[0m
[5.553s] [  9%] [32mBuilding C object CMakeFiles/champ_msgs__rosidl_generator_c.dir/rosidl_generator_c/champ_msgs/msg/detail/pid__functions.c.o[0m
[5.553s] [  9%] [32mBuilding C object CMakeFiles/champ_msgs__rosidl_generator_c.dir/rosidl_generator_c/champ_msgs/msg/detail/imu__functions.c.o[0m
[5.553s] [ 12%] [32mBuilding C object CMakeFiles/champ_msgs__rosidl_generator_c.dir/rosidl_generator_c/champ_msgs/msg/detail/point__type_support.c.o[0m
[5.553s] [ 13%] [32mBuilding C object CMakeFiles/champ_msgs__rosidl_generator_c.dir/rosidl_generator_c/champ_msgs/msg/detail/point__functions.c.o[0m
[5.553s] [  5%] [32mBuilding C object CMakeFiles/champ_msgs__rosidl_generator_c.dir/rosidl_generator_c/champ_msgs/msg/detail/imu__type_support.c.o[0m
[5.553s] [ 13%] [32mBuilding C object CMakeFiles/champ_msgs__rosidl_generator_c.dir/rosidl_generator_c/champ_msgs/msg/detail/velocities__type_support.c.o[0m
[5.553s] [ 13%] [32mBuilding C object CMakeFiles/champ_msgs__rosidl_generator_c.dir/rosidl_generator_c/champ_msgs/msg/detail/velocities__description.c.o[0m
[5.553s] [ 13%] [32mBuilding C object CMakeFiles/champ_msgs__rosidl_generator_c.dir/rosidl_generator_c/champ_msgs/msg/detail/pid__description.c.o[0m
[5.553s] [ 13%] [32mBuilding C object CMakeFiles/champ_msgs__rosidl_generator_c.dir/rosidl_generator_c/champ_msgs/msg/detail/point__description.c.o[0m
[5.618s] [ 15%] [32mBuilding C object CMakeFiles/champ_msgs__rosidl_generator_c.dir/rosidl_generator_c/champ_msgs/msg/detail/point_array__functions.c.o[0m
[5.618s] [ 15%] [32mBuilding C object CMakeFiles/champ_msgs__rosidl_generator_c.dir/rosidl_generator_c/champ_msgs/msg/detail/point_array__description.c.o[0m
[5.618s] [ 15%] [32mBuilding C object CMakeFiles/champ_msgs__rosidl_generator_c.dir/rosidl_generator_c/champ_msgs/msg/detail/point_array__type_support.c.o[0m
[5.626s] [ 16%] [32mBuilding C object CMakeFiles/champ_msgs__rosidl_generator_c.dir/rosidl_generator_c/champ_msgs/msg/detail/joints__description.c.o[0m
[5.634s] [ 18%] [32mBuilding C object CMakeFiles/champ_msgs__rosidl_generator_c.dir/rosidl_generator_c/champ_msgs/msg/detail/joints__type_support.c.o[0m
[5.635s] [ 18%] [32mBuilding C object CMakeFiles/champ_msgs__rosidl_generator_c.dir/rosidl_generator_c/champ_msgs/msg/detail/joints__functions.c.o[0m
[5.635s] [ 19%] [32mBuilding C object CMakeFiles/champ_msgs__rosidl_generator_c.dir/rosidl_generator_c/champ_msgs/msg/detail/contacts__description.c.o[0m
[5.640s] [ 20%] [32mBuilding C object CMakeFiles/champ_msgs__rosidl_generator_c.dir/rosidl_generator_c/champ_msgs/msg/detail/contacts__functions.c.o[0m
[5.653s] [ 23%] [32mBuilding C object CMakeFiles/champ_msgs__rosidl_generator_c.dir/rosidl_generator_c/champ_msgs/msg/detail/contacts__type_support.c.o[0m
[5.653s] [ 23%] [32mBuilding C object CMakeFiles/champ_msgs__rosidl_generator_c.dir/rosidl_generator_c/champ_msgs/msg/detail/contacts_stamped__functions.c.o[0m
[5.653s] [ 23%] [32mBuilding C object CMakeFiles/champ_msgs__rosidl_generator_c.dir/rosidl_generator_c/champ_msgs/msg/detail/contacts_stamped__type_support.c.o[0m
[5.653s] [ 23%] [32mBuilding C object CMakeFiles/champ_msgs__rosidl_generator_c.dir/rosidl_generator_c/champ_msgs/msg/detail/contacts_stamped__description.c.o[0m
[5.672s] [ 24%] [32mBuilding C object CMakeFiles/champ_msgs__rosidl_generator_c.dir/rosidl_generator_c/champ_msgs/msg/detail/pose__description.c.o[0m
[5.684s] [ 25%] [32mBuilding C object CMakeFiles/champ_msgs__rosidl_generator_c.dir/rosidl_generator_c/champ_msgs/msg/detail/pose__functions.c.o[0m
[5.686s] [ 26%] [32mBuilding C object CMakeFiles/champ_msgs__rosidl_generator_c.dir/rosidl_generator_c/champ_msgs/msg/detail/pose__type_support.c.o[0m
[5.740s] [ 27%] [32m[1mLinking C shared library libchamp_msgs__rosidl_generator_c.so[0m
[5.798s] [ 27%] Built target champ_msgs__rosidl_generator_c
[5.813s] [ 29%] [34m[1mGenerating C type support dispatch for ROS interfaces[0m
[5.814s] [ 29%] [34m[1mGenerating C type support for eProsima Fast-RTPS[0m
[5.814s] [ 31%] [34m[1mGenerating C++ type support for eProsima Fast-RTPS[0m
[5.814s] [ 31%] [34m[1mGenerating C introspection for ROS interfaces[0m
[5.815s] [ 32%] [34m[1mGenerating C++ type support dispatch for ROS interfaces[0m
[5.815s] [ 32%] [34m[1mGenerating C++ introspection for ROS interfaces[0m
[6.201s] [ 35%] [32mBuilding CXX object CMakeFiles/champ_msgs__rosidl_typesupport_cpp.dir/rosidl_typesupport_cpp/champ_msgs/msg/joints__type_support.cpp.o[0m
[6.201s] [ 35%] [32mBuilding CXX object CMakeFiles/champ_msgs__rosidl_typesupport_cpp.dir/rosidl_typesupport_cpp/champ_msgs/msg/point__type_support.cpp.o[0m
[6.201s] [ 35%] [32mBuilding CXX object CMakeFiles/champ_msgs__rosidl_typesupport_cpp.dir/rosidl_typesupport_cpp/champ_msgs/msg/imu__type_support.cpp.o[0m
[6.201s] [ 35%] [32mBuilding CXX object CMakeFiles/champ_msgs__rosidl_typesupport_cpp.dir/rosidl_typesupport_cpp/champ_msgs/msg/pid__type_support.cpp.o[0m
[6.201s] [ 36%] [32mBuilding CXX object CMakeFiles/champ_msgs__rosidl_typesupport_cpp.dir/rosidl_typesupport_cpp/champ_msgs/msg/point_array__type_support.cpp.o[0m
[6.205s] [ 38%] [32mBuilding CXX object CMakeFiles/champ_msgs__rosidl_typesupport_c.dir/rosidl_typesupport_c/champ_msgs/msg/velocities__type_support.cpp.o[0m
[6.205s] [ 38%] [32mBuilding CXX object CMakeFiles/champ_msgs__rosidl_typesupport_cpp.dir/rosidl_typesupport_cpp/champ_msgs/msg/velocities__type_support.cpp.o[0m
[6.208s] [ 39%] [32mBuilding CXX object CMakeFiles/champ_msgs__rosidl_typesupport_cpp.dir/rosidl_typesupport_cpp/champ_msgs/msg/contacts__type_support.cpp.o[0m
[6.284s] [ 40%] [32mBuilding CXX object CMakeFiles/champ_msgs__rosidl_typesupport_c.dir/rosidl_typesupport_c/champ_msgs/msg/pid__type_support.cpp.o[0m
[6.348s] [ 41%] [32mBuilding CXX object CMakeFiles/champ_msgs__rosidl_typesupport_c.dir/rosidl_typesupport_c/champ_msgs/msg/imu__type_support.cpp.o[0m
[6.426s] [ 42%] [32mBuilding CXX object CMakeFiles/champ_msgs__rosidl_typesupport_c.dir/rosidl_typesupport_c/champ_msgs/msg/point__type_support.cpp.o[0m
[6.506s] [ 43%] [32mBuilding CXX object CMakeFiles/champ_msgs__rosidl_typesupport_c.dir/rosidl_typesupport_c/champ_msgs/msg/point_array__type_support.cpp.o[0m
[6.556s] [ 44%] [32mBuilding CXX object CMakeFiles/champ_msgs__rosidl_typesupport_introspection_cpp.dir/rosidl_typesupport_introspection_cpp/champ_msgs/msg/detail/velocities__type_support.cpp.o[0m
[6.568s] [ 45%] [32mBuilding C object CMakeFiles/champ_msgs__rosidl_typesupport_introspection_c.dir/rosidl_typesupport_introspection_c/champ_msgs/msg/detail/velocities__type_support.c.o[0m
[6.584s] [ 45%] [32mBuilding CXX object CMakeFiles/champ_msgs__rosidl_typesupport_c.dir/rosidl_typesupport_c/champ_msgs/msg/joints__type_support.cpp.o[0m
[6.640s] [ 46%] [32mBuilding C object CMakeFiles/champ_msgs__rosidl_typesupport_introspection_c.dir/rosidl_typesupport_introspection_c/champ_msgs/msg/detail/pid__type_support.c.o[0m
[6.663s] [ 47%] [32mBuilding CXX object CMakeFiles/champ_msgs__rosidl_typesupport_c.dir/rosidl_typesupport_c/champ_msgs/msg/contacts__type_support.cpp.o[0m
[6.708s] [ 47%] [32mBuilding C object CMakeFiles/champ_msgs__rosidl_typesupport_introspection_c.dir/rosidl_typesupport_introspection_c/champ_msgs/msg/detail/imu__type_support.c.o[0m
[6.734s] [ 48%] [32mBuilding CXX object CMakeFiles/champ_msgs__rosidl_typesupport_introspection_cpp.dir/rosidl_typesupport_introspection_cpp/champ_msgs/msg/detail/pid__type_support.cpp.o[0m
[6.736s] [ 51%] [32mBuilding CXX object CMakeFiles/champ_msgs__rosidl_typesupport_cpp.dir/rosidl_typesupport_cpp/champ_msgs/msg/contacts_stamped__type_support.cpp.o[0m
[6.737s] [ 51%] [32mBuilding C object CMakeFiles/champ_msgs__rosidl_typesupport_introspection_c.dir/rosidl_typesupport_introspection_c/champ_msgs/msg/detail/point__type_support.c.o[0m
[6.737s] [ 51%] [32mBuilding CXX object CMakeFiles/champ_msgs__rosidl_typesupport_c.dir/rosidl_typesupport_c/champ_msgs/msg/contacts_stamped__type_support.cpp.o[0m
[6.746s] [ 52%] [32mBuilding CXX object CMakeFiles/champ_msgs__rosidl_typesupport_c.dir/rosidl_typesupport_c/champ_msgs/msg/pose__type_support.cpp.o[0m
[6.756s] [ 53%] [32mBuilding CXX object CMakeFiles/champ_msgs__rosidl_typesupport_cpp.dir/rosidl_typesupport_cpp/champ_msgs/msg/pose__type_support.cpp.o[0m
[6.770s] [ 54%] [32mBuilding CXX object CMakeFiles/champ_msgs__rosidl_typesupport_introspection_cpp.dir/rosidl_typesupport_introspection_cpp/champ_msgs/msg/detail/imu__type_support.cpp.o[0m
[6.771s] [ 55%] [32mBuilding CXX object CMakeFiles/champ_msgs__rosidl_typesupport_fastrtps_cpp.dir/rosidl_typesupport_fastrtps_cpp/champ_msgs/msg/detail/dds_fastrtps/velocities__type_support.cpp.o[0m
[6.775s] [ 56%] [32mBuilding C object CMakeFiles/champ_msgs__rosidl_typesupport_introspection_c.dir/rosidl_typesupport_introspection_c/champ_msgs/msg/detail/point_array__type_support.c.o[0m
[6.782s] [ 57%] [32mBuilding CXX object CMakeFiles/champ_msgs__rosidl_typesupport_introspection_cpp.dir/rosidl_typesupport_introspection_cpp/champ_msgs/msg/detail/point__type_support.cpp.o[0m
[6.799s] [ 58%] [32mBuilding CXX object CMakeFiles/champ_msgs__rosidl_typesupport_fastrtps_cpp.dir/rosidl_typesupport_fastrtps_cpp/champ_msgs/msg/detail/dds_fastrtps/pid__type_support.cpp.o[0m
[6.809s] [ 59%] [32mBuilding CXX object CMakeFiles/champ_msgs__rosidl_typesupport_fastrtps_c.dir/rosidl_typesupport_fastrtps_c/champ_msgs/msg/detail/velocities__type_support_c.cpp.o[0m
[6.811s] [ 59%] [32mBuilding CXX object CMakeFiles/champ_msgs__rosidl_typesupport_introspection_cpp.dir/rosidl_typesupport_introspection_cpp/champ_msgs/msg/detail/point_array__type_support.cpp.o[0m
[6.820s] [ 60%] [32m[1mLinking CXX shared library libchamp_msgs__rosidl_typesupport_c.so[0m
[6.846s] [ 61%] [32mBuilding C object CMakeFiles/champ_msgs__rosidl_typesupport_introspection_c.dir/rosidl_typesupport_introspection_c/champ_msgs/msg/detail/joints__type_support.c.o[0m
[6.908s] [ 61%] Built target champ_msgs__rosidl_typesupport_c
[6.922s] [ 62%] [32mBuilding C object CMakeFiles/champ_msgs__rosidl_typesupport_introspection_c.dir/rosidl_typesupport_introspection_c/champ_msgs/msg/detail/contacts__type_support.c.o[0m
[6.931s] [ 63%] [32mBuilding CXX object CMakeFiles/champ_msgs__rosidl_typesupport_fastrtps_cpp.dir/rosidl_typesupport_fastrtps_cpp/champ_msgs/msg/detail/dds_fastrtps/imu__type_support.cpp.o[0m
[7.002s] [ 64%] [32mBuilding C object CMakeFiles/champ_msgs__rosidl_typesupport_introspection_c.dir/rosidl_typesupport_introspection_c/champ_msgs/msg/detail/contacts_stamped__type_support.c.o[0m
[7.043s] [ 65%] [32mBuilding CXX object CMakeFiles/champ_msgs__rosidl_typesupport_fastrtps_c.dir/rosidl_typesupport_fastrtps_c/champ_msgs/msg/detail/pid__type_support_c.cpp.o[0m
[7.078s] [ 66%] [32mBuilding C object CMakeFiles/champ_msgs__rosidl_typesupport_introspection_c.dir/rosidl_typesupport_introspection_c/champ_msgs/msg/detail/pose__type_support.c.o[0m
[7.148s] [ 67%] [32m[1mLinking C shared library libchamp_msgs__rosidl_typesupport_introspection_c.so[0m
[7.219s] [ 68%] [32mBuilding CXX object CMakeFiles/champ_msgs__rosidl_typesupport_fastrtps_c.dir/rosidl_typesupport_fastrtps_c/champ_msgs/msg/detail/imu__type_support_c.cpp.o[0m
[7.224s] [ 68%] Built target champ_msgs__rosidl_typesupport_introspection_c
[7.236s] [ 69%] [32mBuilding CXX object CMakeFiles/champ_msgs__rosidl_typesupport_fastrtps_c.dir/rosidl_typesupport_fastrtps_c/champ_msgs/msg/detail/point__type_support_c.cpp.o[0m
[7.246s] [ 70%] [32mBuilding CXX object CMakeFiles/champ_msgs__rosidl_typesupport_fastrtps_cpp.dir/rosidl_typesupport_fastrtps_cpp/champ_msgs/msg/detail/dds_fastrtps/point__type_support.cpp.o[0m
[7.286s] [ 71%] [32m[1mLinking CXX shared library libchamp_msgs__rosidl_typesupport_cpp.so[0m
[7.288s] [ 73%] [32mBuilding CXX object CMakeFiles/champ_msgs__rosidl_typesupport_fastrtps_c.dir/rosidl_typesupport_fastrtps_c/champ_msgs/msg/detail/point_array__type_support_c.cpp.o[0m
[7.288s] [ 73%] [32mBuilding CXX object CMakeFiles/champ_msgs__rosidl_typesupport_introspection_cpp.dir/rosidl_typesupport_introspection_cpp/champ_msgs/msg/detail/joints__type_support.cpp.o[0m
[7.332s] [ 74%] [32mBuilding CXX object CMakeFiles/champ_msgs__rosidl_typesupport_fastrtps_c.dir/rosidl_typesupport_fastrtps_c/champ_msgs/msg/detail/joints__type_support_c.cpp.o[0m
[7.369s] [ 74%] Built target champ_msgs__rosidl_typesupport_cpp
[7.388s] [ 75%] [32mBuilding CXX object CMakeFiles/champ_msgs__rosidl_typesupport_fastrtps_cpp.dir/rosidl_typesupport_fastrtps_cpp/champ_msgs/msg/detail/dds_fastrtps/point_array__type_support.cpp.o[0m
[7.560s] [ 76%] [32mBuilding CXX object CMakeFiles/champ_msgs__rosidl_typesupport_introspection_cpp.dir/rosidl_typesupport_introspection_cpp/champ_msgs/msg/detail/contacts__type_support.cpp.o[0m
[7.577s] [ 76%] [32mBuilding CXX object CMakeFiles/champ_msgs__rosidl_typesupport_fastrtps_cpp.dir/rosidl_typesupport_fastrtps_cpp/champ_msgs/msg/detail/dds_fastrtps/joints__type_support.cpp.o[0m
[7.580s] [ 77%] [32mBuilding CXX object CMakeFiles/champ_msgs__rosidl_typesupport_fastrtps_cpp.dir/rosidl_typesupport_fastrtps_cpp/champ_msgs/msg/detail/dds_fastrtps/contacts__type_support.cpp.o[0m
[7.757s] [ 78%] [32mBuilding CXX object CMakeFiles/champ_msgs__rosidl_typesupport_fastrtps_c.dir/rosidl_typesupport_fastrtps_c/champ_msgs/msg/detail/contacts__type_support_c.cpp.o[0m
[7.781s] [ 78%] [32mBuilding CXX object CMakeFiles/champ_msgs__rosidl_typesupport_introspection_cpp.dir/rosidl_typesupport_introspection_cpp/champ_msgs/msg/detail/contacts_stamped__type_support.cpp.o[0m
[7.861s] [ 79%] [32mBuilding CXX object CMakeFiles/champ_msgs__rosidl_typesupport_fastrtps_cpp.dir/rosidl_typesupport_fastrtps_cpp/champ_msgs/msg/detail/dds_fastrtps/contacts_stamped__type_support.cpp.o[0m
[7.952s] [ 80%] [32mBuilding CXX object CMakeFiles/champ_msgs__rosidl_typesupport_fastrtps_cpp.dir/rosidl_typesupport_fastrtps_cpp/champ_msgs/msg/detail/dds_fastrtps/pose__type_support.cpp.o[0m
[7.991s] [ 81%] [32mBuilding CXX object CMakeFiles/champ_msgs__rosidl_typesupport_introspection_cpp.dir/rosidl_typesupport_introspection_cpp/champ_msgs/msg/detail/pose__type_support.cpp.o[0m
[8.016s] [ 82%] [32mBuilding CXX object CMakeFiles/champ_msgs__rosidl_typesupport_fastrtps_c.dir/rosidl_typesupport_fastrtps_c/champ_msgs/msg/detail/contacts_stamped__type_support_c.cpp.o[0m
[8.028s] [ 82%] [32mBuilding CXX object CMakeFiles/champ_msgs__rosidl_typesupport_fastrtps_c.dir/rosidl_typesupport_fastrtps_c/champ_msgs/msg/detail/pose__type_support_c.cpp.o[0m
[8.432s] [ 83%] [32m[1mLinking CXX shared library libchamp_msgs__rosidl_typesupport_introspection_cpp.so[0m
[8.564s] [ 83%] Built target champ_msgs__rosidl_typesupport_introspection_cpp
[8.574s] [ 84%] [32m[1mLinking CXX shared library libchamp_msgs__rosidl_typesupport_fastrtps_cpp.so[0m
[8.602s] [ 85%] [32m[1mLinking CXX shared library libchamp_msgs__rosidl_typesupport_fastrtps_c.so[0m
[8.671s] [ 85%] Built target champ_msgs__rosidl_typesupport_fastrtps_c
[8.692s] [ 85%] Built target champ_msgs__rosidl_typesupport_fastrtps_cpp
[8.721s] [ 85%] Built target champ_msgs
[8.751s] [ 86%] [34m[1mGenerating Python code for ROS interfaces[0m
[9.490s] [ 86%] Built target champ_msgs__py
[9.520s] [ 87%] [32mBuilding C object CMakeFiles/champ_msgs__rosidl_generator_py.dir/rosidl_generator_py/champ_msgs/msg/_pid_s.c.o[0m
[9.520s] [ 87%] [32mBuilding C object CMakeFiles/champ_msgs__rosidl_generator_py.dir/rosidl_generator_py/champ_msgs/msg/_point_s.c.o[0m
[9.520s] [ 88%] [32mBuilding C object CMakeFiles/champ_msgs__rosidl_generator_py.dir/rosidl_generator_py/champ_msgs/msg/_velocities_s.c.o[0m
[9.523s] [ 89%] [32mBuilding C object CMakeFiles/champ_msgs__rosidl_generator_py.dir/rosidl_generator_py/champ_msgs/msg/_imu_s.c.o[0m
[9.524s] [ 94%] [32mBuilding C object CMakeFiles/champ_msgs__rosidl_generator_py.dir/rosidl_generator_py/champ_msgs/msg/_pose_s.c.o[0m
[9.524s] [ 94%] [32mBuilding C object CMakeFiles/champ_msgs__rosidl_generator_py.dir/rosidl_generator_py/champ_msgs/msg/_point_array_s.c.o[0m
[9.524s] [ 94%] [32mBuilding C object CMakeFiles/champ_msgs__rosidl_generator_py.dir/rosidl_generator_py/champ_msgs/msg/_contacts_stamped_s.c.o[0m
[9.525s] [ 94%] [32mBuilding C object CMakeFiles/champ_msgs__rosidl_generator_py.dir/rosidl_generator_py/champ_msgs/msg/_joints_s.c.o[0m
[9.525s] [ 94%] [32mBuilding C object CMakeFiles/champ_msgs__rosidl_generator_py.dir/rosidl_generator_py/champ_msgs/msg/_contacts_s.c.o[0m
[9.718s] [ 94%] [32m[1mLinking C shared library libchamp_msgs__rosidl_generator_py.so[0m
[9.779s] [ 94%] Built target champ_msgs__rosidl_generator_py
[9.806s] [ 95%] [32mBuilding C object CMakeFiles/champ_msgs_s__rosidl_typesupport_fastrtps_c.dir/rosidl_generator_py/champ_msgs/_champ_msgs_s.ep.rosidl_typesupport_fastrtps_c.c.o[0m
[9.807s] [ 97%] [32mBuilding C object CMakeFiles/champ_msgs_s__rosidl_typesupport_c.dir/rosidl_generator_py/champ_msgs/_champ_msgs_s.ep.rosidl_typesupport_c.c.o[0m
[9.808s] [ 97%] [32mBuilding C object CMakeFiles/champ_msgs_s__rosidl_typesupport_introspection_c.dir/rosidl_generator_py/champ_msgs/_champ_msgs_s.ep.rosidl_typesupport_introspection_c.c.o[0m
[9.936s] [ 98%] [32m[1mLinking C shared module rosidl_generator_py/champ_msgs/champ_msgs_s__rosidl_typesupport_introspection_c.so[0m
[9.943s] [100%] [32m[1mLinking C shared module rosidl_generator_py/champ_msgs/champ_msgs_s__rosidl_typesupport_fastrtps_c.so[0m
[9.943s] [100%] [32m[1mLinking C shared module rosidl_generator_py/champ_msgs/champ_msgs_s__rosidl_typesupport_c.so[0m
[9.982s] [100%] Built target champ_msgs_s__rosidl_typesupport_introspection_c
[9.986s] [100%] Built target champ_msgs_s__rosidl_typesupport_c
[9.986s] [100%] Built target champ_msgs_s__rosidl_typesupport_fastrtps_c
[10.004s] Invoked command in '/home/rakesh/practice/build/champ_msgs' returned '0': CMAKE_PREFIX_PATH=${CMAKE_PREFIX_PATH}:/opt/ros/jazzy: DEBUGINFOD_URLS=https://debuginfod.ubuntu.com /usr/bin/cmake --build /home/rakesh/practice/build/champ_msgs -- -j12 -l12
[10.005s] Invoking command in '/home/rakesh/practice/build/champ_msgs': CMAKE_PREFIX_PATH=${CMAKE_PREFIX_PATH}:/opt/ros/jazzy: DEBUGINFOD_URLS=https://debuginfod.ubuntu.com /usr/bin/cmake --install /home/rakesh/practice/build/champ_msgs
[10.015s] -- Install configuration: ""
[10.016s] -- Installing: /home/rakesh/practice/install/champ_msgs/share/ament_index/resource_index/rosidl_interfaces/champ_msgs
[10.016s] -- Installing: /home/rakesh/practice/install/champ_msgs/share/champ_msgs/msg/Velocities.json
[10.016s] -- Installing: /home/rakesh/practice/install/champ_msgs/share/champ_msgs/msg/PID.json
[10.016s] -- Installing: /home/rakesh/practice/install/champ_msgs/share/champ_msgs/msg/Imu.json
[10.016s] -- Installing: /home/rakesh/practice/install/champ_msgs/share/champ_msgs/msg/Point.json
[10.017s] -- Installing: /home/rakesh/practice/install/champ_msgs/share/champ_msgs/msg/PointArray.json
[10.017s] -- Installing: /home/rakesh/practice/install/champ_msgs/share/champ_msgs/msg/Joints.json
[10.017s] -- Installing: /home/rakesh/practice/install/champ_msgs/share/champ_msgs/msg/Contacts.json
[10.017s] -- Installing: /home/rakesh/practice/install/champ_msgs/share/champ_msgs/msg/ContactsStamped.json
[10.017s] -- Installing: /home/rakesh/practice/install/champ_msgs/share/champ_msgs/msg/Pose.json
[10.017s] -- Installing: /home/rakesh/practice/install/champ_msgs/include/champ_msgs/champ_msgs
[10.017s] -- Installing: /home/rakesh/practice/install/champ_msgs/include/champ_msgs/champ_msgs/msg
[10.018s] -- Installing: /home/rakesh/practice/install/champ_msgs/include/champ_msgs/champ_msgs/msg/velocities.h
[10.018s] -- Installing: /home/rakesh/practice/install/champ_msgs/include/champ_msgs/champ_msgs/msg/rosidl_generator_c__visibility_control.h
[10.018s] -- Installing: /home/rakesh/practice/install/champ_msgs/include/champ_msgs/champ_msgs/msg/point.h
[10.018s] -- Installing: /home/rakesh/practice/install/champ_msgs/include/champ_msgs/champ_msgs/msg/contacts.h
[10.018s] -- Installing: /home/rakesh/practice/install/champ_msgs/include/champ_msgs/champ_msgs/msg/point_array.h
[10.018s] -- Installing: /home/rakesh/practice/install/champ_msgs/include/champ_msgs/champ_msgs/msg/joints.h
[10.018s] -- Installing: /home/rakesh/practice/install/champ_msgs/include/champ_msgs/champ_msgs/msg/contacts_stamped.h
[10.018s] -- Installing: /home/rakesh/practice/install/champ_msgs/include/champ_msgs/champ_msgs/msg/imu.h
[10.019s] -- Installing: /home/rakesh/practice/install/champ_msgs/include/champ_msgs/champ_msgs/msg/pid.h
[10.019s] -- Installing: /home/rakesh/practice/install/champ_msgs/include/champ_msgs/champ_msgs/msg/pose.h
[10.019s] -- Installing: /home/rakesh/practice/install/champ_msgs/include/champ_msgs/champ_msgs/msg/detail
[10.019s] -- Installing: /home/rakesh/practice/install/champ_msgs/include/champ_msgs/champ_msgs/msg/detail/velocities__struct.h
[10.019s] -- Installing: /home/rakesh/practice/install/champ_msgs/include/champ_msgs/champ_msgs/msg/detail/contacts_stamped__struct.h
[10.019s] -- Installing: /home/rakesh/practice/install/champ_msgs/include/champ_msgs/champ_msgs/msg/detail/pid__functions.c
[10.020s] -- Installing: /home/rakesh/practice/install/champ_msgs/include/champ_msgs/champ_msgs/msg/detail/contacts__struct.h
[10.020s] -- Installing: /home/rakesh/practice/install/champ_msgs/include/champ_msgs/champ_msgs/msg/detail/imu__type_support.h
[10.020s] -- Installing: /home/rakesh/practice/install/champ_msgs/include/champ_msgs/champ_msgs/msg/detail/pose__description.c
[10.020s] -- Installing: /home/rakesh/practice/install/champ_msgs/include/champ_msgs/champ_msgs/msg/detail/contacts__functions.h
[10.020s] -- Installing: /home/rakesh/practice/install/champ_msgs/include/champ_msgs/champ_msgs/msg/detail/joints__description.c
[10.021s] -- Installing: /home/rakesh/practice/install/champ_msgs/include/champ_msgs/champ_msgs/msg/detail/contacts_stamped__description.c
[10.021s] -- Installing: /home/rakesh/practice/install/champ_msgs/include/champ_msgs/champ_msgs/msg/detail/contacts_stamped__type_support.h
[10.021s] -- Installing: /home/rakesh/practice/install/champ_msgs/include/champ_msgs/champ_msgs/msg/detail/point__functions.h
[10.021s] -- Installing: /home/rakesh/practice/install/champ_msgs/include/champ_msgs/champ_msgs/msg/detail/velocities__type_support.c
[10.022s] -- Installing: /home/rakesh/practice/install/champ_msgs/include/champ_msgs/champ_msgs/msg/detail/joints__functions.c
[10.022s] -- Installing: /home/rakesh/practice/install/champ_msgs/include/champ_msgs/champ_msgs/msg/detail/pid__type_support.h
[10.022s] -- Installing: /home/rakesh/practice/install/champ_msgs/include/champ_msgs/champ_msgs/msg/detail/contacts_stamped__functions.h
[10.022s] -- Installing: /home/rakesh/practice/install/champ_msgs/include/champ_msgs/champ_msgs/msg/detail/velocities__functions.c
[10.022s] -- Installing: /home/rakesh/practice/install/champ_msgs/include/champ_msgs/champ_msgs/msg/detail/pose__functions.h
[10.022s] -- Installing: /home/rakesh/practice/install/champ_msgs/include/champ_msgs/champ_msgs/msg/detail/velocities__description.c
[10.023s] -- Installing: /home/rakesh/practice/install/champ_msgs/include/champ_msgs/champ_msgs/msg/detail/contacts__type_support.h
[10.023s] -- Installing: /home/rakesh/practice/install/champ_msgs/include/champ_msgs/champ_msgs/msg/detail/point_array__type_support.h
[10.023s] -- Installing: /home/rakesh/practice/install/champ_msgs/include/champ_msgs/champ_msgs/msg/detail/joints__type_support.c
[10.023s] -- Installing: /home/rakesh/practice/install/champ_msgs/include/champ_msgs/champ_msgs/msg/detail/pose__type_support.h
[10.023s] -- Installing: /home/rakesh/practice/install/champ_msgs/include/champ_msgs/champ_msgs/msg/detail/imu__functions.h
[10.024s] -- Installing: /home/rakesh/practice/install/champ_msgs/include/champ_msgs/champ_msgs/msg/detail/contacts__functions.c
[10.024s] -- Installing: /home/rakesh/practice/install/champ_msgs/include/champ_msgs/champ_msgs/msg/detail/imu__functions.c
[10.024s] -- Installing: /home/rakesh/practice/install/champ_msgs/include/champ_msgs/champ_msgs/msg/detail/point_array__functions.c
[10.024s] -- Installing: /home/rakesh/practice/install/champ_msgs/include/champ_msgs/champ_msgs/msg/detail/pose__type_support.c
[10.024s] -- Installing: /home/rakesh/practice/install/champ_msgs/include/champ_msgs/champ_msgs/msg/detail/imu__struct.h
[10.024s] -- Installing: /home/rakesh/practice/install/champ_msgs/include/champ_msgs/champ_msgs/msg/detail/point_array__description.c
[10.024s] -- Installing: /home/rakesh/practice/install/champ_msgs/include/champ_msgs/champ_msgs/msg/detail/contacts__type_support.c
[10.025s] -- Installing: /home/rakesh/practice/install/champ_msgs/include/champ_msgs/champ_msgs/msg/detail/point__struct.h
[10.025s] -- Installing: /home/rakesh/practice/install/champ_msgs/include/champ_msgs/champ_msgs/msg/detail/velocities__functions.h
[10.025s] -- Installing: /home/rakesh/practice/install/champ_msgs/include/champ_msgs/champ_msgs/msg/detail/point__description.c
[10.025s] -- Installing: /home/rakesh/practice/install/champ_msgs/include/champ_msgs/champ_msgs/msg/detail/point_array__functions.h
[10.025s] -- Installing: /home/rakesh/practice/install/champ_msgs/include/champ_msgs/champ_msgs/msg/detail/joints__functions.h
[10.025s] -- Installing: /home/rakesh/practice/install/champ_msgs/include/champ_msgs/champ_msgs/msg/detail/velocities__type_support.h
[10.026s] -- Installing: /home/rakesh/practice/install/champ_msgs/include/champ_msgs/champ_msgs/msg/detail/contacts_stamped__type_support.c
[10.026s] -- Installing: /home/rakesh/practice/install/champ_msgs/include/champ_msgs/champ_msgs/msg/detail/joints__struct.h
[10.026s] -- Installing: /home/rakesh/practice/install/champ_msgs/include/champ_msgs/champ_msgs/msg/detail/contacts_stamped__functions.c
[10.026s] -- Installing: /home/rakesh/practice/install/champ_msgs/include/champ_msgs/champ_msgs/msg/detail/pid__description.c
[10.026s] -- Installing: /home/rakesh/practice/install/champ_msgs/include/champ_msgs/champ_msgs/msg/detail/pid__struct.h
[10.026s] -- Installing: /home/rakesh/practice/install/champ_msgs/include/champ_msgs/champ_msgs/msg/detail/point__type_support.h
[10.027s] -- Installing: /home/rakesh/practice/install/champ_msgs/include/champ_msgs/champ_msgs/msg/detail/pose__functions.c
[10.027s] -- Installing: /home/rakesh/practice/install/champ_msgs/include/champ_msgs/champ_msgs/msg/detail/point_array__struct.h
[10.027s] -- Installing: /home/rakesh/practice/install/champ_msgs/include/champ_msgs/champ_msgs/msg/detail/joints__type_support.h
[10.027s] -- Installing: /home/rakesh/practice/install/champ_msgs/include/champ_msgs/champ_msgs/msg/detail/pose__struct.h
[10.027s] -- Installing: /home/rakesh/practice/install/champ_msgs/include/champ_msgs/champ_msgs/msg/detail/point__type_support.c
[10.027s] -- Installing: /home/rakesh/practice/install/champ_msgs/include/champ_msgs/champ_msgs/msg/detail/pid__functions.h
[10.028s] -- Installing: /home/rakesh/practice/install/champ_msgs/include/champ_msgs/champ_msgs/msg/detail/point__functions.c
[10.028s] -- Installing: /home/rakesh/practice/install/champ_msgs/include/champ_msgs/champ_msgs/msg/detail/imu__description.c
[10.028s] -- Installing: /home/rakesh/practice/install/champ_msgs/include/champ_msgs/champ_msgs/msg/detail/imu__type_support.c
[10.028s] -- Installing: /home/rakesh/practice/install/champ_msgs/include/champ_msgs/champ_msgs/msg/detail/pid__type_support.c
[10.028s] -- Installing: /home/rakesh/practice/install/champ_msgs/include/champ_msgs/champ_msgs/msg/detail/contacts__description.c
[10.028s] -- Installing: /home/rakesh/practice/install/champ_msgs/include/champ_msgs/champ_msgs/msg/detail/point_array__type_support.c
[10.029s] -- Installing: /home/rakesh/practice/install/champ_msgs/share/champ_msgs/environment/library_path.sh
[10.029s] -- Installing: /home/rakesh/practice/install/champ_msgs/share/champ_msgs/environment/library_path.dsv
[10.029s] -- Installing: /home/rakesh/practice/install/champ_msgs/lib/libchamp_msgs__rosidl_generator_c.so
[10.029s] -- Set non-toolchain portion of runtime path of "/home/rakesh/practice/install/champ_msgs/lib/libchamp_msgs__rosidl_generator_c.so" to ""
[10.029s] -- Up-to-date: /home/rakesh/practice/install/champ_msgs/include/champ_msgs/champ_msgs
[10.030s] -- Up-to-date: /home/rakesh/practice/install/champ_msgs/include/champ_msgs/champ_msgs/msg
[10.030s] -- Installing: /home/rakesh/practice/install/champ_msgs/include/champ_msgs/champ_msgs/msg/rosidl_typesupport_fastrtps_c__visibility_control.h
[10.030s] -- Up-to-date: /home/rakesh/practice/install/champ_msgs/include/champ_msgs/champ_msgs/msg/detail
[10.030s] -- Installing: /home/rakesh/practice/install/champ_msgs/include/champ_msgs/champ_msgs/msg/detail/velocities__rosidl_typesupport_fastrtps_c.h
[10.030s] -- Installing: /home/rakesh/practice/install/champ_msgs/include/champ_msgs/champ_msgs/msg/detail/pose__rosidl_typesupport_fastrtps_c.h
[10.030s] -- Installing: /home/rakesh/practice/install/champ_msgs/include/champ_msgs/champ_msgs/msg/detail/pid__rosidl_typesupport_fastrtps_c.h
[10.030s] -- Installing: /home/rakesh/practice/install/champ_msgs/include/champ_msgs/champ_msgs/msg/detail/imu__rosidl_typesupport_fastrtps_c.h
[10.031s] -- Installing: /home/rakesh/practice/install/champ_msgs/include/champ_msgs/champ_msgs/msg/detail/joints__rosidl_typesupport_fastrtps_c.h
[10.031s] -- Installing: /home/rakesh/practice/install/champ_msgs/include/champ_msgs/champ_msgs/msg/detail/contacts__rosidl_typesupport_fastrtps_c.h
[10.031s] -- Installing: /home/rakesh/practice/install/champ_msgs/include/champ_msgs/champ_msgs/msg/detail/point_array__rosidl_typesupport_fastrtps_c.h
[10.031s] -- Installing: /home/rakesh/practice/install/champ_msgs/include/champ_msgs/champ_msgs/msg/detail/contacts_stamped__rosidl_typesupport_fastrtps_c.h
[10.031s] -- Installing: /home/rakesh/practice/install/champ_msgs/include/champ_msgs/champ_msgs/msg/detail/point__rosidl_typesupport_fastrtps_c.h
[10.031s] -- Installing: /home/rakesh/practice/install/champ_msgs/lib/libchamp_msgs__rosidl_typesupport_fastrtps_c.so
[10.032s] -- Set non-toolchain portion of runtime path of "/home/rakesh/practice/install/champ_msgs/lib/libchamp_msgs__rosidl_typesupport_fastrtps_c.so" to ""
[10.032s] -- Up-to-date: /home/rakesh/practice/install/champ_msgs/include/champ_msgs/champ_msgs
[10.032s] -- Up-to-date: /home/rakesh/practice/install/champ_msgs/include/champ_msgs/champ_msgs/msg
[10.032s] -- Installing: /home/rakesh/practice/install/champ_msgs/include/champ_msgs/champ_msgs/msg/rosidl_typesupport_introspection_c__visibility_control.h
[10.032s] -- Up-to-date: /home/rakesh/practice/install/champ_msgs/include/champ_msgs/champ_msgs/msg/detail
[10.032s] -- Installing: /home/rakesh/practice/install/champ_msgs/include/champ_msgs/champ_msgs/msg/detail/joints__rosidl_typesupport_introspection_c.h
[10.033s] -- Up-to-date: /home/rakesh/practice/install/champ_msgs/include/champ_msgs/champ_msgs/msg/detail/velocities__type_support.c
[10.033s] -- Installing: /home/rakesh/practice/install/champ_msgs/include/champ_msgs/champ_msgs/msg/detail/contacts__rosidl_typesupport_introspection_c.h
[10.033s] -- Installing: /home/rakesh/practice/install/champ_msgs/include/champ_msgs/champ_msgs/msg/detail/joints__type_support.c
[10.033s] -- Installing: /home/rakesh/practice/install/champ_msgs/include/champ_msgs/champ_msgs/msg/detail/pose__type_support.c
[10.033s] -- Installing: /home/rakesh/practice/install/champ_msgs/include/champ_msgs/champ_msgs/msg/detail/point_array__rosidl_typesupport_introspection_c.h
[10.033s] -- Up-to-date: /home/rakesh/practice/install/champ_msgs/include/champ_msgs/champ_msgs/msg/detail/contacts__type_support.c
[10.034s] -- Installing: /home/rakesh/practice/install/champ_msgs/include/champ_msgs/champ_msgs/msg/detail/imu__rosidl_typesupport_introspection_c.h
[10.034s] -- Installing: /home/rakesh/practice/install/champ_msgs/include/champ_msgs/champ_msgs/msg/detail/contacts_stamped__type_support.c
[10.034s] -- Installing: /home/rakesh/practice/install/champ_msgs/include/champ_msgs/champ_msgs/msg/detail/velocities__rosidl_typesupport_introspection_c.h
[10.034s] -- Installing: /home/rakesh/practice/install/champ_msgs/include/champ_msgs/champ_msgs/msg/detail/pid__rosidl_typesupport_introspection_c.h
[10.034s] -- Installing: /home/rakesh/practice/install/champ_msgs/include/champ_msgs/champ_msgs/msg/detail/point__type_support.c
[10.034s] -- Installing: /home/rakesh/practice/install/champ_msgs/include/champ_msgs/champ_msgs/msg/detail/pose__rosidl_typesupport_introspection_c.h
[10.035s] -- Installing: /home/rakesh/practice/install/champ_msgs/include/champ_msgs/champ_msgs/msg/detail/contacts_stamped__rosidl_typesupport_introspection_c.h
[10.035s] -- Installing: /home/rakesh/practice/install/champ_msgs/include/champ_msgs/champ_msgs/msg/detail/imu__type_support.c
[10.035s] -- Installing: /home/rakesh/practice/install/champ_msgs/include/champ_msgs/champ_msgs/msg/detail/pid__type_support.c
[10.035s] -- Installing: /home/rakesh/practice/install/champ_msgs/include/champ_msgs/champ_msgs/msg/detail/point__rosidl_typesupport_introspection_c.h
[10.035s] -- Installing: /home/rakesh/practice/install/champ_msgs/include/champ_msgs/champ_msgs/msg/detail/point_array__type_support.c
[10.035s] -- Installing: /home/rakesh/practice/install/champ_msgs/lib/libchamp_msgs__rosidl_typesupport_introspection_c.so
[10.036s] -- Set non-toolchain portion of runtime path of "/home/rakesh/practice/install/champ_msgs/lib/libchamp_msgs__rosidl_typesupport_introspection_c.so" to ""
[10.036s] -- Installing: /home/rakesh/practice/install/champ_msgs/lib/libchamp_msgs__rosidl_typesupport_c.so
[10.036s] -- Set non-toolchain portion of runtime path of "/home/rakesh/practice/install/champ_msgs/lib/libchamp_msgs__rosidl_typesupport_c.so" to ""
[10.036s] -- Up-to-date: /home/rakesh/practice/install/champ_msgs/include/champ_msgs/champ_msgs
[10.036s] -- Up-to-date: /home/rakesh/practice/install/champ_msgs/include/champ_msgs/champ_msgs/msg
[10.036s] -- Installing: /home/rakesh/practice/install/champ_msgs/include/champ_msgs/champ_msgs/msg/contacts_stamped.hpp
[10.037s] -- Installing: /home/rakesh/practice/install/champ_msgs/include/champ_msgs/champ_msgs/msg/imu.hpp
[10.037s] -- Installing: /home/rakesh/practice/install/champ_msgs/include/champ_msgs/champ_msgs/msg/point.hpp
[10.037s] -- Installing: /home/rakesh/practice/install/champ_msgs/include/champ_msgs/champ_msgs/msg/pid.hpp
[10.037s] -- Installing: /home/rakesh/practice/install/champ_msgs/include/champ_msgs/champ_msgs/msg/point_array.hpp
[10.037s] -- Installing: /home/rakesh/practice/install/champ_msgs/include/champ_msgs/champ_msgs/msg/pose.hpp
[10.037s] -- Installing: /home/rakesh/practice/install/champ_msgs/include/champ_msgs/champ_msgs/msg/joints.hpp
[10.038s] -- Installing: /home/rakesh/practice/install/champ_msgs/include/champ_msgs/champ_msgs/msg/velocities.hpp
[10.038s] -- Installing: /home/rakesh/practice/install/champ_msgs/include/champ_msgs/champ_msgs/msg/contacts.hpp
[10.038s] -- Up-to-date: /home/rakesh/practice/install/champ_msgs/include/champ_msgs/champ_msgs/msg/detail
[10.038s] -- Installing: /home/rakesh/practice/install/champ_msgs/include/champ_msgs/champ_msgs/msg/detail/velocities__traits.hpp
[10.038s] -- Installing: /home/rakesh/practice/install/champ_msgs/include/champ_msgs/champ_msgs/msg/detail/velocities__type_support.hpp
[10.038s] -- Installing: /home/rakesh/practice/install/champ_msgs/include/champ_msgs/champ_msgs/msg/detail/velocities__struct.hpp
[10.038s] -- Installing: /home/rakesh/practice/install/champ_msgs/include/champ_msgs/champ_msgs/msg/detail/point_array__struct.hpp
[10.039s] -- Installing: /home/rakesh/practice/install/champ_msgs/include/champ_msgs/champ_msgs/msg/detail/point__traits.hpp
[10.039s] -- Installing: /home/rakesh/practice/install/champ_msgs/include/champ_msgs/champ_msgs/msg/detail/velocities__builder.hpp
[10.039s] -- Installing: /home/rakesh/practice/install/champ_msgs/include/champ_msgs/champ_msgs/msg/detail/point_array__builder.hpp
[10.039s] -- Installing: /home/rakesh/practice/install/champ_msgs/include/champ_msgs/champ_msgs/msg/detail/imu__builder.hpp
[10.039s] -- Installing: /home/rakesh/practice/install/champ_msgs/include/champ_msgs/champ_msgs/msg/detail/contacts__type_support.hpp
[10.039s] -- Installing: /home/rakesh/practice/install/champ_msgs/include/champ_msgs/champ_msgs/msg/detail/contacts_stamped__builder.hpp
[10.040s] -- Installing: /home/rakesh/practice/install/champ_msgs/include/champ_msgs/champ_msgs/msg/detail/point__builder.hpp
[10.040s] -- Installing: /home/rakesh/practice/install/champ_msgs/include/champ_msgs/champ_msgs/msg/detail/contacts_stamped__struct.hpp
[10.040s] -- Installing: /home/rakesh/practice/install/champ_msgs/include/champ_msgs/champ_msgs/msg/detail/joints__type_support.hpp
[10.040s] -- Installing: /home/rakesh/practice/install/champ_msgs/include/champ_msgs/champ_msgs/msg/detail/imu__traits.hpp
[10.040s] -- Installing: /home/rakesh/practice/install/champ_msgs/include/champ_msgs/champ_msgs/msg/detail/pose__struct.hpp
[10.040s] -- Installing: /home/rakesh/practice/install/champ_msgs/include/champ_msgs/champ_msgs/msg/detail/imu__type_support.hpp
[10.041s] -- Installing: /home/rakesh/practice/install/champ_msgs/include/champ_msgs/champ_msgs/msg/detail/pose__traits.hpp
[10.041s] -- Installing: /home/rakesh/practice/install/champ_msgs/include/champ_msgs/champ_msgs/msg/detail/point__struct.hpp
[10.041s] -- Installing: /home/rakesh/practice/install/champ_msgs/include/champ_msgs/champ_msgs/msg/detail/imu__struct.hpp
[10.041s] -- Installing: /home/rakesh/practice/install/champ_msgs/include/champ_msgs/champ_msgs/msg/detail/pid__builder.hpp
[10.042s] -- Installing: /home/rakesh/practice/install/champ_msgs/include/champ_msgs/champ_msgs/msg/detail/pid__struct.hpp
[10.042s] -- Installing: /home/rakesh/practice/install/champ_msgs/include/champ_msgs/champ_msgs/msg/detail/point_array__type_support.hpp
[10.042s] -- Installing: /home/rakesh/practice/install/champ_msgs/include/champ_msgs/champ_msgs/msg/detail/contacts__struct.hpp
[10.042s] -- Installing: /home/rakesh/practice/install/champ_msgs/include/champ_msgs/champ_msgs/msg/detail/point__type_support.hpp
[10.042s] -- Installing: /home/rakesh/practice/install/champ_msgs/include/champ_msgs/champ_msgs/msg/detail/contacts__builder.hpp
[10.043s] -- Installing: /home/rakesh/practice/install/champ_msgs/include/champ_msgs/champ_msgs/msg/detail/joints__struct.hpp
[10.043s] -- Installing: /home/rakesh/practice/install/champ_msgs/include/champ_msgs/champ_msgs/msg/detail/contacts_stamped__type_support.hpp
[10.043s] -- Installing: /home/rakesh/practice/install/champ_msgs/include/champ_msgs/champ_msgs/msg/detail/contacts__traits.hpp
[10.043s] -- Installing: /home/rakesh/practice/install/champ_msgs/include/champ_msgs/champ_msgs/msg/detail/joints__traits.hpp
[10.044s] -- Installing: /home/rakesh/practice/install/champ_msgs/include/champ_msgs/champ_msgs/msg/detail/joints__builder.hpp
[10.044s] -- Installing: /home/rakesh/practice/install/champ_msgs/include/champ_msgs/champ_msgs/msg/detail/pose__type_support.hpp
[10.044s] -- Installing: /home/rakesh/practice/install/champ_msgs/include/champ_msgs/champ_msgs/msg/detail/pid__type_support.hpp
[10.044s] -- Installing: /home/rakesh/practice/install/champ_msgs/include/champ_msgs/champ_msgs/msg/detail/pid__traits.hpp
[10.045s] -- Installing: /home/rakesh/practice/install/champ_msgs/include/champ_msgs/champ_msgs/msg/detail/pose__builder.hpp
[10.045s] -- Installing: /home/rakesh/practice/install/champ_msgs/include/champ_msgs/champ_msgs/msg/detail/point_array__traits.hpp
[10.045s] -- Installing: /home/rakesh/practice/install/champ_msgs/include/champ_msgs/champ_msgs/msg/detail/contacts_stamped__traits.hpp
[10.045s] -- Installing: /home/rakesh/practice/install/champ_msgs/include/champ_msgs/champ_msgs/msg/rosidl_generator_cpp__visibility_control.hpp
[10.045s] -- Up-to-date: /home/rakesh/practice/install/champ_msgs/include/champ_msgs/champ_msgs
[10.046s] -- Up-to-date: /home/rakesh/practice/install/champ_msgs/include/champ_msgs/champ_msgs/msg
[10.046s] -- Installing: /home/rakesh/practice/install/champ_msgs/include/champ_msgs/champ_msgs/msg/rosidl_typesupport_fastrtps_cpp__visibility_control.h
[10.046s] -- Up-to-date: /home/rakesh/practice/install/champ_msgs/include/champ_msgs/champ_msgs/msg/detail
[10.046s] -- Installing: /home/rakesh/practice/install/champ_msgs/include/champ_msgs/champ_msgs/msg/detail/contacts__rosidl_typesupport_fastrtps_cpp.hpp
[10.046s] -- Installing: /home/rakesh/practice/install/champ_msgs/include/champ_msgs/champ_msgs/msg/detail/pose__rosidl_typesupport_fastrtps_cpp.hpp
[10.047s] -- Installing: /home/rakesh/practice/install/champ_msgs/include/champ_msgs/champ_msgs/msg/detail/point__rosidl_typesupport_fastrtps_cpp.hpp
[10.047s] -- Installing: /home/rakesh/practice/install/champ_msgs/include/champ_msgs/champ_msgs/msg/detail/joints__rosidl_typesupport_fastrtps_cpp.hpp
[10.047s] -- Installing: /home/rakesh/practice/install/champ_msgs/include/champ_msgs/champ_msgs/msg/detail/point_array__rosidl_typesupport_fastrtps_cpp.hpp
[10.047s] -- Installing: /home/rakesh/practice/install/champ_msgs/include/champ_msgs/champ_msgs/msg/detail/pid__rosidl_typesupport_fastrtps_cpp.hpp
[10.048s] -- Installing: /home/rakesh/practice/install/champ_msgs/include/champ_msgs/champ_msgs/msg/detail/dds_fastrtps
[10.048s] -- Installing: /home/rakesh/practice/install/champ_msgs/include/champ_msgs/champ_msgs/msg/detail/contacts_stamped__rosidl_typesupport_fastrtps_cpp.hpp
[10.048s] -- Installing: /home/rakesh/practice/install/champ_msgs/include/champ_msgs/champ_msgs/msg/detail/velocities__rosidl_typesupport_fastrtps_cpp.hpp
[10.048s] -- Installing: /home/rakesh/practice/install/champ_msgs/include/champ_msgs/champ_msgs/msg/detail/imu__rosidl_typesupport_fastrtps_cpp.hpp
[10.048s] -- Installing: /home/rakesh/practice/install/champ_msgs/lib/libchamp_msgs__rosidl_typesupport_fastrtps_cpp.so
[10.049s] -- Set non-toolchain portion of runtime path of "/home/rakesh/practice/install/champ_msgs/lib/libchamp_msgs__rosidl_typesupport_fastrtps_cpp.so" to ""
[10.049s] -- Up-to-date: /home/rakesh/practice/install/champ_msgs/include/champ_msgs/champ_msgs
[10.049s] -- Up-to-date: /home/rakesh/practice/install/champ_msgs/include/champ_msgs/champ_msgs/msg
[10.049s] -- Up-to-date: /home/rakesh/practice/install/champ_msgs/include/champ_msgs/champ_msgs/msg/detail
[10.049s] -- Installing: /home/rakesh/practice/install/champ_msgs/include/champ_msgs/champ_msgs/msg/detail/point__type_support.cpp
[10.050s] -- Installing: /home/rakesh/practice/install/champ_msgs/include/champ_msgs/champ_msgs/msg/detail/pid__type_support.cpp
[10.050s] -- Installing: /home/rakesh/practice/install/champ_msgs/include/champ_msgs/champ_msgs/msg/detail/contacts_stamped__rosidl_typesupport_introspection_cpp.hpp
[10.050s] -- Installing: /home/rakesh/practice/install/champ_msgs/include/champ_msgs/champ_msgs/msg/detail/velocities__type_support.cpp
[10.050s] -- Installing: /home/rakesh/practice/install/champ_msgs/include/champ_msgs/champ_msgs/msg/detail/point_array__rosidl_typesupport_introspection_cpp.hpp
[10.050s] -- Installing: /home/rakesh/practice/install/champ_msgs/include/champ_msgs/champ_msgs/msg/detail/point__rosidl_typesupport_introspection_cpp.hpp
[10.051s] -- Installing: /home/rakesh/practice/install/champ_msgs/include/champ_msgs/champ_msgs/msg/detail/joints__type_support.cpp
[10.051s] -- Installing: /home/rakesh/practice/install/champ_msgs/include/champ_msgs/champ_msgs/msg/detail/contacts__type_support.cpp
[10.051s] -- Installing: /home/rakesh/practice/install/champ_msgs/include/champ_msgs/champ_msgs/msg/detail/pose__rosidl_typesupport_introspection_cpp.hpp
[10.051s] -- Installing: /home/rakesh/practice/install/champ_msgs/include/champ_msgs/champ_msgs/msg/detail/pose__type_support.cpp
[10.052s] -- Installing: /home/rakesh/practice/install/champ_msgs/include/champ_msgs/champ_msgs/msg/detail/point_array__type_support.cpp
[10.052s] -- Installing: /home/rakesh/practice/install/champ_msgs/include/champ_msgs/champ_msgs/msg/detail/pid__rosidl_typesupport_introspection_cpp.hpp
[10.052s] -- Installing: /home/rakesh/practice/install/champ_msgs/include/champ_msgs/champ_msgs/msg/detail/contacts__rosidl_typesupport_introspection_cpp.hpp
[10.052s] -- Installing: /home/rakesh/practice/install/champ_msgs/include/champ_msgs/champ_msgs/msg/detail/imu__type_support.cpp
[10.053s] -- Installing: /home/rakesh/practice/install/champ_msgs/include/champ_msgs/champ_msgs/msg/detail/joints__rosidl_typesupport_introspection_cpp.hpp
[10.053s] -- Installing: /home/rakesh/practice/install/champ_msgs/include/champ_msgs/champ_msgs/msg/detail/velocities__rosidl_typesupport_introspection_cpp.hpp
[10.053s] -- Installing: /home/rakesh/practice/install/champ_msgs/include/champ_msgs/champ_msgs/msg/detail/imu__rosidl_typesupport_introspection_cpp.hpp
[10.053s] -- Installing: /home/rakesh/practice/install/champ_msgs/include/champ_msgs/champ_msgs/msg/detail/contacts_stamped__type_support.cpp
[10.053s] -- Installing: /home/rakesh/practice/install/champ_msgs/lib/libchamp_msgs__rosidl_typesupport_introspection_cpp.so
[10.054s] -- Set non-toolchain portion of runtime path of "/home/rakesh/practice/install/champ_msgs/lib/libchamp_msgs__rosidl_typesupport_introspection_cpp.so" to ""
[10.054s] -- Installing: /home/rakesh/practice/install/champ_msgs/lib/libchamp_msgs__rosidl_typesupport_cpp.so
[10.054s] -- Set non-toolchain portion of runtime path of "/home/rakesh/practice/install/champ_msgs/lib/libchamp_msgs__rosidl_typesupport_cpp.so" to ""
[10.054s] -- Installing: /home/rakesh/practice/install/champ_msgs/share/champ_msgs/environment/pythonpath.sh
[10.054s] -- Installing: /home/rakesh/practice/install/champ_msgs/share/champ_msgs/environment/pythonpath.dsv
[10.055s] -- Installing: /home/rakesh/practice/install/champ_msgs/lib/python3.12/site-packages/champ_msgs-0.1.0-py3.12.egg-info
[10.055s] -- Installing: /home/rakesh/practice/install/champ_msgs/lib/python3.12/site-packages/champ_msgs-0.1.0-py3.12.egg-info/PKG-INFO
[10.055s] -- Installing: /home/rakesh/practice/install/champ_msgs/lib/python3.12/site-packages/champ_msgs-0.1.0-py3.12.egg-info/SOURCES.txt
[10.055s] -- Installing: /home/rakesh/practice/install/champ_msgs/lib/python3.12/site-packages/champ_msgs-0.1.0-py3.12.egg-info/top_level.txt
[10.055s] -- Installing: /home/rakesh/practice/install/champ_msgs/lib/python3.12/site-packages/champ_msgs-0.1.0-py3.12.egg-info/dependency_links.txt
[10.055s] -- Installing: /home/rakesh/practice/install/champ_msgs/lib/python3.12/site-packages/champ_msgs
[10.055s] -- Installing: /home/rakesh/practice/install/champ_msgs/lib/python3.12/site-packages/champ_msgs/_champ_msgs_s.ep.rosidl_typesupport_c.c
[10.056s] -- Installing: /home/rakesh/practice/install/champ_msgs/lib/python3.12/site-packages/champ_msgs/__init__.py
[10.056s] -- Installing: /home/rakesh/practice/install/champ_msgs/lib/python3.12/site-packages/champ_msgs/msg
[10.056s] -- Installing: /home/rakesh/practice/install/champ_msgs/lib/python3.12/site-packages/champ_msgs/msg/_contacts_stamped_s.c
[10.056s] -- Installing: /home/rakesh/practice/install/champ_msgs/lib/python3.12/site-packages/champ_msgs/msg/_pose_s.c
[10.056s] -- Installing: /home/rakesh/practice/install/champ_msgs/lib/python3.12/site-packages/champ_msgs/msg/__init__.py
[10.056s] -- Installing: /home/rakesh/practice/install/champ_msgs/lib/python3.12/site-packages/champ_msgs/msg/_velocities.py
[10.057s] -- Installing: /home/rakesh/practice/install/champ_msgs/lib/python3.12/site-packages/champ_msgs/msg/_pose.py
[10.057s] -- Installing: /home/rakesh/practice/install/champ_msgs/lib/python3.12/site-packages/champ_msgs/msg/_joints_s.c
[10.057s] -- Installing: /home/rakesh/practice/install/champ_msgs/lib/python3.12/site-packages/champ_msgs/msg/_point.py
[10.057s] -- Installing: /home/rakesh/practice/install/champ_msgs/lib/python3.12/site-packages/champ_msgs/msg/_point_s.c
[10.057s] -- Installing: /home/rakesh/practice/install/champ_msgs/lib/python3.12/site-packages/champ_msgs/msg/_joints.py
[10.057s] -- Installing: /home/rakesh/practice/install/champ_msgs/lib/python3.12/site-packages/champ_msgs/msg/_contacts.py
[10.057s] -- Installing: /home/rakesh/practice/install/champ_msgs/lib/python3.12/site-packages/champ_msgs/msg/_pid.py
[10.057s] -- Installing: /home/rakesh/practice/install/champ_msgs/lib/python3.12/site-packages/champ_msgs/msg/_point_array.py
[10.058s] -- Installing: /home/rakesh/practice/install/champ_msgs/lib/python3.12/site-packages/champ_msgs/msg/_point_array_s.c
[10.058s] -- Installing: /home/rakesh/practice/install/champ_msgs/lib/python3.12/site-packages/champ_msgs/msg/_contacts_stamped.py
[10.058s] -- Installing: /home/rakesh/practice/install/champ_msgs/lib/python3.12/site-packages/champ_msgs/msg/_imu_s.c
[10.058s] -- Installing: /home/rakesh/practice/install/champ_msgs/lib/python3.12/site-packages/champ_msgs/msg/_velocities_s.c
[10.058s] -- Installing: /home/rakesh/practice/install/champ_msgs/lib/python3.12/site-packages/champ_msgs/msg/_imu.py
[10.058s] -- Installing: /home/rakesh/practice/install/champ_msgs/lib/python3.12/site-packages/champ_msgs/msg/_pid_s.c
[10.058s] -- Installing: /home/rakesh/practice/install/champ_msgs/lib/python3.12/site-packages/champ_msgs/msg/_contacts_s.c
[10.058s] -- Installing: /home/rakesh/practice/install/champ_msgs/lib/python3.12/site-packages/champ_msgs/_champ_msgs_s.ep.rosidl_typesupport_introspection_c.c
[10.059s] -- Installing: /home/rakesh/practice/install/champ_msgs/lib/python3.12/site-packages/champ_msgs/champ_msgs_s__rosidl_typesupport_fastrtps_c.so
[10.059s] -- Installing: /home/rakesh/practice/install/champ_msgs/lib/python3.12/site-packages/champ_msgs/champ_msgs_s__rosidl_typesupport_c.so
[10.059s] -- Installing: /home/rakesh/practice/install/champ_msgs/lib/python3.12/site-packages/champ_msgs/champ_msgs_s__rosidl_typesupport_introspection_c.so
[10.059s] -- Installing: /home/rakesh/practice/install/champ_msgs/lib/python3.12/site-packages/champ_msgs/_champ_msgs_s.ep.rosidl_typesupport_fastrtps_c.c
[10.102s] Listing '/home/rakesh/practice/install/champ_msgs/lib/python3.12/site-packages/champ_msgs'...
[10.102s] Compiling '/home/rakesh/practice/install/champ_msgs/lib/python3.12/site-packages/champ_msgs/__init__.py'...
[10.102s] Listing '/home/rakesh/practice/install/champ_msgs/lib/python3.12/site-packages/champ_msgs/msg'...
[10.102s] Compiling '/home/rakesh/practice/install/champ_msgs/lib/python3.12/site-packages/champ_msgs/msg/__init__.py'...
[10.102s] Compiling '/home/rakesh/practice/install/champ_msgs/lib/python3.12/site-packages/champ_msgs/msg/_contacts.py'...
[10.102s] Compiling '/home/rakesh/practice/install/champ_msgs/lib/python3.12/site-packages/champ_msgs/msg/_contacts_stamped.py'...
[10.103s] Compiling '/home/rakesh/practice/install/champ_msgs/lib/python3.12/site-packages/champ_msgs/msg/_imu.py'...
[10.103s] Compiling '/home/rakesh/practice/install/champ_msgs/lib/python3.12/site-packages/champ_msgs/msg/_joints.py'...
[10.103s] Compiling '/home/rakesh/practice/install/champ_msgs/lib/python3.12/site-packages/champ_msgs/msg/_pid.py'...
[10.103s] Compiling '/home/rakesh/practice/install/champ_msgs/lib/python3.12/site-packages/champ_msgs/msg/_point.py'...
[10.103s] Compiling '/home/rakesh/practice/install/champ_msgs/lib/python3.12/site-packages/champ_msgs/msg/_point_array.py'...
[10.103s] Compiling '/home/rakesh/practice/install/champ_msgs/lib/python3.12/site-packages/champ_msgs/msg/_pose.py'...
[10.103s] Compiling '/home/rakesh/practice/install/champ_msgs/lib/python3.12/site-packages/champ_msgs/msg/_velocities.py'...
[10.109s] -- Installing: /home/rakesh/practice/install/champ_msgs/lib/python3.12/site-packages/champ_msgs/champ_msgs_s__rosidl_typesupport_fastrtps_c.so
[10.109s] -- Set non-toolchain portion of runtime path of "/home/rakesh/practice/install/champ_msgs/lib/python3.12/site-packages/champ_msgs/champ_msgs_s__rosidl_typesupport_fastrtps_c.so" to ""
[10.109s] -- Installing: /home/rakesh/practice/install/champ_msgs/lib/python3.12/site-packages/champ_msgs/champ_msgs_s__rosidl_typesupport_introspection_c.so
[10.110s] -- Set non-toolchain portion of runtime path of "/home/rakesh/practice/install/champ_msgs/lib/python3.12/site-packages/champ_msgs/champ_msgs_s__rosidl_typesupport_introspection_c.so" to ""
[10.110s] -- Installing: /home/rakesh/practice/install/champ_msgs/lib/python3.12/site-packages/champ_msgs/champ_msgs_s__rosidl_typesupport_c.so
[10.111s] -- Set non-toolchain portion of runtime path of "/home/rakesh/practice/install/champ_msgs/lib/python3.12/site-packages/champ_msgs/champ_msgs_s__rosidl_typesupport_c.so" to ""
[10.111s] -- Installing: /home/rakesh/practice/install/champ_msgs/lib/libchamp_msgs__rosidl_generator_py.so
[10.111s] -- Set non-toolchain portion of runtime path of "/home/rakesh/practice/install/champ_msgs/lib/libchamp_msgs__rosidl_generator_py.so" to ""
[10.111s] -- Installing: /home/rakesh/practice/install/champ_msgs/share/champ_msgs/msg/Velocities.idl
[10.112s] -- Installing: /home/rakesh/practice/install/champ_msgs/share/champ_msgs/msg/PID.idl
[10.112s] -- Installing: /home/rakesh/practice/install/champ_msgs/share/champ_msgs/msg/Imu.idl
[10.112s] -- Installing: /home/rakesh/practice/install/champ_msgs/share/champ_msgs/msg/Point.idl
[10.112s] -- Installing: /home/rakesh/practice/install/champ_msgs/share/champ_msgs/msg/PointArray.idl
[10.112s] -- Installing: /home/rakesh/practice/install/champ_msgs/share/champ_msgs/msg/Joints.idl
[10.113s] -- Installing: /home/rakesh/practice/install/champ_msgs/share/champ_msgs/msg/Contacts.idl
[10.113s] -- Installing: /home/rakesh/practice/install/champ_msgs/share/champ_msgs/msg/ContactsStamped.idl
[10.113s] -- Installing: /home/rakesh/practice/install/champ_msgs/share/champ_msgs/msg/Pose.idl
[10.113s] -- Installing: /home/rakesh/practice/install/champ_msgs/share/champ_msgs/msg/Velocities.msg
[10.114s] -- Installing: /home/rakesh/practice/install/champ_msgs/share/champ_msgs/msg/PID.msg
[10.114s] -- Installing: /home/rakesh/practice/install/champ_msgs/share/champ_msgs/msg/Imu.msg
[10.114s] -- Installing: /home/rakesh/practice/install/champ_msgs/share/champ_msgs/msg/Point.msg
[10.114s] -- Installing: /home/rakesh/practice/install/champ_msgs/share/champ_msgs/msg/PointArray.msg
[10.114s] -- Installing: /home/rakesh/practice/install/champ_msgs/share/champ_msgs/msg/Joints.msg
[10.115s] -- Installing: /home/rakesh/practice/install/champ_msgs/share/champ_msgs/msg/Contacts.msg
[10.115s] -- Installing: /home/rakesh/practice/install/champ_msgs/share/champ_msgs/msg/ContactsStamped.msg
[10.115s] -- Installing: /home/rakesh/practice/install/champ_msgs/share/champ_msgs/msg/Pose.msg
[10.115s] -- Installing: /home/rakesh/practice/install/champ_msgs/share/ament_index/resource_index/package_run_dependencies/champ_msgs
[10.116s] -- Installing: /home/rakesh/practice/install/champ_msgs/share/ament_index/resource_index/parent_prefix_path/champ_msgs
[10.116s] -- Installing: /home/rakesh/practice/install/champ_msgs/share/champ_msgs/environment/ament_prefix_path.sh
[10.116s] -- Installing: /home/rakesh/practice/install/champ_msgs/share/champ_msgs/environment/ament_prefix_path.dsv
[10.116s] -- Installing: /home/rakesh/practice/install/champ_msgs/share/champ_msgs/environment/path.sh
[10.116s] -- Installing: /home/rakesh/practice/install/champ_msgs/share/champ_msgs/environment/path.dsv
[10.117s] -- Installing: /home/rakesh/practice/install/champ_msgs/share/champ_msgs/local_setup.bash
[10.117s] -- Installing: /home/rakesh/practice/install/champ_msgs/share/champ_msgs/local_setup.sh
[10.117s] -- Installing: /home/rakesh/practice/install/champ_msgs/share/champ_msgs/local_setup.zsh
[10.117s] -- Installing: /home/rakesh/practice/install/champ_msgs/share/champ_msgs/local_setup.dsv
[10.118s] -- Installing: /home/rakesh/practice/install/champ_msgs/share/champ_msgs/package.dsv
[10.118s] -- Installing: /home/rakesh/practice/install/champ_msgs/share/ament_index/resource_index/packages/champ_msgs
[10.118s] -- Installing: /home/rakesh/practice/install/champ_msgs/share/champ_msgs/cmake/export_champ_msgs__rosidl_generator_cExport.cmake
[10.118s] -- Installing: /home/rakesh/practice/install/champ_msgs/share/champ_msgs/cmake/export_champ_msgs__rosidl_generator_cExport-noconfig.cmake
[10.119s] -- Installing: /home/rakesh/practice/install/champ_msgs/share/champ_msgs/cmake/export_champ_msgs__rosidl_typesupport_fastrtps_cExport.cmake
[10.119s] -- Installing: /home/rakesh/practice/install/champ_msgs/share/champ_msgs/cmake/export_champ_msgs__rosidl_typesupport_fastrtps_cExport-noconfig.cmake
[10.119s] -- Installing: /home/rakesh/practice/install/champ_msgs/share/champ_msgs/cmake/champ_msgs__rosidl_typesupport_introspection_cExport.cmake
[10.119s] -- Installing: /home/rakesh/practice/install/champ_msgs/share/champ_msgs/cmake/champ_msgs__rosidl_typesupport_introspection_cExport-noconfig.cmake
[10.119s] -- Installing: /home/rakesh/practice/install/champ_msgs/share/champ_msgs/cmake/champ_msgs__rosidl_typesupport_cExport.cmake
[10.120s] -- Installing: /home/rakesh/practice/install/champ_msgs/share/champ_msgs/cmake/champ_msgs__rosidl_typesupport_cExport-noconfig.cmake
[10.120s] -- Installing: /home/rakesh/practice/install/champ_msgs/share/champ_msgs/cmake/export_champ_msgs__rosidl_generator_cppExport.cmake
[10.120s] -- Installing: /home/rakesh/practice/install/champ_msgs/share/champ_msgs/cmake/export_champ_msgs__rosidl_typesupport_fastrtps_cppExport.cmake
[10.121s] -- Installing: /home/rakesh/practice/install/champ_msgs/share/champ_msgs/cmake/export_champ_msgs__rosidl_typesupport_fastrtps_cppExport-noconfig.cmake
[10.121s] -- Installing: /home/rakesh/practice/install/champ_msgs/share/champ_msgs/cmake/champ_msgs__rosidl_typesupport_introspection_cppExport.cmake
[10.121s] -- Installing: /home/rakesh/practice/install/champ_msgs/share/champ_msgs/cmake/champ_msgs__rosidl_typesupport_introspection_cppExport-noconfig.cmake
[10.121s] -- Installing: /home/rakesh/practice/install/champ_msgs/share/champ_msgs/cmake/champ_msgs__rosidl_typesupport_cppExport.cmake
[10.122s] -- Installing: /home/rakesh/practice/install/champ_msgs/share/champ_msgs/cmake/champ_msgs__rosidl_typesupport_cppExport-noconfig.cmake
[10.122s] -- Installing: /home/rakesh/practice/install/champ_msgs/share/champ_msgs/cmake/export_champ_msgs__rosidl_generator_pyExport.cmake
[10.122s] -- Installing: /home/rakesh/practice/install/champ_msgs/share/champ_msgs/cmake/export_champ_msgs__rosidl_generator_pyExport-noconfig.cmake
[10.122s] -- Installing: /home/rakesh/practice/install/champ_msgs/share/champ_msgs/cmake/rosidl_cmake-extras.cmake
[10.122s] -- Installing: /home/rakesh/practice/install/champ_msgs/share/champ_msgs/cmake/ament_cmake_export_dependencies-extras.cmake
[10.123s] -- Installing: /home/rakesh/practice/install/champ_msgs/share/champ_msgs/cmake/ament_cmake_export_include_directories-extras.cmake
[10.123s] -- Installing: /home/rakesh/practice/install/champ_msgs/share/champ_msgs/cmake/ament_cmake_export_libraries-extras.cmake
[10.123s] -- Installing: /home/rakesh/practice/install/champ_msgs/share/champ_msgs/cmake/ament_cmake_export_targets-extras.cmake
[10.123s] -- Installing: /home/rakesh/practice/install/champ_msgs/share/champ_msgs/cmake/rosidl_cmake_export_typesupport_targets-extras.cmake
[10.123s] -- Installing: /home/rakesh/practice/install/champ_msgs/share/champ_msgs/cmake/rosidl_cmake_export_typesupport_libraries-extras.cmake
[10.124s] -- Installing: /home/rakesh/practice/install/champ_msgs/share/champ_msgs/cmake/champ_msgsConfig.cmake
[10.124s] -- Installing: /home/rakesh/practice/install/champ_msgs/share/champ_msgs/cmake/champ_msgsConfig-version.cmake
[10.124s] -- Installing: /home/rakesh/practice/install/champ_msgs/share/champ_msgs/package.xml
[10.125s] Invoked command in '/home/rakesh/practice/build/champ_msgs' returned '0': CMAKE_PREFIX_PATH=${CMAKE_PREFIX_PATH}:/opt/ros/jazzy: DEBUGINFOD_URLS=https://debuginfod.ubuntu.com /usr/bin/cmake --install /home/rakesh/practice/build/champ_msgs
