[0.024s] Invoking command in '/home/rakesh/practice/build/unitree_go2_sim': CMAKE_PREFIX_PATH=${CMAKE_PREFIX_PATH}:/opt/ros/jazzy: DEBUGINFOD_URLS=https://debuginfod.ubuntu.com /usr/bin/cmake --build /home/rakesh/practice/build/unitree_go2_sim -- -j12 -l12
[0.109s] -- Found ament_cmake: 2.5.4 (/opt/ros/jazzy/share/ament_cmake/cmake)
[0.592s] -- Configuring done (0.5s)
[0.598s] -- Generating done (0.0s)
[0.600s] -- Build files have been written to: /home/rakesh/practice/build/unitree_go2_sim
[0.636s] Invoked command in '/home/rakesh/practice/build/unitree_go2_sim' returned '0': CMAKE_PREFIX_PATH=${CMAKE_PREFIX_PATH}:/opt/ros/jazzy: DEBUGINFOD_URLS=https://debuginfod.ubuntu.com /usr/bin/cmake --build /home/rakesh/practice/build/unitree_go2_sim -- -j12 -l12
[0.638s] Invoking command in '/home/rakesh/practice/build/unitree_go2_sim': CMAKE_PREFIX_PATH=${CMAKE_PREFIX_PATH}:/opt/ros/jazzy: DEBUGINFOD_URLS=https://debuginfod.ubuntu.com /usr/bin/cmake --install /home/rakesh/practice/build/unitree_go2_sim
[0.653s] -- Install configuration: ""
[0.653s] -- Up-to-date: /home/rakesh/practice/install/unitree_go2_sim/share/unitree_go2_sim/launch
[0.653s] -- Up-to-date: /home/rakesh/practice/install/unitree_go2_sim/share/unitree_go2_sim/launch/unitree_go2_launch.py
[0.653s] -- Up-to-date: /home/rakesh/practice/install/unitree_go2_sim/share/unitree_go2_sim/config
[0.653s] -- Up-to-date: /home/rakesh/practice/install/unitree_go2_sim/share/unitree_go2_sim/config/links
[0.653s] -- Up-to-date: /home/rakesh/practice/install/unitree_go2_sim/share/unitree_go2_sim/config/links/links.yaml
[0.653s] -- Up-to-date: /home/rakesh/practice/install/unitree_go2_sim/share/unitree_go2_sim/config/joints
[0.653s] -- Up-to-date: /home/rakesh/practice/install/unitree_go2_sim/share/unitree_go2_sim/config/joints/joints.yaml
[0.653s] -- Up-to-date: /home/rakesh/practice/install/unitree_go2_sim/share/unitree_go2_sim/config/gait
[0.653s] -- Up-to-date: /home/rakesh/practice/install/unitree_go2_sim/share/unitree_go2_sim/config/gait/gait.yaml
[0.654s] -- Up-to-date: /home/rakesh/practice/install/unitree_go2_sim/share/unitree_go2_sim/config/ros_control
[0.654s] -- Up-to-date: /home/rakesh/practice/install/unitree_go2_sim/share/unitree_go2_sim/config/ros_control/ros_control.yaml
[0.654s] -- Up-to-date: /home/rakesh/practice/install/unitree_go2_sim/share/unitree_go2_sim/rviz
[0.654s] -- Up-to-date: /home/rakesh/practice/install/unitree_go2_sim/share/unitree_go2_sim/rviz/rviz.rviz
[0.654s] -- Installing: /home/rakesh/practice/install/unitree_go2_sim/share/unitree_go2_sim/scripts
[0.654s] -- Installing: /home/rakesh/practice/install/unitree_go2_sim/share/unitree_go2_sim/scripts/go2_params.yaml
[0.654s] -- Up-to-date: /home/rakesh/practice/install/unitree_go2_sim/share/ament_index/resource_index/package_run_dependencies/unitree_go2_sim
[0.654s] -- Installing: /home/rakesh/practice/install/unitree_go2_sim/share/ament_index/resource_index/parent_prefix_path/unitree_go2_sim
[0.654s] -- Up-to-date: /home/rakesh/practice/install/unitree_go2_sim/share/unitree_go2_sim/environment/ament_prefix_path.sh
[0.654s] -- Up-to-date: /home/rakesh/practice/install/unitree_go2_sim/share/unitree_go2_sim/environment/ament_prefix_path.dsv
[0.655s] -- Up-to-date: /home/rakesh/practice/install/unitree_go2_sim/share/unitree_go2_sim/environment/path.sh
[0.655s] -- Up-to-date: /home/rakesh/practice/install/unitree_go2_sim/share/unitree_go2_sim/environment/path.dsv
[0.655s] -- Up-to-date: /home/rakesh/practice/install/unitree_go2_sim/share/unitree_go2_sim/local_setup.bash
[0.655s] -- Up-to-date: /home/rakesh/practice/install/unitree_go2_sim/share/unitree_go2_sim/local_setup.sh
[0.655s] -- Up-to-date: /home/rakesh/practice/install/unitree_go2_sim/share/unitree_go2_sim/local_setup.zsh
[0.655s] -- Up-to-date: /home/rakesh/practice/install/unitree_go2_sim/share/unitree_go2_sim/local_setup.dsv
[0.655s] -- Installing: /home/rakesh/practice/install/unitree_go2_sim/share/unitree_go2_sim/package.dsv
[0.655s] -- Up-to-date: /home/rakesh/practice/install/unitree_go2_sim/share/ament_index/resource_index/packages/unitree_go2_sim
[0.655s] -- Up-to-date: /home/rakesh/practice/install/unitree_go2_sim/share/unitree_go2_sim/cmake/unitree_go2_simConfig.cmake
[0.655s] -- Up-to-date: /home/rakesh/practice/install/unitree_go2_sim/share/unitree_go2_sim/cmake/unitree_go2_simConfig-version.cmake
[0.655s] -- Up-to-date: /home/rakesh/practice/install/unitree_go2_sim/share/unitree_go2_sim/package.xml
[0.658s] Invoked command in '/home/rakesh/practice/build/unitree_go2_sim' returned '0': CMAKE_PREFIX_PATH=${CMAKE_PREFIX_PATH}:/opt/ros/jazzy: DEBUGINFOD_URLS=https://debuginfod.ubuntu.com /usr/bin/cmake --install /home/rakesh/practice/build/unitree_go2_sim
