[0.019s] Invoking command in '/home/rakesh/practice/build/unitree_go2_description': CMAKE_PREFIX_PATH=${CMAKE_PREFIX_PATH}:/opt/ros/jazzy: DEBUGINFOD_URLS=https://debuginfod.ubuntu.com /usr/bin/cmake --build /home/rakesh/practice/build/unitree_go2_description -- -j12 -l12
[0.137s] Invoked command in '/home/rakesh/practice/build/unitree_go2_description' returned '0': CMAKE_PREFIX_PATH=${CMAKE_PREFIX_PATH}:/opt/ros/jazzy: DEBUGINFOD_URLS=https://debuginfod.ubuntu.com /usr/bin/cmake --build /home/rakesh/practice/build/unitree_go2_description -- -j12 -l12
[0.138s] Invoking command in '/home/rakesh/practice/build/unitree_go2_description': CMAKE_PREFIX_PATH=${CMAKE_PREFIX_PATH}:/opt/ros/jazzy: DEBUGINFOD_URLS=https://debuginfod.ubuntu.com /usr/bin/cmake --install /home/rakesh/practice/build/unitree_go2_description
[0.149s] -- Install configuration: ""
[0.149s] -- Up-to-date: /home/rakesh/practice/install/unitree_go2_description/share/unitree_go2_description/worlds
[0.149s] -- Up-to-date: /home/rakesh/practice/install/unitree_go2_description/share/unitree_go2_description/worlds/model.sdf
[0.150s] -- Up-to-date: /home/rakesh/practice/install/unitree_go2_description/share/unitree_go2_description/worlds/thumbnails
[0.150s] -- Up-to-date: /home/rakesh/practice/install/unitree_go2_description/share/unitree_go2_description/worlds/thumbnails/2.png
[0.151s] -- Up-to-date: /home/rakesh/practice/install/unitree_go2_description/share/unitree_go2_description/worlds/thumbnails/1.png
[0.151s] -- Up-to-date: /home/rakesh/practice/install/unitree_go2_description/share/unitree_go2_description/worlds/thumbnails/3.png
[0.151s] -- Up-to-date: /home/rakesh/practice/install/unitree_go2_description/share/unitree_go2_description/worlds/thumbnails/0.png
[0.151s] -- Up-to-date: /home/rakesh/practice/install/unitree_go2_description/share/unitree_go2_description/worlds/thumbnails/4.png
[0.151s] -- Up-to-date: /home/rakesh/practice/install/unitree_go2_description/share/unitree_go2_description/worlds/thumbnails/5.png
[0.151s] -- Up-to-date: /home/rakesh/practice/install/unitree_go2_description/share/unitree_go2_description/worlds/model.config
[0.151s] -- Up-to-date: /home/rakesh/practice/install/unitree_go2_description/share/unitree_go2_description/worlds/meshes
[0.151s] -- Up-to-date: /home/rakesh/practice/install/unitree_go2_description/share/unitree_go2_description/worlds/meshes/Depot.dae
[0.151s] -- Up-to-date: /home/rakesh/practice/install/unitree_go2_description/share/unitree_go2_description/worlds/meshes/Crates.dae
[0.152s] -- Up-to-date: /home/rakesh/practice/install/unitree_go2_description/share/unitree_go2_description/worlds/materials
[0.152s] -- Up-to-date: /home/rakesh/practice/install/unitree_go2_description/share/unitree_go2_description/worlds/materials/scripts
[0.152s] -- Up-to-date: /home/rakesh/practice/install/unitree_go2_description/share/unitree_go2_description/worlds/materials/scripts/model.material
[0.152s] -- Up-to-date: /home/rakesh/practice/install/unitree_go2_description/share/unitree_go2_description/worlds/materials/textures
[0.152s] -- Up-to-date: /home/rakesh/practice/install/unitree_go2_description/share/unitree_go2_description/worlds/materials/textures/STAIRS_Albedo.png
[0.152s] -- Up-to-date: /home/rakesh/practice/install/unitree_go2_description/share/unitree_go2_description/worlds/materials/textures/INTERCOM_Emissive.png
[0.152s] -- Up-to-date: /home/rakesh/practice/install/unitree_go2_description/share/unitree_go2_description/worlds/materials/textures/FireAlarmPole_Albedo.png
[0.152s] -- Up-to-date: /home/rakesh/practice/install/unitree_go2_description/share/unitree_go2_description/worlds/materials/textures/WALLS_Normal.png
[0.154s] -- Up-to-date: /home/rakesh/practice/install/unitree_go2_description/share/unitree_go2_description/worlds/materials/textures/FANS_Normal.png
[0.154s] -- Up-to-date: /home/rakesh/practice/install/unitree_go2_description/share/unitree_go2_description/worlds/materials/textures/PILLERS_Normal.png
[0.154s] -- Up-to-date: /home/rakesh/practice/install/unitree_go2_description/share/unitree_go2_description/worlds/materials/textures/PILLERS_Metalness.png
[0.155s] -- Up-to-date: /home/rakesh/practice/install/unitree_go2_description/share/unitree_go2_description/worlds/materials/textures/Window_WINDOW_Metallic.png
[0.155s] -- Up-to-date: /home/rakesh/practice/install/unitree_go2_description/share/unitree_go2_description/worlds/materials/textures/WALLS_Roughness.png
[0.155s] -- Up-to-date: /home/rakesh/practice/install/unitree_go2_description/share/unitree_go2_description/worlds/materials/textures/Forklift_Forklift_Metallic.png
[0.155s] -- Up-to-date: /home/rakesh/practice/install/unitree_go2_description/share/unitree_go2_description/worlds/materials/textures/ROOF_Emissive.png
[0.155s] -- Up-to-date: /home/rakesh/practice/install/unitree_go2_description/share/unitree_go2_description/worlds/materials/textures/FireAlarmPole_Normal.png
[0.155s] -- Up-to-date: /home/rakesh/practice/install/unitree_go2_description/share/unitree_go2_description/worlds/materials/textures/FLOOR_Roughness.png
[0.156s] -- Up-to-date: /home/rakesh/practice/install/unitree_go2_description/share/unitree_go2_description/worlds/materials/textures/BOXSET_Metalness.png
[0.156s] -- Up-to-date: /home/rakesh/practice/install/unitree_go2_description/share/unitree_go2_description/worlds/materials/textures/WALLS_Albedo.png
[0.156s] -- Up-to-date: /home/rakesh/practice/install/unitree_go2_description/share/unitree_go2_description/worlds/materials/textures/INTERCOM_Albedo.png
[0.157s] -- Up-to-date: /home/rakesh/practice/install/unitree_go2_description/share/unitree_go2_description/worlds/materials/textures/INTERCOM_Normal.png
[0.157s] -- Up-to-date: /home/rakesh/practice/install/unitree_go2_description/share/unitree_go2_description/worlds/materials/textures/FireAlarm_Metalness.png
[0.157s] -- Up-to-date: /home/rakesh/practice/install/unitree_go2_description/share/unitree_go2_description/worlds/materials/textures/FireAlarm_Albedo.png
[0.157s] -- Up-to-date: /home/rakesh/practice/install/unitree_go2_description/share/unitree_go2_description/worlds/materials/textures/FireAlarmPole_Metalness.png
[0.157s] -- Up-to-date: /home/rakesh/practice/install/unitree_go2_description/share/unitree_go2_description/worlds/materials/textures/ROOF_Albedo.png
[0.157s] -- Up-to-date: /home/rakesh/practice/install/unitree_go2_description/share/unitree_go2_description/worlds/materials/textures/FANS_Metalness.png
[0.157s] -- Up-to-date: /home/rakesh/practice/install/unitree_go2_description/share/unitree_go2_description/worlds/materials/textures/Window_WINDOW_Roughness.png
[0.157s] -- Up-to-date: /home/rakesh/practice/install/unitree_go2_description/share/unitree_go2_description/worlds/materials/textures/FLOOR_Normal.png
[0.158s] -- Up-to-date: /home/rakesh/practice/install/unitree_go2_description/share/unitree_go2_description/worlds/materials/textures/ROOF_Normal.png
[0.158s] -- Up-to-date: /home/rakesh/practice/install/unitree_go2_description/share/unitree_go2_description/worlds/materials/textures/STAIRS_Normal.png
[0.158s] -- Up-to-date: /home/rakesh/practice/install/unitree_go2_description/share/unitree_go2_description/worlds/materials/textures/STAIRS_Metalness.png
[0.158s] -- Up-to-date: /home/rakesh/practice/install/unitree_go2_description/share/unitree_go2_description/worlds/materials/textures/BOXSET_Emissive.png
[0.158s] -- Up-to-date: /home/rakesh/practice/install/unitree_go2_description/share/unitree_go2_description/worlds/materials/textures/Pipes_Normal.png
[0.158s] -- Up-to-date: /home/rakesh/practice/install/unitree_go2_description/share/unitree_go2_description/worlds/materials/textures/FireAlarmPole_Roughness.png
[0.158s] -- Up-to-date: /home/rakesh/practice/install/unitree_go2_description/share/unitree_go2_description/worlds/materials/textures/Crates_Crates_Normal.png
[0.158s] -- Up-to-date: /home/rakesh/practice/install/unitree_go2_description/share/unitree_go2_description/worlds/materials/textures/INTERCOM_Roughness.png
[0.158s] -- Up-to-date: /home/rakesh/practice/install/unitree_go2_description/share/unitree_go2_description/worlds/materials/textures/BOXSET_Normal.png
[0.158s] -- Up-to-date: /home/rakesh/practice/install/unitree_go2_description/share/unitree_go2_description/worlds/materials/textures/FireAlarm_Normal.png
[0.159s] -- Up-to-date: /home/rakesh/practice/install/unitree_go2_description/share/unitree_go2_description/worlds/materials/textures/FLOOR_Albedo.png
[0.159s] -- Up-to-date: /home/rakesh/practice/install/unitree_go2_description/share/unitree_go2_description/worlds/materials/textures/ROOF_Roughness.png
[0.159s] -- Up-to-date: /home/rakesh/practice/install/unitree_go2_description/share/unitree_go2_description/worlds/materials/textures/Window_WINDOW_BaseColor.png
[0.159s] -- Up-to-date: /home/rakesh/practice/install/unitree_go2_description/share/unitree_go2_description/worlds/materials/textures/Pipes_Metalness.png
[0.159s] -- Up-to-date: /home/rakesh/practice/install/unitree_go2_description/share/unitree_go2_description/worlds/materials/textures/FLOOR_Metalness.png
[0.159s] -- Up-to-date: /home/rakesh/practice/install/unitree_go2_description/share/unitree_go2_description/worlds/materials/textures/BOXSET_Roughness.png
[0.159s] -- Up-to-date: /home/rakesh/practice/install/unitree_go2_description/share/unitree_go2_description/worlds/materials/textures/Forklift_Forklift_Roughness.png
[0.159s] -- Up-to-date: /home/rakesh/practice/install/unitree_go2_description/share/unitree_go2_description/worlds/materials/textures/FANS_Roughness.png
[0.159s] -- Up-to-date: /home/rakesh/practice/install/unitree_go2_description/share/unitree_go2_description/worlds/materials/textures/Forklift_Forklift_Normal.png
[0.159s] -- Up-to-date: /home/rakesh/practice/install/unitree_go2_description/share/unitree_go2_description/worlds/materials/textures/Pipes_Roughness.png
[0.159s] -- Up-to-date: /home/rakesh/practice/install/unitree_go2_description/share/unitree_go2_description/worlds/materials/textures/FanBack_FanBack_BaseColor.png
[0.159s] -- Up-to-date: /home/rakesh/practice/install/unitree_go2_description/share/unitree_go2_description/worlds/materials/textures/DepotLightmap.png
[0.159s] -- Up-to-date: /home/rakesh/practice/install/unitree_go2_description/share/unitree_go2_description/worlds/materials/textures/ROOF_Metalness.png
[0.159s] -- Up-to-date: /home/rakesh/practice/install/unitree_go2_description/share/unitree_go2_description/worlds/materials/textures/Crates_Crates_Roughness.png
[0.160s] -- Up-to-date: /home/rakesh/practice/install/unitree_go2_description/share/unitree_go2_description/worlds/materials/textures/FireAlarm_Roughness.png
[0.160s] -- Up-to-date: /home/rakesh/practice/install/unitree_go2_description/share/unitree_go2_description/worlds/materials/textures/Crates_Crates_BaseColor.png
[0.160s] -- Up-to-date: /home/rakesh/practice/install/unitree_go2_description/share/unitree_go2_description/worlds/materials/textures/STAIRS_Roughness.png
[0.160s] -- Up-to-date: /home/rakesh/practice/install/unitree_go2_description/share/unitree_go2_description/worlds/materials/textures/FANS_Albedo.png
[0.160s] -- Up-to-date: /home/rakesh/practice/install/unitree_go2_description/share/unitree_go2_description/worlds/materials/textures/Forklift_Forklift_BaseColor.png
[0.160s] -- Up-to-date: /home/rakesh/practice/install/unitree_go2_description/share/unitree_go2_description/worlds/materials/textures/PILLERS_Albedo.png
[0.160s] -- Up-to-date: /home/rakesh/practice/install/unitree_go2_description/share/unitree_go2_description/worlds/materials/textures/PILLERS_Roughness.png
[0.160s] -- Up-to-date: /home/rakesh/practice/install/unitree_go2_description/share/unitree_go2_description/worlds/materials/textures/Pipes_Albedo.png
[0.160s] -- Up-to-date: /home/rakesh/practice/install/unitree_go2_description/share/unitree_go2_description/worlds/materials/textures/WALLS_Metalness.png
[0.160s] -- Up-to-date: /home/rakesh/practice/install/unitree_go2_description/share/unitree_go2_description/worlds/materials/textures/INTERCOM_Metalness.png
[0.160s] -- Up-to-date: /home/rakesh/practice/install/unitree_go2_description/share/unitree_go2_description/worlds/materials/textures/BOXSET_Albedo.png
[0.160s] -- Up-to-date: /home/rakesh/practice/install/unitree_go2_description/share/unitree_go2_description/meshes
[0.160s] -- Up-to-date: /home/rakesh/practice/install/unitree_go2_description/share/unitree_go2_description/meshes/trunk.dae
[0.161s] -- Up-to-date: /home/rakesh/practice/install/unitree_go2_description/share/unitree_go2_description/meshes/foot.dae
[0.161s] -- Up-to-date: /home/rakesh/practice/install/unitree_go2_description/share/unitree_go2_description/meshes/L1_4D_Lidar.dae
[0.161s] -- Up-to-date: /home/rakesh/practice/install/unitree_go2_description/share/unitree_go2_description/meshes/thigh_mirror.dae
[0.161s] -- Up-to-date: /home/rakesh/practice/install/unitree_go2_description/share/unitree_go2_description/meshes/VLP16_base_1.dae
[0.161s] -- Up-to-date: /home/rakesh/practice/install/unitree_go2_description/share/unitree_go2_description/meshes/hip.dae
[0.161s] -- Up-to-date: /home/rakesh/practice/install/unitree_go2_description/share/unitree_go2_description/meshes/calf.dae
[0.161s] -- Up-to-date: /home/rakesh/practice/install/unitree_go2_description/share/unitree_go2_description/meshes/calf_mirror.dae
[0.161s] -- Up-to-date: /home/rakesh/practice/install/unitree_go2_description/share/unitree_go2_description/meshes/hokuyo.dae
[0.161s] -- Up-to-date: /home/rakesh/practice/install/unitree_go2_description/share/unitree_go2_description/meshes/thigh.dae
[0.161s] -- Up-to-date: /home/rakesh/practice/install/unitree_go2_description/share/unitree_go2_description/meshes/VLP16_base_2.dae
[0.161s] -- Up-to-date: /home/rakesh/practice/install/unitree_go2_description/share/unitree_go2_description/meshes/VLP16_scan.dae
[0.161s] -- Up-to-date: /home/rakesh/practice/install/unitree_go2_description/share/unitree_go2_description/urdf
[0.161s] -- Up-to-date: /home/rakesh/practice/install/unitree_go2_description/share/unitree_go2_description/urdf/materials.xacro
[0.161s] -- Up-to-date: /home/rakesh/practice/install/unitree_go2_description/share/unitree_go2_description/urdf/const.xacro
[0.161s] -- Up-to-date: /home/rakesh/practice/install/unitree_go2_description/share/unitree_go2_description/urdf/unitree_go2_robot.xacro
[0.162s] -- Up-to-date: /home/rakesh/practice/install/unitree_go2_description/share/unitree_go2_description/urdf/unitree_go2_gazebo.xacro
[0.162s] -- Up-to-date: /home/rakesh/practice/install/unitree_go2_description/share/unitree_go2_description/urdf/velodyne.xacro
[0.162s] -- Up-to-date: /home/rakesh/practice/install/unitree_go2_description/share/unitree_go2_description/urdf/leg.xacro
[0.162s] -- Up-to-date: /home/rakesh/practice/install/unitree_go2_description/share/unitree_go2_description/urdf/lidar_4D_lidar.xacro
[0.162s] -- Up-to-date: /home/rakesh/practice/install/unitree_go2_description/share/ament_index/resource_index/package_run_dependencies/unitree_go2_description
[0.163s] -- Up-to-date: /home/rakesh/practice/install/unitree_go2_description/share/ament_index/resource_index/parent_prefix_path/unitree_go2_description
[0.163s] -- Up-to-date: /home/rakesh/practice/install/unitree_go2_description/share/unitree_go2_description/environment/ament_prefix_path.sh
[0.163s] -- Up-to-date: /home/rakesh/practice/install/unitree_go2_description/share/unitree_go2_description/environment/ament_prefix_path.dsv
[0.164s] -- Up-to-date: /home/rakesh/practice/install/unitree_go2_description/share/unitree_go2_description/environment/path.sh
[0.164s] -- Up-to-date: /home/rakesh/practice/install/unitree_go2_description/share/unitree_go2_description/environment/path.dsv
[0.164s] -- Up-to-date: /home/rakesh/practice/install/unitree_go2_description/share/unitree_go2_description/local_setup.bash
[0.164s] -- Up-to-date: /home/rakesh/practice/install/unitree_go2_description/share/unitree_go2_description/local_setup.sh
[0.164s] -- Up-to-date: /home/rakesh/practice/install/unitree_go2_description/share/unitree_go2_description/local_setup.zsh
[0.164s] -- Up-to-date: /home/rakesh/practice/install/unitree_go2_description/share/unitree_go2_description/local_setup.dsv
[0.164s] -- Installing: /home/rakesh/practice/install/unitree_go2_description/share/unitree_go2_description/package.dsv
[0.165s] -- Up-to-date: /home/rakesh/practice/install/unitree_go2_description/share/ament_index/resource_index/packages/unitree_go2_description
[0.166s] -- Up-to-date: /home/rakesh/practice/install/unitree_go2_description/share/unitree_go2_description/cmake/unitree_go2_descriptionConfig.cmake
[0.166s] -- Up-to-date: /home/rakesh/practice/install/unitree_go2_description/share/unitree_go2_description/cmake/unitree_go2_descriptionConfig-version.cmake
[0.166s] -- Up-to-date: /home/rakesh/practice/install/unitree_go2_description/share/unitree_go2_description/package.xml
[0.194s] Invoked command in '/home/rakesh/practice/build/unitree_go2_description' returned '0': CMAKE_PREFIX_PATH=${CMAKE_PREFIX_PATH}:/opt/ros/jazzy: DEBUGINFOD_URLS=https://debuginfod.ubuntu.com /usr/bin/cmake --install /home/rakesh/practice/build/unitree_go2_description
