[0.187s] DEBUG:colcon:Command line arguments: ['/usr/bin/colcon', 'build']
[0.187s] DEBUG:colcon:Parsed command line arguments: Namespace(log_base=None, log_level=None, verb_name='build', build_base='build', install_base='install', merge_install=False, symlink_install=False, test_result_base=None, continue_on_error=False, executor='parallel', parallel_workers=12, event_handlers=None, ignore_user_meta=False, metas=['./colcon.meta'], base_paths=['.'], packages_ignore=None, packages_ignore_regex=None, paths=None, packages_up_to=None, packages_up_to_regex=None, packages_above=None, packages_above_and_dependencies=None, packages_above_depth=None, packages_select_by_dep=None, packages_skip_by_dep=None, packages_skip_up_to=None, packages_select_build_failed=False, packages_skip_build_finished=False, packages_select_test_failures=False, packages_skip_test_passed=False, packages_select=None, packages_skip=None, packages_select_regex=None, packages_skip_regex=None, packages_start=None, packages_end=None, allow_overriding=[], cmake_args=None, cmake_target=None, cmake_target_skip_unavailable=False, cmake_clean_cache=False, cmake_clean_first=False, cmake_force_configure=False, ament_cmake_args=None, catkin_cmake_args=None, catkin_skip_building_tests=False, mixin_files=None, mixin=None, verb_parser=<colcon_mixin.mixin.mixin_argument.MixinArgumentDecorator object at 0x7ffa1e6bf710>, verb_extension=<colcon_core.verb.build.BuildVerb object at 0x7ffa1e669730>, main=<bound method BuildVerb.main of <colcon_core.verb.build.BuildVerb object at 0x7ffa1e669730>>, mixin_verb=('build',))
[0.250s] Level 1:colcon.colcon_core.package_discovery:discover_packages(colcon_meta) check parameters
[0.250s] Level 1:colcon.colcon_core.package_discovery:discover_packages(recursive) check parameters
[0.250s] Level 1:colcon.colcon_core.package_discovery:discover_packages(ignore) check parameters
[0.250s] Level 1:colcon.colcon_core.package_discovery:discover_packages(path) check parameters
[0.250s] Level 1:colcon.colcon_core.package_discovery:discover_packages(colcon_meta) discover
[0.250s] Level 1:colcon.colcon_core.package_discovery:discover_packages(recursive) discover
[0.251s] INFO:colcon.colcon_core.package_discovery:Crawling recursively for packages in '/home/rakesh/practice'
[0.251s] Level 1:colcon.colcon_core.package_identification:_identify(.) by extensions ['ignore', 'ignore_ament_install']
[0.251s] Level 1:colcon.colcon_core.package_identification:_identify(.) by extension 'ignore'
[0.251s] Level 1:colcon.colcon_core.package_identification:_identify(.) by extension 'ignore_ament_install'
[0.251s] Level 1:colcon.colcon_core.package_identification:_identify(.) by extensions ['colcon_pkg']
[0.251s] Level 1:colcon.colcon_core.package_identification:_identify(.) by extension 'colcon_pkg'
[0.251s] Level 1:colcon.colcon_core.package_identification:_identify(.) by extensions ['colcon_meta']
[0.251s] Level 1:colcon.colcon_core.package_identification:_identify(.) by extension 'colcon_meta'
[0.251s] Level 1:colcon.colcon_core.package_identification:_identify(.) by extensions ['ros']
[0.251s] Level 1:colcon.colcon_core.package_identification:_identify(.) by extension 'ros'
[0.283s] Level 1:colcon.colcon_core.package_identification:_identify(.) by extensions ['cmake', 'python']
[0.283s] Level 1:colcon.colcon_core.package_identification:_identify(.) by extension 'cmake'
[0.283s] Level 1:colcon.colcon_core.package_identification:_identify(.) by extension 'python'
[0.283s] Level 1:colcon.colcon_core.package_identification:_identify(.) by extensions ['python_setup_py']
[0.283s] Level 1:colcon.colcon_core.package_identification:_identify(.) by extension 'python_setup_py'
[0.284s] Level 1:colcon.colcon_core.package_identification:_identify(build) by extensions ['ignore', 'ignore_ament_install']
[0.284s] Level 1:colcon.colcon_core.package_identification:_identify(build) by extension 'ignore'
[0.284s] Level 1:colcon.colcon_core.package_identification:_identify(build) ignored
[0.284s] Level 1:colcon.colcon_core.package_identification:_identify(install) by extensions ['ignore', 'ignore_ament_install']
[0.284s] Level 1:colcon.colcon_core.package_identification:_identify(install) by extension 'ignore'
[0.284s] Level 1:colcon.colcon_core.package_identification:_identify(install) ignored
[0.284s] Level 1:colcon.colcon_core.package_identification:_identify(log) by extensions ['ignore', 'ignore_ament_install']
[0.284s] Level 1:colcon.colcon_core.package_identification:_identify(log) by extension 'ignore'
[0.284s] Level 1:colcon.colcon_core.package_identification:_identify(log) ignored
[0.284s] Level 1:colcon.colcon_core.package_identification:_identify(src) by extensions ['ignore', 'ignore_ament_install']
[0.284s] Level 1:colcon.colcon_core.package_identification:_identify(src) by extension 'ignore'
[0.284s] Level 1:colcon.colcon_core.package_identification:_identify(src) by extension 'ignore_ament_install'
[0.284s] Level 1:colcon.colcon_core.package_identification:_identify(src) by extensions ['colcon_pkg']
[0.284s] Level 1:colcon.colcon_core.package_identification:_identify(src) by extension 'colcon_pkg'
[0.284s] Level 1:colcon.colcon_core.package_identification:_identify(src) by extensions ['colcon_meta']
[0.284s] Level 1:colcon.colcon_core.package_identification:_identify(src) by extension 'colcon_meta'
[0.284s] Level 1:colcon.colcon_core.package_identification:_identify(src) by extensions ['ros']
[0.284s] Level 1:colcon.colcon_core.package_identification:_identify(src) by extension 'ros'
[0.285s] Level 1:colcon.colcon_core.package_identification:_identify(src) by extensions ['cmake', 'python']
[0.285s] Level 1:colcon.colcon_core.package_identification:_identify(src) by extension 'cmake'
[0.285s] Level 1:colcon.colcon_core.package_identification:_identify(src) by extension 'python'
[0.285s] Level 1:colcon.colcon_core.package_identification:_identify(src) by extensions ['python_setup_py']
[0.285s] Level 1:colcon.colcon_core.package_identification:_identify(src) by extension 'python_setup_py'
[0.285s] Level 1:colcon.colcon_core.package_identification:_identify(src/unitree_go2_ros2) by extensions ['ignore', 'ignore_ament_install']
[0.285s] Level 1:colcon.colcon_core.package_identification:_identify(src/unitree_go2_ros2) by extension 'ignore'
[0.285s] Level 1:colcon.colcon_core.package_identification:_identify(src/unitree_go2_ros2) by extension 'ignore_ament_install'
[0.285s] Level 1:colcon.colcon_core.package_identification:_identify(src/unitree_go2_ros2) by extensions ['colcon_pkg']
[0.285s] Level 1:colcon.colcon_core.package_identification:_identify(src/unitree_go2_ros2) by extension 'colcon_pkg'
[0.285s] Level 1:colcon.colcon_core.package_identification:_identify(src/unitree_go2_ros2) by extensions ['colcon_meta']
[0.285s] Level 1:colcon.colcon_core.package_identification:_identify(src/unitree_go2_ros2) by extension 'colcon_meta'
[0.285s] Level 1:colcon.colcon_core.package_identification:_identify(src/unitree_go2_ros2) by extensions ['ros']
[0.285s] Level 1:colcon.colcon_core.package_identification:_identify(src/unitree_go2_ros2) by extension 'ros'
[0.285s] Level 1:colcon.colcon_core.package_identification:_identify(src/unitree_go2_ros2) by extensions ['cmake', 'python']
[0.285s] Level 1:colcon.colcon_core.package_identification:_identify(src/unitree_go2_ros2) by extension 'cmake'
[0.285s] Level 1:colcon.colcon_core.package_identification:_identify(src/unitree_go2_ros2) by extension 'python'
[0.285s] Level 1:colcon.colcon_core.package_identification:_identify(src/unitree_go2_ros2) by extensions ['python_setup_py']
[0.285s] Level 1:colcon.colcon_core.package_identification:_identify(src/unitree_go2_ros2) by extension 'python_setup_py'
[0.285s] Level 1:colcon.colcon_core.package_identification:_identify(src/unitree_go2_ros2/champ) by extensions ['ignore', 'ignore_ament_install']
[0.285s] Level 1:colcon.colcon_core.package_identification:_identify(src/unitree_go2_ros2/champ) by extension 'ignore'
[0.285s] Level 1:colcon.colcon_core.package_identification:_identify(src/unitree_go2_ros2/champ) by extension 'ignore_ament_install'
[0.286s] Level 1:colcon.colcon_core.package_identification:_identify(src/unitree_go2_ros2/champ) by extensions ['colcon_pkg']
[0.286s] Level 1:colcon.colcon_core.package_identification:_identify(src/unitree_go2_ros2/champ) by extension 'colcon_pkg'
[0.286s] Level 1:colcon.colcon_core.package_identification:_identify(src/unitree_go2_ros2/champ) by extensions ['colcon_meta']
[0.286s] Level 1:colcon.colcon_core.package_identification:_identify(src/unitree_go2_ros2/champ) by extension 'colcon_meta'
[0.286s] Level 1:colcon.colcon_core.package_identification:_identify(src/unitree_go2_ros2/champ) by extensions ['ros']
[0.286s] Level 1:colcon.colcon_core.package_identification:_identify(src/unitree_go2_ros2/champ) by extension 'ros'
[0.289s] DEBUG:colcon.colcon_core.package_identification:Package 'src/unitree_go2_ros2/champ' with type 'ros.ament_cmake' and name 'champ'
[0.289s] Level 1:colcon.colcon_core.package_identification:_identify(src/unitree_go2_ros2/champ_base) by extensions ['ignore', 'ignore_ament_install']
[0.289s] Level 1:colcon.colcon_core.package_identification:_identify(src/unitree_go2_ros2/champ_base) by extension 'ignore'
[0.289s] Level 1:colcon.colcon_core.package_identification:_identify(src/unitree_go2_ros2/champ_base) by extension 'ignore_ament_install'
[0.289s] Level 1:colcon.colcon_core.package_identification:_identify(src/unitree_go2_ros2/champ_base) by extensions ['colcon_pkg']
[0.289s] Level 1:colcon.colcon_core.package_identification:_identify(src/unitree_go2_ros2/champ_base) by extension 'colcon_pkg'
[0.289s] Level 1:colcon.colcon_core.package_identification:_identify(src/unitree_go2_ros2/champ_base) by extensions ['colcon_meta']
[0.289s] Level 1:colcon.colcon_core.package_identification:_identify(src/unitree_go2_ros2/champ_base) by extension 'colcon_meta'
[0.289s] Level 1:colcon.colcon_core.package_identification:_identify(src/unitree_go2_ros2/champ_base) by extensions ['ros']
[0.289s] Level 1:colcon.colcon_core.package_identification:_identify(src/unitree_go2_ros2/champ_base) by extension 'ros'
[0.291s] DEBUG:colcon.colcon_core.package_identification:Package 'src/unitree_go2_ros2/champ_base' with type 'ros.ament_cmake' and name 'champ_base'
[0.291s] Level 1:colcon.colcon_core.package_identification:_identify(src/unitree_go2_ros2/champ_msgs) by extensions ['ignore', 'ignore_ament_install']
[0.291s] Level 1:colcon.colcon_core.package_identification:_identify(src/unitree_go2_ros2/champ_msgs) by extension 'ignore'
[0.291s] Level 1:colcon.colcon_core.package_identification:_identify(src/unitree_go2_ros2/champ_msgs) by extension 'ignore_ament_install'
[0.291s] Level 1:colcon.colcon_core.package_identification:_identify(src/unitree_go2_ros2/champ_msgs) by extensions ['colcon_pkg']
[0.291s] Level 1:colcon.colcon_core.package_identification:_identify(src/unitree_go2_ros2/champ_msgs) by extension 'colcon_pkg'
[0.291s] Level 1:colcon.colcon_core.package_identification:_identify(src/unitree_go2_ros2/champ_msgs) by extensions ['colcon_meta']
[0.291s] Level 1:colcon.colcon_core.package_identification:_identify(src/unitree_go2_ros2/champ_msgs) by extension 'colcon_meta'
[0.291s] Level 1:colcon.colcon_core.package_identification:_identify(src/unitree_go2_ros2/champ_msgs) by extensions ['ros']
[0.291s] Level 1:colcon.colcon_core.package_identification:_identify(src/unitree_go2_ros2/champ_msgs) by extension 'ros'
[0.292s] DEBUG:colcon.colcon_core.package_identification:Package 'src/unitree_go2_ros2/champ_msgs' with type 'ros.ament_cmake' and name 'champ_msgs'
[0.292s] Level 1:colcon.colcon_core.package_identification:_identify(src/unitree_go2_ros2/docs) by extensions ['ignore', 'ignore_ament_install']
[0.292s] Level 1:colcon.colcon_core.package_identification:_identify(src/unitree_go2_ros2/docs) by extension 'ignore'
[0.292s] Level 1:colcon.colcon_core.package_identification:_identify(src/unitree_go2_ros2/docs) by extension 'ignore_ament_install'
[0.292s] Level 1:colcon.colcon_core.package_identification:_identify(src/unitree_go2_ros2/docs) by extensions ['colcon_pkg']
[0.292s] Level 1:colcon.colcon_core.package_identification:_identify(src/unitree_go2_ros2/docs) by extension 'colcon_pkg'
[0.292s] Level 1:colcon.colcon_core.package_identification:_identify(src/unitree_go2_ros2/docs) by extensions ['colcon_meta']
[0.292s] Level 1:colcon.colcon_core.package_identification:_identify(src/unitree_go2_ros2/docs) by extension 'colcon_meta'
[0.292s] Level 1:colcon.colcon_core.package_identification:_identify(src/unitree_go2_ros2/docs) by extensions ['ros']
[0.292s] Level 1:colcon.colcon_core.package_identification:_identify(src/unitree_go2_ros2/docs) by extension 'ros'
[0.292s] Level 1:colcon.colcon_core.package_identification:_identify(src/unitree_go2_ros2/docs) by extensions ['cmake', 'python']
[0.292s] Level 1:colcon.colcon_core.package_identification:_identify(src/unitree_go2_ros2/docs) by extension 'cmake'
[0.292s] Level 1:colcon.colcon_core.package_identification:_identify(src/unitree_go2_ros2/docs) by extension 'python'
[0.292s] Level 1:colcon.colcon_core.package_identification:_identify(src/unitree_go2_ros2/docs) by extensions ['python_setup_py']
[0.292s] Level 1:colcon.colcon_core.package_identification:_identify(src/unitree_go2_ros2/docs) by extension 'python_setup_py'
[0.293s] Level 1:colcon.colcon_core.package_identification:_identify(src/unitree_go2_ros2/unitree_go2_description) by extensions ['ignore', 'ignore_ament_install']
[0.293s] Level 1:colcon.colcon_core.package_identification:_identify(src/unitree_go2_ros2/unitree_go2_description) by extension 'ignore'
[0.293s] Level 1:colcon.colcon_core.package_identification:_identify(src/unitree_go2_ros2/unitree_go2_description) by extension 'ignore_ament_install'
[0.293s] Level 1:colcon.colcon_core.package_identification:_identify(src/unitree_go2_ros2/unitree_go2_description) by extensions ['colcon_pkg']
[0.293s] Level 1:colcon.colcon_core.package_identification:_identify(src/unitree_go2_ros2/unitree_go2_description) by extension 'colcon_pkg'
[0.293s] Level 1:colcon.colcon_core.package_identification:_identify(src/unitree_go2_ros2/unitree_go2_description) by extensions ['colcon_meta']
[0.293s] Level 1:colcon.colcon_core.package_identification:_identify(src/unitree_go2_ros2/unitree_go2_description) by extension 'colcon_meta'
[0.293s] Level 1:colcon.colcon_core.package_identification:_identify(src/unitree_go2_ros2/unitree_go2_description) by extensions ['ros']
[0.293s] Level 1:colcon.colcon_core.package_identification:_identify(src/unitree_go2_ros2/unitree_go2_description) by extension 'ros'
[0.293s] DEBUG:colcon.colcon_core.package_identification:Package 'src/unitree_go2_ros2/unitree_go2_description' with type 'ros.ament_cmake' and name 'unitree_go2_description'
[0.294s] Level 1:colcon.colcon_core.package_identification:_identify(src/unitree_go2_ros2/unitree_go2_sim) by extensions ['ignore', 'ignore_ament_install']
[0.294s] Level 1:colcon.colcon_core.package_identification:_identify(src/unitree_go2_ros2/unitree_go2_sim) by extension 'ignore'
[0.294s] Level 1:colcon.colcon_core.package_identification:_identify(src/unitree_go2_ros2/unitree_go2_sim) by extension 'ignore_ament_install'
[0.294s] Level 1:colcon.colcon_core.package_identification:_identify(src/unitree_go2_ros2/unitree_go2_sim) by extensions ['colcon_pkg']
[0.294s] Level 1:colcon.colcon_core.package_identification:_identify(src/unitree_go2_ros2/unitree_go2_sim) by extension 'colcon_pkg'
[0.294s] Level 1:colcon.colcon_core.package_identification:_identify(src/unitree_go2_ros2/unitree_go2_sim) by extensions ['colcon_meta']
[0.294s] Level 1:colcon.colcon_core.package_identification:_identify(src/unitree_go2_ros2/unitree_go2_sim) by extension 'colcon_meta'
[0.294s] Level 1:colcon.colcon_core.package_identification:_identify(src/unitree_go2_ros2/unitree_go2_sim) by extensions ['ros']
[0.294s] Level 1:colcon.colcon_core.package_identification:_identify(src/unitree_go2_ros2/unitree_go2_sim) by extension 'ros'
[0.294s] DEBUG:colcon.colcon_core.package_identification:Package 'src/unitree_go2_ros2/unitree_go2_sim' with type 'ros.ament_cmake' and name 'unitree_go2_sim'
[0.295s] Level 1:colcon.colcon_core.package_discovery:discover_packages(recursive) using defaults
[0.295s] Level 1:colcon.colcon_core.package_discovery:discover_packages(ignore) discover
[0.295s] Level 1:colcon.colcon_core.package_discovery:discover_packages(ignore) using defaults
[0.295s] Level 1:colcon.colcon_core.package_discovery:discover_packages(path) discover
[0.295s] Level 1:colcon.colcon_core.package_discovery:discover_packages(path) using defaults
[0.321s] Level 1:colcon.colcon_core.package_discovery:discover_packages(prefix_path) check parameters
[0.321s] Level 1:colcon.colcon_core.package_discovery:discover_packages(prefix_path) discover
[0.327s] DEBUG:colcon.colcon_installed_package_information.package_discovery:Found 5 installed packages in /home/rakesh/practice/install
[0.330s] DEBUG:colcon.colcon_installed_package_information.package_discovery:Found 519 installed packages in /opt/ros/jazzy
[0.332s] Level 1:colcon.colcon_core.package_discovery:discover_packages(prefix_path) using defaults
[0.469s] Level 5:colcon.colcon_core.verb:set package 'champ' build argument 'cmake_args' from command line to 'None'
[0.469s] Level 5:colcon.colcon_core.verb:set package 'champ' build argument 'cmake_target' from command line to 'None'
[0.469s] Level 5:colcon.colcon_core.verb:set package 'champ' build argument 'cmake_target_skip_unavailable' from command line to 'False'
[0.469s] Level 5:colcon.colcon_core.verb:set package 'champ' build argument 'cmake_clean_cache' from command line to 'False'
[0.469s] Level 5:colcon.colcon_core.verb:set package 'champ' build argument 'cmake_clean_first' from command line to 'False'
[0.469s] Level 5:colcon.colcon_core.verb:set package 'champ' build argument 'cmake_force_configure' from command line to 'False'
[0.469s] Level 5:colcon.colcon_core.verb:set package 'champ' build argument 'ament_cmake_args' from command line to 'None'
[0.469s] Level 5:colcon.colcon_core.verb:set package 'champ' build argument 'catkin_cmake_args' from command line to 'None'
[0.469s] Level 5:colcon.colcon_core.verb:set package 'champ' build argument 'catkin_skip_building_tests' from command line to 'False'
[0.469s] DEBUG:colcon.colcon_core.verb:Building package 'champ' with the following arguments: {'ament_cmake_args': None, 'build_base': '/home/rakesh/practice/build/champ', 'catkin_cmake_args': None, 'catkin_skip_building_tests': False, 'cmake_args': None, 'cmake_clean_cache': False, 'cmake_clean_first': False, 'cmake_force_configure': False, 'cmake_target': None, 'cmake_target_skip_unavailable': False, 'install_base': '/home/rakesh/practice/install/champ', 'merge_install': False, 'path': '/home/rakesh/practice/src/unitree_go2_ros2/champ', 'symlink_install': False, 'test_result_base': None}
[0.469s] Level 5:colcon.colcon_core.verb:set package 'champ_msgs' build argument 'cmake_args' from command line to 'None'
[0.469s] Level 5:colcon.colcon_core.verb:set package 'champ_msgs' build argument 'cmake_target' from command line to 'None'
[0.469s] Level 5:colcon.colcon_core.verb:set package 'champ_msgs' build argument 'cmake_target_skip_unavailable' from command line to 'False'
[0.470s] Level 5:colcon.colcon_core.verb:set package 'champ_msgs' build argument 'cmake_clean_cache' from command line to 'False'
[0.470s] Level 5:colcon.colcon_core.verb:set package 'champ_msgs' build argument 'cmake_clean_first' from command line to 'False'
[0.470s] Level 5:colcon.colcon_core.verb:set package 'champ_msgs' build argument 'cmake_force_configure' from command line to 'False'
[0.470s] Level 5:colcon.colcon_core.verb:set package 'champ_msgs' build argument 'ament_cmake_args' from command line to 'None'
[0.470s] Level 5:colcon.colcon_core.verb:set package 'champ_msgs' build argument 'catkin_cmake_args' from command line to 'None'
[0.470s] Level 5:colcon.colcon_core.verb:set package 'champ_msgs' build argument 'catkin_skip_building_tests' from command line to 'False'
[0.470s] DEBUG:colcon.colcon_core.verb:Building package 'champ_msgs' with the following arguments: {'ament_cmake_args': None, 'build_base': '/home/rakesh/practice/build/champ_msgs', 'catkin_cmake_args': None, 'catkin_skip_building_tests': False, 'cmake_args': None, 'cmake_clean_cache': False, 'cmake_clean_first': False, 'cmake_force_configure': False, 'cmake_target': None, 'cmake_target_skip_unavailable': False, 'install_base': '/home/rakesh/practice/install/champ_msgs', 'merge_install': False, 'path': '/home/rakesh/practice/src/unitree_go2_ros2/champ_msgs', 'symlink_install': False, 'test_result_base': None}
[0.470s] Level 5:colcon.colcon_core.verb:set package 'unitree_go2_description' build argument 'cmake_args' from command line to 'None'
[0.470s] Level 5:colcon.colcon_core.verb:set package 'unitree_go2_description' build argument 'cmake_target' from command line to 'None'
[0.470s] Level 5:colcon.colcon_core.verb:set package 'unitree_go2_description' build argument 'cmake_target_skip_unavailable' from command line to 'False'
[0.470s] Level 5:colcon.colcon_core.verb:set package 'unitree_go2_description' build argument 'cmake_clean_cache' from command line to 'False'
[0.470s] Level 5:colcon.colcon_core.verb:set package 'unitree_go2_description' build argument 'cmake_clean_first' from command line to 'False'
[0.470s] Level 5:colcon.colcon_core.verb:set package 'unitree_go2_description' build argument 'cmake_force_configure' from command line to 'False'
[0.470s] Level 5:colcon.colcon_core.verb:set package 'unitree_go2_description' build argument 'ament_cmake_args' from command line to 'None'
[0.470s] Level 5:colcon.colcon_core.verb:set package 'unitree_go2_description' build argument 'catkin_cmake_args' from command line to 'None'
[0.470s] Level 5:colcon.colcon_core.verb:set package 'unitree_go2_description' build argument 'catkin_skip_building_tests' from command line to 'False'
[0.470s] DEBUG:colcon.colcon_core.verb:Building package 'unitree_go2_description' with the following arguments: {'ament_cmake_args': None, 'build_base': '/home/rakesh/practice/build/unitree_go2_description', 'catkin_cmake_args': None, 'catkin_skip_building_tests': False, 'cmake_args': None, 'cmake_clean_cache': False, 'cmake_clean_first': False, 'cmake_force_configure': False, 'cmake_target': None, 'cmake_target_skip_unavailable': False, 'install_base': '/home/rakesh/practice/install/unitree_go2_description', 'merge_install': False, 'path': '/home/rakesh/practice/src/unitree_go2_ros2/unitree_go2_description', 'symlink_install': False, 'test_result_base': None}
[0.470s] Level 5:colcon.colcon_core.verb:set package 'unitree_go2_sim' build argument 'cmake_args' from command line to 'None'
[0.470s] Level 5:colcon.colcon_core.verb:set package 'unitree_go2_sim' build argument 'cmake_target' from command line to 'None'
[0.470s] Level 5:colcon.colcon_core.verb:set package 'unitree_go2_sim' build argument 'cmake_target_skip_unavailable' from command line to 'False'
[0.470s] Level 5:colcon.colcon_core.verb:set package 'unitree_go2_sim' build argument 'cmake_clean_cache' from command line to 'False'
[0.470s] Level 5:colcon.colcon_core.verb:set package 'unitree_go2_sim' build argument 'cmake_clean_first' from command line to 'False'
[0.470s] Level 5:colcon.colcon_core.verb:set package 'unitree_go2_sim' build argument 'cmake_force_configure' from command line to 'False'
[0.470s] Level 5:colcon.colcon_core.verb:set package 'unitree_go2_sim' build argument 'ament_cmake_args' from command line to 'None'
[0.470s] Level 5:colcon.colcon_core.verb:set package 'unitree_go2_sim' build argument 'catkin_cmake_args' from command line to 'None'
[0.470s] Level 5:colcon.colcon_core.verb:set package 'unitree_go2_sim' build argument 'catkin_skip_building_tests' from command line to 'False'
[0.470s] DEBUG:colcon.colcon_core.verb:Building package 'unitree_go2_sim' with the following arguments: {'ament_cmake_args': None, 'build_base': '/home/rakesh/practice/build/unitree_go2_sim', 'catkin_cmake_args': None, 'catkin_skip_building_tests': False, 'cmake_args': None, 'cmake_clean_cache': False, 'cmake_clean_first': False, 'cmake_force_configure': False, 'cmake_target': None, 'cmake_target_skip_unavailable': False, 'install_base': '/home/rakesh/practice/install/unitree_go2_sim', 'merge_install': False, 'path': '/home/rakesh/practice/src/unitree_go2_ros2/unitree_go2_sim', 'symlink_install': False, 'test_result_base': None}
[0.471s] Level 5:colcon.colcon_core.verb:set package 'champ_base' build argument 'cmake_args' from command line to 'None'
[0.471s] Level 5:colcon.colcon_core.verb:set package 'champ_base' build argument 'cmake_target' from command line to 'None'
[0.471s] Level 5:colcon.colcon_core.verb:set package 'champ_base' build argument 'cmake_target_skip_unavailable' from command line to 'False'
[0.471s] Level 5:colcon.colcon_core.verb:set package 'champ_base' build argument 'cmake_clean_cache' from command line to 'False'
[0.471s] Level 5:colcon.colcon_core.verb:set package 'champ_base' build argument 'cmake_clean_first' from command line to 'False'
[0.471s] Level 5:colcon.colcon_core.verb:set package 'champ_base' build argument 'cmake_force_configure' from command line to 'False'
[0.471s] Level 5:colcon.colcon_core.verb:set package 'champ_base' build argument 'ament_cmake_args' from command line to 'None'
[0.471s] Level 5:colcon.colcon_core.verb:set package 'champ_base' build argument 'catkin_cmake_args' from command line to 'None'
[0.471s] Level 5:colcon.colcon_core.verb:set package 'champ_base' build argument 'catkin_skip_building_tests' from command line to 'False'
[0.471s] DEBUG:colcon.colcon_core.verb:Building package 'champ_base' with the following arguments: {'ament_cmake_args': None, 'build_base': '/home/rakesh/practice/build/champ_base', 'catkin_cmake_args': None, 'catkin_skip_building_tests': False, 'cmake_args': None, 'cmake_clean_cache': False, 'cmake_clean_first': False, 'cmake_force_configure': False, 'cmake_target': None, 'cmake_target_skip_unavailable': False, 'install_base': '/home/rakesh/practice/install/champ_base', 'merge_install': False, 'path': '/home/rakesh/practice/src/unitree_go2_ros2/champ_base', 'symlink_install': False, 'test_result_base': None}
[0.471s] INFO:colcon.colcon_core.executor:Executing jobs using 'parallel' executor
[0.472s] DEBUG:colcon.colcon_parallel_executor.executor.parallel:run_until_complete
[0.472s] INFO:colcon.colcon_ros.task.ament_cmake.build:Building ROS package in '/home/rakesh/practice/src/unitree_go2_ros2/champ' with build type 'ament_cmake'
[0.473s] INFO:colcon.colcon_cmake.task.cmake.build:Building CMake package in '/home/rakesh/practice/src/unitree_go2_ros2/champ'
[0.478s] INFO:colcon.colcon_core.plugin_system:Skipping extension 'colcon_core.shell.bat': Not used on non-Windows systems
[0.479s] INFO:colcon.colcon_core.shell:Skip shell extension 'powershell' for command environment: Not usable outside of PowerShell
[0.479s] DEBUG:colcon.colcon_core.shell:Skip shell extension 'dsv' for command environment
[0.484s] INFO:colcon.colcon_ros.task.ament_cmake.build:Building ROS package in '/home/rakesh/practice/src/unitree_go2_ros2/champ_msgs' with build type 'ament_cmake'
[0.484s] INFO:colcon.colcon_cmake.task.cmake.build:Building CMake package in '/home/rakesh/practice/src/unitree_go2_ros2/champ_msgs'
[0.485s] INFO:colcon.colcon_core.shell:Skip shell extension 'powershell' for command environment: Not usable outside of PowerShell
[0.485s] DEBUG:colcon.colcon_core.shell:Skip shell extension 'dsv' for command environment
[0.489s] INFO:colcon.colcon_ros.task.ament_cmake.build:Building ROS package in '/home/rakesh/practice/src/unitree_go2_ros2/unitree_go2_description' with build type 'ament_cmake'
[0.489s] INFO:colcon.colcon_cmake.task.cmake.build:Building CMake package in '/home/rakesh/practice/src/unitree_go2_ros2/unitree_go2_description'
[0.490s] INFO:colcon.colcon_core.shell:Skip shell extension 'powershell' for command environment: Not usable outside of PowerShell
[0.490s] DEBUG:colcon.colcon_core.shell:Skip shell extension 'dsv' for command environment
[0.494s] INFO:colcon.colcon_ros.task.ament_cmake.build:Building ROS package in '/home/rakesh/practice/src/unitree_go2_ros2/unitree_go2_sim' with build type 'ament_cmake'
[0.494s] INFO:colcon.colcon_cmake.task.cmake.build:Building CMake package in '/home/rakesh/practice/src/unitree_go2_ros2/unitree_go2_sim'
[0.495s] INFO:colcon.colcon_core.shell:Skip shell extension 'powershell' for command environment: Not usable outside of PowerShell
[0.495s] DEBUG:colcon.colcon_core.shell:Skip shell extension 'dsv' for command environment
[0.505s] DEBUG:colcon.colcon_core.event_handler.log_command:Invoking command in '/home/rakesh/practice/build/champ': CMAKE_PREFIX_PATH=${CMAKE_PREFIX_PATH}:/opt/ros/jazzy: DEBUGINFOD_URLS=https://debuginfod.ubuntu.com /usr/bin/cmake --build /home/rakesh/practice/build/champ -- -j12 -l12
[0.510s] DEBUG:colcon.colcon_core.event_handler.log_command:Invoking command in '/home/rakesh/practice/build/champ_msgs': CMAKE_PREFIX_PATH=${CMAKE_PREFIX_PATH}:/opt/ros/jazzy: DEBUGINFOD_URLS=https://debuginfod.ubuntu.com /usr/bin/cmake --build /home/rakesh/practice/build/champ_msgs -- -j12 -l12
[0.512s] DEBUG:colcon.colcon_core.event_handler.log_command:Invoking command in '/home/rakesh/practice/build/unitree_go2_description': CMAKE_PREFIX_PATH=${CMAKE_PREFIX_PATH}:/opt/ros/jazzy: DEBUGINFOD_URLS=https://debuginfod.ubuntu.com /usr/bin/cmake --build /home/rakesh/practice/build/unitree_go2_description -- -j12 -l12
[0.518s] DEBUG:colcon.colcon_core.event_handler.log_command:Invoking command in '/home/rakesh/practice/build/unitree_go2_sim': CMAKE_PREFIX_PATH=${CMAKE_PREFIX_PATH}:/opt/ros/jazzy: DEBUGINFOD_URLS=https://debuginfod.ubuntu.com /usr/bin/cmake --build /home/rakesh/practice/build/unitree_go2_sim -- -j12 -l12
[0.620s] DEBUG:colcon.colcon_core.event_handler.log_command:Invoked command in '/home/rakesh/practice/build/unitree_go2_description' returned '0': CMAKE_PREFIX_PATH=${CMAKE_PREFIX_PATH}:/opt/ros/jazzy: DEBUGINFOD_URLS=https://debuginfod.ubuntu.com /usr/bin/cmake --build /home/rakesh/practice/build/unitree_go2_description -- -j12 -l12
[0.633s] DEBUG:colcon.colcon_core.event_handler.log_command:Invoking command in '/home/rakesh/practice/build/unitree_go2_description': CMAKE_PREFIX_PATH=${CMAKE_PREFIX_PATH}:/opt/ros/jazzy: DEBUGINFOD_URLS=https://debuginfod.ubuntu.com /usr/bin/cmake --install /home/rakesh/practice/build/unitree_go2_description
[0.633s] DEBUG:colcon.colcon_core.event_handler.log_command:Invoked command in '/home/rakesh/practice/build/unitree_go2_sim' returned '0': CMAKE_PREFIX_PATH=${CMAKE_PREFIX_PATH}:/opt/ros/jazzy: DEBUGINFOD_URLS=https://debuginfod.ubuntu.com /usr/bin/cmake --build /home/rakesh/practice/build/unitree_go2_sim -- -j12 -l12
[0.635s] DEBUG:colcon.colcon_core.event_handler.log_command:Invoking command in '/home/rakesh/practice/build/unitree_go2_sim': CMAKE_PREFIX_PATH=${CMAKE_PREFIX_PATH}:/opt/ros/jazzy: DEBUGINFOD_URLS=https://debuginfod.ubuntu.com /usr/bin/cmake --install /home/rakesh/practice/build/unitree_go2_sim
[0.636s] DEBUG:colcon.colcon_core.event_handler.log_command:Invoked command in '/home/rakesh/practice/build/champ' returned '0': CMAKE_PREFIX_PATH=${CMAKE_PREFIX_PATH}:/opt/ros/jazzy: DEBUGINFOD_URLS=https://debuginfod.ubuntu.com /usr/bin/cmake --build /home/rakesh/practice/build/champ -- -j12 -l12
[0.637s] DEBUG:colcon.colcon_core.event_handler.log_command:Invoking command in '/home/rakesh/practice/build/champ': CMAKE_PREFIX_PATH=${CMAKE_PREFIX_PATH}:/opt/ros/jazzy: DEBUGINFOD_URLS=https://debuginfod.ubuntu.com /usr/bin/cmake --install /home/rakesh/practice/build/champ
[0.652s] Level 1:colcon.colcon_core.environment:create_environment_scripts_only(unitree_go2_sim)
[0.666s] DEBUG:colcon.colcon_core.event_handler.log_command:Invoked command in '/home/rakesh/practice/build/unitree_go2_sim' returned '0': CMAKE_PREFIX_PATH=${CMAKE_PREFIX_PATH}:/opt/ros/jazzy: DEBUGINFOD_URLS=https://debuginfod.ubuntu.com /usr/bin/cmake --install /home/rakesh/practice/build/unitree_go2_sim
[0.668s] Level 1:colcon.colcon_core.environment:checking '/home/rakesh/practice/install/unitree_go2_sim' for CMake module files
[0.669s] Level 1:colcon.colcon_core.environment:checking '/home/rakesh/practice/install/unitree_go2_sim' for CMake config files
[0.669s] Level 1:colcon.colcon_core.shell:create_environment_hook('unitree_go2_sim', 'cmake_prefix_path')
[0.669s] INFO:colcon.colcon_core.shell:Creating environment hook '/home/rakesh/practice/install/unitree_go2_sim/share/unitree_go2_sim/hook/cmake_prefix_path.ps1'
[0.670s] INFO:colcon.colcon_core.shell:Creating environment descriptor '/home/rakesh/practice/install/unitree_go2_sim/share/unitree_go2_sim/hook/cmake_prefix_path.dsv'
[0.671s] INFO:colcon.colcon_core.shell:Creating environment hook '/home/rakesh/practice/install/unitree_go2_sim/share/unitree_go2_sim/hook/cmake_prefix_path.sh'
[0.672s] Level 1:colcon.colcon_core.environment:checking '/home/rakesh/practice/install/unitree_go2_sim/bin'
[0.672s] Level 1:colcon.colcon_core.environment:checking '/home/rakesh/practice/install/unitree_go2_sim/lib/pkgconfig/unitree_go2_sim.pc'
[0.673s] Level 1:colcon.colcon_core.environment:checking '/home/rakesh/practice/install/unitree_go2_sim/lib/python3.12/site-packages'
[0.673s] Level 1:colcon.colcon_core.environment:checking '/home/rakesh/practice/install/unitree_go2_sim/bin'
[0.673s] INFO:colcon.colcon_core.shell:Creating package script '/home/rakesh/practice/install/unitree_go2_sim/share/unitree_go2_sim/package.ps1'
[0.674s] INFO:colcon.colcon_core.shell:Creating package descriptor '/home/rakesh/practice/install/unitree_go2_sim/share/unitree_go2_sim/package.dsv'
[0.675s] INFO:colcon.colcon_core.shell:Creating package script '/home/rakesh/practice/install/unitree_go2_sim/share/unitree_go2_sim/package.sh'
[0.676s] INFO:colcon.colcon_core.shell:Creating package script '/home/rakesh/practice/install/unitree_go2_sim/share/unitree_go2_sim/package.bash'
[0.677s] INFO:colcon.colcon_core.shell:Creating package script '/home/rakesh/practice/install/unitree_go2_sim/share/unitree_go2_sim/package.zsh'
[0.678s] Level 1:colcon.colcon_core.environment:create_file_with_runtime_dependencies(/home/rakesh/practice/install/unitree_go2_sim/share/colcon-core/packages/unitree_go2_sim)
[0.679s] Level 1:colcon.colcon_core.environment:create_environment_scripts_only(unitree_go2_sim)
[0.679s] Level 1:colcon.colcon_core.environment:checking '/home/rakesh/practice/install/unitree_go2_sim' for CMake module files
[0.680s] Level 1:colcon.colcon_core.environment:checking '/home/rakesh/practice/install/unitree_go2_sim' for CMake config files
[0.680s] Level 1:colcon.colcon_core.shell:create_environment_hook('unitree_go2_sim', 'cmake_prefix_path')
[0.680s] INFO:colcon.colcon_core.shell:Creating environment hook '/home/rakesh/practice/install/unitree_go2_sim/share/unitree_go2_sim/hook/cmake_prefix_path.ps1'
[0.681s] INFO:colcon.colcon_core.shell:Creating environment descriptor '/home/rakesh/practice/install/unitree_go2_sim/share/unitree_go2_sim/hook/cmake_prefix_path.dsv'
[0.681s] INFO:colcon.colcon_core.shell:Creating environment hook '/home/rakesh/practice/install/unitree_go2_sim/share/unitree_go2_sim/hook/cmake_prefix_path.sh'
[0.682s] Level 1:colcon.colcon_core.environment:checking '/home/rakesh/practice/install/unitree_go2_sim/bin'
[0.682s] Level 1:colcon.colcon_core.environment:checking '/home/rakesh/practice/install/unitree_go2_sim/lib/pkgconfig/unitree_go2_sim.pc'
[0.682s] Level 1:colcon.colcon_core.environment:checking '/home/rakesh/practice/install/unitree_go2_sim/lib/python3.12/site-packages'
[0.682s] Level 1:colcon.colcon_core.environment:checking '/home/rakesh/practice/install/unitree_go2_sim/bin'
[0.682s] INFO:colcon.colcon_core.shell:Creating package script '/home/rakesh/practice/install/unitree_go2_sim/share/unitree_go2_sim/package.ps1'
[0.683s] INFO:colcon.colcon_core.shell:Creating package descriptor '/home/rakesh/practice/install/unitree_go2_sim/share/unitree_go2_sim/package.dsv'
[0.683s] INFO:colcon.colcon_core.shell:Creating package script '/home/rakesh/practice/install/unitree_go2_sim/share/unitree_go2_sim/package.sh'
[0.684s] INFO:colcon.colcon_core.shell:Creating package script '/home/rakesh/practice/install/unitree_go2_sim/share/unitree_go2_sim/package.bash'
[0.684s] INFO:colcon.colcon_core.shell:Creating package script '/home/rakesh/practice/install/unitree_go2_sim/share/unitree_go2_sim/package.zsh'
[0.684s] Level 1:colcon.colcon_core.environment:create_file_with_runtime_dependencies(/home/rakesh/practice/install/unitree_go2_sim/share/colcon-core/packages/unitree_go2_sim)
[0.686s] Level 1:colcon.colcon_core.environment:create_environment_scripts_only(champ)
[0.686s] Level 1:colcon.colcon_core.environment:checking '/home/rakesh/practice/install/champ' for CMake module files
[0.687s] DEBUG:colcon.colcon_core.event_handler.log_command:Invoked command in '/home/rakesh/practice/build/champ' returned '0': CMAKE_PREFIX_PATH=${CMAKE_PREFIX_PATH}:/opt/ros/jazzy: DEBUGINFOD_URLS=https://debuginfod.ubuntu.com /usr/bin/cmake --install /home/rakesh/practice/build/champ
[0.688s] Level 1:colcon.colcon_core.environment:checking '/home/rakesh/practice/install/champ' for CMake config files
[0.688s] Level 1:colcon.colcon_core.shell:create_environment_hook('champ', 'cmake_prefix_path')
[0.688s] INFO:colcon.colcon_core.shell:Creating environment hook '/home/rakesh/practice/install/champ/share/champ/hook/cmake_prefix_path.ps1'
[0.689s] INFO:colcon.colcon_core.shell:Creating environment descriptor '/home/rakesh/practice/install/champ/share/champ/hook/cmake_prefix_path.dsv'
[0.689s] INFO:colcon.colcon_core.shell:Creating environment hook '/home/rakesh/practice/install/champ/share/champ/hook/cmake_prefix_path.sh'
[0.690s] Level 1:colcon.colcon_core.environment:checking '/home/rakesh/practice/install/champ/bin'
[0.690s] Level 1:colcon.colcon_core.environment:checking '/home/rakesh/practice/install/champ/lib/pkgconfig/champ.pc'
[0.690s] Level 1:colcon.colcon_core.environment:checking '/home/rakesh/practice/install/champ/lib/python3.12/site-packages'
[0.691s] Level 1:colcon.colcon_core.environment:checking '/home/rakesh/practice/install/champ/bin'
[0.691s] INFO:colcon.colcon_core.shell:Creating package script '/home/rakesh/practice/install/champ/share/champ/package.ps1'
[0.691s] INFO:colcon.colcon_core.shell:Creating package descriptor '/home/rakesh/practice/install/champ/share/champ/package.dsv'
[0.692s] INFO:colcon.colcon_core.shell:Creating package script '/home/rakesh/practice/install/champ/share/champ/package.sh'
[0.692s] INFO:colcon.colcon_core.shell:Creating package script '/home/rakesh/practice/install/champ/share/champ/package.bash'
[0.692s] INFO:colcon.colcon_core.shell:Creating package script '/home/rakesh/practice/install/champ/share/champ/package.zsh'
[0.693s] Level 1:colcon.colcon_core.environment:create_file_with_runtime_dependencies(/home/rakesh/practice/install/champ/share/colcon-core/packages/champ)
[0.693s] Level 1:colcon.colcon_core.environment:create_environment_scripts_only(champ)
[0.693s] Level 1:colcon.colcon_core.environment:checking '/home/rakesh/practice/install/champ' for CMake module files
[0.694s] Level 1:colcon.colcon_core.environment:checking '/home/rakesh/practice/install/champ' for CMake config files
[0.694s] Level 1:colcon.colcon_core.shell:create_environment_hook('champ', 'cmake_prefix_path')
[0.695s] INFO:colcon.colcon_core.shell:Creating environment hook '/home/rakesh/practice/install/champ/share/champ/hook/cmake_prefix_path.ps1'
[0.695s] INFO:colcon.colcon_core.shell:Creating environment descriptor '/home/rakesh/practice/install/champ/share/champ/hook/cmake_prefix_path.dsv'
[0.696s] INFO:colcon.colcon_core.shell:Creating environment hook '/home/rakesh/practice/install/champ/share/champ/hook/cmake_prefix_path.sh'
[0.696s] Level 1:colcon.colcon_core.environment:checking '/home/rakesh/practice/install/champ/bin'
[0.696s] Level 1:colcon.colcon_core.environment:checking '/home/rakesh/practice/install/champ/lib/pkgconfig/champ.pc'
[0.697s] Level 1:colcon.colcon_core.environment:checking '/home/rakesh/practice/install/champ/lib/python3.12/site-packages'
[0.697s] Level 1:colcon.colcon_core.environment:checking '/home/rakesh/practice/install/champ/bin'
[0.697s] INFO:colcon.colcon_core.shell:Creating package script '/home/rakesh/practice/install/champ/share/champ/package.ps1'
[0.698s] INFO:colcon.colcon_core.shell:Creating package descriptor '/home/rakesh/practice/install/champ/share/champ/package.dsv'
[0.698s] INFO:colcon.colcon_core.shell:Creating package script '/home/rakesh/practice/install/champ/share/champ/package.sh'
[0.699s] INFO:colcon.colcon_core.shell:Creating package script '/home/rakesh/practice/install/champ/share/champ/package.bash'
[0.699s] INFO:colcon.colcon_core.shell:Creating package script '/home/rakesh/practice/install/champ/share/champ/package.zsh'
[0.700s] Level 1:colcon.colcon_core.environment:create_file_with_runtime_dependencies(/home/rakesh/practice/install/champ/share/colcon-core/packages/champ)
[0.700s] Level 1:colcon.colcon_core.environment:create_environment_scripts_only(unitree_go2_description)
[0.700s] Level 1:colcon.colcon_core.environment:checking '/home/rakesh/practice/install/unitree_go2_description' for CMake module files
[0.702s] Level 1:colcon.colcon_core.environment:checking '/home/rakesh/practice/install/unitree_go2_description' for CMake config files
[0.702s] DEBUG:colcon.colcon_core.event_handler.log_command:Invoked command in '/home/rakesh/practice/build/unitree_go2_description' returned '0': CMAKE_PREFIX_PATH=${CMAKE_PREFIX_PATH}:/opt/ros/jazzy: DEBUGINFOD_URLS=https://debuginfod.ubuntu.com /usr/bin/cmake --install /home/rakesh/practice/build/unitree_go2_description
[0.703s] Level 1:colcon.colcon_core.shell:create_environment_hook('unitree_go2_description', 'cmake_prefix_path')
[0.703s] INFO:colcon.colcon_core.shell:Creating environment hook '/home/rakesh/practice/install/unitree_go2_description/share/unitree_go2_description/hook/cmake_prefix_path.ps1'
[0.704s] INFO:colcon.colcon_core.shell:Creating environment descriptor '/home/rakesh/practice/install/unitree_go2_description/share/unitree_go2_description/hook/cmake_prefix_path.dsv'
[0.704s] INFO:colcon.colcon_core.shell:Creating environment hook '/home/rakesh/practice/install/unitree_go2_description/share/unitree_go2_description/hook/cmake_prefix_path.sh'
[0.705s] Level 1:colcon.colcon_core.environment:checking '/home/rakesh/practice/install/unitree_go2_description/bin'
[0.705s] Level 1:colcon.colcon_core.environment:checking '/home/rakesh/practice/install/unitree_go2_description/lib/pkgconfig/unitree_go2_description.pc'
[0.705s] Level 1:colcon.colcon_core.environment:checking '/home/rakesh/practice/install/unitree_go2_description/lib/python3.12/site-packages'
[0.706s] Level 1:colcon.colcon_core.environment:checking '/home/rakesh/practice/install/unitree_go2_description/bin'
[0.706s] INFO:colcon.colcon_core.shell:Creating package script '/home/rakesh/practice/install/unitree_go2_description/share/unitree_go2_description/package.ps1'
[0.707s] INFO:colcon.colcon_core.shell:Creating package descriptor '/home/rakesh/practice/install/unitree_go2_description/share/unitree_go2_description/package.dsv'
[0.707s] INFO:colcon.colcon_core.shell:Creating package script '/home/rakesh/practice/install/unitree_go2_description/share/unitree_go2_description/package.sh'
[0.708s] INFO:colcon.colcon_core.shell:Creating package script '/home/rakesh/practice/install/unitree_go2_description/share/unitree_go2_description/package.bash'
[0.709s] INFO:colcon.colcon_core.shell:Creating package script '/home/rakesh/practice/install/unitree_go2_description/share/unitree_go2_description/package.zsh'
[0.709s] Level 1:colcon.colcon_core.environment:create_file_with_runtime_dependencies(/home/rakesh/practice/install/unitree_go2_description/share/colcon-core/packages/unitree_go2_description)
[0.710s] Level 1:colcon.colcon_core.environment:create_environment_scripts_only(unitree_go2_description)
[0.710s] Level 1:colcon.colcon_core.environment:checking '/home/rakesh/practice/install/unitree_go2_description' for CMake module files
[0.711s] Level 1:colcon.colcon_core.environment:checking '/home/rakesh/practice/install/unitree_go2_description' for CMake config files
[0.711s] Level 1:colcon.colcon_core.shell:create_environment_hook('unitree_go2_description', 'cmake_prefix_path')
[0.711s] INFO:colcon.colcon_core.shell:Creating environment hook '/home/rakesh/practice/install/unitree_go2_description/share/unitree_go2_description/hook/cmake_prefix_path.ps1'
[0.712s] INFO:colcon.colcon_core.shell:Creating environment descriptor '/home/rakesh/practice/install/unitree_go2_description/share/unitree_go2_description/hook/cmake_prefix_path.dsv'
[0.713s] INFO:colcon.colcon_core.shell:Creating environment hook '/home/rakesh/practice/install/unitree_go2_description/share/unitree_go2_description/hook/cmake_prefix_path.sh'
[0.713s] Level 1:colcon.colcon_core.environment:checking '/home/rakesh/practice/install/unitree_go2_description/bin'
[0.714s] Level 1:colcon.colcon_core.environment:checking '/home/rakesh/practice/install/unitree_go2_description/lib/pkgconfig/unitree_go2_description.pc'
[0.714s] Level 1:colcon.colcon_core.environment:checking '/home/rakesh/practice/install/unitree_go2_description/lib/python3.12/site-packages'
[0.714s] Level 1:colcon.colcon_core.environment:checking '/home/rakesh/practice/install/unitree_go2_description/bin'
[0.715s] INFO:colcon.colcon_core.shell:Creating package script '/home/rakesh/practice/install/unitree_go2_description/share/unitree_go2_description/package.ps1'
[0.715s] INFO:colcon.colcon_core.shell:Creating package descriptor '/home/rakesh/practice/install/unitree_go2_description/share/unitree_go2_description/package.dsv'
[0.716s] INFO:colcon.colcon_core.shell:Creating package script '/home/rakesh/practice/install/unitree_go2_description/share/unitree_go2_description/package.sh'
[0.717s] INFO:colcon.colcon_core.shell:Creating package script '/home/rakesh/practice/install/unitree_go2_description/share/unitree_go2_description/package.bash'
[0.717s] INFO:colcon.colcon_core.shell:Creating package script '/home/rakesh/practice/install/unitree_go2_description/share/unitree_go2_description/package.zsh'
[0.718s] Level 1:colcon.colcon_core.environment:create_file_with_runtime_dependencies(/home/rakesh/practice/install/unitree_go2_description/share/colcon-core/packages/unitree_go2_description)
[1.158s] DEBUG:colcon.colcon_core.event_handler.log_command:Invoked command in '/home/rakesh/practice/build/champ_msgs' returned '0': CMAKE_PREFIX_PATH=${CMAKE_PREFIX_PATH}:/opt/ros/jazzy: DEBUGINFOD_URLS=https://debuginfod.ubuntu.com /usr/bin/cmake --build /home/rakesh/practice/build/champ_msgs -- -j12 -l12
[1.160s] DEBUG:colcon.colcon_core.event_handler.log_command:Invoking command in '/home/rakesh/practice/build/champ_msgs': CMAKE_PREFIX_PATH=${CMAKE_PREFIX_PATH}:/opt/ros/jazzy: DEBUGINFOD_URLS=https://debuginfod.ubuntu.com /usr/bin/cmake --install /home/rakesh/practice/build/champ_msgs
[1.237s] Level 1:colcon.colcon_core.environment:create_environment_scripts_only(champ_msgs)
[1.238s] Level 1:colcon.colcon_core.environment:checking '/home/rakesh/practice/install/champ_msgs' for CMake module files
[1.238s] DEBUG:colcon.colcon_core.event_handler.log_command:Invoked command in '/home/rakesh/practice/build/champ_msgs' returned '0': CMAKE_PREFIX_PATH=${CMAKE_PREFIX_PATH}:/opt/ros/jazzy: DEBUGINFOD_URLS=https://debuginfod.ubuntu.com /usr/bin/cmake --install /home/rakesh/practice/build/champ_msgs
[1.239s] Level 1:colcon.colcon_core.environment:checking '/home/rakesh/practice/install/champ_msgs' for CMake config files
[1.240s] Level 1:colcon.colcon_core.shell:create_environment_hook('champ_msgs', 'cmake_prefix_path')
[1.240s] INFO:colcon.colcon_core.shell:Creating environment hook '/home/rakesh/practice/install/champ_msgs/share/champ_msgs/hook/cmake_prefix_path.ps1'
[1.240s] INFO:colcon.colcon_core.shell:Creating environment descriptor '/home/rakesh/practice/install/champ_msgs/share/champ_msgs/hook/cmake_prefix_path.dsv'
[1.241s] INFO:colcon.colcon_core.shell:Creating environment hook '/home/rakesh/practice/install/champ_msgs/share/champ_msgs/hook/cmake_prefix_path.sh'
[1.241s] Level 1:colcon.colcon_core.environment:checking '/home/rakesh/practice/install/champ_msgs/lib'
[1.242s] Level 1:colcon.colcon_core.shell:create_environment_hook('champ_msgs', 'ld_library_path_lib')
[1.242s] INFO:colcon.colcon_core.shell:Creating environment hook '/home/rakesh/practice/install/champ_msgs/share/champ_msgs/hook/ld_library_path_lib.ps1'
[1.242s] INFO:colcon.colcon_core.shell:Creating environment descriptor '/home/rakesh/practice/install/champ_msgs/share/champ_msgs/hook/ld_library_path_lib.dsv'
[1.243s] INFO:colcon.colcon_core.shell:Creating environment hook '/home/rakesh/practice/install/champ_msgs/share/champ_msgs/hook/ld_library_path_lib.sh'
[1.243s] Level 1:colcon.colcon_core.environment:checking '/home/rakesh/practice/install/champ_msgs/bin'
[1.243s] Level 1:colcon.colcon_core.environment:checking '/home/rakesh/practice/install/champ_msgs/lib/pkgconfig/champ_msgs.pc'
[1.244s] Level 1:colcon.colcon_core.environment:checking '/home/rakesh/practice/install/champ_msgs/lib/python3.12/site-packages'
[1.244s] Level 1:colcon.colcon_core.shell:create_environment_hook('champ_msgs', 'pythonpath')
[1.244s] INFO:colcon.colcon_core.shell:Creating environment hook '/home/rakesh/practice/install/champ_msgs/share/champ_msgs/hook/pythonpath.ps1'
[1.244s] INFO:colcon.colcon_core.shell:Creating environment descriptor '/home/rakesh/practice/install/champ_msgs/share/champ_msgs/hook/pythonpath.dsv'
[1.245s] INFO:colcon.colcon_core.shell:Creating environment hook '/home/rakesh/practice/install/champ_msgs/share/champ_msgs/hook/pythonpath.sh'
[1.245s] Level 1:colcon.colcon_core.environment:checking '/home/rakesh/practice/install/champ_msgs/bin'
[1.246s] INFO:colcon.colcon_core.shell:Creating package script '/home/rakesh/practice/install/champ_msgs/share/champ_msgs/package.ps1'
[1.246s] INFO:colcon.colcon_core.shell:Creating package descriptor '/home/rakesh/practice/install/champ_msgs/share/champ_msgs/package.dsv'
[1.247s] INFO:colcon.colcon_core.shell:Creating package script '/home/rakesh/practice/install/champ_msgs/share/champ_msgs/package.sh'
[1.247s] INFO:colcon.colcon_core.shell:Creating package script '/home/rakesh/practice/install/champ_msgs/share/champ_msgs/package.bash'
[1.248s] INFO:colcon.colcon_core.shell:Creating package script '/home/rakesh/practice/install/champ_msgs/share/champ_msgs/package.zsh'
[1.248s] Level 1:colcon.colcon_core.environment:create_file_with_runtime_dependencies(/home/rakesh/practice/install/champ_msgs/share/colcon-core/packages/champ_msgs)
[1.249s] Level 1:colcon.colcon_core.environment:create_environment_scripts_only(champ_msgs)
[1.249s] Level 1:colcon.colcon_core.environment:checking '/home/rakesh/practice/install/champ_msgs' for CMake module files
[1.250s] Level 1:colcon.colcon_core.environment:checking '/home/rakesh/practice/install/champ_msgs' for CMake config files
[1.251s] Level 1:colcon.colcon_core.shell:create_environment_hook('champ_msgs', 'cmake_prefix_path')
[1.251s] INFO:colcon.colcon_core.shell:Creating environment hook '/home/rakesh/practice/install/champ_msgs/share/champ_msgs/hook/cmake_prefix_path.ps1'
[1.251s] INFO:colcon.colcon_core.shell:Creating environment descriptor '/home/rakesh/practice/install/champ_msgs/share/champ_msgs/hook/cmake_prefix_path.dsv'
[1.252s] INFO:colcon.colcon_core.shell:Creating environment hook '/home/rakesh/practice/install/champ_msgs/share/champ_msgs/hook/cmake_prefix_path.sh'
[1.252s] Level 1:colcon.colcon_core.environment:checking '/home/rakesh/practice/install/champ_msgs/lib'
[1.252s] Level 1:colcon.colcon_core.shell:create_environment_hook('champ_msgs', 'ld_library_path_lib')
[1.253s] INFO:colcon.colcon_core.shell:Creating environment hook '/home/rakesh/practice/install/champ_msgs/share/champ_msgs/hook/ld_library_path_lib.ps1'
[1.253s] INFO:colcon.colcon_core.shell:Creating environment descriptor '/home/rakesh/practice/install/champ_msgs/share/champ_msgs/hook/ld_library_path_lib.dsv'
[1.253s] INFO:colcon.colcon_core.shell:Creating environment hook '/home/rakesh/practice/install/champ_msgs/share/champ_msgs/hook/ld_library_path_lib.sh'
[1.254s] Level 1:colcon.colcon_core.environment:checking '/home/rakesh/practice/install/champ_msgs/bin'
[1.254s] Level 1:colcon.colcon_core.environment:checking '/home/rakesh/practice/install/champ_msgs/lib/pkgconfig/champ_msgs.pc'
[1.254s] Level 1:colcon.colcon_core.environment:checking '/home/rakesh/practice/install/champ_msgs/lib/python3.12/site-packages'
[1.254s] Level 1:colcon.colcon_core.shell:create_environment_hook('champ_msgs', 'pythonpath')
[1.254s] INFO:colcon.colcon_core.shell:Creating environment hook '/home/rakesh/practice/install/champ_msgs/share/champ_msgs/hook/pythonpath.ps1'
[1.255s] INFO:colcon.colcon_core.shell:Creating environment descriptor '/home/rakesh/practice/install/champ_msgs/share/champ_msgs/hook/pythonpath.dsv'
[1.255s] INFO:colcon.colcon_core.shell:Creating environment hook '/home/rakesh/practice/install/champ_msgs/share/champ_msgs/hook/pythonpath.sh'
[1.256s] Level 1:colcon.colcon_core.environment:checking '/home/rakesh/practice/install/champ_msgs/bin'
[1.256s] INFO:colcon.colcon_core.shell:Creating package script '/home/rakesh/practice/install/champ_msgs/share/champ_msgs/package.ps1'
[1.257s] INFO:colcon.colcon_core.shell:Creating package descriptor '/home/rakesh/practice/install/champ_msgs/share/champ_msgs/package.dsv'
[1.258s] INFO:colcon.colcon_core.shell:Creating package script '/home/rakesh/practice/install/champ_msgs/share/champ_msgs/package.sh'
[1.258s] INFO:colcon.colcon_core.shell:Creating package script '/home/rakesh/practice/install/champ_msgs/share/champ_msgs/package.bash'
[1.259s] INFO:colcon.colcon_core.shell:Creating package script '/home/rakesh/practice/install/champ_msgs/share/champ_msgs/package.zsh'
[1.259s] Level 1:colcon.colcon_core.environment:create_file_with_runtime_dependencies(/home/rakesh/practice/install/champ_msgs/share/colcon-core/packages/champ_msgs)
[1.259s] INFO:colcon.colcon_ros.task.ament_cmake.build:Building ROS package in '/home/rakesh/practice/src/unitree_go2_ros2/champ_base' with build type 'ament_cmake'
[1.260s] INFO:colcon.colcon_cmake.task.cmake.build:Building CMake package in '/home/rakesh/practice/src/unitree_go2_ros2/champ_base'
[1.260s] INFO:colcon.colcon_core.shell:Skip shell extension 'powershell' for command environment: Not usable outside of PowerShell
[1.260s] DEBUG:colcon.colcon_core.shell:Skip shell extension 'dsv' for command environment
[1.279s] DEBUG:colcon.colcon_core.event_handler.log_command:Invoking command in '/home/rakesh/practice/build/champ_base': CMAKE_PREFIX_PATH=/home/rakesh/practice/install/champ_msgs:/home/rakesh/practice/install/champ:/home/rakesh/practice/install/unitree_go2_sim:/home/rakesh/practice/install/unitree_go2_description:/home/rakesh/practice/install/champ_base:/opt/ros/jazzy/opt/gz_sim_vendor:/opt/ros/jazzy/opt/gz_sensors_vendor:/opt/ros/jazzy/opt/gz_physics_vendor:/opt/ros/jazzy/opt/sdformat_vendor:/opt/ros/jazzy/opt/gz_gui_vendor:/opt/ros/jazzy/opt/gz_transport_vendor:/opt/ros/jazzy/opt/gz_rendering_vendor:/opt/ros/jazzy/opt/gz_plugin_vendor:/opt/ros/jazzy/opt/gz_fuel_tools_vendor:/opt/ros/jazzy/opt/gz_msgs_vendor:/opt/ros/jazzy/opt/gz_common_vendor:/opt/ros/jazzy/opt/gz_math_vendor:/opt/ros/jazzy/opt/gz_utils_vendor:/opt/ros/jazzy/opt/gz_tools_vendor:/opt/ros/jazzy/opt/gz_ogre_next_vendor:/opt/ros/jazzy/opt/gz_dartsim_vendor:/opt/ros/jazzy/opt/gz_cmake_vendor:/opt/ros/jazzy: DEBUGINFOD_URLS=https://debuginfod.ubuntu.com LD_LIBRARY_PATH=/home/rakesh/practice/install/champ_msgs/lib:/home/rakesh/practice/install/champ_base/lib:/opt/ros/jazzy/opt/gz_sim_vendor/lib:/opt/ros/jazzy/opt/gz_sensors_vendor/lib:/opt/ros/jazzy/opt/gz_physics_vendor/lib:/opt/ros/jazzy/opt/sdformat_vendor/lib:/opt/ros/jazzy/opt/rviz_ogre_vendor/lib:/opt/ros/jazzy/lib/x86_64-linux-gnu:/opt/ros/jazzy/opt/gz_gui_vendor/lib:/opt/ros/jazzy/opt/gz_transport_vendor/lib:/opt/ros/jazzy/opt/gz_rendering_vendor/lib:/opt/ros/jazzy/opt/gz_plugin_vendor/lib:/opt/ros/jazzy/opt/gz_fuel_tools_vendor/lib:/opt/ros/jazzy/opt/gz_msgs_vendor/lib:/opt/ros/jazzy/opt/gz_common_vendor/lib:/opt/ros/jazzy/opt/gz_math_vendor/lib:/opt/ros/jazzy/opt/gz_utils_vendor/lib:/opt/ros/jazzy/opt/gz_tools_vendor/lib:/opt/ros/jazzy/opt/gz_ogre_next_vendor/lib:/opt/ros/jazzy/opt/gz_dartsim_vendor/lib:/opt/ros/jazzy/opt/gz_cmake_vendor/lib:/opt/ros/jazzy/lib:/opt/ros/jazzy/lib:/opt/unitree_robotics/lib /usr/bin/cmake --build /home/rakesh/practice/build/champ_base -- -j12 -l12
[1.443s] DEBUG:colcon.colcon_core.event_handler.log_command:Invoked command in '/home/rakesh/practice/build/champ_base' returned '0': CMAKE_PREFIX_PATH=/home/rakesh/practice/install/champ_msgs:/home/rakesh/practice/install/champ:/home/rakesh/practice/install/unitree_go2_sim:/home/rakesh/practice/install/unitree_go2_description:/home/rakesh/practice/install/champ_base:/opt/ros/jazzy/opt/gz_sim_vendor:/opt/ros/jazzy/opt/gz_sensors_vendor:/opt/ros/jazzy/opt/gz_physics_vendor:/opt/ros/jazzy/opt/sdformat_vendor:/opt/ros/jazzy/opt/gz_gui_vendor:/opt/ros/jazzy/opt/gz_transport_vendor:/opt/ros/jazzy/opt/gz_rendering_vendor:/opt/ros/jazzy/opt/gz_plugin_vendor:/opt/ros/jazzy/opt/gz_fuel_tools_vendor:/opt/ros/jazzy/opt/gz_msgs_vendor:/opt/ros/jazzy/opt/gz_common_vendor:/opt/ros/jazzy/opt/gz_math_vendor:/opt/ros/jazzy/opt/gz_utils_vendor:/opt/ros/jazzy/opt/gz_tools_vendor:/opt/ros/jazzy/opt/gz_ogre_next_vendor:/opt/ros/jazzy/opt/gz_dartsim_vendor:/opt/ros/jazzy/opt/gz_cmake_vendor:/opt/ros/jazzy: DEBUGINFOD_URLS=https://debuginfod.ubuntu.com LD_LIBRARY_PATH=/home/rakesh/practice/install/champ_msgs/lib:/home/rakesh/practice/install/champ_base/lib:/opt/ros/jazzy/opt/gz_sim_vendor/lib:/opt/ros/jazzy/opt/gz_sensors_vendor/lib:/opt/ros/jazzy/opt/gz_physics_vendor/lib:/opt/ros/jazzy/opt/sdformat_vendor/lib:/opt/ros/jazzy/opt/rviz_ogre_vendor/lib:/opt/ros/jazzy/lib/x86_64-linux-gnu:/opt/ros/jazzy/opt/gz_gui_vendor/lib:/opt/ros/jazzy/opt/gz_transport_vendor/lib:/opt/ros/jazzy/opt/gz_rendering_vendor/lib:/opt/ros/jazzy/opt/gz_plugin_vendor/lib:/opt/ros/jazzy/opt/gz_fuel_tools_vendor/lib:/opt/ros/jazzy/opt/gz_msgs_vendor/lib:/opt/ros/jazzy/opt/gz_common_vendor/lib:/opt/ros/jazzy/opt/gz_math_vendor/lib:/opt/ros/jazzy/opt/gz_utils_vendor/lib:/opt/ros/jazzy/opt/gz_tools_vendor/lib:/opt/ros/jazzy/opt/gz_ogre_next_vendor/lib:/opt/ros/jazzy/opt/gz_dartsim_vendor/lib:/opt/ros/jazzy/opt/gz_cmake_vendor/lib:/opt/ros/jazzy/lib:/opt/ros/jazzy/lib:/opt/unitree_robotics/lib /usr/bin/cmake --build /home/rakesh/practice/build/champ_base -- -j12 -l12
[1.444s] DEBUG:colcon.colcon_core.event_handler.log_command:Invoking command in '/home/rakesh/practice/build/champ_base': CMAKE_PREFIX_PATH=/home/rakesh/practice/install/champ_msgs:/home/rakesh/practice/install/champ:/home/rakesh/practice/install/unitree_go2_sim:/home/rakesh/practice/install/unitree_go2_description:/home/rakesh/practice/install/champ_base:/opt/ros/jazzy/opt/gz_sim_vendor:/opt/ros/jazzy/opt/gz_sensors_vendor:/opt/ros/jazzy/opt/gz_physics_vendor:/opt/ros/jazzy/opt/sdformat_vendor:/opt/ros/jazzy/opt/gz_gui_vendor:/opt/ros/jazzy/opt/gz_transport_vendor:/opt/ros/jazzy/opt/gz_rendering_vendor:/opt/ros/jazzy/opt/gz_plugin_vendor:/opt/ros/jazzy/opt/gz_fuel_tools_vendor:/opt/ros/jazzy/opt/gz_msgs_vendor:/opt/ros/jazzy/opt/gz_common_vendor:/opt/ros/jazzy/opt/gz_math_vendor:/opt/ros/jazzy/opt/gz_utils_vendor:/opt/ros/jazzy/opt/gz_tools_vendor:/opt/ros/jazzy/opt/gz_ogre_next_vendor:/opt/ros/jazzy/opt/gz_dartsim_vendor:/opt/ros/jazzy/opt/gz_cmake_vendor:/opt/ros/jazzy: DEBUGINFOD_URLS=https://debuginfod.ubuntu.com LD_LIBRARY_PATH=/home/rakesh/practice/install/champ_msgs/lib:/home/rakesh/practice/install/champ_base/lib:/opt/ros/jazzy/opt/gz_sim_vendor/lib:/opt/ros/jazzy/opt/gz_sensors_vendor/lib:/opt/ros/jazzy/opt/gz_physics_vendor/lib:/opt/ros/jazzy/opt/sdformat_vendor/lib:/opt/ros/jazzy/opt/rviz_ogre_vendor/lib:/opt/ros/jazzy/lib/x86_64-linux-gnu:/opt/ros/jazzy/opt/gz_gui_vendor/lib:/opt/ros/jazzy/opt/gz_transport_vendor/lib:/opt/ros/jazzy/opt/gz_rendering_vendor/lib:/opt/ros/jazzy/opt/gz_plugin_vendor/lib:/opt/ros/jazzy/opt/gz_fuel_tools_vendor/lib:/opt/ros/jazzy/opt/gz_msgs_vendor/lib:/opt/ros/jazzy/opt/gz_common_vendor/lib:/opt/ros/jazzy/opt/gz_math_vendor/lib:/opt/ros/jazzy/opt/gz_utils_vendor/lib:/opt/ros/jazzy/opt/gz_tools_vendor/lib:/opt/ros/jazzy/opt/gz_ogre_next_vendor/lib:/opt/ros/jazzy/opt/gz_dartsim_vendor/lib:/opt/ros/jazzy/opt/gz_cmake_vendor/lib:/opt/ros/jazzy/lib:/opt/ros/jazzy/lib:/opt/unitree_robotics/lib /usr/bin/cmake --install /home/rakesh/practice/build/champ_base
[1.462s] Level 1:colcon.colcon_core.environment:create_environment_scripts_only(champ_base)
[1.462s] DEBUG:colcon.colcon_core.event_handler.log_command:Invoked command in '/home/rakesh/practice/build/champ_base' returned '0': CMAKE_PREFIX_PATH=/home/rakesh/practice/install/champ_msgs:/home/rakesh/practice/install/champ:/home/rakesh/practice/install/unitree_go2_sim:/home/rakesh/practice/install/unitree_go2_description:/home/rakesh/practice/install/champ_base:/opt/ros/jazzy/opt/gz_sim_vendor:/opt/ros/jazzy/opt/gz_sensors_vendor:/opt/ros/jazzy/opt/gz_physics_vendor:/opt/ros/jazzy/opt/sdformat_vendor:/opt/ros/jazzy/opt/gz_gui_vendor:/opt/ros/jazzy/opt/gz_transport_vendor:/opt/ros/jazzy/opt/gz_rendering_vendor:/opt/ros/jazzy/opt/gz_plugin_vendor:/opt/ros/jazzy/opt/gz_fuel_tools_vendor:/opt/ros/jazzy/opt/gz_msgs_vendor:/opt/ros/jazzy/opt/gz_common_vendor:/opt/ros/jazzy/opt/gz_math_vendor:/opt/ros/jazzy/opt/gz_utils_vendor:/opt/ros/jazzy/opt/gz_tools_vendor:/opt/ros/jazzy/opt/gz_ogre_next_vendor:/opt/ros/jazzy/opt/gz_dartsim_vendor:/opt/ros/jazzy/opt/gz_cmake_vendor:/opt/ros/jazzy: DEBUGINFOD_URLS=https://debuginfod.ubuntu.com LD_LIBRARY_PATH=/home/rakesh/practice/install/champ_msgs/lib:/home/rakesh/practice/install/champ_base/lib:/opt/ros/jazzy/opt/gz_sim_vendor/lib:/opt/ros/jazzy/opt/gz_sensors_vendor/lib:/opt/ros/jazzy/opt/gz_physics_vendor/lib:/opt/ros/jazzy/opt/sdformat_vendor/lib:/opt/ros/jazzy/opt/rviz_ogre_vendor/lib:/opt/ros/jazzy/lib/x86_64-linux-gnu:/opt/ros/jazzy/opt/gz_gui_vendor/lib:/opt/ros/jazzy/opt/gz_transport_vendor/lib:/opt/ros/jazzy/opt/gz_rendering_vendor/lib:/opt/ros/jazzy/opt/gz_plugin_vendor/lib:/opt/ros/jazzy/opt/gz_fuel_tools_vendor/lib:/opt/ros/jazzy/opt/gz_msgs_vendor/lib:/opt/ros/jazzy/opt/gz_common_vendor/lib:/opt/ros/jazzy/opt/gz_math_vendor/lib:/opt/ros/jazzy/opt/gz_utils_vendor/lib:/opt/ros/jazzy/opt/gz_tools_vendor/lib:/opt/ros/jazzy/opt/gz_ogre_next_vendor/lib:/opt/ros/jazzy/opt/gz_dartsim_vendor/lib:/opt/ros/jazzy/opt/gz_cmake_vendor/lib:/opt/ros/jazzy/lib:/opt/ros/jazzy/lib:/opt/unitree_robotics/lib /usr/bin/cmake --install /home/rakesh/practice/build/champ_base
[1.463s] Level 1:colcon.colcon_core.environment:checking '/home/rakesh/practice/install/champ_base' for CMake module files
[1.463s] Level 1:colcon.colcon_core.environment:checking '/home/rakesh/practice/install/champ_base' for CMake config files
[1.463s] Level 1:colcon.colcon_core.shell:create_environment_hook('champ_base', 'cmake_prefix_path')
[1.464s] INFO:colcon.colcon_core.shell:Creating environment hook '/home/rakesh/practice/install/champ_base/share/champ_base/hook/cmake_prefix_path.ps1'
[1.464s] INFO:colcon.colcon_core.shell:Creating environment descriptor '/home/rakesh/practice/install/champ_base/share/champ_base/hook/cmake_prefix_path.dsv'
[1.464s] INFO:colcon.colcon_core.shell:Creating environment hook '/home/rakesh/practice/install/champ_base/share/champ_base/hook/cmake_prefix_path.sh'
[1.465s] Level 1:colcon.colcon_core.environment:checking '/home/rakesh/practice/install/champ_base/lib'
[1.465s] Level 1:colcon.colcon_core.shell:create_environment_hook('champ_base', 'ld_library_path_lib')
[1.465s] INFO:colcon.colcon_core.shell:Creating environment hook '/home/rakesh/practice/install/champ_base/share/champ_base/hook/ld_library_path_lib.ps1'
[1.465s] INFO:colcon.colcon_core.shell:Creating environment descriptor '/home/rakesh/practice/install/champ_base/share/champ_base/hook/ld_library_path_lib.dsv'
[1.466s] INFO:colcon.colcon_core.shell:Creating environment hook '/home/rakesh/practice/install/champ_base/share/champ_base/hook/ld_library_path_lib.sh'
[1.466s] Level 1:colcon.colcon_core.environment:checking '/home/rakesh/practice/install/champ_base/bin'
[1.466s] Level 1:colcon.colcon_core.shell:create_environment_hook('champ_base', 'path')
[1.466s] INFO:colcon.colcon_core.shell:Creating environment hook '/home/rakesh/practice/install/champ_base/share/champ_base/hook/path.ps1'
[1.467s] INFO:colcon.colcon_core.shell:Creating environment descriptor '/home/rakesh/practice/install/champ_base/share/champ_base/hook/path.dsv'
[1.467s] INFO:colcon.colcon_core.shell:Creating environment hook '/home/rakesh/practice/install/champ_base/share/champ_base/hook/path.sh'
[1.467s] Level 1:colcon.colcon_core.environment:checking '/home/rakesh/practice/install/champ_base/lib/pkgconfig/champ_base.pc'
[1.467s] Level 1:colcon.colcon_core.environment:checking '/home/rakesh/practice/install/champ_base/lib/python3.12/site-packages'
[1.468s] Level 1:colcon.colcon_core.environment:checking '/home/rakesh/practice/install/champ_base/bin'
[1.468s] Level 1:colcon.colcon_core.shell:create_environment_hook('champ_base', 'pythonscriptspath')
[1.468s] INFO:colcon.colcon_core.shell:Creating environment hook '/home/rakesh/practice/install/champ_base/share/champ_base/hook/pythonscriptspath.ps1'
[1.468s] INFO:colcon.colcon_core.shell:Creating environment descriptor '/home/rakesh/practice/install/champ_base/share/champ_base/hook/pythonscriptspath.dsv'
[1.469s] INFO:colcon.colcon_core.shell:Creating environment hook '/home/rakesh/practice/install/champ_base/share/champ_base/hook/pythonscriptspath.sh'
[1.469s] INFO:colcon.colcon_core.shell:Creating package script '/home/rakesh/practice/install/champ_base/share/champ_base/package.ps1'
[1.470s] INFO:colcon.colcon_core.shell:Creating package descriptor '/home/rakesh/practice/install/champ_base/share/champ_base/package.dsv'
[1.470s] INFO:colcon.colcon_core.shell:Creating package script '/home/rakesh/practice/install/champ_base/share/champ_base/package.sh'
[1.471s] INFO:colcon.colcon_core.shell:Creating package script '/home/rakesh/practice/install/champ_base/share/champ_base/package.bash'
[1.471s] INFO:colcon.colcon_core.shell:Creating package script '/home/rakesh/practice/install/champ_base/share/champ_base/package.zsh'
[1.471s] Level 1:colcon.colcon_core.environment:create_file_with_runtime_dependencies(/home/rakesh/practice/install/champ_base/share/colcon-core/packages/champ_base)
[1.472s] Level 1:colcon.colcon_core.environment:create_environment_scripts_only(champ_base)
[1.472s] Level 1:colcon.colcon_core.environment:checking '/home/rakesh/practice/install/champ_base' for CMake module files
[1.472s] Level 1:colcon.colcon_core.environment:checking '/home/rakesh/practice/install/champ_base' for CMake config files
[1.472s] Level 1:colcon.colcon_core.shell:create_environment_hook('champ_base', 'cmake_prefix_path')
[1.473s] INFO:colcon.colcon_core.shell:Creating environment hook '/home/rakesh/practice/install/champ_base/share/champ_base/hook/cmake_prefix_path.ps1'
[1.473s] INFO:colcon.colcon_core.shell:Creating environment descriptor '/home/rakesh/practice/install/champ_base/share/champ_base/hook/cmake_prefix_path.dsv'
[1.473s] INFO:colcon.colcon_core.shell:Creating environment hook '/home/rakesh/practice/install/champ_base/share/champ_base/hook/cmake_prefix_path.sh'
[1.474s] Level 1:colcon.colcon_core.environment:checking '/home/rakesh/practice/install/champ_base/lib'
[1.474s] Level 1:colcon.colcon_core.shell:create_environment_hook('champ_base', 'ld_library_path_lib')
[1.474s] INFO:colcon.colcon_core.shell:Creating environment hook '/home/rakesh/practice/install/champ_base/share/champ_base/hook/ld_library_path_lib.ps1'
[1.475s] INFO:colcon.colcon_core.shell:Creating environment descriptor '/home/rakesh/practice/install/champ_base/share/champ_base/hook/ld_library_path_lib.dsv'
[1.475s] INFO:colcon.colcon_core.shell:Creating environment hook '/home/rakesh/practice/install/champ_base/share/champ_base/hook/ld_library_path_lib.sh'
[1.476s] Level 1:colcon.colcon_core.environment:checking '/home/rakesh/practice/install/champ_base/bin'
[1.476s] Level 1:colcon.colcon_core.shell:create_environment_hook('champ_base', 'path')
[1.476s] INFO:colcon.colcon_core.shell:Creating environment hook '/home/rakesh/practice/install/champ_base/share/champ_base/hook/path.ps1'
[1.476s] INFO:colcon.colcon_core.shell:Creating environment descriptor '/home/rakesh/practice/install/champ_base/share/champ_base/hook/path.dsv'
[1.476s] INFO:colcon.colcon_core.shell:Creating environment hook '/home/rakesh/practice/install/champ_base/share/champ_base/hook/path.sh'
[1.477s] Level 1:colcon.colcon_core.environment:checking '/home/rakesh/practice/install/champ_base/lib/pkgconfig/champ_base.pc'
[1.477s] Level 1:colcon.colcon_core.environment:checking '/home/rakesh/practice/install/champ_base/lib/python3.12/site-packages'
[1.477s] Level 1:colcon.colcon_core.environment:checking '/home/rakesh/practice/install/champ_base/bin'
[1.477s] Level 1:colcon.colcon_core.shell:create_environment_hook('champ_base', 'pythonscriptspath')
[1.478s] INFO:colcon.colcon_core.shell:Creating environment hook '/home/rakesh/practice/install/champ_base/share/champ_base/hook/pythonscriptspath.ps1'
[1.478s] INFO:colcon.colcon_core.shell:Creating environment descriptor '/home/rakesh/practice/install/champ_base/share/champ_base/hook/pythonscriptspath.dsv'
[1.478s] INFO:colcon.colcon_core.shell:Creating environment hook '/home/rakesh/practice/install/champ_base/share/champ_base/hook/pythonscriptspath.sh'
[1.479s] INFO:colcon.colcon_core.shell:Creating package script '/home/rakesh/practice/install/champ_base/share/champ_base/package.ps1'
[1.480s] INFO:colcon.colcon_core.shell:Creating package descriptor '/home/rakesh/practice/install/champ_base/share/champ_base/package.dsv'
[1.480s] INFO:colcon.colcon_core.shell:Creating package script '/home/rakesh/practice/install/champ_base/share/champ_base/package.sh'
[1.480s] INFO:colcon.colcon_core.shell:Creating package script '/home/rakesh/practice/install/champ_base/share/champ_base/package.bash'
[1.481s] INFO:colcon.colcon_core.shell:Creating package script '/home/rakesh/practice/install/champ_base/share/champ_base/package.zsh'
[1.481s] Level 1:colcon.colcon_core.environment:create_file_with_runtime_dependencies(/home/rakesh/practice/install/champ_base/share/colcon-core/packages/champ_base)
[1.481s] DEBUG:colcon.colcon_parallel_executor.executor.parallel:closing loop
[1.482s] DEBUG:colcon.colcon_parallel_executor.executor.parallel:loop closed
[1.482s] DEBUG:colcon.colcon_parallel_executor.executor.parallel:run_until_complete finished with '0'
[1.482s] DEBUG:colcon.colcon_core.event_reactor:joining thread
[1.494s] INFO:colcon.colcon_core.plugin_system:Skipping extension 'colcon_notification.desktop_notification.terminal_notifier': Not used on non-Darwin systems
[1.494s] INFO:colcon.colcon_core.plugin_system:Skipping extension 'colcon_notification.desktop_notification.win32': Not used on non-Windows systems
[1.495s] INFO:colcon.colcon_notification.desktop_notification:Sending desktop notification using 'notify2'
[1.532s] DEBUG:colcon.colcon_core.event_reactor:joined thread
[1.532s] INFO:colcon.colcon_core.shell:Creating prefix script '/home/rakesh/practice/install/local_setup.ps1'
[1.533s] INFO:colcon.colcon_core.shell:Creating prefix util module '/home/rakesh/practice/install/_local_setup_util_ps1.py'
[1.535s] INFO:colcon.colcon_core.shell:Creating prefix chain script '/home/rakesh/practice/install/setup.ps1'
[1.536s] INFO:colcon.colcon_core.shell:Creating prefix script '/home/rakesh/practice/install/local_setup.sh'
[1.537s] INFO:colcon.colcon_core.shell:Creating prefix util module '/home/rakesh/practice/install/_local_setup_util_sh.py'
[1.538s] INFO:colcon.colcon_core.shell:Creating prefix chain script '/home/rakesh/practice/install/setup.sh'
[1.539s] INFO:colcon.colcon_core.shell:Creating prefix script '/home/rakesh/practice/install/local_setup.bash'
[1.540s] INFO:colcon.colcon_core.shell:Creating prefix chain script '/home/rakesh/practice/install/setup.bash'
[1.541s] INFO:colcon.colcon_core.shell:Creating prefix script '/home/rakesh/practice/install/local_setup.zsh'
[1.542s] INFO:colcon.colcon_core.shell:Creating prefix chain script '/home/rakesh/practice/install/setup.zsh'
