[0.182s] DEBUG:colcon:Command line arguments: ['/usr/bin/colcon', 'list', '-p', '--base-paths', '/home/rakesh/practice']
[0.182s] DEBUG:colcon:Parsed command line arguments: Namespace(log_base=None, log_level=None, verb_name='list', build_base='build', ignore_user_meta=False, metas=['./colcon.meta'], base_paths=['/home/rakesh/practice'], packages_ignore=None, packages_ignore_regex=None, paths=None, packages_up_to=None, packages_up_to_regex=None, packages_above=None, packages_above_and_dependencies=None, packages_above_depth=None, packages_select_by_dep=None, packages_skip_by_dep=None, packages_skip_up_to=None, packages_select_build_failed=False, packages_skip_build_finished=False, packages_select_test_failures=False, packages_skip_test_passed=False, packages_select=None, packages_skip=None, packages_select_regex=None, packages_skip_regex=None, packages_start=None, packages_end=None, allow_overriding=[], topological_order=False, names_only=False, paths_only=True, topological_graph=False, topological_graph_dot=False, topological_graph_density=False, topological_graph_legend=False, topological_graph_dot_cluster=False, topological_graph_dot_include_skipped=False, mixin_files=None, mixin=None, verb_parser=<colcon_mixin.mixin.mixin_argument.MixinArgumentDecorator object at 0x77061cde8980>, verb_extension=<colcon_package_information.verb.list.ListVerb object at 0x77061d4cfa70>, main=<bound method ListVerb.main of <colcon_package_information.verb.list.ListVerb object at 0x77061d4cfa70>>, mixin_verb=('list',))
[0.252s] Level 1:colcon.colcon_core.package_discovery:discover_packages(colcon_meta) check parameters
[0.252s] Level 1:colcon.colcon_core.package_discovery:discover_packages(recursive) check parameters
[0.252s] Level 1:colcon.colcon_core.package_discovery:discover_packages(ignore) check parameters
[0.252s] Level 1:colcon.colcon_core.package_discovery:discover_packages(path) check parameters
[0.252s] Level 1:colcon.colcon_core.package_discovery:discover_packages(recursive) discover
[0.252s] INFO:colcon.colcon_core.package_discovery:Crawling recursively for packages in '/home/rakesh/practice'
[0.252s] Level 1:colcon.colcon_core.package_identification:_identify(/home/rakesh/practice) by extensions ['ignore', 'ignore_ament_install']
[0.252s] Level 1:colcon.colcon_core.package_identification:_identify(/home/rakesh/practice) by extension 'ignore'
[0.252s] Level 1:colcon.colcon_core.package_identification:_identify(/home/rakesh/practice) by extension 'ignore_ament_install'
[0.252s] Level 1:colcon.colcon_core.package_identification:_identify(/home/rakesh/practice) by extensions ['colcon_pkg']
[0.252s] Level 1:colcon.colcon_core.package_identification:_identify(/home/rakesh/practice) by extension 'colcon_pkg'
[0.252s] Level 1:colcon.colcon_core.package_identification:_identify(/home/rakesh/practice) by extensions ['colcon_meta']
[0.252s] Level 1:colcon.colcon_core.package_identification:_identify(/home/rakesh/practice) by extension 'colcon_meta'
[0.252s] Level 1:colcon.colcon_core.package_identification:_identify(/home/rakesh/practice) by extensions ['ros']
[0.252s] Level 1:colcon.colcon_core.package_identification:_identify(/home/rakesh/practice) by extension 'ros'
[0.297s] Level 1:colcon.colcon_core.package_identification:_identify(/home/rakesh/practice) by extensions ['cmake', 'python']
[0.297s] Level 1:colcon.colcon_core.package_identification:_identify(/home/rakesh/practice) by extension 'cmake'
[0.297s] Level 1:colcon.colcon_core.package_identification:_identify(/home/rakesh/practice) by extension 'python'
[0.297s] Level 1:colcon.colcon_core.package_identification:_identify(/home/rakesh/practice) by extensions ['python_setup_py']
[0.297s] Level 1:colcon.colcon_core.package_identification:_identify(/home/rakesh/practice) by extension 'python_setup_py'
[0.297s] Level 1:colcon.colcon_core.package_identification:_identify(/home/rakesh/practice/build) by extensions ['ignore', 'ignore_ament_install']
[0.298s] Level 1:colcon.colcon_core.package_identification:_identify(/home/rakesh/practice/build) by extension 'ignore'
[0.298s] Level 1:colcon.colcon_core.package_identification:_identify(/home/rakesh/practice/build) ignored
[0.298s] Level 1:colcon.colcon_core.package_identification:_identify(/home/rakesh/practice/install) by extensions ['ignore', 'ignore_ament_install']
[0.298s] Level 1:colcon.colcon_core.package_identification:_identify(/home/rakesh/practice/install) by extension 'ignore'
[0.298s] Level 1:colcon.colcon_core.package_identification:_identify(/home/rakesh/practice/install) ignored
[0.298s] Level 1:colcon.colcon_core.package_identification:_identify(/home/rakesh/practice/log) by extensions ['ignore', 'ignore_ament_install']
[0.298s] Level 1:colcon.colcon_core.package_identification:_identify(/home/rakesh/practice/log) by extension 'ignore'
[0.298s] Level 1:colcon.colcon_core.package_identification:_identify(/home/rakesh/practice/log) ignored
[0.298s] Level 1:colcon.colcon_core.package_identification:_identify(/home/rakesh/practice/src) by extensions ['ignore', 'ignore_ament_install']
[0.299s] Level 1:colcon.colcon_core.package_identification:_identify(/home/rakesh/practice/src) by extension 'ignore'
[0.299s] Level 1:colcon.colcon_core.package_identification:_identify(/home/rakesh/practice/src) by extension 'ignore_ament_install'
[0.299s] Level 1:colcon.colcon_core.package_identification:_identify(/home/rakesh/practice/src) by extensions ['colcon_pkg']
[0.299s] Level 1:colcon.colcon_core.package_identification:_identify(/home/rakesh/practice/src) by extension 'colcon_pkg'
[0.299s] Level 1:colcon.colcon_core.package_identification:_identify(/home/rakesh/practice/src) by extensions ['colcon_meta']
[0.299s] Level 1:colcon.colcon_core.package_identification:_identify(/home/rakesh/practice/src) by extension 'colcon_meta'
[0.299s] Level 1:colcon.colcon_core.package_identification:_identify(/home/rakesh/practice/src) by extensions ['ros']
[0.299s] Level 1:colcon.colcon_core.package_identification:_identify(/home/rakesh/practice/src) by extension 'ros'
[0.299s] Level 1:colcon.colcon_core.package_identification:_identify(/home/rakesh/practice/src) by extensions ['cmake', 'python']
[0.299s] Level 1:colcon.colcon_core.package_identification:_identify(/home/rakesh/practice/src) by extension 'cmake'
[0.299s] Level 1:colcon.colcon_core.package_identification:_identify(/home/rakesh/practice/src) by extension 'python'
[0.299s] Level 1:colcon.colcon_core.package_identification:_identify(/home/rakesh/practice/src) by extensions ['python_setup_py']
[0.299s] Level 1:colcon.colcon_core.package_identification:_identify(/home/rakesh/practice/src) by extension 'python_setup_py'
[0.299s] Level 1:colcon.colcon_core.package_identification:_identify(/home/rakesh/practice/src/unitree_go2_ros2) by extensions ['ignore', 'ignore_ament_install']
[0.300s] Level 1:colcon.colcon_core.package_identification:_identify(/home/rakesh/practice/src/unitree_go2_ros2) by extension 'ignore'
[0.300s] Level 1:colcon.colcon_core.package_identification:_identify(/home/rakesh/practice/src/unitree_go2_ros2) by extension 'ignore_ament_install'
[0.300s] Level 1:colcon.colcon_core.package_identification:_identify(/home/rakesh/practice/src/unitree_go2_ros2) by extensions ['colcon_pkg']
[0.300s] Level 1:colcon.colcon_core.package_identification:_identify(/home/rakesh/practice/src/unitree_go2_ros2) by extension 'colcon_pkg'
[0.300s] Level 1:colcon.colcon_core.package_identification:_identify(/home/rakesh/practice/src/unitree_go2_ros2) by extensions ['colcon_meta']
[0.300s] Level 1:colcon.colcon_core.package_identification:_identify(/home/rakesh/practice/src/unitree_go2_ros2) by extension 'colcon_meta'
[0.300s] Level 1:colcon.colcon_core.package_identification:_identify(/home/rakesh/practice/src/unitree_go2_ros2) by extensions ['ros']
[0.300s] Level 1:colcon.colcon_core.package_identification:_identify(/home/rakesh/practice/src/unitree_go2_ros2) by extension 'ros'
[0.300s] Level 1:colcon.colcon_core.package_identification:_identify(/home/rakesh/practice/src/unitree_go2_ros2) by extensions ['cmake', 'python']
[0.300s] Level 1:colcon.colcon_core.package_identification:_identify(/home/rakesh/practice/src/unitree_go2_ros2) by extension 'cmake'
[0.300s] Level 1:colcon.colcon_core.package_identification:_identify(/home/rakesh/practice/src/unitree_go2_ros2) by extension 'python'
[0.300s] Level 1:colcon.colcon_core.package_identification:_identify(/home/rakesh/practice/src/unitree_go2_ros2) by extensions ['python_setup_py']
[0.300s] Level 1:colcon.colcon_core.package_identification:_identify(/home/rakesh/practice/src/unitree_go2_ros2) by extension 'python_setup_py'
[0.300s] Level 1:colcon.colcon_core.package_identification:_identify(/home/rakesh/practice/src/unitree_go2_ros2/champ) by extensions ['ignore', 'ignore_ament_install']
[0.300s] Level 1:colcon.colcon_core.package_identification:_identify(/home/rakesh/practice/src/unitree_go2_ros2/champ) by extension 'ignore'
[0.301s] Level 1:colcon.colcon_core.package_identification:_identify(/home/rakesh/practice/src/unitree_go2_ros2/champ) by extension 'ignore_ament_install'
[0.301s] Level 1:colcon.colcon_core.package_identification:_identify(/home/rakesh/practice/src/unitree_go2_ros2/champ) by extensions ['colcon_pkg']
[0.301s] Level 1:colcon.colcon_core.package_identification:_identify(/home/rakesh/practice/src/unitree_go2_ros2/champ) by extension 'colcon_pkg'
[0.301s] Level 1:colcon.colcon_core.package_identification:_identify(/home/rakesh/practice/src/unitree_go2_ros2/champ) by extensions ['colcon_meta']
[0.301s] Level 1:colcon.colcon_core.package_identification:_identify(/home/rakesh/practice/src/unitree_go2_ros2/champ) by extension 'colcon_meta'
[0.301s] Level 1:colcon.colcon_core.package_identification:_identify(/home/rakesh/practice/src/unitree_go2_ros2/champ) by extensions ['ros']
[0.301s] Level 1:colcon.colcon_core.package_identification:_identify(/home/rakesh/practice/src/unitree_go2_ros2/champ) by extension 'ros'
[0.305s] DEBUG:colcon.colcon_core.package_identification:Package '/home/rakesh/practice/src/unitree_go2_ros2/champ' with type 'ros.ament_cmake' and name 'champ'
[0.305s] Level 1:colcon.colcon_core.package_identification:_identify(/home/rakesh/practice/src/unitree_go2_ros2/champ_base) by extensions ['ignore', 'ignore_ament_install']
[0.305s] Level 1:colcon.colcon_core.package_identification:_identify(/home/rakesh/practice/src/unitree_go2_ros2/champ_base) by extension 'ignore'
[0.305s] Level 1:colcon.colcon_core.package_identification:_identify(/home/rakesh/practice/src/unitree_go2_ros2/champ_base) by extension 'ignore_ament_install'
[0.306s] Level 1:colcon.colcon_core.package_identification:_identify(/home/rakesh/practice/src/unitree_go2_ros2/champ_base) by extensions ['colcon_pkg']
[0.306s] Level 1:colcon.colcon_core.package_identification:_identify(/home/rakesh/practice/src/unitree_go2_ros2/champ_base) by extension 'colcon_pkg'
[0.306s] Level 1:colcon.colcon_core.package_identification:_identify(/home/rakesh/practice/src/unitree_go2_ros2/champ_base) by extensions ['colcon_meta']
[0.306s] Level 1:colcon.colcon_core.package_identification:_identify(/home/rakesh/practice/src/unitree_go2_ros2/champ_base) by extension 'colcon_meta'
[0.306s] Level 1:colcon.colcon_core.package_identification:_identify(/home/rakesh/practice/src/unitree_go2_ros2/champ_base) by extensions ['ros']
[0.306s] Level 1:colcon.colcon_core.package_identification:_identify(/home/rakesh/practice/src/unitree_go2_ros2/champ_base) by extension 'ros'
[0.308s] DEBUG:colcon.colcon_core.package_identification:Package '/home/rakesh/practice/src/unitree_go2_ros2/champ_base' with type 'ros.ament_cmake' and name 'champ_base'
[0.308s] Level 1:colcon.colcon_core.package_identification:_identify(/home/rakesh/practice/src/unitree_go2_ros2/champ_msgs) by extensions ['ignore', 'ignore_ament_install']
[0.308s] Level 1:colcon.colcon_core.package_identification:_identify(/home/rakesh/practice/src/unitree_go2_ros2/champ_msgs) by extension 'ignore'
[0.308s] Level 1:colcon.colcon_core.package_identification:_identify(/home/rakesh/practice/src/unitree_go2_ros2/champ_msgs) by extension 'ignore_ament_install'
[0.308s] Level 1:colcon.colcon_core.package_identification:_identify(/home/rakesh/practice/src/unitree_go2_ros2/champ_msgs) by extensions ['colcon_pkg']
[0.308s] Level 1:colcon.colcon_core.package_identification:_identify(/home/rakesh/practice/src/unitree_go2_ros2/champ_msgs) by extension 'colcon_pkg'
[0.308s] Level 1:colcon.colcon_core.package_identification:_identify(/home/rakesh/practice/src/unitree_go2_ros2/champ_msgs) by extensions ['colcon_meta']
[0.308s] Level 1:colcon.colcon_core.package_identification:_identify(/home/rakesh/practice/src/unitree_go2_ros2/champ_msgs) by extension 'colcon_meta'
[0.308s] Level 1:colcon.colcon_core.package_identification:_identify(/home/rakesh/practice/src/unitree_go2_ros2/champ_msgs) by extensions ['ros']
[0.308s] Level 1:colcon.colcon_core.package_identification:_identify(/home/rakesh/practice/src/unitree_go2_ros2/champ_msgs) by extension 'ros'
[0.310s] DEBUG:colcon.colcon_core.package_identification:Package '/home/rakesh/practice/src/unitree_go2_ros2/champ_msgs' with type 'ros.ament_cmake' and name 'champ_msgs'
[0.310s] Level 1:colcon.colcon_core.package_identification:_identify(/home/rakesh/practice/src/unitree_go2_ros2/docs) by extensions ['ignore', 'ignore_ament_install']
[0.310s] Level 1:colcon.colcon_core.package_identification:_identify(/home/rakesh/practice/src/unitree_go2_ros2/docs) by extension 'ignore'
[0.310s] Level 1:colcon.colcon_core.package_identification:_identify(/home/rakesh/practice/src/unitree_go2_ros2/docs) by extension 'ignore_ament_install'
[0.310s] Level 1:colcon.colcon_core.package_identification:_identify(/home/rakesh/practice/src/unitree_go2_ros2/docs) by extensions ['colcon_pkg']
[0.310s] Level 1:colcon.colcon_core.package_identification:_identify(/home/rakesh/practice/src/unitree_go2_ros2/docs) by extension 'colcon_pkg'
[0.310s] Level 1:colcon.colcon_core.package_identification:_identify(/home/rakesh/practice/src/unitree_go2_ros2/docs) by extensions ['colcon_meta']
[0.310s] Level 1:colcon.colcon_core.package_identification:_identify(/home/rakesh/practice/src/unitree_go2_ros2/docs) by extension 'colcon_meta'
[0.310s] Level 1:colcon.colcon_core.package_identification:_identify(/home/rakesh/practice/src/unitree_go2_ros2/docs) by extensions ['ros']
[0.310s] Level 1:colcon.colcon_core.package_identification:_identify(/home/rakesh/practice/src/unitree_go2_ros2/docs) by extension 'ros'
[0.311s] Level 1:colcon.colcon_core.package_identification:_identify(/home/rakesh/practice/src/unitree_go2_ros2/docs) by extensions ['cmake', 'python']
[0.311s] Level 1:colcon.colcon_core.package_identification:_identify(/home/rakesh/practice/src/unitree_go2_ros2/docs) by extension 'cmake'
[0.311s] Level 1:colcon.colcon_core.package_identification:_identify(/home/rakesh/practice/src/unitree_go2_ros2/docs) by extension 'python'
[0.311s] Level 1:colcon.colcon_core.package_identification:_identify(/home/rakesh/practice/src/unitree_go2_ros2/docs) by extensions ['python_setup_py']
[0.311s] Level 1:colcon.colcon_core.package_identification:_identify(/home/rakesh/practice/src/unitree_go2_ros2/docs) by extension 'python_setup_py'
[0.311s] Level 1:colcon.colcon_core.package_identification:_identify(/home/rakesh/practice/src/unitree_go2_ros2/unitree_go2_description) by extensions ['ignore', 'ignore_ament_install']
[0.311s] Level 1:colcon.colcon_core.package_identification:_identify(/home/rakesh/practice/src/unitree_go2_ros2/unitree_go2_description) by extension 'ignore'
[0.311s] Level 1:colcon.colcon_core.package_identification:_identify(/home/rakesh/practice/src/unitree_go2_ros2/unitree_go2_description) by extension 'ignore_ament_install'
[0.311s] Level 1:colcon.colcon_core.package_identification:_identify(/home/rakesh/practice/src/unitree_go2_ros2/unitree_go2_description) by extensions ['colcon_pkg']
[0.311s] Level 1:colcon.colcon_core.package_identification:_identify(/home/rakesh/practice/src/unitree_go2_ros2/unitree_go2_description) by extension 'colcon_pkg'
[0.311s] Level 1:colcon.colcon_core.package_identification:_identify(/home/rakesh/practice/src/unitree_go2_ros2/unitree_go2_description) by extensions ['colcon_meta']
[0.311s] Level 1:colcon.colcon_core.package_identification:_identify(/home/rakesh/practice/src/unitree_go2_ros2/unitree_go2_description) by extension 'colcon_meta'
[0.312s] Level 1:colcon.colcon_core.package_identification:_identify(/home/rakesh/practice/src/unitree_go2_ros2/unitree_go2_description) by extensions ['ros']
[0.312s] Level 1:colcon.colcon_core.package_identification:_identify(/home/rakesh/practice/src/unitree_go2_ros2/unitree_go2_description) by extension 'ros'
[0.313s] DEBUG:colcon.colcon_core.package_identification:Package '/home/rakesh/practice/src/unitree_go2_ros2/unitree_go2_description' with type 'ros.ament_cmake' and name 'unitree_go2_description'
[0.313s] Level 1:colcon.colcon_core.package_identification:_identify(/home/rakesh/practice/src/unitree_go2_ros2/unitree_go2_sim) by extensions ['ignore', 'ignore_ament_install']
[0.313s] Level 1:colcon.colcon_core.package_identification:_identify(/home/rakesh/practice/src/unitree_go2_ros2/unitree_go2_sim) by extension 'ignore'
[0.313s] Level 1:colcon.colcon_core.package_identification:_identify(/home/rakesh/practice/src/unitree_go2_ros2/unitree_go2_sim) by extension 'ignore_ament_install'
[0.313s] Level 1:colcon.colcon_core.package_identification:_identify(/home/rakesh/practice/src/unitree_go2_ros2/unitree_go2_sim) by extensions ['colcon_pkg']
[0.313s] Level 1:colcon.colcon_core.package_identification:_identify(/home/rakesh/practice/src/unitree_go2_ros2/unitree_go2_sim) by extension 'colcon_pkg'
[0.314s] Level 1:colcon.colcon_core.package_identification:_identify(/home/rakesh/practice/src/unitree_go2_ros2/unitree_go2_sim) by extensions ['colcon_meta']
[0.314s] Level 1:colcon.colcon_core.package_identification:_identify(/home/rakesh/practice/src/unitree_go2_ros2/unitree_go2_sim) by extension 'colcon_meta'
[0.314s] Level 1:colcon.colcon_core.package_identification:_identify(/home/rakesh/practice/src/unitree_go2_ros2/unitree_go2_sim) by extensions ['ros']
[0.314s] Level 1:colcon.colcon_core.package_identification:_identify(/home/rakesh/practice/src/unitree_go2_ros2/unitree_go2_sim) by extension 'ros'
[0.315s] DEBUG:colcon.colcon_core.package_identification:Package '/home/rakesh/practice/src/unitree_go2_ros2/unitree_go2_sim' with type 'ros.ament_cmake' and name 'unitree_go2_sim'
[0.315s] Level 1:colcon.colcon_core.package_discovery:discover_packages(recursive) using defaults
