[0.020s] Invoking command in '/home/rakesh/practice/build/champ_base': AMENT_PREFIX_PATH=/home/rakesh/practice/install/champ_msgs:/home/rakesh/practice/install/champ:${AMENT_PREFIX_PATH} CMAKE_PREFIX_PATH=/home/rakesh/practice/install/champ_msgs:/home/rakesh/practice/install/champ:/opt/ros/jazzy/opt/gz_sim_vendor:/opt/ros/jazzy/opt/gz_sensors_vendor:/opt/ros/jazzy/opt/gz_physics_vendor:/opt/ros/jazzy/opt/sdformat_vendor:/opt/ros/jazzy/opt/gz_gui_vendor:/opt/ros/jazzy/opt/gz_transport_vendor:/opt/ros/jazzy/opt/gz_rendering_vendor:/opt/ros/jazzy/opt/gz_plugin_vendor:/opt/ros/jazzy/opt/gz_fuel_tools_vendor:/opt/ros/jazzy/opt/gz_msgs_vendor:/opt/ros/jazzy/opt/gz_common_vendor:/opt/ros/jazzy/opt/gz_math_vendor:/opt/ros/jazzy/opt/gz_utils_vendor:/opt/ros/jazzy/opt/gz_tools_vendor:/opt/ros/jazzy/opt/gz_ogre_next_vendor:/opt/ros/jazzy/opt/gz_dartsim_vendor:/opt/ros/jazzy/opt/gz_cmake_vendor:/opt/ros/jazzy: DEBUGINFOD_URLS=https://debuginfod.ubuntu.com LD_LIBRARY_PATH=/home/rakesh/practice/install/champ_msgs/lib:/opt/ros/jazzy/opt/gz_sim_vendor/lib:/opt/ros/jazzy/opt/gz_sensors_vendor/lib:/opt/ros/jazzy/opt/gz_physics_vendor/lib:/opt/ros/jazzy/opt/sdformat_vendor/lib:/opt/ros/jazzy/opt/rviz_ogre_vendor/lib:/opt/ros/jazzy/lib/x86_64-linux-gnu:/opt/ros/jazzy/opt/gz_gui_vendor/lib:/opt/ros/jazzy/opt/gz_transport_vendor/lib:/opt/ros/jazzy/opt/gz_rendering_vendor/lib:/opt/ros/jazzy/opt/gz_plugin_vendor/lib:/opt/ros/jazzy/opt/gz_fuel_tools_vendor/lib:/opt/ros/jazzy/opt/gz_msgs_vendor/lib:/opt/ros/jazzy/opt/gz_common_vendor/lib:/opt/ros/jazzy/opt/gz_math_vendor/lib:/opt/ros/jazzy/opt/gz_utils_vendor/lib:/opt/ros/jazzy/opt/gz_tools_vendor/lib:/opt/ros/jazzy/opt/gz_ogre_next_vendor/lib:/opt/ros/jazzy/opt/gz_dartsim_vendor/lib:/opt/ros/jazzy/opt/gz_cmake_vendor/lib:/opt/ros/jazzy/lib:/opt/ros/jazzy/lib:/opt/unitree_robotics/lib PYTHONPATH=/home/rakesh/practice/install/champ_msgs/lib/python3.12/site-packages:${PYTHONPATH} /usr/bin/cmake /home/rakesh/practice/src/unitree_go2_ros2/champ_base -DCMAKE_INSTALL_PREFIX=/home/rakesh/practice/install/champ_base
[0.087s] -- The C compiler identification is GNU 13.3.0
[0.151s] -- The CXX compiler identification is GNU 13.3.0
[0.180s] -- Detecting C compiler ABI info
[0.298s] -- Detecting C compiler ABI info - done
[0.323s] -- Check for working C compiler: /usr/bin/cc - skipped
[0.324s] -- Detecting C compile features
[0.325s] -- Detecting C compile features - done
[0.344s] -- Detecting CXX compiler ABI info
[0.485s] -- Detecting CXX compiler ABI info - done
[0.494s] -- Check for working CXX compiler: /usr/bin/c++ - skipped
[0.494s] -- Detecting CXX compile features
[0.495s] -- Detecting CXX compile features - done
[0.501s] -- Found ament_cmake: 2.5.4 (/opt/ros/jazzy/share/ament_cmake/cmake)
[0.681s] -- Found Python3: /usr/bin/python3 (found version "3.12.3") found components: Interpreter 
[0.860s] -- Found rclcpp: 28.1.12 (/opt/ros/jazzy/share/rclcpp/cmake)
[0.932s] -- Found rosidl_generator_c: 4.6.6 (/opt/ros/jazzy/share/rosidl_generator_c/cmake)
[0.956s] -- Found rosidl_generator_cpp: 4.6.6 (/opt/ros/jazzy/share/rosidl_generator_cpp/cmake)
[0.982s] -- Using all available rosidl_typesupport_c: rosidl_typesupport_fastrtps_c;rosidl_typesupport_introspection_c
[1.010s] -- Using all available rosidl_typesupport_cpp: rosidl_typesupport_fastrtps_cpp;rosidl_typesupport_introspection_cpp
[1.121s] -- Found rmw_implementation_cmake: 7.3.2 (/opt/ros/jazzy/share/rmw_implementation_cmake/cmake)
[1.127s] -- Found rmw_fastrtps_cpp: 8.4.3 (/opt/ros/jazzy/share/rmw_fastrtps_cpp/cmake)
[1.274s] -- Found OpenSSL: /usr/lib/x86_64-linux-gnu/libcrypto.so (found version "3.0.13")  
[1.300s] -- Found FastRTPS: /opt/ros/jazzy/include (Required is at least version "2.13") 
[1.329s] -- Using RMW implementation 'rmw_fastrtps_cpp' as default
[1.433s] -- Found rclpy: 7.1.5 (/opt/ros/jazzy/share/rclpy/cmake)
[1.434s] -- Found champ_msgs: 0.1.0 (/home/rakesh/practice/install/champ_msgs/share/champ_msgs/cmake)
[1.499s] -- Found visualization_msgs: 5.3.6 (/opt/ros/jazzy/share/visualization_msgs/cmake)
[1.577s] -- Found trajectory_msgs: 5.3.6 (/opt/ros/jazzy/share/trajectory_msgs/cmake)
[1.608s] -- Found nav_msgs: 5.3.6 (/opt/ros/jazzy/share/nav_msgs/cmake)
[1.648s] -- Found tf2_ros: 0.36.14 (/opt/ros/jazzy/share/tf2_ros/cmake)
[1.862s] -- Found urdf: 2.10.0 (/opt/ros/jazzy/share/urdf/cmake)
[1.898s] -- Found champ: 0.1.0 (/home/rakesh/practice/install/champ/share/champ/cmake)
[2.021s] -- Configuring done (2.0s)
[2.077s] -- Generating done (0.0s)
[2.092s] -- Build files have been written to: /home/rakesh/practice/build/champ_base
[2.108s] Invoked command in '/home/rakesh/practice/build/champ_base' returned '0': AMENT_PREFIX_PATH=/home/rakesh/practice/install/champ_msgs:/home/rakesh/practice/install/champ:${AMENT_PREFIX_PATH} CMAKE_PREFIX_PATH=/home/rakesh/practice/install/champ_msgs:/home/rakesh/practice/install/champ:/opt/ros/jazzy/opt/gz_sim_vendor:/opt/ros/jazzy/opt/gz_sensors_vendor:/opt/ros/jazzy/opt/gz_physics_vendor:/opt/ros/jazzy/opt/sdformat_vendor:/opt/ros/jazzy/opt/gz_gui_vendor:/opt/ros/jazzy/opt/gz_transport_vendor:/opt/ros/jazzy/opt/gz_rendering_vendor:/opt/ros/jazzy/opt/gz_plugin_vendor:/opt/ros/jazzy/opt/gz_fuel_tools_vendor:/opt/ros/jazzy/opt/gz_msgs_vendor:/opt/ros/jazzy/opt/gz_common_vendor:/opt/ros/jazzy/opt/gz_math_vendor:/opt/ros/jazzy/opt/gz_utils_vendor:/opt/ros/jazzy/opt/gz_tools_vendor:/opt/ros/jazzy/opt/gz_ogre_next_vendor:/opt/ros/jazzy/opt/gz_dartsim_vendor:/opt/ros/jazzy/opt/gz_cmake_vendor:/opt/ros/jazzy: DEBUGINFOD_URLS=https://debuginfod.ubuntu.com LD_LIBRARY_PATH=/home/rakesh/practice/install/champ_msgs/lib:/opt/ros/jazzy/opt/gz_sim_vendor/lib:/opt/ros/jazzy/opt/gz_sensors_vendor/lib:/opt/ros/jazzy/opt/gz_physics_vendor/lib:/opt/ros/jazzy/opt/sdformat_vendor/lib:/opt/ros/jazzy/opt/rviz_ogre_vendor/lib:/opt/ros/jazzy/lib/x86_64-linux-gnu:/opt/ros/jazzy/opt/gz_gui_vendor/lib:/opt/ros/jazzy/opt/gz_transport_vendor/lib:/opt/ros/jazzy/opt/gz_rendering_vendor/lib:/opt/ros/jazzy/opt/gz_plugin_vendor/lib:/opt/ros/jazzy/opt/gz_fuel_tools_vendor/lib:/opt/ros/jazzy/opt/gz_msgs_vendor/lib:/opt/ros/jazzy/opt/gz_common_vendor/lib:/opt/ros/jazzy/opt/gz_math_vendor/lib:/opt/ros/jazzy/opt/gz_utils_vendor/lib:/opt/ros/jazzy/opt/gz_tools_vendor/lib:/opt/ros/jazzy/opt/gz_ogre_next_vendor/lib:/opt/ros/jazzy/opt/gz_dartsim_vendor/lib:/opt/ros/jazzy/opt/gz_cmake_vendor/lib:/opt/ros/jazzy/lib:/opt/ros/jazzy/lib:/opt/unitree_robotics/lib PYTHONPATH=/home/rakesh/practice/install/champ_msgs/lib/python3.12/site-packages:${PYTHONPATH} /usr/bin/cmake /home/rakesh/practice/src/unitree_go2_ros2/champ_base -DCMAKE_INSTALL_PREFIX=/home/rakesh/practice/install/champ_base
[2.110s] Invoking command in '/home/rakesh/practice/build/champ_base': AMENT_PREFIX_PATH=/home/rakesh/practice/install/champ_msgs:/home/rakesh/practice/install/champ:${AMENT_PREFIX_PATH} CMAKE_PREFIX_PATH=/home/rakesh/practice/install/champ_msgs:/home/rakesh/practice/install/champ:/opt/ros/jazzy/opt/gz_sim_vendor:/opt/ros/jazzy/opt/gz_sensors_vendor:/opt/ros/jazzy/opt/gz_physics_vendor:/opt/ros/jazzy/opt/sdformat_vendor:/opt/ros/jazzy/opt/gz_gui_vendor:/opt/ros/jazzy/opt/gz_transport_vendor:/opt/ros/jazzy/opt/gz_rendering_vendor:/opt/ros/jazzy/opt/gz_plugin_vendor:/opt/ros/jazzy/opt/gz_fuel_tools_vendor:/opt/ros/jazzy/opt/gz_msgs_vendor:/opt/ros/jazzy/opt/gz_common_vendor:/opt/ros/jazzy/opt/gz_math_vendor:/opt/ros/jazzy/opt/gz_utils_vendor:/opt/ros/jazzy/opt/gz_tools_vendor:/opt/ros/jazzy/opt/gz_ogre_next_vendor:/opt/ros/jazzy/opt/gz_dartsim_vendor:/opt/ros/jazzy/opt/gz_cmake_vendor:/opt/ros/jazzy: DEBUGINFOD_URLS=https://debuginfod.ubuntu.com LD_LIBRARY_PATH=/home/rakesh/practice/install/champ_msgs/lib:/opt/ros/jazzy/opt/gz_sim_vendor/lib:/opt/ros/jazzy/opt/gz_sensors_vendor/lib:/opt/ros/jazzy/opt/gz_physics_vendor/lib:/opt/ros/jazzy/opt/sdformat_vendor/lib:/opt/ros/jazzy/opt/rviz_ogre_vendor/lib:/opt/ros/jazzy/lib/x86_64-linux-gnu:/opt/ros/jazzy/opt/gz_gui_vendor/lib:/opt/ros/jazzy/opt/gz_transport_vendor/lib:/opt/ros/jazzy/opt/gz_rendering_vendor/lib:/opt/ros/jazzy/opt/gz_plugin_vendor/lib:/opt/ros/jazzy/opt/gz_fuel_tools_vendor/lib:/opt/ros/jazzy/opt/gz_msgs_vendor/lib:/opt/ros/jazzy/opt/gz_common_vendor/lib:/opt/ros/jazzy/opt/gz_math_vendor/lib:/opt/ros/jazzy/opt/gz_utils_vendor/lib:/opt/ros/jazzy/opt/gz_tools_vendor/lib:/opt/ros/jazzy/opt/gz_ogre_next_vendor/lib:/opt/ros/jazzy/opt/gz_dartsim_vendor/lib:/opt/ros/jazzy/opt/gz_cmake_vendor/lib:/opt/ros/jazzy/lib:/opt/ros/jazzy/lib:/opt/unitree_robotics/lib PYTHONPATH=/home/rakesh/practice/install/champ_msgs/lib/python3.12/site-packages:${PYTHONPATH} /usr/bin/cmake --build /home/rakesh/practice/build/champ_base -- -j12 -l12
[2.183s] [ 25%] [32mBuilding CXX object CMakeFiles/message_relay.dir/src/message_relay.cpp.o[0m
[2.183s] [ 25%] [32mBuilding CXX object CMakeFiles/state_estimation.dir/src/state_estimation.cpp.o[0m
[2.184s] [ 25%] [32mBuilding CXX object CMakeFiles/quadruped_controller.dir/src/quadruped_controller.cpp.o[0m
[14.294s] [ 33%] [32m[1mLinking CXX shared library libquadruped_controller.so[0m
[15.185s] [ 33%] Built target quadruped_controller
[15.216s] [ 41%] [32mBuilding CXX object CMakeFiles/quadruped_controller_node.dir/src/quadruped_controller_node.cpp.o[0m
[18.181s] [ 50%] [32m[1mLinking CXX shared library libmessage_relay.so[0m
[18.479s] [ 58%] [32m[1mLinking CXX executable quadruped_controller_node[0m
[19.319s] [ 58%] Built target quadruped_controller_node
[19.470s] [ 58%] Built target message_relay
[19.500s] [ 66%] [32mBuilding CXX object CMakeFiles/message_relay_node.dir/src/message_relay_node.cpp.o[0m
[20.154s] [ 75%] [32m[1mLinking CXX shared library libstate_estimation.so[0m
[21.331s] [ 75%] Built target state_estimation
[21.362s] [ 83%] [32mBuilding CXX object CMakeFiles/state_estimation_node.dir/src/state_estimation_node.cpp.o[0m
[22.830s] [ 91%] [32m[1mLinking CXX executable message_relay_node[0m
[23.571s] [ 91%] Built target message_relay_node
[26.493s] [100%] [32m[1mLinking CXX executable state_estimation_node[0m
[27.311s] [100%] Built target state_estimation_node
[27.327s] Invoked command in '/home/rakesh/practice/build/champ_base' returned '0': AMENT_PREFIX_PATH=/home/rakesh/practice/install/champ_msgs:/home/rakesh/practice/install/champ:${AMENT_PREFIX_PATH} CMAKE_PREFIX_PATH=/home/rakesh/practice/install/champ_msgs:/home/rakesh/practice/install/champ:/opt/ros/jazzy/opt/gz_sim_vendor:/opt/ros/jazzy/opt/gz_sensors_vendor:/opt/ros/jazzy/opt/gz_physics_vendor:/opt/ros/jazzy/opt/sdformat_vendor:/opt/ros/jazzy/opt/gz_gui_vendor:/opt/ros/jazzy/opt/gz_transport_vendor:/opt/ros/jazzy/opt/gz_rendering_vendor:/opt/ros/jazzy/opt/gz_plugin_vendor:/opt/ros/jazzy/opt/gz_fuel_tools_vendor:/opt/ros/jazzy/opt/gz_msgs_vendor:/opt/ros/jazzy/opt/gz_common_vendor:/opt/ros/jazzy/opt/gz_math_vendor:/opt/ros/jazzy/opt/gz_utils_vendor:/opt/ros/jazzy/opt/gz_tools_vendor:/opt/ros/jazzy/opt/gz_ogre_next_vendor:/opt/ros/jazzy/opt/gz_dartsim_vendor:/opt/ros/jazzy/opt/gz_cmake_vendor:/opt/ros/jazzy: DEBUGINFOD_URLS=https://debuginfod.ubuntu.com LD_LIBRARY_PATH=/home/rakesh/practice/install/champ_msgs/lib:/opt/ros/jazzy/opt/gz_sim_vendor/lib:/opt/ros/jazzy/opt/gz_sensors_vendor/lib:/opt/ros/jazzy/opt/gz_physics_vendor/lib:/opt/ros/jazzy/opt/sdformat_vendor/lib:/opt/ros/jazzy/opt/rviz_ogre_vendor/lib:/opt/ros/jazzy/lib/x86_64-linux-gnu:/opt/ros/jazzy/opt/gz_gui_vendor/lib:/opt/ros/jazzy/opt/gz_transport_vendor/lib:/opt/ros/jazzy/opt/gz_rendering_vendor/lib:/opt/ros/jazzy/opt/gz_plugin_vendor/lib:/opt/ros/jazzy/opt/gz_fuel_tools_vendor/lib:/opt/ros/jazzy/opt/gz_msgs_vendor/lib:/opt/ros/jazzy/opt/gz_common_vendor/lib:/opt/ros/jazzy/opt/gz_math_vendor/lib:/opt/ros/jazzy/opt/gz_utils_vendor/lib:/opt/ros/jazzy/opt/gz_tools_vendor/lib:/opt/ros/jazzy/opt/gz_ogre_next_vendor/lib:/opt/ros/jazzy/opt/gz_dartsim_vendor/lib:/opt/ros/jazzy/opt/gz_cmake_vendor/lib:/opt/ros/jazzy/lib:/opt/ros/jazzy/lib:/opt/unitree_robotics/lib PYTHONPATH=/home/rakesh/practice/install/champ_msgs/lib/python3.12/site-packages:${PYTHONPATH} /usr/bin/cmake --build /home/rakesh/practice/build/champ_base -- -j12 -l12
[27.329s] Invoking command in '/home/rakesh/practice/build/champ_base': AMENT_PREFIX_PATH=/home/rakesh/practice/install/champ_msgs:/home/rakesh/practice/install/champ:${AMENT_PREFIX_PATH} CMAKE_PREFIX_PATH=/home/rakesh/practice/install/champ_msgs:/home/rakesh/practice/install/champ:/opt/ros/jazzy/opt/gz_sim_vendor:/opt/ros/jazzy/opt/gz_sensors_vendor:/opt/ros/jazzy/opt/gz_physics_vendor:/opt/ros/jazzy/opt/sdformat_vendor:/opt/ros/jazzy/opt/gz_gui_vendor:/opt/ros/jazzy/opt/gz_transport_vendor:/opt/ros/jazzy/opt/gz_rendering_vendor:/opt/ros/jazzy/opt/gz_plugin_vendor:/opt/ros/jazzy/opt/gz_fuel_tools_vendor:/opt/ros/jazzy/opt/gz_msgs_vendor:/opt/ros/jazzy/opt/gz_common_vendor:/opt/ros/jazzy/opt/gz_math_vendor:/opt/ros/jazzy/opt/gz_utils_vendor:/opt/ros/jazzy/opt/gz_tools_vendor:/opt/ros/jazzy/opt/gz_ogre_next_vendor:/opt/ros/jazzy/opt/gz_dartsim_vendor:/opt/ros/jazzy/opt/gz_cmake_vendor:/opt/ros/jazzy: DEBUGINFOD_URLS=https://debuginfod.ubuntu.com LD_LIBRARY_PATH=/home/rakesh/practice/install/champ_msgs/lib:/opt/ros/jazzy/opt/gz_sim_vendor/lib:/opt/ros/jazzy/opt/gz_sensors_vendor/lib:/opt/ros/jazzy/opt/gz_physics_vendor/lib:/opt/ros/jazzy/opt/sdformat_vendor/lib:/opt/ros/jazzy/opt/rviz_ogre_vendor/lib:/opt/ros/jazzy/lib/x86_64-linux-gnu:/opt/ros/jazzy/opt/gz_gui_vendor/lib:/opt/ros/jazzy/opt/gz_transport_vendor/lib:/opt/ros/jazzy/opt/gz_rendering_vendor/lib:/opt/ros/jazzy/opt/gz_plugin_vendor/lib:/opt/ros/jazzy/opt/gz_fuel_tools_vendor/lib:/opt/ros/jazzy/opt/gz_msgs_vendor/lib:/opt/ros/jazzy/opt/gz_common_vendor/lib:/opt/ros/jazzy/opt/gz_math_vendor/lib:/opt/ros/jazzy/opt/gz_utils_vendor/lib:/opt/ros/jazzy/opt/gz_tools_vendor/lib:/opt/ros/jazzy/opt/gz_ogre_next_vendor/lib:/opt/ros/jazzy/opt/gz_dartsim_vendor/lib:/opt/ros/jazzy/opt/gz_cmake_vendor/lib:/opt/ros/jazzy/lib:/opt/ros/jazzy/lib:/opt/unitree_robotics/lib PYTHONPATH=/home/rakesh/practice/install/champ_msgs/lib/python3.12/site-packages:${PYTHONPATH} /usr/bin/cmake --install /home/rakesh/practice/build/champ_base
[27.340s] -- Install configuration: ""
[27.340s] -- Installing: /home/rakesh/practice/install/champ_base/share/champ_base/config
[27.340s] -- Installing: /home/rakesh/practice/install/champ_base/share/champ_base/config/ekf
[27.341s] -- Installing: /home/rakesh/practice/install/champ_base/share/champ_base/config/ekf/base_to_footprint.yaml
[27.341s] -- Installing: /home/rakesh/practice/install/champ_base/share/champ_base/config/ekf/footprint_to_odom.yaml
[27.341s] -- Installing: /home/rakesh/practice/install/champ_base/share/champ_base/config/velocity_smoother
[27.341s] -- Installing: /home/rakesh/practice/install/champ_base/share/champ_base/config/velocity_smoother/velocity_smoother.yaml
[27.341s] -- Installing: /home/rakesh/practice/install/champ_base/lib/libquadruped_controller.so
[27.351s] -- Set non-toolchain portion of runtime path of "/home/rakesh/practice/install/champ_base/lib/libquadruped_controller.so" to ""
[27.351s] -- Installing: /home/rakesh/practice/install/champ_base/bin/quadruped_controller_node
[27.352s] -- Set non-toolchain portion of runtime path of "/home/rakesh/practice/install/champ_base/bin/quadruped_controller_node" to ""
[27.352s] -- Installing: /home/rakesh/practice/install/champ_base/lib/libmessage_relay.so
[27.366s] -- Set non-toolchain portion of runtime path of "/home/rakesh/practice/install/champ_base/lib/libmessage_relay.so" to ""
[27.366s] -- Installing: /home/rakesh/practice/install/champ_base/bin/message_relay_node
[27.366s] -- Set non-toolchain portion of runtime path of "/home/rakesh/practice/install/champ_base/bin/message_relay_node" to ""
[27.366s] -- Installing: /home/rakesh/practice/install/champ_base/lib/libstate_estimation.so
[27.381s] -- Set non-toolchain portion of runtime path of "/home/rakesh/practice/install/champ_base/lib/libstate_estimation.so" to ""
[27.382s] -- Installing: /home/rakesh/practice/install/champ_base/bin/state_estimation_node
[27.382s] -- Set non-toolchain portion of runtime path of "/home/rakesh/practice/install/champ_base/bin/state_estimation_node" to ""
[27.382s] -- Installing: /home/rakesh/practice/install/champ_base/lib/champ_base/quadruped_controller_node
[27.383s] -- Set non-toolchain portion of runtime path of "/home/rakesh/practice/install/champ_base/lib/champ_base/quadruped_controller_node" to ""
[27.383s] -- Installing: /home/rakesh/practice/install/champ_base/lib/champ_base/message_relay_node
[27.383s] -- Set non-toolchain portion of runtime path of "/home/rakesh/practice/install/champ_base/lib/champ_base/message_relay_node" to ""
[27.384s] -- Installing: /home/rakesh/practice/install/champ_base/lib/champ_base/state_estimation_node
[27.384s] -- Set non-toolchain portion of runtime path of "/home/rakesh/practice/install/champ_base/lib/champ_base/state_estimation_node" to ""
[27.384s] -- Installing: /home/rakesh/practice/install/champ_base/share/ament_index/resource_index/package_run_dependencies/champ_base
[27.385s] -- Installing: /home/rakesh/practice/install/champ_base/share/ament_index/resource_index/parent_prefix_path/champ_base
[27.385s] -- Installing: /home/rakesh/practice/install/champ_base/share/champ_base/environment/ament_prefix_path.sh
[27.385s] -- Installing: /home/rakesh/practice/install/champ_base/share/champ_base/environment/ament_prefix_path.dsv
[27.385s] -- Installing: /home/rakesh/practice/install/champ_base/share/champ_base/environment/path.sh
[27.385s] -- Installing: /home/rakesh/practice/install/champ_base/share/champ_base/environment/path.dsv
[27.386s] -- Installing: /home/rakesh/practice/install/champ_base/share/champ_base/local_setup.bash
[27.386s] -- Installing: /home/rakesh/practice/install/champ_base/share/champ_base/local_setup.sh
[27.386s] -- Installing: /home/rakesh/practice/install/champ_base/share/champ_base/local_setup.zsh
[27.386s] -- Installing: /home/rakesh/practice/install/champ_base/share/champ_base/local_setup.dsv
[27.386s] -- Installing: /home/rakesh/practice/install/champ_base/share/champ_base/package.dsv
[27.387s] -- Installing: /home/rakesh/practice/install/champ_base/share/ament_index/resource_index/packages/champ_base
[27.387s] -- Installing: /home/rakesh/practice/install/champ_base/share/champ_base/cmake/ament_cmake_export_include_directories-extras.cmake
[27.387s] -- Installing: /home/rakesh/practice/install/champ_base/share/champ_base/cmake/ament_cmake_export_dependencies-extras.cmake
[27.387s] -- Installing: /home/rakesh/practice/install/champ_base/share/champ_base/cmake/champ_baseConfig.cmake
[27.387s] -- Installing: /home/rakesh/practice/install/champ_base/share/champ_base/cmake/champ_baseConfig-version.cmake
[27.387s] -- Installing: /home/rakesh/practice/install/champ_base/share/champ_base/package.xml
[27.390s] Invoked command in '/home/rakesh/practice/build/champ_base' returned '0': AMENT_PREFIX_PATH=/home/rakesh/practice/install/champ_msgs:/home/rakesh/practice/install/champ:${AMENT_PREFIX_PATH} CMAKE_PREFIX_PATH=/home/rakesh/practice/install/champ_msgs:/home/rakesh/practice/install/champ:/opt/ros/jazzy/opt/gz_sim_vendor:/opt/ros/jazzy/opt/gz_sensors_vendor:/opt/ros/jazzy/opt/gz_physics_vendor:/opt/ros/jazzy/opt/sdformat_vendor:/opt/ros/jazzy/opt/gz_gui_vendor:/opt/ros/jazzy/opt/gz_transport_vendor:/opt/ros/jazzy/opt/gz_rendering_vendor:/opt/ros/jazzy/opt/gz_plugin_vendor:/opt/ros/jazzy/opt/gz_fuel_tools_vendor:/opt/ros/jazzy/opt/gz_msgs_vendor:/opt/ros/jazzy/opt/gz_common_vendor:/opt/ros/jazzy/opt/gz_math_vendor:/opt/ros/jazzy/opt/gz_utils_vendor:/opt/ros/jazzy/opt/gz_tools_vendor:/opt/ros/jazzy/opt/gz_ogre_next_vendor:/opt/ros/jazzy/opt/gz_dartsim_vendor:/opt/ros/jazzy/opt/gz_cmake_vendor:/opt/ros/jazzy: DEBUGINFOD_URLS=https://debuginfod.ubuntu.com LD_LIBRARY_PATH=/home/rakesh/practice/install/champ_msgs/lib:/opt/ros/jazzy/opt/gz_sim_vendor/lib:/opt/ros/jazzy/opt/gz_sensors_vendor/lib:/opt/ros/jazzy/opt/gz_physics_vendor/lib:/opt/ros/jazzy/opt/sdformat_vendor/lib:/opt/ros/jazzy/opt/rviz_ogre_vendor/lib:/opt/ros/jazzy/lib/x86_64-linux-gnu:/opt/ros/jazzy/opt/gz_gui_vendor/lib:/opt/ros/jazzy/opt/gz_transport_vendor/lib:/opt/ros/jazzy/opt/gz_rendering_vendor/lib:/opt/ros/jazzy/opt/gz_plugin_vendor/lib:/opt/ros/jazzy/opt/gz_fuel_tools_vendor/lib:/opt/ros/jazzy/opt/gz_msgs_vendor/lib:/opt/ros/jazzy/opt/gz_common_vendor/lib:/opt/ros/jazzy/opt/gz_math_vendor/lib:/opt/ros/jazzy/opt/gz_utils_vendor/lib:/opt/ros/jazzy/opt/gz_tools_vendor/lib:/opt/ros/jazzy/opt/gz_ogre_next_vendor/lib:/opt/ros/jazzy/opt/gz_dartsim_vendor/lib:/opt/ros/jazzy/opt/gz_cmake_vendor/lib:/opt/ros/jazzy/lib:/opt/ros/jazzy/lib:/opt/unitree_robotics/lib PYTHONPATH=/home/rakesh/practice/install/champ_msgs/lib/python3.12/site-packages:${PYTHONPATH} /usr/bin/cmake --install /home/rakesh/practice/build/champ_base
