[0.019s] Invoking command in '/home/rakesh/practice/build/unitree_go2_description': CMAKE_PREFIX_PATH=${CMAKE_PREFIX_PATH}:/opt/ros/jazzy: DEBUGINFOD_URLS=https://debuginfod.ubuntu.com /usr/bin/cmake --build /home/rakesh/practice/build/unitree_go2_description -- -j12 -l12
[0.097s] -- Found ament_cmake: 2.5.4 (/opt/ros/jazzy/share/ament_cmake/cmake)
[0.466s] -- Configuring done (0.4s)
[0.471s] -- Generating done (0.0s)
[0.474s] -- Build files have been written to: /home/rakesh/practice/build/unitree_go2_description
[0.516s] Invoked command in '/home/rakesh/practice/build/unitree_go2_description' returned '0': CMAKE_PREFIX_PATH=${CMAKE_PREFIX_PATH}:/opt/ros/jazzy: DEBUGINFOD_URLS=https://debuginfod.ubuntu.com /usr/bin/cmake --build /home/rakesh/practice/build/unitree_go2_description -- -j12 -l12
[0.518s] Invoking command in '/home/rakesh/practice/build/unitree_go2_description': CMAKE_PREFIX_PATH=${CMAKE_PREFIX_PATH}:/opt/ros/jazzy: DEBUGINFOD_URLS=https://debuginfod.ubuntu.com /usr/bin/cmake --install /home/rakesh/practice/build/unitree_go2_description
[0.528s] -- Install configuration: ""
[0.528s] -- Up-to-date: /home/rakesh/practice/install/unitree_go2_description/share/unitree_go2_description/worlds
[0.529s] -- Installing: /home/rakesh/practice/install/unitree_go2_description/share/unitree_go2_description/worlds/default.sdf
[0.529s] -- Up-to-date: /home/rakesh/practice/install/unitree_go2_description/share/unitree_go2_description/meshes
[0.529s] -- Installing: /home/rakesh/practice/install/unitree_go2_description/share/unitree_go2_description/meshes/trunk.dae
[0.552s] -- Installing: /home/rakesh/practice/install/unitree_go2_description/share/unitree_go2_description/meshes/foot.dae
[0.554s] -- Installing: /home/rakesh/practice/install/unitree_go2_description/share/unitree_go2_description/meshes/L1_4D_Lidar.dae
[0.559s] -- Installing: /home/rakesh/practice/install/unitree_go2_description/share/unitree_go2_description/meshes/thigh_mirror.dae
[0.567s] -- Installing: /home/rakesh/practice/install/unitree_go2_description/share/unitree_go2_description/meshes/VLP16_base_1.dae
[0.568s] -- Installing: /home/rakesh/practice/install/unitree_go2_description/share/unitree_go2_description/meshes/hip.dae
[0.579s] -- Installing: /home/rakesh/practice/install/unitree_go2_description/share/unitree_go2_description/meshes/calf.dae
[0.581s] -- Installing: /home/rakesh/practice/install/unitree_go2_description/share/unitree_go2_description/meshes/calf_mirror.dae
[0.584s] -- Installing: /home/rakesh/practice/install/unitree_go2_description/share/unitree_go2_description/meshes/hokuyo.dae
[0.584s] -- Installing: /home/rakesh/practice/install/unitree_go2_description/share/unitree_go2_description/meshes/thigh.dae
[0.591s] -- Installing: /home/rakesh/practice/install/unitree_go2_description/share/unitree_go2_description/meshes/VLP16_base_2.dae
[0.592s] -- Installing: /home/rakesh/practice/install/unitree_go2_description/share/unitree_go2_description/meshes/VLP16_scan.dae
[0.593s] -- Up-to-date: /home/rakesh/practice/install/unitree_go2_description/share/unitree_go2_description/urdf
[0.593s] -- Installing: /home/rakesh/practice/install/unitree_go2_description/share/unitree_go2_description/urdf/materials.xacro
[0.594s] -- Installing: /home/rakesh/practice/install/unitree_go2_description/share/unitree_go2_description/urdf/const.xacro
[0.594s] -- Installing: /home/rakesh/practice/install/unitree_go2_description/share/unitree_go2_description/urdf/unitree_go2_robot.xacro
[0.594s] -- Installing: /home/rakesh/practice/install/unitree_go2_description/share/unitree_go2_description/urdf/unitree_go2_gazebo.xacro
[0.595s] -- Installing: /home/rakesh/practice/install/unitree_go2_description/share/unitree_go2_description/urdf/velodyne.xacro
[0.595s] -- Installing: /home/rakesh/practice/install/unitree_go2_description/share/unitree_go2_description/urdf/leg.xacro
[0.595s] -- Installing: /home/rakesh/practice/install/unitree_go2_description/share/unitree_go2_description/urdf/lidar_4D_lidar.xacro
[0.596s] -- Up-to-date: /home/rakesh/practice/install/unitree_go2_description/share/ament_index/resource_index/package_run_dependencies/unitree_go2_description
[0.596s] -- Up-to-date: /home/rakesh/practice/install/unitree_go2_description/share/ament_index/resource_index/parent_prefix_path/unitree_go2_description
[0.596s] -- Installing: /home/rakesh/practice/install/unitree_go2_description/share/unitree_go2_description/environment/ament_prefix_path.sh
[0.596s] -- Up-to-date: /home/rakesh/practice/install/unitree_go2_description/share/unitree_go2_description/environment/ament_prefix_path.dsv
[0.596s] -- Installing: /home/rakesh/practice/install/unitree_go2_description/share/unitree_go2_description/environment/path.sh
[0.596s] -- Up-to-date: /home/rakesh/practice/install/unitree_go2_description/share/unitree_go2_description/environment/path.dsv
[0.597s] -- Up-to-date: /home/rakesh/practice/install/unitree_go2_description/share/unitree_go2_description/local_setup.bash
[0.597s] -- Up-to-date: /home/rakesh/practice/install/unitree_go2_description/share/unitree_go2_description/local_setup.sh
[0.597s] -- Up-to-date: /home/rakesh/practice/install/unitree_go2_description/share/unitree_go2_description/local_setup.zsh
[0.597s] -- Up-to-date: /home/rakesh/practice/install/unitree_go2_description/share/unitree_go2_description/local_setup.dsv
[0.597s] -- Up-to-date: /home/rakesh/practice/install/unitree_go2_description/share/unitree_go2_description/package.dsv
[0.597s] -- Up-to-date: /home/rakesh/practice/install/unitree_go2_description/share/ament_index/resource_index/packages/unitree_go2_description
[0.597s] -- Up-to-date: /home/rakesh/practice/install/unitree_go2_description/share/unitree_go2_description/cmake/unitree_go2_descriptionConfig.cmake
[0.597s] -- Up-to-date: /home/rakesh/practice/install/unitree_go2_description/share/unitree_go2_description/cmake/unitree_go2_descriptionConfig-version.cmake
[0.597s] -- Installing: /home/rakesh/practice/install/unitree_go2_description/share/unitree_go2_description/package.xml
[0.600s] Invoked command in '/home/rakesh/practice/build/unitree_go2_description' returned '0': CMAKE_PREFIX_PATH=${CMAKE_PREFIX_PATH}:/opt/ros/jazzy: DEBUGINFOD_URLS=https://debuginfod.ubuntu.com /usr/bin/cmake --install /home/rakesh/practice/build/unitree_go2_description
