[0.027s] Invoking command in '/home/rakesh/practice/build/champ': CMAKE_PREFIX_PATH=${CMAKE_PREFIX_PATH}:/opt/ros/jazzy: DEBUGINFOD_URLS=https://debuginfod.ubuntu.com /usr/bin/cmake --build /home/rakesh/practice/build/champ -- -j12 -l12
[0.088s] Invoked command in '/home/rakesh/practice/build/champ' returned '0': CMAKE_PREFIX_PATH=${CMAKE_PREFIX_PATH}:/opt/ros/jazzy: DEBUGINFOD_URLS=https://debuginfod.ubuntu.com /usr/bin/cmake --build /home/rakesh/practice/build/champ -- -j12 -l12
[0.102s] Invoking command in '/home/rakesh/practice/build/champ': CMAKE_PREFIX_PATH=${CMAKE_PREFIX_PATH}:/opt/ros/jazzy: DEBUGINFOD_URLS=https://debuginfod.ubuntu.com /usr/bin/cmake --install /home/rakesh/practice/build/champ
[0.114s] -- Install configuration: ""
[0.114s] -- Up-to-date: /home/rakesh/practice/install/champ/include
[0.115s] -- Up-to-date: /home/rakesh/practice/install/champ/include/champ
[0.115s] -- Up-to-date: /home/rakesh/practice/install/champ/include/champ/quadruped_base
[0.115s] -- Up-to-date: /home/rakesh/practice/install/champ/include/champ/quadruped_base/quadruped_joint.h
[0.115s] -- Up-to-date: /home/rakesh/practice/install/champ/include/champ/quadruped_base/quadruped_leg.h
[0.115s] -- Up-to-date: /home/rakesh/practice/install/champ/include/champ/quadruped_base/quadruped_base.h
[0.115s] -- Up-to-date: /home/rakesh/practice/install/champ/include/champ/quadruped_base/quadruped_components.h
[0.115s] -- Up-to-date: /home/rakesh/practice/install/champ/include/champ/LICENSE
[0.115s] -- Up-to-date: /home/rakesh/practice/install/champ/include/champ/bla
[0.116s] -- Up-to-date: /home/rakesh/practice/install/champ/include/champ/bla/basic_linear_algebra.h
[0.116s] -- Up-to-date: /home/rakesh/practice/install/champ/include/champ/bla/memory_delegate.h
[0.116s] -- Up-to-date: /home/rakesh/practice/install/champ/include/champ/body_controller
[0.116s] -- Up-to-date: /home/rakesh/practice/install/champ/include/champ/body_controller/body_controller.h
[0.116s] -- Up-to-date: /home/rakesh/practice/install/champ/include/champ/README.md
[0.116s] -- Up-to-date: /home/rakesh/practice/install/champ/include/champ/geometry
[0.116s] -- Up-to-date: /home/rakesh/practice/install/champ/include/champ/geometry/geometry.h
[0.116s] -- Up-to-date: /home/rakesh/practice/install/champ/include/champ/kinematics
[0.116s] -- Up-to-date: /home/rakesh/practice/install/champ/include/champ/kinematics/kinematics.h
[0.117s] -- Up-to-date: /home/rakesh/practice/install/champ/include/champ/macros
[0.117s] -- Up-to-date: /home/rakesh/practice/install/champ/include/champ/macros/macros.h
[0.117s] -- Up-to-date: /home/rakesh/practice/install/champ/include/champ/leg_controller
[0.117s] -- Up-to-date: /home/rakesh/practice/install/champ/include/champ/leg_controller/leg_controller.h
[0.117s] -- Up-to-date: /home/rakesh/practice/install/champ/include/champ/leg_controller/trajectory_planner.h
[0.117s] -- Up-to-date: /home/rakesh/practice/install/champ/include/champ/leg_controller/phase_generator.h
[0.117s] -- Up-to-date: /home/rakesh/practice/install/champ/include/champ/utils
[0.117s] -- Up-to-date: /home/rakesh/practice/install/champ/include/champ/utils/xmlrpc_helpers.h
[0.117s] -- Up-to-date: /home/rakesh/practice/install/champ/include/champ/utils/urdf_loader.h
[0.117s] -- Up-to-date: /home/rakesh/practice/install/champ/include/champ/odometry
[0.118s] -- Up-to-date: /home/rakesh/practice/install/champ/include/champ/odometry/odometry.h
[0.118s] -- Up-to-date: /home/rakesh/practice/install/champ/share/ament_index/resource_index/package_run_dependencies/champ
[0.118s] -- Up-to-date: /home/rakesh/practice/install/champ/share/ament_index/resource_index/parent_prefix_path/champ
[0.118s] -- Up-to-date: /home/rakesh/practice/install/champ/share/champ/environment/ament_prefix_path.sh
[0.118s] -- Up-to-date: /home/rakesh/practice/install/champ/share/champ/environment/ament_prefix_path.dsv
[0.118s] -- Up-to-date: /home/rakesh/practice/install/champ/share/champ/environment/path.sh
[0.118s] -- Up-to-date: /home/rakesh/practice/install/champ/share/champ/environment/path.dsv
[0.118s] -- Up-to-date: /home/rakesh/practice/install/champ/share/champ/local_setup.bash
[0.118s] -- Up-to-date: /home/rakesh/practice/install/champ/share/champ/local_setup.sh
[0.118s] -- Up-to-date: /home/rakesh/practice/install/champ/share/champ/local_setup.zsh
[0.118s] -- Up-to-date: /home/rakesh/practice/install/champ/share/champ/local_setup.dsv
[0.119s] -- Installing: /home/rakesh/practice/install/champ/share/champ/package.dsv
[0.119s] -- Up-to-date: /home/rakesh/practice/install/champ/share/ament_index/resource_index/packages/champ
[0.119s] -- Up-to-date: /home/rakesh/practice/install/champ/share/champ/cmake/ament_cmake_export_include_directories-extras.cmake
[0.119s] -- Up-to-date: /home/rakesh/practice/install/champ/share/champ/cmake/champConfig.cmake
[0.119s] -- Up-to-date: /home/rakesh/practice/install/champ/share/champ/cmake/champConfig-version.cmake
[0.119s] -- Up-to-date: /home/rakesh/practice/install/champ/share/champ/package.xml
[0.132s] Invoked command in '/home/rakesh/practice/build/champ' returned '0': CMAKE_PREFIX_PATH=${CMAKE_PREFIX_PATH}:/opt/ros/jazzy: DEBUGINFOD_URLS=https://debuginfod.ubuntu.com /usr/bin/cmake --install /home/rakesh/practice/build/champ
