[0.024s] Invoking command in '/home/rakesh/practice/build/champ_msgs': CMAKE_PREFIX_PATH=${CMAKE_PREFIX_PATH}:/opt/ros/jazzy: DEBUGINFOD_URLS=https://debuginfod.ubuntu.com /usr/bin/cmake --build /home/rakesh/practice/build/champ_msgs -- -j12 -l12
[0.155s] [  1%] Built target champ_msgs__rosidl_generator_type_description
[0.182s] [  1%] Built target ament_cmake_python_copy_champ_msgs
[0.195s] [  1%] Built target champ_msgs__cpp
[0.224s] [ 27%] Built target champ_msgs__rosidl_generator_c
[0.275s] [ 46%] Built target champ_msgs__rosidl_typesupport_c
[0.275s] [ 47%] Built target champ_msgs__rosidl_typesupport_introspection_c
[0.282s] [ 77%] Built target champ_msgs__rosidl_typesupport_fastrtps_c
[0.283s] [ 77%] Built target champ_msgs__rosidl_typesupport_cpp
[0.283s] [ 85%] Built target champ_msgs__rosidl_typesupport_fastrtps_cpp
[0.283s] [ 85%] Built target champ_msgs__rosidl_typesupport_introspection_cpp
[0.317s] [ 85%] Built target champ_msgs
[0.354s] [ 86%] Built target champ_msgs__py
[0.406s] [ 94%] Built target champ_msgs__rosidl_generator_py
[0.443s] [ 98%] Built target champ_msgs_s__rosidl_typesupport_fastrtps_c
[0.443s] [ 98%] Built target champ_msgs_s__rosidl_typesupport_introspection_c
[0.447s] [100%] Built target champ_msgs_s__rosidl_typesupport_c
[0.526s] running egg_info
[0.562s] writing champ_msgs.egg-info/PKG-INFO
[0.562s] writing dependency_links to champ_msgs.egg-info/dependency_links.txt
[0.562s] writing top-level names to champ_msgs.egg-info/top_level.txt
[0.683s] reading manifest file 'champ_msgs.egg-info/SOURCES.txt'
[0.684s] writing manifest file 'champ_msgs.egg-info/SOURCES.txt'
[0.766s] [100%] Built target ament_cmake_python_build_champ_msgs_egg
[0.798s] Invoked command in '/home/rakesh/practice/build/champ_msgs' returned '0': CMAKE_PREFIX_PATH=${CMAKE_PREFIX_PATH}:/opt/ros/jazzy: DEBUGINFOD_URLS=https://debuginfod.ubuntu.com /usr/bin/cmake --build /home/rakesh/practice/build/champ_msgs -- -j12 -l12
[0.800s] Invoking command in '/home/rakesh/practice/build/champ_msgs': CMAKE_PREFIX_PATH=${CMAKE_PREFIX_PATH}:/opt/ros/jazzy: DEBUGINFOD_URLS=https://debuginfod.ubuntu.com /usr/bin/cmake --install /home/rakesh/practice/build/champ_msgs
[0.821s] -- Install configuration: ""
[0.821s] -- Up-to-date: /home/rakesh/practice/install/champ_msgs/share/ament_index/resource_index/rosidl_interfaces/champ_msgs
[0.822s] -- Up-to-date: /home/rakesh/practice/install/champ_msgs/share/champ_msgs/msg/Velocities.json
[0.822s] -- Up-to-date: /home/rakesh/practice/install/champ_msgs/share/champ_msgs/msg/PID.json
[0.822s] -- Up-to-date: /home/rakesh/practice/install/champ_msgs/share/champ_msgs/msg/Imu.json
[0.822s] -- Up-to-date: /home/rakesh/practice/install/champ_msgs/share/champ_msgs/msg/Point.json
[0.822s] -- Up-to-date: /home/rakesh/practice/install/champ_msgs/share/champ_msgs/msg/PointArray.json
[0.822s] -- Up-to-date: /home/rakesh/practice/install/champ_msgs/share/champ_msgs/msg/Joints.json
[0.822s] -- Up-to-date: /home/rakesh/practice/install/champ_msgs/share/champ_msgs/msg/Contacts.json
[0.822s] -- Up-to-date: /home/rakesh/practice/install/champ_msgs/share/champ_msgs/msg/ContactsStamped.json
[0.822s] -- Up-to-date: /home/rakesh/practice/install/champ_msgs/share/champ_msgs/msg/Pose.json
[0.823s] -- Up-to-date: /home/rakesh/practice/install/champ_msgs/include/champ_msgs/champ_msgs
[0.823s] -- Up-to-date: /home/rakesh/practice/install/champ_msgs/include/champ_msgs/champ_msgs/msg
[0.823s] -- Up-to-date: /home/rakesh/practice/install/champ_msgs/include/champ_msgs/champ_msgs/msg/velocities.h
[0.823s] -- Up-to-date: /home/rakesh/practice/install/champ_msgs/include/champ_msgs/champ_msgs/msg/rosidl_generator_c__visibility_control.h
[0.823s] -- Up-to-date: /home/rakesh/practice/install/champ_msgs/include/champ_msgs/champ_msgs/msg/point.h
[0.823s] -- Up-to-date: /home/rakesh/practice/install/champ_msgs/include/champ_msgs/champ_msgs/msg/contacts.h
[0.823s] -- Up-to-date: /home/rakesh/practice/install/champ_msgs/include/champ_msgs/champ_msgs/msg/point_array.h
[0.823s] -- Up-to-date: /home/rakesh/practice/install/champ_msgs/include/champ_msgs/champ_msgs/msg/joints.h
[0.823s] -- Up-to-date: /home/rakesh/practice/install/champ_msgs/include/champ_msgs/champ_msgs/msg/contacts_stamped.h
[0.824s] -- Up-to-date: /home/rakesh/practice/install/champ_msgs/include/champ_msgs/champ_msgs/msg/imu.h
[0.824s] -- Up-to-date: /home/rakesh/practice/install/champ_msgs/include/champ_msgs/champ_msgs/msg/pid.h
[0.824s] -- Up-to-date: /home/rakesh/practice/install/champ_msgs/include/champ_msgs/champ_msgs/msg/pose.h
[0.824s] -- Up-to-date: /home/rakesh/practice/install/champ_msgs/include/champ_msgs/champ_msgs/msg/detail
[0.825s] -- Up-to-date: /home/rakesh/practice/install/champ_msgs/include/champ_msgs/champ_msgs/msg/detail/velocities__struct.h
[0.825s] -- Up-to-date: /home/rakesh/practice/install/champ_msgs/include/champ_msgs/champ_msgs/msg/detail/contacts_stamped__struct.h
[0.825s] -- Up-to-date: /home/rakesh/practice/install/champ_msgs/include/champ_msgs/champ_msgs/msg/detail/pid__functions.c
[0.825s] -- Up-to-date: /home/rakesh/practice/install/champ_msgs/include/champ_msgs/champ_msgs/msg/detail/contacts__struct.h
[0.825s] -- Up-to-date: /home/rakesh/practice/install/champ_msgs/include/champ_msgs/champ_msgs/msg/detail/imu__type_support.h
[0.825s] -- Up-to-date: /home/rakesh/practice/install/champ_msgs/include/champ_msgs/champ_msgs/msg/detail/pose__description.c
[0.825s] -- Up-to-date: /home/rakesh/practice/install/champ_msgs/include/champ_msgs/champ_msgs/msg/detail/contacts__functions.h
[0.826s] -- Up-to-date: /home/rakesh/practice/install/champ_msgs/include/champ_msgs/champ_msgs/msg/detail/joints__description.c
[0.826s] -- Up-to-date: /home/rakesh/practice/install/champ_msgs/include/champ_msgs/champ_msgs/msg/detail/contacts_stamped__description.c
[0.826s] -- Up-to-date: /home/rakesh/practice/install/champ_msgs/include/champ_msgs/champ_msgs/msg/detail/contacts_stamped__type_support.h
[0.826s] -- Up-to-date: /home/rakesh/practice/install/champ_msgs/include/champ_msgs/champ_msgs/msg/detail/point__functions.h
[0.826s] -- Up-to-date: /home/rakesh/practice/install/champ_msgs/include/champ_msgs/champ_msgs/msg/detail/velocities__type_support.c
[0.826s] -- Up-to-date: /home/rakesh/practice/install/champ_msgs/include/champ_msgs/champ_msgs/msg/detail/joints__functions.c
[0.826s] -- Up-to-date: /home/rakesh/practice/install/champ_msgs/include/champ_msgs/champ_msgs/msg/detail/pid__type_support.h
[0.826s] -- Up-to-date: /home/rakesh/practice/install/champ_msgs/include/champ_msgs/champ_msgs/msg/detail/contacts_stamped__functions.h
[0.826s] -- Up-to-date: /home/rakesh/practice/install/champ_msgs/include/champ_msgs/champ_msgs/msg/detail/velocities__functions.c
[0.827s] -- Up-to-date: /home/rakesh/practice/install/champ_msgs/include/champ_msgs/champ_msgs/msg/detail/pose__functions.h
[0.827s] -- Up-to-date: /home/rakesh/practice/install/champ_msgs/include/champ_msgs/champ_msgs/msg/detail/velocities__description.c
[0.827s] -- Up-to-date: /home/rakesh/practice/install/champ_msgs/include/champ_msgs/champ_msgs/msg/detail/contacts__type_support.h
[0.827s] -- Up-to-date: /home/rakesh/practice/install/champ_msgs/include/champ_msgs/champ_msgs/msg/detail/point_array__type_support.h
[0.827s] -- Up-to-date: /home/rakesh/practice/install/champ_msgs/include/champ_msgs/champ_msgs/msg/detail/joints__type_support.c
[0.827s] -- Up-to-date: /home/rakesh/practice/install/champ_msgs/include/champ_msgs/champ_msgs/msg/detail/pose__type_support.h
[0.827s] -- Up-to-date: /home/rakesh/practice/install/champ_msgs/include/champ_msgs/champ_msgs/msg/detail/imu__functions.h
[0.827s] -- Up-to-date: /home/rakesh/practice/install/champ_msgs/include/champ_msgs/champ_msgs/msg/detail/contacts__functions.c
[0.827s] -- Up-to-date: /home/rakesh/practice/install/champ_msgs/include/champ_msgs/champ_msgs/msg/detail/imu__functions.c
[0.828s] -- Up-to-date: /home/rakesh/practice/install/champ_msgs/include/champ_msgs/champ_msgs/msg/detail/point_array__functions.c
[0.828s] -- Installing: /home/rakesh/practice/install/champ_msgs/include/champ_msgs/champ_msgs/msg/detail/pose__type_support.c
[0.828s] -- Up-to-date: /home/rakesh/practice/install/champ_msgs/include/champ_msgs/champ_msgs/msg/detail/imu__struct.h
[0.828s] -- Up-to-date: /home/rakesh/practice/install/champ_msgs/include/champ_msgs/champ_msgs/msg/detail/point_array__description.c
[0.828s] -- Up-to-date: /home/rakesh/practice/install/champ_msgs/include/champ_msgs/champ_msgs/msg/detail/contacts__type_support.c
[0.828s] -- Up-to-date: /home/rakesh/practice/install/champ_msgs/include/champ_msgs/champ_msgs/msg/detail/point__struct.h
[0.828s] -- Up-to-date: /home/rakesh/practice/install/champ_msgs/include/champ_msgs/champ_msgs/msg/detail/velocities__functions.h
[0.828s] -- Up-to-date: /home/rakesh/practice/install/champ_msgs/include/champ_msgs/champ_msgs/msg/detail/point__description.c
[0.829s] -- Up-to-date: /home/rakesh/practice/install/champ_msgs/include/champ_msgs/champ_msgs/msg/detail/point_array__functions.h
[0.829s] -- Up-to-date: /home/rakesh/practice/install/champ_msgs/include/champ_msgs/champ_msgs/msg/detail/joints__functions.h
[0.829s] -- Up-to-date: /home/rakesh/practice/install/champ_msgs/include/champ_msgs/champ_msgs/msg/detail/velocities__type_support.h
[0.829s] -- Up-to-date: /home/rakesh/practice/install/champ_msgs/include/champ_msgs/champ_msgs/msg/detail/contacts_stamped__type_support.c
[0.829s] -- Up-to-date: /home/rakesh/practice/install/champ_msgs/include/champ_msgs/champ_msgs/msg/detail/joints__struct.h
[0.829s] -- Up-to-date: /home/rakesh/practice/install/champ_msgs/include/champ_msgs/champ_msgs/msg/detail/contacts_stamped__functions.c
[0.829s] -- Up-to-date: /home/rakesh/practice/install/champ_msgs/include/champ_msgs/champ_msgs/msg/detail/pid__description.c
[0.830s] -- Up-to-date: /home/rakesh/practice/install/champ_msgs/include/champ_msgs/champ_msgs/msg/detail/pid__struct.h
[0.830s] -- Up-to-date: /home/rakesh/practice/install/champ_msgs/include/champ_msgs/champ_msgs/msg/detail/point__type_support.h
[0.830s] -- Up-to-date: /home/rakesh/practice/install/champ_msgs/include/champ_msgs/champ_msgs/msg/detail/pose__functions.c
[0.830s] -- Up-to-date: /home/rakesh/practice/install/champ_msgs/include/champ_msgs/champ_msgs/msg/detail/point_array__struct.h
[0.830s] -- Up-to-date: /home/rakesh/practice/install/champ_msgs/include/champ_msgs/champ_msgs/msg/detail/joints__type_support.h
[0.830s] -- Up-to-date: /home/rakesh/practice/install/champ_msgs/include/champ_msgs/champ_msgs/msg/detail/pose__struct.h
[0.830s] -- Up-to-date: /home/rakesh/practice/install/champ_msgs/include/champ_msgs/champ_msgs/msg/detail/point__type_support.c
[0.830s] -- Up-to-date: /home/rakesh/practice/install/champ_msgs/include/champ_msgs/champ_msgs/msg/detail/pid__functions.h
[0.831s] -- Up-to-date: /home/rakesh/practice/install/champ_msgs/include/champ_msgs/champ_msgs/msg/detail/point__functions.c
[0.831s] -- Up-to-date: /home/rakesh/practice/install/champ_msgs/include/champ_msgs/champ_msgs/msg/detail/imu__description.c
[0.831s] -- Up-to-date: /home/rakesh/practice/install/champ_msgs/include/champ_msgs/champ_msgs/msg/detail/imu__type_support.c
[0.831s] -- Up-to-date: /home/rakesh/practice/install/champ_msgs/include/champ_msgs/champ_msgs/msg/detail/pid__type_support.c
[0.831s] -- Up-to-date: /home/rakesh/practice/install/champ_msgs/include/champ_msgs/champ_msgs/msg/detail/contacts__description.c
[0.831s] -- Up-to-date: /home/rakesh/practice/install/champ_msgs/include/champ_msgs/champ_msgs/msg/detail/point_array__type_support.c
[0.831s] -- Up-to-date: /home/rakesh/practice/install/champ_msgs/share/champ_msgs/environment/library_path.sh
[0.831s] -- Up-to-date: /home/rakesh/practice/install/champ_msgs/share/champ_msgs/environment/library_path.dsv
[0.832s] -- Up-to-date: /home/rakesh/practice/install/champ_msgs/lib/libchamp_msgs__rosidl_generator_c.so
[0.832s] -- Up-to-date: /home/rakesh/practice/install/champ_msgs/include/champ_msgs/champ_msgs
[0.832s] -- Up-to-date: /home/rakesh/practice/install/champ_msgs/include/champ_msgs/champ_msgs/msg
[0.832s] -- Up-to-date: /home/rakesh/practice/install/champ_msgs/include/champ_msgs/champ_msgs/msg/rosidl_typesupport_fastrtps_c__visibility_control.h
[0.832s] -- Up-to-date: /home/rakesh/practice/install/champ_msgs/include/champ_msgs/champ_msgs/msg/detail
[0.832s] -- Up-to-date: /home/rakesh/practice/install/champ_msgs/include/champ_msgs/champ_msgs/msg/detail/velocities__rosidl_typesupport_fastrtps_c.h
[0.832s] -- Up-to-date: /home/rakesh/practice/install/champ_msgs/include/champ_msgs/champ_msgs/msg/detail/pose__rosidl_typesupport_fastrtps_c.h
[0.832s] -- Up-to-date: /home/rakesh/practice/install/champ_msgs/include/champ_msgs/champ_msgs/msg/detail/pid__rosidl_typesupport_fastrtps_c.h
[0.833s] -- Up-to-date: /home/rakesh/practice/install/champ_msgs/include/champ_msgs/champ_msgs/msg/detail/imu__rosidl_typesupport_fastrtps_c.h
[0.833s] -- Up-to-date: /home/rakesh/practice/install/champ_msgs/include/champ_msgs/champ_msgs/msg/detail/joints__rosidl_typesupport_fastrtps_c.h
[0.833s] -- Up-to-date: /home/rakesh/practice/install/champ_msgs/include/champ_msgs/champ_msgs/msg/detail/contacts__rosidl_typesupport_fastrtps_c.h
[0.833s] -- Up-to-date: /home/rakesh/practice/install/champ_msgs/include/champ_msgs/champ_msgs/msg/detail/point_array__rosidl_typesupport_fastrtps_c.h
[0.833s] -- Up-to-date: /home/rakesh/practice/install/champ_msgs/include/champ_msgs/champ_msgs/msg/detail/contacts_stamped__rosidl_typesupport_fastrtps_c.h
[0.833s] -- Up-to-date: /home/rakesh/practice/install/champ_msgs/include/champ_msgs/champ_msgs/msg/detail/point__rosidl_typesupport_fastrtps_c.h
[0.833s] -- Up-to-date: /home/rakesh/practice/install/champ_msgs/lib/libchamp_msgs__rosidl_typesupport_fastrtps_c.so
[0.834s] -- Up-to-date: /home/rakesh/practice/install/champ_msgs/include/champ_msgs/champ_msgs
[0.834s] -- Up-to-date: /home/rakesh/practice/install/champ_msgs/include/champ_msgs/champ_msgs/msg
[0.834s] -- Up-to-date: /home/rakesh/practice/install/champ_msgs/include/champ_msgs/champ_msgs/msg/rosidl_typesupport_introspection_c__visibility_control.h
[0.834s] -- Up-to-date: /home/rakesh/practice/install/champ_msgs/include/champ_msgs/champ_msgs/msg/detail
[0.834s] -- Up-to-date: /home/rakesh/practice/install/champ_msgs/include/champ_msgs/champ_msgs/msg/detail/joints__rosidl_typesupport_introspection_c.h
[0.834s] -- Up-to-date: /home/rakesh/practice/install/champ_msgs/include/champ_msgs/champ_msgs/msg/detail/velocities__type_support.c
[0.834s] -- Up-to-date: /home/rakesh/practice/install/champ_msgs/include/champ_msgs/champ_msgs/msg/detail/contacts__rosidl_typesupport_introspection_c.h
[0.834s] -- Up-to-date: /home/rakesh/practice/install/champ_msgs/include/champ_msgs/champ_msgs/msg/detail/joints__type_support.c
[0.835s] -- Installing: /home/rakesh/practice/install/champ_msgs/include/champ_msgs/champ_msgs/msg/detail/pose__type_support.c
[0.835s] -- Up-to-date: /home/rakesh/practice/install/champ_msgs/include/champ_msgs/champ_msgs/msg/detail/point_array__rosidl_typesupport_introspection_c.h
[0.835s] -- Up-to-date: /home/rakesh/practice/install/champ_msgs/include/champ_msgs/champ_msgs/msg/detail/contacts__type_support.c
[0.835s] -- Up-to-date: /home/rakesh/practice/install/champ_msgs/include/champ_msgs/champ_msgs/msg/detail/imu__rosidl_typesupport_introspection_c.h
[0.835s] -- Up-to-date: /home/rakesh/practice/install/champ_msgs/include/champ_msgs/champ_msgs/msg/detail/contacts_stamped__type_support.c
[0.835s] -- Up-to-date: /home/rakesh/practice/install/champ_msgs/include/champ_msgs/champ_msgs/msg/detail/velocities__rosidl_typesupport_introspection_c.h
[0.835s] -- Up-to-date: /home/rakesh/practice/install/champ_msgs/include/champ_msgs/champ_msgs/msg/detail/pid__rosidl_typesupport_introspection_c.h
[0.835s] -- Up-to-date: /home/rakesh/practice/install/champ_msgs/include/champ_msgs/champ_msgs/msg/detail/point__type_support.c
[0.836s] -- Up-to-date: /home/rakesh/practice/install/champ_msgs/include/champ_msgs/champ_msgs/msg/detail/pose__rosidl_typesupport_introspection_c.h
[0.836s] -- Up-to-date: /home/rakesh/practice/install/champ_msgs/include/champ_msgs/champ_msgs/msg/detail/contacts_stamped__rosidl_typesupport_introspection_c.h
[0.836s] -- Up-to-date: /home/rakesh/practice/install/champ_msgs/include/champ_msgs/champ_msgs/msg/detail/imu__type_support.c
[0.836s] -- Up-to-date: /home/rakesh/practice/install/champ_msgs/include/champ_msgs/champ_msgs/msg/detail/pid__type_support.c
[0.836s] -- Up-to-date: /home/rakesh/practice/install/champ_msgs/include/champ_msgs/champ_msgs/msg/detail/point__rosidl_typesupport_introspection_c.h
[0.836s] -- Up-to-date: /home/rakesh/practice/install/champ_msgs/include/champ_msgs/champ_msgs/msg/detail/point_array__type_support.c
[0.836s] -- Up-to-date: /home/rakesh/practice/install/champ_msgs/lib/libchamp_msgs__rosidl_typesupport_introspection_c.so
[0.836s] -- Up-to-date: /home/rakesh/practice/install/champ_msgs/lib/libchamp_msgs__rosidl_typesupport_c.so
[0.837s] -- Up-to-date: /home/rakesh/practice/install/champ_msgs/include/champ_msgs/champ_msgs
[0.838s] -- Up-to-date: /home/rakesh/practice/install/champ_msgs/include/champ_msgs/champ_msgs/msg
[0.838s] -- Up-to-date: /home/rakesh/practice/install/champ_msgs/include/champ_msgs/champ_msgs/msg/contacts_stamped.hpp
[0.839s] -- Up-to-date: /home/rakesh/practice/install/champ_msgs/include/champ_msgs/champ_msgs/msg/imu.hpp
[0.839s] -- Up-to-date: /home/rakesh/practice/install/champ_msgs/include/champ_msgs/champ_msgs/msg/point.hpp
[0.839s] -- Up-to-date: /home/rakesh/practice/install/champ_msgs/include/champ_msgs/champ_msgs/msg/pid.hpp
[0.839s] -- Up-to-date: /home/rakesh/practice/install/champ_msgs/include/champ_msgs/champ_msgs/msg/point_array.hpp
[0.839s] -- Up-to-date: /home/rakesh/practice/install/champ_msgs/include/champ_msgs/champ_msgs/msg/pose.hpp
[0.839s] -- Up-to-date: /home/rakesh/practice/install/champ_msgs/include/champ_msgs/champ_msgs/msg/joints.hpp
[0.839s] -- Up-to-date: /home/rakesh/practice/install/champ_msgs/include/champ_msgs/champ_msgs/msg/velocities.hpp
[0.840s] -- Up-to-date: /home/rakesh/practice/install/champ_msgs/include/champ_msgs/champ_msgs/msg/contacts.hpp
[0.840s] -- Up-to-date: /home/rakesh/practice/install/champ_msgs/include/champ_msgs/champ_msgs/msg/detail
[0.840s] -- Up-to-date: /home/rakesh/practice/install/champ_msgs/include/champ_msgs/champ_msgs/msg/detail/velocities__traits.hpp
[0.840s] -- Up-to-date: /home/rakesh/practice/install/champ_msgs/include/champ_msgs/champ_msgs/msg/detail/velocities__type_support.hpp
[0.840s] -- Up-to-date: /home/rakesh/practice/install/champ_msgs/include/champ_msgs/champ_msgs/msg/detail/velocities__struct.hpp
[0.840s] -- Up-to-date: /home/rakesh/practice/install/champ_msgs/include/champ_msgs/champ_msgs/msg/detail/point_array__struct.hpp
[0.840s] -- Up-to-date: /home/rakesh/practice/install/champ_msgs/include/champ_msgs/champ_msgs/msg/detail/point__traits.hpp
[0.840s] -- Up-to-date: /home/rakesh/practice/install/champ_msgs/include/champ_msgs/champ_msgs/msg/detail/velocities__builder.hpp
[0.840s] -- Up-to-date: /home/rakesh/practice/install/champ_msgs/include/champ_msgs/champ_msgs/msg/detail/point_array__builder.hpp
[0.840s] -- Up-to-date: /home/rakesh/practice/install/champ_msgs/include/champ_msgs/champ_msgs/msg/detail/imu__builder.hpp
[0.840s] -- Up-to-date: /home/rakesh/practice/install/champ_msgs/include/champ_msgs/champ_msgs/msg/detail/contacts__type_support.hpp
[0.841s] -- Up-to-date: /home/rakesh/practice/install/champ_msgs/include/champ_msgs/champ_msgs/msg/detail/contacts_stamped__builder.hpp
[0.841s] -- Up-to-date: /home/rakesh/practice/install/champ_msgs/include/champ_msgs/champ_msgs/msg/detail/point__builder.hpp
[0.841s] -- Up-to-date: /home/rakesh/practice/install/champ_msgs/include/champ_msgs/champ_msgs/msg/detail/contacts_stamped__struct.hpp
[0.841s] -- Up-to-date: /home/rakesh/practice/install/champ_msgs/include/champ_msgs/champ_msgs/msg/detail/joints__type_support.hpp
[0.841s] -- Up-to-date: /home/rakesh/practice/install/champ_msgs/include/champ_msgs/champ_msgs/msg/detail/imu__traits.hpp
[0.841s] -- Up-to-date: /home/rakesh/practice/install/champ_msgs/include/champ_msgs/champ_msgs/msg/detail/pose__struct.hpp
[0.841s] -- Up-to-date: /home/rakesh/practice/install/champ_msgs/include/champ_msgs/champ_msgs/msg/detail/imu__type_support.hpp
[0.841s] -- Up-to-date: /home/rakesh/practice/install/champ_msgs/include/champ_msgs/champ_msgs/msg/detail/pose__traits.hpp
[0.842s] -- Up-to-date: /home/rakesh/practice/install/champ_msgs/include/champ_msgs/champ_msgs/msg/detail/point__struct.hpp
[0.842s] -- Up-to-date: /home/rakesh/practice/install/champ_msgs/include/champ_msgs/champ_msgs/msg/detail/imu__struct.hpp
[0.842s] -- Up-to-date: /home/rakesh/practice/install/champ_msgs/include/champ_msgs/champ_msgs/msg/detail/pid__builder.hpp
[0.842s] -- Up-to-date: /home/rakesh/practice/install/champ_msgs/include/champ_msgs/champ_msgs/msg/detail/pid__struct.hpp
[0.842s] -- Up-to-date: /home/rakesh/practice/install/champ_msgs/include/champ_msgs/champ_msgs/msg/detail/point_array__type_support.hpp
[0.842s] -- Up-to-date: /home/rakesh/practice/install/champ_msgs/include/champ_msgs/champ_msgs/msg/detail/contacts__struct.hpp
[0.842s] -- Up-to-date: /home/rakesh/practice/install/champ_msgs/include/champ_msgs/champ_msgs/msg/detail/point__type_support.hpp
[0.842s] -- Up-to-date: /home/rakesh/practice/install/champ_msgs/include/champ_msgs/champ_msgs/msg/detail/contacts__builder.hpp
[0.842s] -- Up-to-date: /home/rakesh/practice/install/champ_msgs/include/champ_msgs/champ_msgs/msg/detail/joints__struct.hpp
[0.842s] -- Up-to-date: /home/rakesh/practice/install/champ_msgs/include/champ_msgs/champ_msgs/msg/detail/contacts_stamped__type_support.hpp
[0.843s] -- Up-to-date: /home/rakesh/practice/install/champ_msgs/include/champ_msgs/champ_msgs/msg/detail/contacts__traits.hpp
[0.843s] -- Up-to-date: /home/rakesh/practice/install/champ_msgs/include/champ_msgs/champ_msgs/msg/detail/joints__traits.hpp
[0.843s] -- Up-to-date: /home/rakesh/practice/install/champ_msgs/include/champ_msgs/champ_msgs/msg/detail/joints__builder.hpp
[0.843s] -- Up-to-date: /home/rakesh/practice/install/champ_msgs/include/champ_msgs/champ_msgs/msg/detail/pose__type_support.hpp
[0.843s] -- Up-to-date: /home/rakesh/practice/install/champ_msgs/include/champ_msgs/champ_msgs/msg/detail/pid__type_support.hpp
[0.843s] -- Up-to-date: /home/rakesh/practice/install/champ_msgs/include/champ_msgs/champ_msgs/msg/detail/pid__traits.hpp
[0.843s] -- Up-to-date: /home/rakesh/practice/install/champ_msgs/include/champ_msgs/champ_msgs/msg/detail/pose__builder.hpp
[0.843s] -- Up-to-date: /home/rakesh/practice/install/champ_msgs/include/champ_msgs/champ_msgs/msg/detail/point_array__traits.hpp
[0.844s] -- Up-to-date: /home/rakesh/practice/install/champ_msgs/include/champ_msgs/champ_msgs/msg/detail/contacts_stamped__traits.hpp
[0.844s] -- Up-to-date: /home/rakesh/practice/install/champ_msgs/include/champ_msgs/champ_msgs/msg/rosidl_generator_cpp__visibility_control.hpp
[0.844s] -- Up-to-date: /home/rakesh/practice/install/champ_msgs/include/champ_msgs/champ_msgs
[0.844s] -- Up-to-date: /home/rakesh/practice/install/champ_msgs/include/champ_msgs/champ_msgs/msg
[0.844s] -- Up-to-date: /home/rakesh/practice/install/champ_msgs/include/champ_msgs/champ_msgs/msg/rosidl_typesupport_fastrtps_cpp__visibility_control.h
[0.844s] -- Up-to-date: /home/rakesh/practice/install/champ_msgs/include/champ_msgs/champ_msgs/msg/detail
[0.844s] -- Up-to-date: /home/rakesh/practice/install/champ_msgs/include/champ_msgs/champ_msgs/msg/detail/contacts__rosidl_typesupport_fastrtps_cpp.hpp
[0.845s] -- Up-to-date: /home/rakesh/practice/install/champ_msgs/include/champ_msgs/champ_msgs/msg/detail/pose__rosidl_typesupport_fastrtps_cpp.hpp
[0.845s] -- Up-to-date: /home/rakesh/practice/install/champ_msgs/include/champ_msgs/champ_msgs/msg/detail/point__rosidl_typesupport_fastrtps_cpp.hpp
[0.845s] -- Up-to-date: /home/rakesh/practice/install/champ_msgs/include/champ_msgs/champ_msgs/msg/detail/joints__rosidl_typesupport_fastrtps_cpp.hpp
[0.845s] -- Up-to-date: /home/rakesh/practice/install/champ_msgs/include/champ_msgs/champ_msgs/msg/detail/point_array__rosidl_typesupport_fastrtps_cpp.hpp
[0.845s] -- Up-to-date: /home/rakesh/practice/install/champ_msgs/include/champ_msgs/champ_msgs/msg/detail/pid__rosidl_typesupport_fastrtps_cpp.hpp
[0.845s] -- Up-to-date: /home/rakesh/practice/install/champ_msgs/include/champ_msgs/champ_msgs/msg/detail/dds_fastrtps
[0.845s] -- Up-to-date: /home/rakesh/practice/install/champ_msgs/include/champ_msgs/champ_msgs/msg/detail/contacts_stamped__rosidl_typesupport_fastrtps_cpp.hpp
[0.845s] -- Up-to-date: /home/rakesh/practice/install/champ_msgs/include/champ_msgs/champ_msgs/msg/detail/velocities__rosidl_typesupport_fastrtps_cpp.hpp
[0.845s] -- Up-to-date: /home/rakesh/practice/install/champ_msgs/include/champ_msgs/champ_msgs/msg/detail/imu__rosidl_typesupport_fastrtps_cpp.hpp
[0.846s] -- Up-to-date: /home/rakesh/practice/install/champ_msgs/lib/libchamp_msgs__rosidl_typesupport_fastrtps_cpp.so
[0.846s] -- Up-to-date: /home/rakesh/practice/install/champ_msgs/include/champ_msgs/champ_msgs
[0.846s] -- Up-to-date: /home/rakesh/practice/install/champ_msgs/include/champ_msgs/champ_msgs/msg
[0.846s] -- Up-to-date: /home/rakesh/practice/install/champ_msgs/include/champ_msgs/champ_msgs/msg/detail
[0.846s] -- Up-to-date: /home/rakesh/practice/install/champ_msgs/include/champ_msgs/champ_msgs/msg/detail/point__type_support.cpp
[0.846s] -- Up-to-date: /home/rakesh/practice/install/champ_msgs/include/champ_msgs/champ_msgs/msg/detail/pid__type_support.cpp
[0.846s] -- Up-to-date: /home/rakesh/practice/install/champ_msgs/include/champ_msgs/champ_msgs/msg/detail/contacts_stamped__rosidl_typesupport_introspection_cpp.hpp
[0.846s] -- Up-to-date: /home/rakesh/practice/install/champ_msgs/include/champ_msgs/champ_msgs/msg/detail/velocities__type_support.cpp
[0.846s] -- Up-to-date: /home/rakesh/practice/install/champ_msgs/include/champ_msgs/champ_msgs/msg/detail/point_array__rosidl_typesupport_introspection_cpp.hpp
[0.847s] -- Up-to-date: /home/rakesh/practice/install/champ_msgs/include/champ_msgs/champ_msgs/msg/detail/point__rosidl_typesupport_introspection_cpp.hpp
[0.847s] -- Up-to-date: /home/rakesh/practice/install/champ_msgs/include/champ_msgs/champ_msgs/msg/detail/joints__type_support.cpp
[0.847s] -- Up-to-date: /home/rakesh/practice/install/champ_msgs/include/champ_msgs/champ_msgs/msg/detail/contacts__type_support.cpp
[0.847s] -- Up-to-date: /home/rakesh/practice/install/champ_msgs/include/champ_msgs/champ_msgs/msg/detail/pose__rosidl_typesupport_introspection_cpp.hpp
[0.847s] -- Up-to-date: /home/rakesh/practice/install/champ_msgs/include/champ_msgs/champ_msgs/msg/detail/pose__type_support.cpp
[0.847s] -- Up-to-date: /home/rakesh/practice/install/champ_msgs/include/champ_msgs/champ_msgs/msg/detail/point_array__type_support.cpp
[0.847s] -- Up-to-date: /home/rakesh/practice/install/champ_msgs/include/champ_msgs/champ_msgs/msg/detail/pid__rosidl_typesupport_introspection_cpp.hpp
[0.847s] -- Up-to-date: /home/rakesh/practice/install/champ_msgs/include/champ_msgs/champ_msgs/msg/detail/contacts__rosidl_typesupport_introspection_cpp.hpp
[0.847s] -- Up-to-date: /home/rakesh/practice/install/champ_msgs/include/champ_msgs/champ_msgs/msg/detail/imu__type_support.cpp
[0.847s] -- Up-to-date: /home/rakesh/practice/install/champ_msgs/include/champ_msgs/champ_msgs/msg/detail/joints__rosidl_typesupport_introspection_cpp.hpp
[0.847s] -- Up-to-date: /home/rakesh/practice/install/champ_msgs/include/champ_msgs/champ_msgs/msg/detail/velocities__rosidl_typesupport_introspection_cpp.hpp
[0.848s] -- Up-to-date: /home/rakesh/practice/install/champ_msgs/include/champ_msgs/champ_msgs/msg/detail/imu__rosidl_typesupport_introspection_cpp.hpp
[0.848s] -- Up-to-date: /home/rakesh/practice/install/champ_msgs/include/champ_msgs/champ_msgs/msg/detail/contacts_stamped__type_support.cpp
[0.848s] -- Up-to-date: /home/rakesh/practice/install/champ_msgs/lib/libchamp_msgs__rosidl_typesupport_introspection_cpp.so
[0.848s] -- Up-to-date: /home/rakesh/practice/install/champ_msgs/lib/libchamp_msgs__rosidl_typesupport_cpp.so
[0.848s] -- Up-to-date: /home/rakesh/practice/install/champ_msgs/share/champ_msgs/environment/pythonpath.sh
[0.848s] -- Up-to-date: /home/rakesh/practice/install/champ_msgs/share/champ_msgs/environment/pythonpath.dsv
[0.848s] -- Up-to-date: /home/rakesh/practice/install/champ_msgs/lib/python3.12/site-packages/champ_msgs-0.1.0-py3.12.egg-info
[0.848s] -- Installing: /home/rakesh/practice/install/champ_msgs/lib/python3.12/site-packages/champ_msgs-0.1.0-py3.12.egg-info/PKG-INFO
[0.848s] -- Installing: /home/rakesh/practice/install/champ_msgs/lib/python3.12/site-packages/champ_msgs-0.1.0-py3.12.egg-info/SOURCES.txt
[0.848s] -- Installing: /home/rakesh/practice/install/champ_msgs/lib/python3.12/site-packages/champ_msgs-0.1.0-py3.12.egg-info/top_level.txt
[0.848s] -- Installing: /home/rakesh/practice/install/champ_msgs/lib/python3.12/site-packages/champ_msgs-0.1.0-py3.12.egg-info/dependency_links.txt
[0.848s] -- Up-to-date: /home/rakesh/practice/install/champ_msgs/lib/python3.12/site-packages/champ_msgs
[0.849s] -- Up-to-date: /home/rakesh/practice/install/champ_msgs/lib/python3.12/site-packages/champ_msgs/_champ_msgs_s.ep.rosidl_typesupport_c.c
[0.849s] -- Up-to-date: /home/rakesh/practice/install/champ_msgs/lib/python3.12/site-packages/champ_msgs/__init__.py
[0.849s] -- Up-to-date: /home/rakesh/practice/install/champ_msgs/lib/python3.12/site-packages/champ_msgs/msg
[0.849s] -- Up-to-date: /home/rakesh/practice/install/champ_msgs/lib/python3.12/site-packages/champ_msgs/msg/_contacts_stamped_s.c
[0.849s] -- Up-to-date: /home/rakesh/practice/install/champ_msgs/lib/python3.12/site-packages/champ_msgs/msg/_pose_s.c
[0.849s] -- Up-to-date: /home/rakesh/practice/install/champ_msgs/lib/python3.12/site-packages/champ_msgs/msg/__init__.py
[0.849s] -- Up-to-date: /home/rakesh/practice/install/champ_msgs/lib/python3.12/site-packages/champ_msgs/msg/_velocities.py
[0.849s] -- Up-to-date: /home/rakesh/practice/install/champ_msgs/lib/python3.12/site-packages/champ_msgs/msg/_pose.py
[0.849s] -- Up-to-date: /home/rakesh/practice/install/champ_msgs/lib/python3.12/site-packages/champ_msgs/msg/_joints_s.c
[0.849s] -- Up-to-date: /home/rakesh/practice/install/champ_msgs/lib/python3.12/site-packages/champ_msgs/msg/_point.py
[0.849s] -- Up-to-date: /home/rakesh/practice/install/champ_msgs/lib/python3.12/site-packages/champ_msgs/msg/_point_s.c
[0.849s] -- Up-to-date: /home/rakesh/practice/install/champ_msgs/lib/python3.12/site-packages/champ_msgs/msg/_joints.py
[0.850s] -- Up-to-date: /home/rakesh/practice/install/champ_msgs/lib/python3.12/site-packages/champ_msgs/msg/_contacts.py
[0.850s] -- Up-to-date: /home/rakesh/practice/install/champ_msgs/lib/python3.12/site-packages/champ_msgs/msg/_pid.py
[0.850s] -- Up-to-date: /home/rakesh/practice/install/champ_msgs/lib/python3.12/site-packages/champ_msgs/msg/_point_array.py
[0.850s] -- Up-to-date: /home/rakesh/practice/install/champ_msgs/lib/python3.12/site-packages/champ_msgs/msg/_point_array_s.c
[0.850s] -- Up-to-date: /home/rakesh/practice/install/champ_msgs/lib/python3.12/site-packages/champ_msgs/msg/_contacts_stamped.py
[0.850s] -- Up-to-date: /home/rakesh/practice/install/champ_msgs/lib/python3.12/site-packages/champ_msgs/msg/_imu_s.c
[0.850s] -- Up-to-date: /home/rakesh/practice/install/champ_msgs/lib/python3.12/site-packages/champ_msgs/msg/_velocities_s.c
[0.850s] -- Up-to-date: /home/rakesh/practice/install/champ_msgs/lib/python3.12/site-packages/champ_msgs/msg/_imu.py
[0.850s] -- Up-to-date: /home/rakesh/practice/install/champ_msgs/lib/python3.12/site-packages/champ_msgs/msg/_pid_s.c
[0.850s] -- Up-to-date: /home/rakesh/practice/install/champ_msgs/lib/python3.12/site-packages/champ_msgs/msg/_contacts_s.c
[0.850s] -- Up-to-date: /home/rakesh/practice/install/champ_msgs/lib/python3.12/site-packages/champ_msgs/_champ_msgs_s.ep.rosidl_typesupport_introspection_c.c
[0.850s] -- Up-to-date: /home/rakesh/practice/install/champ_msgs/lib/python3.12/site-packages/champ_msgs/champ_msgs_s__rosidl_typesupport_fastrtps_c.so
[0.850s] -- Up-to-date: /home/rakesh/practice/install/champ_msgs/lib/python3.12/site-packages/champ_msgs/champ_msgs_s__rosidl_typesupport_c.so
[0.851s] -- Up-to-date: /home/rakesh/practice/install/champ_msgs/lib/python3.12/site-packages/champ_msgs/champ_msgs_s__rosidl_typesupport_introspection_c.so
[0.851s] -- Up-to-date: /home/rakesh/practice/install/champ_msgs/lib/python3.12/site-packages/champ_msgs/_champ_msgs_s.ep.rosidl_typesupport_fastrtps_c.c
[0.911s] Listing '/home/rakesh/practice/install/champ_msgs/lib/python3.12/site-packages/champ_msgs'...
[0.911s] Listing '/home/rakesh/practice/install/champ_msgs/lib/python3.12/site-packages/champ_msgs/msg'...
[0.924s] -- Up-to-date: /home/rakesh/practice/install/champ_msgs/lib/python3.12/site-packages/champ_msgs/champ_msgs_s__rosidl_typesupport_fastrtps_c.so
[0.925s] -- Up-to-date: /home/rakesh/practice/install/champ_msgs/lib/python3.12/site-packages/champ_msgs/champ_msgs_s__rosidl_typesupport_introspection_c.so
[0.926s] -- Up-to-date: /home/rakesh/practice/install/champ_msgs/lib/python3.12/site-packages/champ_msgs/champ_msgs_s__rosidl_typesupport_c.so
[0.928s] -- Up-to-date: /home/rakesh/practice/install/champ_msgs/lib/libchamp_msgs__rosidl_generator_py.so
[0.928s] -- Up-to-date: /home/rakesh/practice/install/champ_msgs/share/champ_msgs/msg/Velocities.idl
[0.928s] -- Up-to-date: /home/rakesh/practice/install/champ_msgs/share/champ_msgs/msg/PID.idl
[0.928s] -- Up-to-date: /home/rakesh/practice/install/champ_msgs/share/champ_msgs/msg/Imu.idl
[0.929s] -- Up-to-date: /home/rakesh/practice/install/champ_msgs/share/champ_msgs/msg/Point.idl
[0.929s] -- Up-to-date: /home/rakesh/practice/install/champ_msgs/share/champ_msgs/msg/PointArray.idl
[0.929s] -- Up-to-date: /home/rakesh/practice/install/champ_msgs/share/champ_msgs/msg/Joints.idl
[0.929s] -- Up-to-date: /home/rakesh/practice/install/champ_msgs/share/champ_msgs/msg/Contacts.idl
[0.929s] -- Up-to-date: /home/rakesh/practice/install/champ_msgs/share/champ_msgs/msg/ContactsStamped.idl
[0.929s] -- Up-to-date: /home/rakesh/practice/install/champ_msgs/share/champ_msgs/msg/Pose.idl
[0.929s] -- Up-to-date: /home/rakesh/practice/install/champ_msgs/share/champ_msgs/msg/Velocities.msg
[0.930s] -- Up-to-date: /home/rakesh/practice/install/champ_msgs/share/champ_msgs/msg/PID.msg
[0.930s] -- Up-to-date: /home/rakesh/practice/install/champ_msgs/share/champ_msgs/msg/Imu.msg
[0.930s] -- Up-to-date: /home/rakesh/practice/install/champ_msgs/share/champ_msgs/msg/Point.msg
[0.930s] -- Up-to-date: /home/rakesh/practice/install/champ_msgs/share/champ_msgs/msg/PointArray.msg
[0.930s] -- Up-to-date: /home/rakesh/practice/install/champ_msgs/share/champ_msgs/msg/Joints.msg
[0.930s] -- Up-to-date: /home/rakesh/practice/install/champ_msgs/share/champ_msgs/msg/Contacts.msg
[0.930s] -- Up-to-date: /home/rakesh/practice/install/champ_msgs/share/champ_msgs/msg/ContactsStamped.msg
[0.930s] -- Up-to-date: /home/rakesh/practice/install/champ_msgs/share/champ_msgs/msg/Pose.msg
[0.930s] -- Up-to-date: /home/rakesh/practice/install/champ_msgs/share/ament_index/resource_index/package_run_dependencies/champ_msgs
[0.931s] -- Up-to-date: /home/rakesh/practice/install/champ_msgs/share/ament_index/resource_index/parent_prefix_path/champ_msgs
[0.931s] -- Up-to-date: /home/rakesh/practice/install/champ_msgs/share/champ_msgs/environment/ament_prefix_path.sh
[0.931s] -- Up-to-date: /home/rakesh/practice/install/champ_msgs/share/champ_msgs/environment/ament_prefix_path.dsv
[0.931s] -- Up-to-date: /home/rakesh/practice/install/champ_msgs/share/champ_msgs/environment/path.sh
[0.931s] -- Up-to-date: /home/rakesh/practice/install/champ_msgs/share/champ_msgs/environment/path.dsv
[0.931s] -- Up-to-date: /home/rakesh/practice/install/champ_msgs/share/champ_msgs/local_setup.bash
[0.931s] -- Up-to-date: /home/rakesh/practice/install/champ_msgs/share/champ_msgs/local_setup.sh
[0.931s] -- Up-to-date: /home/rakesh/practice/install/champ_msgs/share/champ_msgs/local_setup.zsh
[0.932s] -- Up-to-date: /home/rakesh/practice/install/champ_msgs/share/champ_msgs/local_setup.dsv
[0.932s] -- Installing: /home/rakesh/practice/install/champ_msgs/share/champ_msgs/package.dsv
[0.932s] -- Up-to-date: /home/rakesh/practice/install/champ_msgs/share/ament_index/resource_index/packages/champ_msgs
[0.932s] -- Up-to-date: /home/rakesh/practice/install/champ_msgs/share/champ_msgs/cmake/export_champ_msgs__rosidl_generator_cExport.cmake
[0.932s] -- Up-to-date: /home/rakesh/practice/install/champ_msgs/share/champ_msgs/cmake/export_champ_msgs__rosidl_generator_cExport-noconfig.cmake
[0.933s] -- Up-to-date: /home/rakesh/practice/install/champ_msgs/share/champ_msgs/cmake/export_champ_msgs__rosidl_typesupport_fastrtps_cExport.cmake
[0.933s] -- Up-to-date: /home/rakesh/practice/install/champ_msgs/share/champ_msgs/cmake/export_champ_msgs__rosidl_typesupport_fastrtps_cExport-noconfig.cmake
[0.934s] -- Up-to-date: /home/rakesh/practice/install/champ_msgs/share/champ_msgs/cmake/champ_msgs__rosidl_typesupport_introspection_cExport.cmake
[0.934s] -- Up-to-date: /home/rakesh/practice/install/champ_msgs/share/champ_msgs/cmake/champ_msgs__rosidl_typesupport_introspection_cExport-noconfig.cmake
[0.934s] -- Up-to-date: /home/rakesh/practice/install/champ_msgs/share/champ_msgs/cmake/champ_msgs__rosidl_typesupport_cExport.cmake
[0.934s] -- Up-to-date: /home/rakesh/practice/install/champ_msgs/share/champ_msgs/cmake/champ_msgs__rosidl_typesupport_cExport-noconfig.cmake
[0.935s] -- Up-to-date: /home/rakesh/practice/install/champ_msgs/share/champ_msgs/cmake/export_champ_msgs__rosidl_generator_cppExport.cmake
[0.935s] -- Up-to-date: /home/rakesh/practice/install/champ_msgs/share/champ_msgs/cmake/export_champ_msgs__rosidl_typesupport_fastrtps_cppExport.cmake
[0.936s] -- Up-to-date: /home/rakesh/practice/install/champ_msgs/share/champ_msgs/cmake/export_champ_msgs__rosidl_typesupport_fastrtps_cppExport-noconfig.cmake
[0.936s] -- Up-to-date: /home/rakesh/practice/install/champ_msgs/share/champ_msgs/cmake/champ_msgs__rosidl_typesupport_introspection_cppExport.cmake
[0.936s] -- Up-to-date: /home/rakesh/practice/install/champ_msgs/share/champ_msgs/cmake/champ_msgs__rosidl_typesupport_introspection_cppExport-noconfig.cmake
[0.936s] -- Up-to-date: /home/rakesh/practice/install/champ_msgs/share/champ_msgs/cmake/champ_msgs__rosidl_typesupport_cppExport.cmake
[0.936s] -- Up-to-date: /home/rakesh/practice/install/champ_msgs/share/champ_msgs/cmake/champ_msgs__rosidl_typesupport_cppExport-noconfig.cmake
[0.937s] -- Up-to-date: /home/rakesh/practice/install/champ_msgs/share/champ_msgs/cmake/export_champ_msgs__rosidl_generator_pyExport.cmake
[0.937s] -- Up-to-date: /home/rakesh/practice/install/champ_msgs/share/champ_msgs/cmake/export_champ_msgs__rosidl_generator_pyExport-noconfig.cmake
[0.937s] -- Up-to-date: /home/rakesh/practice/install/champ_msgs/share/champ_msgs/cmake/rosidl_cmake-extras.cmake
[0.937s] -- Up-to-date: /home/rakesh/practice/install/champ_msgs/share/champ_msgs/cmake/ament_cmake_export_dependencies-extras.cmake
[0.937s] -- Up-to-date: /home/rakesh/practice/install/champ_msgs/share/champ_msgs/cmake/ament_cmake_export_include_directories-extras.cmake
[0.937s] -- Up-to-date: /home/rakesh/practice/install/champ_msgs/share/champ_msgs/cmake/ament_cmake_export_libraries-extras.cmake
[0.938s] -- Up-to-date: /home/rakesh/practice/install/champ_msgs/share/champ_msgs/cmake/ament_cmake_export_targets-extras.cmake
[0.938s] -- Up-to-date: /home/rakesh/practice/install/champ_msgs/share/champ_msgs/cmake/rosidl_cmake_export_typesupport_targets-extras.cmake
[0.938s] -- Up-to-date: /home/rakesh/practice/install/champ_msgs/share/champ_msgs/cmake/rosidl_cmake_export_typesupport_libraries-extras.cmake
[0.938s] -- Up-to-date: /home/rakesh/practice/install/champ_msgs/share/champ_msgs/cmake/champ_msgsConfig.cmake
[0.938s] -- Up-to-date: /home/rakesh/practice/install/champ_msgs/share/champ_msgs/cmake/champ_msgsConfig-version.cmake
[0.938s] -- Up-to-date: /home/rakesh/practice/install/champ_msgs/share/champ_msgs/package.xml
[0.942s] Invoked command in '/home/rakesh/practice/build/champ_msgs' returned '0': CMAKE_PREFIX_PATH=${CMAKE_PREFIX_PATH}:/opt/ros/jazzy: DEBUGINFOD_URLS=https://debuginfod.ubuntu.com /usr/bin/cmake --install /home/rakesh/practice/build/champ_msgs
