-- Found ament_cmake: 2.5.4 (/opt/ros/jazzy/share/ament_cmake/cmake)
-- Found rclcpp: 28.1.12 (/opt/ros/jazzy/share/rclcpp/cmake)
-- Found rosidl_generator_c: 4.6.6 (/opt/ros/jazzy/share/rosidl_generator_c/cmake)
-- Found rosidl_generator_cpp: 4.6.6 (/opt/ros/jazzy/share/rosidl_generator_cpp/cmake)
-- Using all available rosidl_typesupport_c: rosidl_typesupport_fastrtps_c;rosidl_typesupport_introspection_c
-- Using all available rosidl_typesupport_cpp: rosidl_typesupport_fastrtps_cpp;rosidl_typesupport_introspection_cpp
-- Found rmw_implementation_cmake: 7.3.2 (/opt/ros/jazzy/share/rmw_implementation_cmake/cmake)
-- Found rmw_fastrtps_cpp: 8.4.3 (/opt/ros/jazzy/share/rmw_fastrtps_cpp/cmake)
-- Using RMW implementation 'rmw_fastrtps_cpp' as default
-- Found ament_lint_auto: 0.17.3 (/opt/ros/jazzy/share/ament_lint_auto/cmake)
-- Configuring done (0.7s)
-- Generating done (0.0s)
-- Build files have been written to: /home/rakesh/practice/build/champ
-- Install configuration: ""
-- Up-to-date: /home/rakesh/practice/install/champ/include
-- Up-to-date: /home/rakesh/practice/install/champ/include/champ
-- Up-to-date: /home/rakesh/practice/install/champ/include/champ/quadruped_base
-- Installing: /home/rakesh/practice/install/champ/include/champ/quadruped_base/quadruped_joint.h
-- Installing: /home/rakesh/practice/install/champ/include/champ/quadruped_base/quadruped_leg.h
-- Installing: /home/rakesh/practice/install/champ/include/champ/quadruped_base/quadruped_base.h
-- Installing: /home/rakesh/practice/install/champ/include/champ/quadruped_base/quadruped_components.h
-- Installing: /home/rakesh/practice/install/champ/include/champ/LICENSE
-- Up-to-date: /home/rakesh/practice/install/champ/include/champ/bla
-- Installing: /home/rakesh/practice/install/champ/include/champ/bla/basic_linear_algebra.h
-- Installing: /home/rakesh/practice/install/champ/include/champ/bla/memory_delegate.h
-- Up-to-date: /home/rakesh/practice/install/champ/include/champ/body_controller
-- Installing: /home/rakesh/practice/install/champ/include/champ/body_controller/body_controller.h
-- Installing: /home/rakesh/practice/install/champ/include/champ/README.md
-- Up-to-date: /home/rakesh/practice/install/champ/include/champ/geometry
-- Installing: /home/rakesh/practice/install/champ/include/champ/geometry/geometry.h
-- Up-to-date: /home/rakesh/practice/install/champ/include/champ/kinematics
-- Installing: /home/rakesh/practice/install/champ/include/champ/kinematics/kinematics.h
-- Up-to-date: /home/rakesh/practice/install/champ/include/champ/macros
-- Installing: /home/rakesh/practice/install/champ/include/champ/macros/macros.h
-- Up-to-date: /home/rakesh/practice/install/champ/include/champ/leg_controller
-- Installing: /home/rakesh/practice/install/champ/include/champ/leg_controller/leg_controller.h
-- Installing: /home/rakesh/practice/install/champ/include/champ/leg_controller/trajectory_planner.h
-- Installing: /home/rakesh/practice/install/champ/include/champ/leg_controller/phase_generator.h
-- Up-to-date: /home/rakesh/practice/install/champ/include/champ/utils
-- Installing: /home/rakesh/practice/install/champ/include/champ/utils/xmlrpc_helpers.h
-- Installing: /home/rakesh/practice/install/champ/include/champ/utils/urdf_loader.h
-- Up-to-date: /home/rakesh/practice/install/champ/include/champ/odometry
-- Installing: /home/rakesh/practice/install/champ/include/champ/odometry/odometry.h
-- Up-to-date: /home/rakesh/practice/install/champ/share/ament_index/resource_index/package_run_dependencies/champ
-- Up-to-date: /home/rakesh/practice/install/champ/share/ament_index/resource_index/parent_prefix_path/champ
-- Installing: /home/rakesh/practice/install/champ/share/champ/environment/ament_prefix_path.sh
-- Up-to-date: /home/rakesh/practice/install/champ/share/champ/environment/ament_prefix_path.dsv
-- Installing: /home/rakesh/practice/install/champ/share/champ/environment/path.sh
-- Up-to-date: /home/rakesh/practice/install/champ/share/champ/environment/path.dsv
-- Up-to-date: /home/rakesh/practice/install/champ/share/champ/local_setup.bash
-- Up-to-date: /home/rakesh/practice/install/champ/share/champ/local_setup.sh
-- Up-to-date: /home/rakesh/practice/install/champ/share/champ/local_setup.zsh
-- Up-to-date: /home/rakesh/practice/install/champ/share/champ/local_setup.dsv
-- Up-to-date: /home/rakesh/practice/install/champ/share/champ/package.dsv
-- Up-to-date: /home/rakesh/practice/install/champ/share/ament_index/resource_index/packages/champ
-- Up-to-date: /home/rakesh/practice/install/champ/share/champ/cmake/ament_cmake_export_include_directories-extras.cmake
-- Up-to-date: /home/rakesh/practice/install/champ/share/champ/cmake/champConfig.cmake
-- Up-to-date: /home/rakesh/practice/install/champ/share/champ/cmake/champConfig-version.cmake
-- Installing: /home/rakesh/practice/install/champ/share/champ/package.xml
