[0.027s] Invoking command in '/home/rakesh/practice/build/champ': CMAKE_PREFIX_PATH=${CMAKE_PREFIX_PATH}:/opt/ros/jazzy: DEBUGINFOD_URLS=https://debuginfod.ubuntu.com /usr/bin/cmake --build /home/rakesh/practice/build/champ -- -j12 -l12
[0.113s] -- Found ament_cmake: 2.5.4 (/opt/ros/jazzy/share/ament_cmake/cmake)
[0.360s] -- Found rclcpp: 28.1.12 (/opt/ros/jazzy/share/rclcpp/cmake)
[0.393s] -- Found rosidl_generator_c: 4.6.6 (/opt/ros/jazzy/share/rosidl_generator_c/cmake)
[0.403s] -- Found rosidl_generator_cpp: 4.6.6 (/opt/ros/jazzy/share/rosidl_generator_cpp/cmake)
[0.415s] -- Using all available rosidl_typesupport_c: rosidl_typesupport_fastrtps_c;rosidl_typesupport_introspection_c
[0.430s] -- Using all available rosidl_typesupport_cpp: rosidl_typesupport_fastrtps_cpp;rosidl_typesupport_introspection_cpp
[0.512s] -- Found rmw_implementation_cmake: 7.3.2 (/opt/ros/jazzy/share/rmw_implementation_cmake/cmake)
[0.514s] -- Found rmw_fastrtps_cpp: 8.4.3 (/opt/ros/jazzy/share/rmw_fastrtps_cpp/cmake)
[0.614s] -- Using RMW implementation 'rmw_fastrtps_cpp' as default
[0.693s] -- Found ament_lint_auto: 0.17.3 (/opt/ros/jazzy/share/ament_lint_auto/cmake)
[0.788s] -- Configuring done (0.7s)
[0.798s] -- Generating done (0.0s)
[0.801s] -- Build files have been written to: /home/rakesh/practice/build/champ
[0.839s] Invoked command in '/home/rakesh/practice/build/champ' returned '0': CMAKE_PREFIX_PATH=${CMAKE_PREFIX_PATH}:/opt/ros/jazzy: DEBUGINFOD_URLS=https://debuginfod.ubuntu.com /usr/bin/cmake --build /home/rakesh/practice/build/champ -- -j12 -l12
[0.840s] Invoking command in '/home/rakesh/practice/build/champ': CMAKE_PREFIX_PATH=${CMAKE_PREFIX_PATH}:/opt/ros/jazzy: DEBUGINFOD_URLS=https://debuginfod.ubuntu.com /usr/bin/cmake --install /home/rakesh/practice/build/champ
[0.851s] -- Install configuration: ""
[0.851s] -- Up-to-date: /home/rakesh/practice/install/champ/include
[0.851s] -- Up-to-date: /home/rakesh/practice/install/champ/include/champ
[0.851s] -- Up-to-date: /home/rakesh/practice/install/champ/include/champ/quadruped_base
[0.852s] -- Installing: /home/rakesh/practice/install/champ/include/champ/quadruped_base/quadruped_joint.h
[0.852s] -- Installing: /home/rakesh/practice/install/champ/include/champ/quadruped_base/quadruped_leg.h
[0.853s] -- Installing: /home/rakesh/practice/install/champ/include/champ/quadruped_base/quadruped_base.h
[0.853s] -- Installing: /home/rakesh/practice/install/champ/include/champ/quadruped_base/quadruped_components.h
[0.854s] -- Installing: /home/rakesh/practice/install/champ/include/champ/LICENSE
[0.854s] -- Up-to-date: /home/rakesh/practice/install/champ/include/champ/bla
[0.854s] -- Installing: /home/rakesh/practice/install/champ/include/champ/bla/basic_linear_algebra.h
[0.855s] -- Installing: /home/rakesh/practice/install/champ/include/champ/bla/memory_delegate.h
[0.855s] -- Up-to-date: /home/rakesh/practice/install/champ/include/champ/body_controller
[0.855s] -- Installing: /home/rakesh/practice/install/champ/include/champ/body_controller/body_controller.h
[0.856s] -- Installing: /home/rakesh/practice/install/champ/include/champ/README.md
[0.856s] -- Up-to-date: /home/rakesh/practice/install/champ/include/champ/geometry
[0.856s] -- Installing: /home/rakesh/practice/install/champ/include/champ/geometry/geometry.h
[0.857s] -- Up-to-date: /home/rakesh/practice/install/champ/include/champ/kinematics
[0.857s] -- Installing: /home/rakesh/practice/install/champ/include/champ/kinematics/kinematics.h
[0.858s] -- Up-to-date: /home/rakesh/practice/install/champ/include/champ/macros
[0.858s] -- Installing: /home/rakesh/practice/install/champ/include/champ/macros/macros.h
[0.858s] -- Up-to-date: /home/rakesh/practice/install/champ/include/champ/leg_controller
[0.858s] -- Installing: /home/rakesh/practice/install/champ/include/champ/leg_controller/leg_controller.h
[0.859s] -- Installing: /home/rakesh/practice/install/champ/include/champ/leg_controller/trajectory_planner.h
[0.859s] -- Installing: /home/rakesh/practice/install/champ/include/champ/leg_controller/phase_generator.h
[0.860s] -- Up-to-date: /home/rakesh/practice/install/champ/include/champ/utils
[0.860s] -- Installing: /home/rakesh/practice/install/champ/include/champ/utils/xmlrpc_helpers.h
[0.860s] -- Installing: /home/rakesh/practice/install/champ/include/champ/utils/urdf_loader.h
[0.861s] -- Up-to-date: /home/rakesh/practice/install/champ/include/champ/odometry
[0.861s] -- Installing: /home/rakesh/practice/install/champ/include/champ/odometry/odometry.h
[0.861s] -- Up-to-date: /home/rakesh/practice/install/champ/share/ament_index/resource_index/package_run_dependencies/champ
[0.862s] -- Up-to-date: /home/rakesh/practice/install/champ/share/ament_index/resource_index/parent_prefix_path/champ
[0.862s] -- Installing: /home/rakesh/practice/install/champ/share/champ/environment/ament_prefix_path.sh
[0.862s] -- Up-to-date: /home/rakesh/practice/install/champ/share/champ/environment/ament_prefix_path.dsv
[0.862s] -- Installing: /home/rakesh/practice/install/champ/share/champ/environment/path.sh
[0.863s] -- Up-to-date: /home/rakesh/practice/install/champ/share/champ/environment/path.dsv
[0.863s] -- Up-to-date: /home/rakesh/practice/install/champ/share/champ/local_setup.bash
[0.863s] -- Up-to-date: /home/rakesh/practice/install/champ/share/champ/local_setup.sh
[0.863s] -- Up-to-date: /home/rakesh/practice/install/champ/share/champ/local_setup.zsh
[0.863s] -- Up-to-date: /home/rakesh/practice/install/champ/share/champ/local_setup.dsv
[0.863s] -- Up-to-date: /home/rakesh/practice/install/champ/share/champ/package.dsv
[0.864s] -- Up-to-date: /home/rakesh/practice/install/champ/share/ament_index/resource_index/packages/champ
[0.864s] -- Up-to-date: /home/rakesh/practice/install/champ/share/champ/cmake/ament_cmake_export_include_directories-extras.cmake
[0.864s] -- Up-to-date: /home/rakesh/practice/install/champ/share/champ/cmake/champConfig.cmake
[0.864s] -- Up-to-date: /home/rakesh/practice/install/champ/share/champ/cmake/champConfig-version.cmake
[0.864s] -- Installing: /home/rakesh/practice/install/champ/share/champ/package.xml
[0.866s] Invoked command in '/home/rakesh/practice/build/champ' returned '0': CMAKE_PREFIX_PATH=${CMAKE_PREFIX_PATH}:/opt/ros/jazzy: DEBUGINFOD_URLS=https://debuginfod.ubuntu.com /usr/bin/cmake --install /home/rakesh/practice/build/champ
