[0.017s] Invoking command in '/home/rakesh/practice/build/champ_base': AMENT_PREFIX_PATH=/home/rakesh/practice/install/champ_msgs:/home/rakesh/practice/install/champ:${AMENT_PREFIX_PATH} CMAKE_PREFIX_PATH=/home/rakesh/practice/install/champ_msgs:/home/rakesh/practice/install/champ:/opt/ros/jazzy/opt/gz_sim_vendor:/opt/ros/jazzy/opt/gz_sensors_vendor:/opt/ros/jazzy/opt/gz_physics_vendor:/opt/ros/jazzy/opt/sdformat_vendor:/opt/ros/jazzy/opt/gz_gui_vendor:/opt/ros/jazzy/opt/gz_transport_vendor:/opt/ros/jazzy/opt/gz_rendering_vendor:/opt/ros/jazzy/opt/gz_plugin_vendor:/opt/ros/jazzy/opt/gz_fuel_tools_vendor:/opt/ros/jazzy/opt/gz_msgs_vendor:/opt/ros/jazzy/opt/gz_common_vendor:/opt/ros/jazzy/opt/gz_math_vendor:/opt/ros/jazzy/opt/gz_utils_vendor:/opt/ros/jazzy/opt/gz_tools_vendor:/opt/ros/jazzy/opt/gz_ogre_next_vendor:/opt/ros/jazzy/opt/gz_dartsim_vendor:/opt/ros/jazzy/opt/gz_cmake_vendor:/opt/ros/jazzy: DEBUGINFOD_URLS=https://debuginfod.ubuntu.com LD_LIBRARY_PATH=/home/rakesh/practice/install/champ_msgs/lib:/opt/ros/jazzy/opt/gz_sim_vendor/lib:/opt/ros/jazzy/opt/gz_sensors_vendor/lib:/opt/ros/jazzy/opt/gz_physics_vendor/lib:/opt/ros/jazzy/opt/sdformat_vendor/lib:/opt/ros/jazzy/opt/rviz_ogre_vendor/lib:/opt/ros/jazzy/lib/x86_64-linux-gnu:/opt/ros/jazzy/opt/gz_gui_vendor/lib:/opt/ros/jazzy/opt/gz_transport_vendor/lib:/opt/ros/jazzy/opt/gz_rendering_vendor/lib:/opt/ros/jazzy/opt/gz_plugin_vendor/lib:/opt/ros/jazzy/opt/gz_fuel_tools_vendor/lib:/opt/ros/jazzy/opt/gz_msgs_vendor/lib:/opt/ros/jazzy/opt/gz_common_vendor/lib:/opt/ros/jazzy/opt/gz_math_vendor/lib:/opt/ros/jazzy/opt/gz_utils_vendor/lib:/opt/ros/jazzy/opt/gz_tools_vendor/lib:/opt/ros/jazzy/opt/gz_ogre_next_vendor/lib:/opt/ros/jazzy/opt/gz_dartsim_vendor/lib:/opt/ros/jazzy/opt/gz_cmake_vendor/lib:/opt/ros/jazzy/lib:/opt/ros/jazzy/lib:/opt/unitree_robotics/lib PYTHONPATH=/home/rakesh/practice/install/champ_msgs/lib/python3.12/site-packages:${PYTHONPATH} /usr/bin/cmake --build /home/rakesh/practice/build/champ_base -- -j12 -l12
[0.059s] -- Found ament_cmake: 2.5.4 (/opt/ros/jazzy/share/ament_cmake/cmake)
[0.306s] -- Found rclcpp: 28.1.12 (/opt/ros/jazzy/share/rclcpp/cmake)
[0.352s] -- Found rosidl_generator_c: 4.6.6 (/opt/ros/jazzy/share/rosidl_generator_c/cmake)
[0.361s] -- Found rosidl_generator_cpp: 4.6.6 (/opt/ros/jazzy/share/rosidl_generator_cpp/cmake)
[0.374s] -- Using all available rosidl_typesupport_c: rosidl_typesupport_fastrtps_c;rosidl_typesupport_introspection_c
[0.388s] -- Using all available rosidl_typesupport_cpp: rosidl_typesupport_fastrtps_cpp;rosidl_typesupport_introspection_cpp
[0.452s] -- Found rmw_implementation_cmake: 7.3.2 (/opt/ros/jazzy/share/rmw_implementation_cmake/cmake)
[0.453s] -- Found rmw_fastrtps_cpp: 8.4.3 (/opt/ros/jazzy/share/rmw_fastrtps_cpp/cmake)
[0.531s] -- Using RMW implementation 'rmw_fastrtps_cpp' as default
[0.599s] -- Found rclpy: 7.1.5 (/opt/ros/jazzy/share/rclpy/cmake)
[0.600s] -- Found champ_msgs: 0.1.0 (/home/rakesh/practice/install/champ_msgs/share/champ_msgs/cmake)
[0.651s] -- Found visualization_msgs: 5.3.6 (/opt/ros/jazzy/share/visualization_msgs/cmake)
[0.715s] -- Found trajectory_msgs: 5.3.6 (/opt/ros/jazzy/share/trajectory_msgs/cmake)
[0.740s] -- Found nav_msgs: 5.3.6 (/opt/ros/jazzy/share/nav_msgs/cmake)
[0.770s] -- Found tf2_ros: 0.36.14 (/opt/ros/jazzy/share/tf2_ros/cmake)
[0.903s] -- Found urdf: 2.10.0 (/opt/ros/jazzy/share/urdf/cmake)
[0.916s] -- Found champ: 0.1.0 (/home/rakesh/practice/install/champ/share/champ/cmake)
[1.039s] -- Configuring done (1.0s)
[1.102s] -- Generating done (0.0s)
[1.118s] -- Build files have been written to: /home/rakesh/practice/build/champ_base
[1.199s] [ 16%] [32mBuilding CXX object CMakeFiles/quadruped_controller.dir/src/quadruped_controller.cpp.o[0m
[1.199s] [ 16%] [32mBuilding CXX object CMakeFiles/state_estimation.dir/src/state_estimation.cpp.o[0m
[1.200s] [ 25%] [32mBuilding CXX object CMakeFiles/message_relay.dir/src/message_relay.cpp.o[0m
[13.931s] [ 33%] [32m[1mLinking CXX shared library libquadruped_controller.so[0m
[14.902s] [ 33%] Built target quadruped_controller
[14.944s] [ 41%] [32mBuilding CXX object CMakeFiles/quadruped_controller_node.dir/src/quadruped_controller_node.cpp.o[0m
[16.831s] [ 50%] [32m[1mLinking CXX shared library libmessage_relay.so[0m
[17.997s] [ 50%] Built target message_relay
[18.039s] [ 58%] [32mBuilding CXX object CMakeFiles/message_relay_node.dir/src/message_relay_node.cpp.o[0m
[18.518s] [ 66%] [32m[1mLinking CXX executable quadruped_controller_node[0m
[19.210s] [ 75%] [32m[1mLinking CXX shared library libstate_estimation.so[0m
[19.241s] [ 75%] Built target quadruped_controller_node
[20.403s] [ 75%] Built target state_estimation
[20.444s] [ 83%] [32mBuilding CXX object CMakeFiles/state_estimation_node.dir/src/state_estimation_node.cpp.o[0m
[21.603s] [ 91%] [32m[1mLinking CXX executable message_relay_node[0m
[22.346s] [ 91%] Built target message_relay_node
[25.582s] [100%] [32m[1mLinking CXX executable state_estimation_node[0m
[26.394s] [100%] Built target state_estimation_node
[26.411s] Invoked command in '/home/rakesh/practice/build/champ_base' returned '0': AMENT_PREFIX_PATH=/home/rakesh/practice/install/champ_msgs:/home/rakesh/practice/install/champ:${AMENT_PREFIX_PATH} CMAKE_PREFIX_PATH=/home/rakesh/practice/install/champ_msgs:/home/rakesh/practice/install/champ:/opt/ros/jazzy/opt/gz_sim_vendor:/opt/ros/jazzy/opt/gz_sensors_vendor:/opt/ros/jazzy/opt/gz_physics_vendor:/opt/ros/jazzy/opt/sdformat_vendor:/opt/ros/jazzy/opt/gz_gui_vendor:/opt/ros/jazzy/opt/gz_transport_vendor:/opt/ros/jazzy/opt/gz_rendering_vendor:/opt/ros/jazzy/opt/gz_plugin_vendor:/opt/ros/jazzy/opt/gz_fuel_tools_vendor:/opt/ros/jazzy/opt/gz_msgs_vendor:/opt/ros/jazzy/opt/gz_common_vendor:/opt/ros/jazzy/opt/gz_math_vendor:/opt/ros/jazzy/opt/gz_utils_vendor:/opt/ros/jazzy/opt/gz_tools_vendor:/opt/ros/jazzy/opt/gz_ogre_next_vendor:/opt/ros/jazzy/opt/gz_dartsim_vendor:/opt/ros/jazzy/opt/gz_cmake_vendor:/opt/ros/jazzy: DEBUGINFOD_URLS=https://debuginfod.ubuntu.com LD_LIBRARY_PATH=/home/rakesh/practice/install/champ_msgs/lib:/opt/ros/jazzy/opt/gz_sim_vendor/lib:/opt/ros/jazzy/opt/gz_sensors_vendor/lib:/opt/ros/jazzy/opt/gz_physics_vendor/lib:/opt/ros/jazzy/opt/sdformat_vendor/lib:/opt/ros/jazzy/opt/rviz_ogre_vendor/lib:/opt/ros/jazzy/lib/x86_64-linux-gnu:/opt/ros/jazzy/opt/gz_gui_vendor/lib:/opt/ros/jazzy/opt/gz_transport_vendor/lib:/opt/ros/jazzy/opt/gz_rendering_vendor/lib:/opt/ros/jazzy/opt/gz_plugin_vendor/lib:/opt/ros/jazzy/opt/gz_fuel_tools_vendor/lib:/opt/ros/jazzy/opt/gz_msgs_vendor/lib:/opt/ros/jazzy/opt/gz_common_vendor/lib:/opt/ros/jazzy/opt/gz_math_vendor/lib:/opt/ros/jazzy/opt/gz_utils_vendor/lib:/opt/ros/jazzy/opt/gz_tools_vendor/lib:/opt/ros/jazzy/opt/gz_ogre_next_vendor/lib:/opt/ros/jazzy/opt/gz_dartsim_vendor/lib:/opt/ros/jazzy/opt/gz_cmake_vendor/lib:/opt/ros/jazzy/lib:/opt/ros/jazzy/lib:/opt/unitree_robotics/lib PYTHONPATH=/home/rakesh/practice/install/champ_msgs/lib/python3.12/site-packages:${PYTHONPATH} /usr/bin/cmake --build /home/rakesh/practice/build/champ_base -- -j12 -l12
[26.413s] Invoking command in '/home/rakesh/practice/build/champ_base': AMENT_PREFIX_PATH=/home/rakesh/practice/install/champ_msgs:/home/rakesh/practice/install/champ:${AMENT_PREFIX_PATH} CMAKE_PREFIX_PATH=/home/rakesh/practice/install/champ_msgs:/home/rakesh/practice/install/champ:/opt/ros/jazzy/opt/gz_sim_vendor:/opt/ros/jazzy/opt/gz_sensors_vendor:/opt/ros/jazzy/opt/gz_physics_vendor:/opt/ros/jazzy/opt/sdformat_vendor:/opt/ros/jazzy/opt/gz_gui_vendor:/opt/ros/jazzy/opt/gz_transport_vendor:/opt/ros/jazzy/opt/gz_rendering_vendor:/opt/ros/jazzy/opt/gz_plugin_vendor:/opt/ros/jazzy/opt/gz_fuel_tools_vendor:/opt/ros/jazzy/opt/gz_msgs_vendor:/opt/ros/jazzy/opt/gz_common_vendor:/opt/ros/jazzy/opt/gz_math_vendor:/opt/ros/jazzy/opt/gz_utils_vendor:/opt/ros/jazzy/opt/gz_tools_vendor:/opt/ros/jazzy/opt/gz_ogre_next_vendor:/opt/ros/jazzy/opt/gz_dartsim_vendor:/opt/ros/jazzy/opt/gz_cmake_vendor:/opt/ros/jazzy: DEBUGINFOD_URLS=https://debuginfod.ubuntu.com LD_LIBRARY_PATH=/home/rakesh/practice/install/champ_msgs/lib:/opt/ros/jazzy/opt/gz_sim_vendor/lib:/opt/ros/jazzy/opt/gz_sensors_vendor/lib:/opt/ros/jazzy/opt/gz_physics_vendor/lib:/opt/ros/jazzy/opt/sdformat_vendor/lib:/opt/ros/jazzy/opt/rviz_ogre_vendor/lib:/opt/ros/jazzy/lib/x86_64-linux-gnu:/opt/ros/jazzy/opt/gz_gui_vendor/lib:/opt/ros/jazzy/opt/gz_transport_vendor/lib:/opt/ros/jazzy/opt/gz_rendering_vendor/lib:/opt/ros/jazzy/opt/gz_plugin_vendor/lib:/opt/ros/jazzy/opt/gz_fuel_tools_vendor/lib:/opt/ros/jazzy/opt/gz_msgs_vendor/lib:/opt/ros/jazzy/opt/gz_common_vendor/lib:/opt/ros/jazzy/opt/gz_math_vendor/lib:/opt/ros/jazzy/opt/gz_utils_vendor/lib:/opt/ros/jazzy/opt/gz_tools_vendor/lib:/opt/ros/jazzy/opt/gz_ogre_next_vendor/lib:/opt/ros/jazzy/opt/gz_dartsim_vendor/lib:/opt/ros/jazzy/opt/gz_cmake_vendor/lib:/opt/ros/jazzy/lib:/opt/ros/jazzy/lib:/opt/unitree_robotics/lib PYTHONPATH=/home/rakesh/practice/install/champ_msgs/lib/python3.12/site-packages:${PYTHONPATH} /usr/bin/cmake --install /home/rakesh/practice/build/champ_base
[26.424s] -- Install configuration: ""
[26.424s] -- Up-to-date: /home/rakesh/practice/install/champ_base/share/champ_base/config
[26.424s] -- Up-to-date: /home/rakesh/practice/install/champ_base/share/champ_base/config/ekf
[26.424s] -- Installing: /home/rakesh/practice/install/champ_base/share/champ_base/config/ekf/base_to_footprint.yaml
[26.425s] -- Installing: /home/rakesh/practice/install/champ_base/share/champ_base/config/ekf/footprint_to_odom.yaml
[26.426s] -- Up-to-date: /home/rakesh/practice/install/champ_base/share/champ_base/config/velocity_smoother
[26.426s] -- Installing: /home/rakesh/practice/install/champ_base/share/champ_base/config/velocity_smoother/velocity_smoother.yaml
[26.427s] -- Installing: /home/rakesh/practice/install/champ_base/lib/libquadruped_controller.so
[26.437s] -- Set non-toolchain portion of runtime path of "/home/rakesh/practice/install/champ_base/lib/libquadruped_controller.so" to ""
[26.438s] -- Installing: /home/rakesh/practice/install/champ_base/bin/quadruped_controller_node
[26.439s] -- Set non-toolchain portion of runtime path of "/home/rakesh/practice/install/champ_base/bin/quadruped_controller_node" to ""
[26.439s] -- Installing: /home/rakesh/practice/install/champ_base/lib/libmessage_relay.so
[26.453s] -- Set non-toolchain portion of runtime path of "/home/rakesh/practice/install/champ_base/lib/libmessage_relay.so" to ""
[26.454s] -- Installing: /home/rakesh/practice/install/champ_base/bin/message_relay_node
[26.454s] -- Set non-toolchain portion of runtime path of "/home/rakesh/practice/install/champ_base/bin/message_relay_node" to ""
[26.455s] -- Installing: /home/rakesh/practice/install/champ_base/lib/libstate_estimation.so
[26.470s] -- Set non-toolchain portion of runtime path of "/home/rakesh/practice/install/champ_base/lib/libstate_estimation.so" to ""
[26.470s] -- Installing: /home/rakesh/practice/install/champ_base/bin/state_estimation_node
[26.471s] -- Set non-toolchain portion of runtime path of "/home/rakesh/practice/install/champ_base/bin/state_estimation_node" to ""
[26.472s] -- Installing: /home/rakesh/practice/install/champ_base/lib/champ_base/quadruped_controller_node
[26.472s] -- Set non-toolchain portion of runtime path of "/home/rakesh/practice/install/champ_base/lib/champ_base/quadruped_controller_node" to ""
[26.473s] -- Installing: /home/rakesh/practice/install/champ_base/lib/champ_base/message_relay_node
[26.473s] -- Set non-toolchain portion of runtime path of "/home/rakesh/practice/install/champ_base/lib/champ_base/message_relay_node" to ""
[26.474s] -- Installing: /home/rakesh/practice/install/champ_base/lib/champ_base/state_estimation_node
[26.475s] -- Set non-toolchain portion of runtime path of "/home/rakesh/practice/install/champ_base/lib/champ_base/state_estimation_node" to ""
[26.475s] -- Up-to-date: /home/rakesh/practice/install/champ_base/share/ament_index/resource_index/package_run_dependencies/champ_base
[26.475s] -- Up-to-date: /home/rakesh/practice/install/champ_base/share/ament_index/resource_index/parent_prefix_path/champ_base
[26.475s] -- Installing: /home/rakesh/practice/install/champ_base/share/champ_base/environment/ament_prefix_path.sh
[26.476s] -- Up-to-date: /home/rakesh/practice/install/champ_base/share/champ_base/environment/ament_prefix_path.dsv
[26.476s] -- Installing: /home/rakesh/practice/install/champ_base/share/champ_base/environment/path.sh
[26.476s] -- Up-to-date: /home/rakesh/practice/install/champ_base/share/champ_base/environment/path.dsv
[26.476s] -- Up-to-date: /home/rakesh/practice/install/champ_base/share/champ_base/local_setup.bash
[26.476s] -- Up-to-date: /home/rakesh/practice/install/champ_base/share/champ_base/local_setup.sh
[26.477s] -- Up-to-date: /home/rakesh/practice/install/champ_base/share/champ_base/local_setup.zsh
[26.477s] -- Up-to-date: /home/rakesh/practice/install/champ_base/share/champ_base/local_setup.dsv
[26.477s] -- Up-to-date: /home/rakesh/practice/install/champ_base/share/champ_base/package.dsv
[26.477s] -- Up-to-date: /home/rakesh/practice/install/champ_base/share/ament_index/resource_index/packages/champ_base
[26.477s] -- Up-to-date: /home/rakesh/practice/install/champ_base/share/champ_base/cmake/ament_cmake_export_include_directories-extras.cmake
[26.477s] -- Up-to-date: /home/rakesh/practice/install/champ_base/share/champ_base/cmake/ament_cmake_export_dependencies-extras.cmake
[26.478s] -- Up-to-date: /home/rakesh/practice/install/champ_base/share/champ_base/cmake/champ_baseConfig.cmake
[26.478s] -- Up-to-date: /home/rakesh/practice/install/champ_base/share/champ_base/cmake/champ_baseConfig-version.cmake
[26.478s] -- Installing: /home/rakesh/practice/install/champ_base/share/champ_base/package.xml
[26.480s] Invoked command in '/home/rakesh/practice/build/champ_base' returned '0': AMENT_PREFIX_PATH=/home/rakesh/practice/install/champ_msgs:/home/rakesh/practice/install/champ:${AMENT_PREFIX_PATH} CMAKE_PREFIX_PATH=/home/rakesh/practice/install/champ_msgs:/home/rakesh/practice/install/champ:/opt/ros/jazzy/opt/gz_sim_vendor:/opt/ros/jazzy/opt/gz_sensors_vendor:/opt/ros/jazzy/opt/gz_physics_vendor:/opt/ros/jazzy/opt/sdformat_vendor:/opt/ros/jazzy/opt/gz_gui_vendor:/opt/ros/jazzy/opt/gz_transport_vendor:/opt/ros/jazzy/opt/gz_rendering_vendor:/opt/ros/jazzy/opt/gz_plugin_vendor:/opt/ros/jazzy/opt/gz_fuel_tools_vendor:/opt/ros/jazzy/opt/gz_msgs_vendor:/opt/ros/jazzy/opt/gz_common_vendor:/opt/ros/jazzy/opt/gz_math_vendor:/opt/ros/jazzy/opt/gz_utils_vendor:/opt/ros/jazzy/opt/gz_tools_vendor:/opt/ros/jazzy/opt/gz_ogre_next_vendor:/opt/ros/jazzy/opt/gz_dartsim_vendor:/opt/ros/jazzy/opt/gz_cmake_vendor:/opt/ros/jazzy: DEBUGINFOD_URLS=https://debuginfod.ubuntu.com LD_LIBRARY_PATH=/home/rakesh/practice/install/champ_msgs/lib:/opt/ros/jazzy/opt/gz_sim_vendor/lib:/opt/ros/jazzy/opt/gz_sensors_vendor/lib:/opt/ros/jazzy/opt/gz_physics_vendor/lib:/opt/ros/jazzy/opt/sdformat_vendor/lib:/opt/ros/jazzy/opt/rviz_ogre_vendor/lib:/opt/ros/jazzy/lib/x86_64-linux-gnu:/opt/ros/jazzy/opt/gz_gui_vendor/lib:/opt/ros/jazzy/opt/gz_transport_vendor/lib:/opt/ros/jazzy/opt/gz_rendering_vendor/lib:/opt/ros/jazzy/opt/gz_plugin_vendor/lib:/opt/ros/jazzy/opt/gz_fuel_tools_vendor/lib:/opt/ros/jazzy/opt/gz_msgs_vendor/lib:/opt/ros/jazzy/opt/gz_common_vendor/lib:/opt/ros/jazzy/opt/gz_math_vendor/lib:/opt/ros/jazzy/opt/gz_utils_vendor/lib:/opt/ros/jazzy/opt/gz_tools_vendor/lib:/opt/ros/jazzy/opt/gz_ogre_next_vendor/lib:/opt/ros/jazzy/opt/gz_dartsim_vendor/lib:/opt/ros/jazzy/opt/gz_cmake_vendor/lib:/opt/ros/jazzy/lib:/opt/ros/jazzy/lib:/opt/unitree_robotics/lib PYTHONPATH=/home/rakesh/practice/install/champ_msgs/lib/python3.12/site-packages:${PYTHONPATH} /usr/bin/cmake --install /home/rakesh/practice/build/champ_base
