-- Install configuration: ""
-- Up-to-date: /home/rakesh/practice/install/unitree_go2_description/share/unitree_go2_description/worlds
-- Installing: /home/rakesh/practice/install/unitree_go2_description/share/unitree_go2_description/worlds/model.sdf
-- Up-to-date: /home/rakesh/practice/install/unitree_go2_description/share/unitree_go2_description/worlds/default.sdf
-- Installing: /home/rakesh/practice/install/unitree_go2_description/share/unitree_go2_description/worlds/thumbnails
-- Installing: /home/rakesh/practice/install/unitree_go2_description/share/unitree_go2_description/worlds/thumbnails/2.png
-- Installing: /home/rakesh/practice/install/unitree_go2_description/share/unitree_go2_description/worlds/thumbnails/1.png
-- Installing: /home/rakesh/practice/install/unitree_go2_description/share/unitree_go2_description/worlds/thumbnails/3.png
-- Installing: /home/rakesh/practice/install/unitree_go2_description/share/unitree_go2_description/worlds/thumbnails/0.png
-- Installing: /home/rakesh/practice/install/unitree_go2_description/share/unitree_go2_description/worlds/thumbnails/4.png
-- Installing: /home/rakesh/practice/install/unitree_go2_description/share/unitree_go2_description/worlds/thumbnails/5.png
-- Installing: /home/rakesh/practice/install/unitree_go2_description/share/unitree_go2_description/worlds/model.config
-- Installing: /home/rakesh/practice/install/unitree_go2_description/share/unitree_go2_description/worlds/meshes
-- Installing: /home/rakesh/practice/install/unitree_go2_description/share/unitree_go2_description/worlds/meshes/Depot.dae
-- Installing: /home/rakesh/practice/install/unitree_go2_description/share/unitree_go2_description/worlds/meshes/Crates.dae
-- Installing: /home/rakesh/practice/install/unitree_go2_description/share/unitree_go2_description/worlds/my_world.sdf
-- Installing: /home/rakesh/practice/install/unitree_go2_description/share/unitree_go2_description/worlds/materials
-- Installing: /home/rakesh/practice/install/unitree_go2_description/share/unitree_go2_description/worlds/materials/scripts
-- Installing: /home/rakesh/practice/install/unitree_go2_description/share/unitree_go2_description/worlds/materials/scripts/model.material
-- Installing: /home/rakesh/practice/install/unitree_go2_description/share/unitree_go2_description/worlds/materials/textures
-- Installing: /home/rakesh/practice/install/unitree_go2_description/share/unitree_go2_description/worlds/materials/textures/STAIRS_Albedo.png
-- Installing: /home/rakesh/practice/install/unitree_go2_description/share/unitree_go2_description/worlds/materials/textures/INTERCOM_Emissive.png
-- Installing: /home/rakesh/practice/install/unitree_go2_description/share/unitree_go2_description/worlds/materials/textures/FireAlarmPole_Albedo.png
-- Installing: /home/rakesh/practice/install/unitree_go2_description/share/unitree_go2_description/worlds/materials/textures/WALLS_Normal.png
-- Installing: /home/rakesh/practice/install/unitree_go2_description/share/unitree_go2_description/worlds/materials/textures/FANS_Normal.png
-- Installing: /home/rakesh/practice/install/unitree_go2_description/share/unitree_go2_description/worlds/materials/textures/PILLERS_Normal.png
-- Installing: /home/rakesh/practice/install/unitree_go2_description/share/unitree_go2_description/worlds/materials/textures/PILLERS_Metalness.png
-- Installing: /home/rakesh/practice/install/unitree_go2_description/share/unitree_go2_description/worlds/materials/textures/Window_WINDOW_Metallic.png
-- Installing: /home/rakesh/practice/install/unitree_go2_description/share/unitree_go2_description/worlds/materials/textures/WALLS_Roughness.png
-- Installing: /home/rakesh/practice/install/unitree_go2_description/share/unitree_go2_description/worlds/materials/textures/Forklift_Forklift_Metallic.png
-- Installing: /home/rakesh/practice/install/unitree_go2_description/share/unitree_go2_description/worlds/materials/textures/ROOF_Emissive.png
-- Installing: /home/rakesh/practice/install/unitree_go2_description/share/unitree_go2_description/worlds/materials/textures/FireAlarmPole_Normal.png
-- Installing: /home/rakesh/practice/install/unitree_go2_description/share/unitree_go2_description/worlds/materials/textures/FLOOR_Roughness.png
-- Installing: /home/rakesh/practice/install/unitree_go2_description/share/unitree_go2_description/worlds/materials/textures/BOXSET_Metalness.png
-- Installing: /home/rakesh/practice/install/unitree_go2_description/share/unitree_go2_description/worlds/materials/textures/WALLS_Albedo.png
-- Installing: /home/rakesh/practice/install/unitree_go2_description/share/unitree_go2_description/worlds/materials/textures/INTERCOM_Albedo.png
-- Installing: /home/rakesh/practice/install/unitree_go2_description/share/unitree_go2_description/worlds/materials/textures/INTERCOM_Normal.png
-- Installing: /home/rakesh/practice/install/unitree_go2_description/share/unitree_go2_description/worlds/materials/textures/FireAlarm_Metalness.png
-- Installing: /home/rakesh/practice/install/unitree_go2_description/share/unitree_go2_description/worlds/materials/textures/FireAlarm_Albedo.png
-- Installing: /home/rakesh/practice/install/unitree_go2_description/share/unitree_go2_description/worlds/materials/textures/FireAlarmPole_Metalness.png
-- Installing: /home/rakesh/practice/install/unitree_go2_description/share/unitree_go2_description/worlds/materials/textures/ROOF_Albedo.png
-- Installing: /home/rakesh/practice/install/unitree_go2_description/share/unitree_go2_description/worlds/materials/textures/FANS_Metalness.png
-- Installing: /home/rakesh/practice/install/unitree_go2_description/share/unitree_go2_description/worlds/materials/textures/Window_WINDOW_Roughness.png
-- Installing: /home/rakesh/practice/install/unitree_go2_description/share/unitree_go2_description/worlds/materials/textures/FLOOR_Normal.png
-- Installing: /home/rakesh/practice/install/unitree_go2_description/share/unitree_go2_description/worlds/materials/textures/ROOF_Normal.png
-- Installing: /home/rakesh/practice/install/unitree_go2_description/share/unitree_go2_description/worlds/materials/textures/STAIRS_Normal.png
-- Installing: /home/rakesh/practice/install/unitree_go2_description/share/unitree_go2_description/worlds/materials/textures/STAIRS_Metalness.png
-- Installing: /home/rakesh/practice/install/unitree_go2_description/share/unitree_go2_description/worlds/materials/textures/BOXSET_Emissive.png
-- Installing: /home/rakesh/practice/install/unitree_go2_description/share/unitree_go2_description/worlds/materials/textures/Pipes_Normal.png
-- Installing: /home/rakesh/practice/install/unitree_go2_description/share/unitree_go2_description/worlds/materials/textures/FireAlarmPole_Roughness.png
-- Installing: /home/rakesh/practice/install/unitree_go2_description/share/unitree_go2_description/worlds/materials/textures/Crates_Crates_Normal.png
-- Installing: /home/rakesh/practice/install/unitree_go2_description/share/unitree_go2_description/worlds/materials/textures/INTERCOM_Roughness.png
-- Installing: /home/rakesh/practice/install/unitree_go2_description/share/unitree_go2_description/worlds/materials/textures/BOXSET_Normal.png
-- Installing: /home/rakesh/practice/install/unitree_go2_description/share/unitree_go2_description/worlds/materials/textures/FireAlarm_Normal.png
-- Installing: /home/rakesh/practice/install/unitree_go2_description/share/unitree_go2_description/worlds/materials/textures/FLOOR_Albedo.png
-- Installing: /home/rakesh/practice/install/unitree_go2_description/share/unitree_go2_description/worlds/materials/textures/ROOF_Roughness.png
-- Installing: /home/rakesh/practice/install/unitree_go2_description/share/unitree_go2_description/worlds/materials/textures/Window_WINDOW_BaseColor.png
-- Installing: /home/rakesh/practice/install/unitree_go2_description/share/unitree_go2_description/worlds/materials/textures/Pipes_Metalness.png
-- Installing: /home/rakesh/practice/install/unitree_go2_description/share/unitree_go2_description/worlds/materials/textures/FLOOR_Metalness.png
-- Installing: /home/rakesh/practice/install/unitree_go2_description/share/unitree_go2_description/worlds/materials/textures/BOXSET_Roughness.png
-- Installing: /home/rakesh/practice/install/unitree_go2_description/share/unitree_go2_description/worlds/materials/textures/Forklift_Forklift_Roughness.png
-- Installing: /home/rakesh/practice/install/unitree_go2_description/share/unitree_go2_description/worlds/materials/textures/FANS_Roughness.png
-- Installing: /home/rakesh/practice/install/unitree_go2_description/share/unitree_go2_description/worlds/materials/textures/Forklift_Forklift_Normal.png
-- Installing: /home/rakesh/practice/install/unitree_go2_description/share/unitree_go2_description/worlds/materials/textures/Pipes_Roughness.png
-- Installing: /home/rakesh/practice/install/unitree_go2_description/share/unitree_go2_description/worlds/materials/textures/FanBack_FanBack_BaseColor.png
-- Installing: /home/rakesh/practice/install/unitree_go2_description/share/unitree_go2_description/worlds/materials/textures/DepotLightmap.png
-- Installing: /home/rakesh/practice/install/unitree_go2_description/share/unitree_go2_description/worlds/materials/textures/ROOF_Metalness.png
-- Installing: /home/rakesh/practice/install/unitree_go2_description/share/unitree_go2_description/worlds/materials/textures/Crates_Crates_Roughness.png
-- Installing: /home/rakesh/practice/install/unitree_go2_description/share/unitree_go2_description/worlds/materials/textures/FireAlarm_Roughness.png
-- Installing: /home/rakesh/practice/install/unitree_go2_description/share/unitree_go2_description/worlds/materials/textures/Crates_Crates_BaseColor.png
-- Installing: /home/rakesh/practice/install/unitree_go2_description/share/unitree_go2_description/worlds/materials/textures/STAIRS_Roughness.png
-- Installing: /home/rakesh/practice/install/unitree_go2_description/share/unitree_go2_description/worlds/materials/textures/FANS_Albedo.png
-- Installing: /home/rakesh/practice/install/unitree_go2_description/share/unitree_go2_description/worlds/materials/textures/Forklift_Forklift_BaseColor.png
-- Installing: /home/rakesh/practice/install/unitree_go2_description/share/unitree_go2_description/worlds/materials/textures/PILLERS_Albedo.png
-- Installing: /home/rakesh/practice/install/unitree_go2_description/share/unitree_go2_description/worlds/materials/textures/PILLERS_Roughness.png
-- Installing: /home/rakesh/practice/install/unitree_go2_description/share/unitree_go2_description/worlds/materials/textures/Pipes_Albedo.png
-- Installing: /home/rakesh/practice/install/unitree_go2_description/share/unitree_go2_description/worlds/materials/textures/WALLS_Metalness.png
-- Installing: /home/rakesh/practice/install/unitree_go2_description/share/unitree_go2_description/worlds/materials/textures/INTERCOM_Metalness.png
-- Installing: /home/rakesh/practice/install/unitree_go2_description/share/unitree_go2_description/worlds/materials/textures/BOXSET_Albedo.png
-- Up-to-date: /home/rakesh/practice/install/unitree_go2_description/share/unitree_go2_description/meshes
-- Up-to-date: /home/rakesh/practice/install/unitree_go2_description/share/unitree_go2_description/meshes/trunk.dae
-- Up-to-date: /home/rakesh/practice/install/unitree_go2_description/share/unitree_go2_description/meshes/foot.dae
-- Up-to-date: /home/rakesh/practice/install/unitree_go2_description/share/unitree_go2_description/meshes/L1_4D_Lidar.dae
-- Up-to-date: /home/rakesh/practice/install/unitree_go2_description/share/unitree_go2_description/meshes/thigh_mirror.dae
-- Up-to-date: /home/rakesh/practice/install/unitree_go2_description/share/unitree_go2_description/meshes/VLP16_base_1.dae
-- Up-to-date: /home/rakesh/practice/install/unitree_go2_description/share/unitree_go2_description/meshes/hip.dae
-- Up-to-date: /home/rakesh/practice/install/unitree_go2_description/share/unitree_go2_description/meshes/calf.dae
-- Up-to-date: /home/rakesh/practice/install/unitree_go2_description/share/unitree_go2_description/meshes/calf_mirror.dae
-- Up-to-date: /home/rakesh/practice/install/unitree_go2_description/share/unitree_go2_description/meshes/hokuyo.dae
-- Up-to-date: /home/rakesh/practice/install/unitree_go2_description/share/unitree_go2_description/meshes/thigh.dae
-- Up-to-date: /home/rakesh/practice/install/unitree_go2_description/share/unitree_go2_description/meshes/VLP16_base_2.dae
-- Up-to-date: /home/rakesh/practice/install/unitree_go2_description/share/unitree_go2_description/meshes/VLP16_scan.dae
-- Up-to-date: /home/rakesh/practice/install/unitree_go2_description/share/unitree_go2_description/urdf
-- Up-to-date: /home/rakesh/practice/install/unitree_go2_description/share/unitree_go2_description/urdf/materials.xacro
-- Up-to-date: /home/rakesh/practice/install/unitree_go2_description/share/unitree_go2_description/urdf/const.xacro
-- Up-to-date: /home/rakesh/practice/install/unitree_go2_description/share/unitree_go2_description/urdf/unitree_go2_robot.xacro
-- Up-to-date: /home/rakesh/practice/install/unitree_go2_description/share/unitree_go2_description/urdf/unitree_go2_gazebo.xacro
-- Up-to-date: /home/rakesh/practice/install/unitree_go2_description/share/unitree_go2_description/urdf/velodyne.xacro
-- Up-to-date: /home/rakesh/practice/install/unitree_go2_description/share/unitree_go2_description/urdf/leg.xacro
-- Up-to-date: /home/rakesh/practice/install/unitree_go2_description/share/unitree_go2_description/urdf/lidar_4D_lidar.xacro
-- Up-to-date: /home/rakesh/practice/install/unitree_go2_description/share/ament_index/resource_index/package_run_dependencies/unitree_go2_description
-- Up-to-date: /home/rakesh/practice/install/unitree_go2_description/share/ament_index/resource_index/parent_prefix_path/unitree_go2_description
-- Up-to-date: /home/rakesh/practice/install/unitree_go2_description/share/unitree_go2_description/environment/ament_prefix_path.sh
-- Up-to-date: /home/rakesh/practice/install/unitree_go2_description/share/unitree_go2_description/environment/ament_prefix_path.dsv
-- Up-to-date: /home/rakesh/practice/install/unitree_go2_description/share/unitree_go2_description/environment/path.sh
-- Up-to-date: /home/rakesh/practice/install/unitree_go2_description/share/unitree_go2_description/environment/path.dsv
-- Up-to-date: /home/rakesh/practice/install/unitree_go2_description/share/unitree_go2_description/local_setup.bash
-- Up-to-date: /home/rakesh/practice/install/unitree_go2_description/share/unitree_go2_description/local_setup.sh
-- Up-to-date: /home/rakesh/practice/install/unitree_go2_description/share/unitree_go2_description/local_setup.zsh
-- Up-to-date: /home/rakesh/practice/install/unitree_go2_description/share/unitree_go2_description/local_setup.dsv
-- Installing: /home/rakesh/practice/install/unitree_go2_description/share/unitree_go2_description/package.dsv
-- Up-to-date: /home/rakesh/practice/install/unitree_go2_description/share/ament_index/resource_index/packages/unitree_go2_description
-- Up-to-date: /home/rakesh/practice/install/unitree_go2_description/share/unitree_go2_description/cmake/unitree_go2_descriptionConfig.cmake
-- Up-to-date: /home/rakesh/practice/install/unitree_go2_description/share/unitree_go2_description/cmake/unitree_go2_descriptionConfig-version.cmake
-- Up-to-date: /home/rakesh/practice/install/unitree_go2_description/share/unitree_go2_description/package.xml
