[0.020s] Invoking command in '/home/rakesh/practice/build/unitree_go2_description': CMAKE_PREFIX_PATH=${CMAKE_PREFIX_PATH}:/opt/ros/jazzy: DEBUGINFOD_URLS=https://debuginfod.ubuntu.com /usr/bin/cmake --build /home/rakesh/practice/build/unitree_go2_description -- -j12 -l12
[0.109s] Invoked command in '/home/rakesh/practice/build/unitree_go2_description' returned '0': CMAKE_PREFIX_PATH=${CMAKE_PREFIX_PATH}:/opt/ros/jazzy: DEBUGINFOD_URLS=https://debuginfod.ubuntu.com /usr/bin/cmake --build /home/rakesh/practice/build/unitree_go2_description -- -j12 -l12
[0.111s] Invoking command in '/home/rakesh/practice/build/unitree_go2_description': CMAKE_PREFIX_PATH=${CMAKE_PREFIX_PATH}:/opt/ros/jazzy: DEBUGINFOD_URLS=https://debuginfod.ubuntu.com /usr/bin/cmake --install /home/rakesh/practice/build/unitree_go2_description
[0.124s] -- Install configuration: ""
[0.124s] -- Up-to-date: /home/rakesh/practice/install/unitree_go2_description/share/unitree_go2_description/worlds
[0.125s] -- Installing: /home/rakesh/practice/install/unitree_go2_description/share/unitree_go2_description/worlds/model.sdf
[0.125s] -- Up-to-date: /home/rakesh/practice/install/unitree_go2_description/share/unitree_go2_description/worlds/default.sdf
[0.125s] -- Installing: /home/rakesh/practice/install/unitree_go2_description/share/unitree_go2_description/worlds/thumbnails
[0.125s] -- Installing: /home/rakesh/practice/install/unitree_go2_description/share/unitree_go2_description/worlds/thumbnails/2.png
[0.125s] -- Installing: /home/rakesh/practice/install/unitree_go2_description/share/unitree_go2_description/worlds/thumbnails/1.png
[0.127s] -- Installing: /home/rakesh/practice/install/unitree_go2_description/share/unitree_go2_description/worlds/thumbnails/3.png
[0.129s] -- Installing: /home/rakesh/practice/install/unitree_go2_description/share/unitree_go2_description/worlds/thumbnails/0.png
[0.130s] -- Installing: /home/rakesh/practice/install/unitree_go2_description/share/unitree_go2_description/worlds/thumbnails/4.png
[0.132s] -- Installing: /home/rakesh/practice/install/unitree_go2_description/share/unitree_go2_description/worlds/thumbnails/5.png
[0.134s] -- Installing: /home/rakesh/practice/install/unitree_go2_description/share/unitree_go2_description/worlds/model.config
[0.134s] -- Installing: /home/rakesh/practice/install/unitree_go2_description/share/unitree_go2_description/worlds/meshes
[0.134s] -- Installing: /home/rakesh/practice/install/unitree_go2_description/share/unitree_go2_description/worlds/meshes/Depot.dae
[0.168s] -- Installing: /home/rakesh/practice/install/unitree_go2_description/share/unitree_go2_description/worlds/meshes/Crates.dae
[0.171s] -- Installing: /home/rakesh/practice/install/unitree_go2_description/share/unitree_go2_description/worlds/my_world.sdf
[0.171s] -- Installing: /home/rakesh/practice/install/unitree_go2_description/share/unitree_go2_description/worlds/materials
[0.171s] -- Installing: /home/rakesh/practice/install/unitree_go2_description/share/unitree_go2_description/worlds/materials/scripts
[0.171s] -- Installing: /home/rakesh/practice/install/unitree_go2_description/share/unitree_go2_description/worlds/materials/scripts/model.material
[0.172s] -- Installing: /home/rakesh/practice/install/unitree_go2_description/share/unitree_go2_description/worlds/materials/textures
[0.172s] -- Installing: /home/rakesh/practice/install/unitree_go2_description/share/unitree_go2_description/worlds/materials/textures/STAIRS_Albedo.png
[0.175s] -- Installing: /home/rakesh/practice/install/unitree_go2_description/share/unitree_go2_description/worlds/materials/textures/INTERCOM_Emissive.png
[0.175s] -- Installing: /home/rakesh/practice/install/unitree_go2_description/share/unitree_go2_description/worlds/materials/textures/FireAlarmPole_Albedo.png
[0.176s] -- Installing: /home/rakesh/practice/install/unitree_go2_description/share/unitree_go2_description/worlds/materials/textures/WALLS_Normal.png
[0.182s] -- Installing: /home/rakesh/practice/install/unitree_go2_description/share/unitree_go2_description/worlds/materials/textures/FANS_Normal.png
[0.185s] -- Installing: /home/rakesh/practice/install/unitree_go2_description/share/unitree_go2_description/worlds/materials/textures/PILLERS_Normal.png
[0.188s] -- Installing: /home/rakesh/practice/install/unitree_go2_description/share/unitree_go2_description/worlds/materials/textures/PILLERS_Metalness.png
[0.188s] -- Installing: /home/rakesh/practice/install/unitree_go2_description/share/unitree_go2_description/worlds/materials/textures/Window_WINDOW_Metallic.png
[0.189s] -- Installing: /home/rakesh/practice/install/unitree_go2_description/share/unitree_go2_description/worlds/materials/textures/WALLS_Roughness.png
[0.189s] -- Installing: /home/rakesh/practice/install/unitree_go2_description/share/unitree_go2_description/worlds/materials/textures/Forklift_Forklift_Metallic.png
[0.190s] -- Installing: /home/rakesh/practice/install/unitree_go2_description/share/unitree_go2_description/worlds/materials/textures/ROOF_Emissive.png
[0.192s] -- Installing: /home/rakesh/practice/install/unitree_go2_description/share/unitree_go2_description/worlds/materials/textures/FireAlarmPole_Normal.png
[0.192s] -- Installing: /home/rakesh/practice/install/unitree_go2_description/share/unitree_go2_description/worlds/materials/textures/FLOOR_Roughness.png
[0.196s] -- Installing: /home/rakesh/practice/install/unitree_go2_description/share/unitree_go2_description/worlds/materials/textures/BOXSET_Metalness.png
[0.196s] -- Installing: /home/rakesh/practice/install/unitree_go2_description/share/unitree_go2_description/worlds/materials/textures/WALLS_Albedo.png
[0.203s] -- Installing: /home/rakesh/practice/install/unitree_go2_description/share/unitree_go2_description/worlds/materials/textures/INTERCOM_Albedo.png
[0.204s] -- Installing: /home/rakesh/practice/install/unitree_go2_description/share/unitree_go2_description/worlds/materials/textures/INTERCOM_Normal.png
[0.205s] -- Installing: /home/rakesh/practice/install/unitree_go2_description/share/unitree_go2_description/worlds/materials/textures/FireAlarm_Metalness.png
[0.206s] -- Installing: /home/rakesh/practice/install/unitree_go2_description/share/unitree_go2_description/worlds/materials/textures/FireAlarm_Albedo.png
[0.208s] -- Installing: /home/rakesh/practice/install/unitree_go2_description/share/unitree_go2_description/worlds/materials/textures/FireAlarmPole_Metalness.png
[0.208s] -- Installing: /home/rakesh/practice/install/unitree_go2_description/share/unitree_go2_description/worlds/materials/textures/ROOF_Albedo.png
[0.214s] -- Installing: /home/rakesh/practice/install/unitree_go2_description/share/unitree_go2_description/worlds/materials/textures/FANS_Metalness.png
[0.216s] -- Installing: /home/rakesh/practice/install/unitree_go2_description/share/unitree_go2_description/worlds/materials/textures/Window_WINDOW_Roughness.png
[0.216s] -- Installing: /home/rakesh/practice/install/unitree_go2_description/share/unitree_go2_description/worlds/materials/textures/FLOOR_Normal.png
[0.220s] -- Installing: /home/rakesh/practice/install/unitree_go2_description/share/unitree_go2_description/worlds/materials/textures/ROOF_Normal.png
[0.223s] -- Installing: /home/rakesh/practice/install/unitree_go2_description/share/unitree_go2_description/worlds/materials/textures/STAIRS_Normal.png
[0.226s] -- Installing: /home/rakesh/practice/install/unitree_go2_description/share/unitree_go2_description/worlds/materials/textures/STAIRS_Metalness.png
[0.228s] -- Installing: /home/rakesh/practice/install/unitree_go2_description/share/unitree_go2_description/worlds/materials/textures/BOXSET_Emissive.png
[0.228s] -- Installing: /home/rakesh/practice/install/unitree_go2_description/share/unitree_go2_description/worlds/materials/textures/Pipes_Normal.png
[0.228s] -- Installing: /home/rakesh/practice/install/unitree_go2_description/share/unitree_go2_description/worlds/materials/textures/FireAlarmPole_Roughness.png
[0.229s] -- Installing: /home/rakesh/practice/install/unitree_go2_description/share/unitree_go2_description/worlds/materials/textures/Crates_Crates_Normal.png
[0.232s] -- Installing: /home/rakesh/practice/install/unitree_go2_description/share/unitree_go2_description/worlds/materials/textures/INTERCOM_Roughness.png
[0.232s] -- Installing: /home/rakesh/practice/install/unitree_go2_description/share/unitree_go2_description/worlds/materials/textures/BOXSET_Normal.png
[0.235s] -- Installing: /home/rakesh/practice/install/unitree_go2_description/share/unitree_go2_description/worlds/materials/textures/FireAlarm_Normal.png
[0.235s] -- Installing: /home/rakesh/practice/install/unitree_go2_description/share/unitree_go2_description/worlds/materials/textures/FLOOR_Albedo.png
[0.240s] -- Installing: /home/rakesh/practice/install/unitree_go2_description/share/unitree_go2_description/worlds/materials/textures/ROOF_Roughness.png
[0.242s] -- Installing: /home/rakesh/practice/install/unitree_go2_description/share/unitree_go2_description/worlds/materials/textures/Window_WINDOW_BaseColor.png
[0.244s] -- Installing: /home/rakesh/practice/install/unitree_go2_description/share/unitree_go2_description/worlds/materials/textures/Pipes_Metalness.png
[0.244s] -- Installing: /home/rakesh/practice/install/unitree_go2_description/share/unitree_go2_description/worlds/materials/textures/FLOOR_Metalness.png
[0.244s] -- Installing: /home/rakesh/practice/install/unitree_go2_description/share/unitree_go2_description/worlds/materials/textures/BOXSET_Roughness.png
[0.246s] -- Installing: /home/rakesh/practice/install/unitree_go2_description/share/unitree_go2_description/worlds/materials/textures/Forklift_Forklift_Roughness.png
[0.247s] -- Installing: /home/rakesh/practice/install/unitree_go2_description/share/unitree_go2_description/worlds/materials/textures/FANS_Roughness.png
[0.249s] -- Installing: /home/rakesh/practice/install/unitree_go2_description/share/unitree_go2_description/worlds/materials/textures/Forklift_Forklift_Normal.png
[0.252s] -- Installing: /home/rakesh/practice/install/unitree_go2_description/share/unitree_go2_description/worlds/materials/textures/Pipes_Roughness.png
[0.252s] -- Installing: /home/rakesh/practice/install/unitree_go2_description/share/unitree_go2_description/worlds/materials/textures/FanBack_FanBack_BaseColor.png
[0.253s] -- Installing: /home/rakesh/practice/install/unitree_go2_description/share/unitree_go2_description/worlds/materials/textures/DepotLightmap.png
[0.259s] -- Installing: /home/rakesh/practice/install/unitree_go2_description/share/unitree_go2_description/worlds/materials/textures/ROOF_Metalness.png
[0.261s] -- Installing: /home/rakesh/practice/install/unitree_go2_description/share/unitree_go2_description/worlds/materials/textures/Crates_Crates_Roughness.png
[0.262s] -- Installing: /home/rakesh/practice/install/unitree_go2_description/share/unitree_go2_description/worlds/materials/textures/FireAlarm_Roughness.png
[0.263s] -- Installing: /home/rakesh/practice/install/unitree_go2_description/share/unitree_go2_description/worlds/materials/textures/Crates_Crates_BaseColor.png
[0.268s] -- Installing: /home/rakesh/practice/install/unitree_go2_description/share/unitree_go2_description/worlds/materials/textures/STAIRS_Roughness.png
[0.270s] -- Installing: /home/rakesh/practice/install/unitree_go2_description/share/unitree_go2_description/worlds/materials/textures/FANS_Albedo.png
[0.272s] -- Installing: /home/rakesh/practice/install/unitree_go2_description/share/unitree_go2_description/worlds/materials/textures/Forklift_Forklift_BaseColor.png
[0.276s] -- Installing: /home/rakesh/practice/install/unitree_go2_description/share/unitree_go2_description/worlds/materials/textures/PILLERS_Albedo.png
[0.279s] -- Installing: /home/rakesh/practice/install/unitree_go2_description/share/unitree_go2_description/worlds/materials/textures/PILLERS_Roughness.png
[0.281s] -- Installing: /home/rakesh/practice/install/unitree_go2_description/share/unitree_go2_description/worlds/materials/textures/Pipes_Albedo.png
[0.281s] -- Installing: /home/rakesh/practice/install/unitree_go2_description/share/unitree_go2_description/worlds/materials/textures/WALLS_Metalness.png
[0.281s] -- Installing: /home/rakesh/practice/install/unitree_go2_description/share/unitree_go2_description/worlds/materials/textures/INTERCOM_Metalness.png
[0.281s] -- Installing: /home/rakesh/practice/install/unitree_go2_description/share/unitree_go2_description/worlds/materials/textures/BOXSET_Albedo.png
[0.286s] -- Up-to-date: /home/rakesh/practice/install/unitree_go2_description/share/unitree_go2_description/meshes
[0.287s] -- Up-to-date: /home/rakesh/practice/install/unitree_go2_description/share/unitree_go2_description/meshes/trunk.dae
[0.287s] -- Up-to-date: /home/rakesh/practice/install/unitree_go2_description/share/unitree_go2_description/meshes/foot.dae
[0.287s] -- Up-to-date: /home/rakesh/practice/install/unitree_go2_description/share/unitree_go2_description/meshes/L1_4D_Lidar.dae
[0.287s] -- Up-to-date: /home/rakesh/practice/install/unitree_go2_description/share/unitree_go2_description/meshes/thigh_mirror.dae
[0.288s] -- Up-to-date: /home/rakesh/practice/install/unitree_go2_description/share/unitree_go2_description/meshes/VLP16_base_1.dae
[0.288s] -- Up-to-date: /home/rakesh/practice/install/unitree_go2_description/share/unitree_go2_description/meshes/hip.dae
[0.288s] -- Up-to-date: /home/rakesh/practice/install/unitree_go2_description/share/unitree_go2_description/meshes/calf.dae
[0.288s] -- Up-to-date: /home/rakesh/practice/install/unitree_go2_description/share/unitree_go2_description/meshes/calf_mirror.dae
[0.288s] -- Up-to-date: /home/rakesh/practice/install/unitree_go2_description/share/unitree_go2_description/meshes/hokuyo.dae
[0.288s] -- Up-to-date: /home/rakesh/practice/install/unitree_go2_description/share/unitree_go2_description/meshes/thigh.dae
[0.288s] -- Up-to-date: /home/rakesh/practice/install/unitree_go2_description/share/unitree_go2_description/meshes/VLP16_base_2.dae
[0.288s] -- Up-to-date: /home/rakesh/practice/install/unitree_go2_description/share/unitree_go2_description/meshes/VLP16_scan.dae
[0.288s] -- Up-to-date: /home/rakesh/practice/install/unitree_go2_description/share/unitree_go2_description/urdf
[0.288s] -- Up-to-date: /home/rakesh/practice/install/unitree_go2_description/share/unitree_go2_description/urdf/materials.xacro
[0.288s] -- Up-to-date: /home/rakesh/practice/install/unitree_go2_description/share/unitree_go2_description/urdf/const.xacro
[0.289s] -- Up-to-date: /home/rakesh/practice/install/unitree_go2_description/share/unitree_go2_description/urdf/unitree_go2_robot.xacro
[0.289s] -- Up-to-date: /home/rakesh/practice/install/unitree_go2_description/share/unitree_go2_description/urdf/unitree_go2_gazebo.xacro
[0.289s] -- Up-to-date: /home/rakesh/practice/install/unitree_go2_description/share/unitree_go2_description/urdf/velodyne.xacro
[0.289s] -- Up-to-date: /home/rakesh/practice/install/unitree_go2_description/share/unitree_go2_description/urdf/leg.xacro
[0.289s] -- Up-to-date: /home/rakesh/practice/install/unitree_go2_description/share/unitree_go2_description/urdf/lidar_4D_lidar.xacro
[0.289s] -- Up-to-date: /home/rakesh/practice/install/unitree_go2_description/share/ament_index/resource_index/package_run_dependencies/unitree_go2_description
[0.289s] -- Up-to-date: /home/rakesh/practice/install/unitree_go2_description/share/ament_index/resource_index/parent_prefix_path/unitree_go2_description
[0.289s] -- Up-to-date: /home/rakesh/practice/install/unitree_go2_description/share/unitree_go2_description/environment/ament_prefix_path.sh
[0.289s] -- Up-to-date: /home/rakesh/practice/install/unitree_go2_description/share/unitree_go2_description/environment/ament_prefix_path.dsv
[0.289s] -- Up-to-date: /home/rakesh/practice/install/unitree_go2_description/share/unitree_go2_description/environment/path.sh
[0.289s] -- Up-to-date: /home/rakesh/practice/install/unitree_go2_description/share/unitree_go2_description/environment/path.dsv
[0.289s] -- Up-to-date: /home/rakesh/practice/install/unitree_go2_description/share/unitree_go2_description/local_setup.bash
[0.289s] -- Up-to-date: /home/rakesh/practice/install/unitree_go2_description/share/unitree_go2_description/local_setup.sh
[0.289s] -- Up-to-date: /home/rakesh/practice/install/unitree_go2_description/share/unitree_go2_description/local_setup.zsh
[0.289s] -- Up-to-date: /home/rakesh/practice/install/unitree_go2_description/share/unitree_go2_description/local_setup.dsv
[0.290s] -- Installing: /home/rakesh/practice/install/unitree_go2_description/share/unitree_go2_description/package.dsv
[0.290s] -- Up-to-date: /home/rakesh/practice/install/unitree_go2_description/share/ament_index/resource_index/packages/unitree_go2_description
[0.290s] -- Up-to-date: /home/rakesh/practice/install/unitree_go2_description/share/unitree_go2_description/cmake/unitree_go2_descriptionConfig.cmake
[0.290s] -- Up-to-date: /home/rakesh/practice/install/unitree_go2_description/share/unitree_go2_description/cmake/unitree_go2_descriptionConfig-version.cmake
[0.290s] -- Up-to-date: /home/rakesh/practice/install/unitree_go2_description/share/unitree_go2_description/package.xml
[0.292s] Invoked command in '/home/rakesh/practice/build/unitree_go2_description' returned '0': CMAKE_PREFIX_PATH=${CMAKE_PREFIX_PATH}:/opt/ros/jazzy: DEBUGINFOD_URLS=https://debuginfod.ubuntu.com /usr/bin/cmake --install /home/rakesh/practice/build/unitree_go2_description
