[0.185s] DEBUG:colcon:Command line arguments: ['/usr/bin/colcon', 'build']
[0.186s] DEBUG:colcon:Parsed command line arguments: Namespace(log_base=None, log_level=None, verb_name='build', build_base='build', install_base='install', merge_install=False, symlink_install=False, test_result_base=None, continue_on_error=False, executor='parallel', parallel_workers=12, event_handlers=None, ignore_user_meta=False, metas=['./colcon.meta'], base_paths=['.'], packages_ignore=None, packages_ignore_regex=None, paths=None, packages_up_to=None, packages_up_to_regex=None, packages_above=None, packages_above_and_dependencies=None, packages_above_depth=None, packages_select_by_dep=None, packages_skip_by_dep=None, packages_skip_up_to=None, packages_select_build_failed=False, packages_skip_build_finished=False, packages_select_test_failures=False, packages_skip_test_passed=False, packages_select=None, packages_skip=None, packages_select_regex=None, packages_skip_regex=None, packages_start=None, packages_end=None, allow_overriding=[], cmake_args=None, cmake_target=None, cmake_target_skip_unavailable=False, cmake_clean_cache=False, cmake_clean_first=False, cmake_force_configure=False, ament_cmake_args=None, catkin_cmake_args=None, catkin_skip_building_tests=False, mixin_files=None, mixin=None, verb_parser=<colcon_mixin.mixin.mixin_argument.MixinArgumentDecorator object at 0x76c4d36bb950>, verb_extension=<colcon_core.verb.build.BuildVerb object at 0x76c4d36656d0>, main=<bound method BuildVerb.main of <colcon_core.verb.build.BuildVerb object at 0x76c4d36656d0>>, mixin_verb=('build',))
[0.246s] Level 1:colcon.colcon_core.package_discovery:discover_packages(colcon_meta) check parameters
[0.246s] Level 1:colcon.colcon_core.package_discovery:discover_packages(recursive) check parameters
[0.246s] Level 1:colcon.colcon_core.package_discovery:discover_packages(ignore) check parameters
[0.246s] Level 1:colcon.colcon_core.package_discovery:discover_packages(path) check parameters
[0.246s] Level 1:colcon.colcon_core.package_discovery:discover_packages(colcon_meta) discover
[0.246s] Level 1:colcon.colcon_core.package_discovery:discover_packages(recursive) discover
[0.246s] INFO:colcon.colcon_core.package_discovery:Crawling recursively for packages in '/home/rakesh/practice'
[0.246s] Level 1:colcon.colcon_core.package_identification:_identify(.) by extensions ['ignore', 'ignore_ament_install']
[0.246s] Level 1:colcon.colcon_core.package_identification:_identify(.) by extension 'ignore'
[0.246s] Level 1:colcon.colcon_core.package_identification:_identify(.) by extension 'ignore_ament_install'
[0.246s] Level 1:colcon.colcon_core.package_identification:_identify(.) by extensions ['colcon_pkg']
[0.246s] Level 1:colcon.colcon_core.package_identification:_identify(.) by extension 'colcon_pkg'
[0.246s] Level 1:colcon.colcon_core.package_identification:_identify(.) by extensions ['colcon_meta']
[0.246s] Level 1:colcon.colcon_core.package_identification:_identify(.) by extension 'colcon_meta'
[0.246s] Level 1:colcon.colcon_core.package_identification:_identify(.) by extensions ['ros']
[0.246s] Level 1:colcon.colcon_core.package_identification:_identify(.) by extension 'ros'
[0.278s] Level 1:colcon.colcon_core.package_identification:_identify(.) by extensions ['cmake', 'python']
[0.278s] Level 1:colcon.colcon_core.package_identification:_identify(.) by extension 'cmake'
[0.278s] Level 1:colcon.colcon_core.package_identification:_identify(.) by extension 'python'
[0.278s] Level 1:colcon.colcon_core.package_identification:_identify(.) by extensions ['python_setup_py']
[0.278s] Level 1:colcon.colcon_core.package_identification:_identify(.) by extension 'python_setup_py'
[0.279s] Level 1:colcon.colcon_core.package_identification:_identify(build) by extensions ['ignore', 'ignore_ament_install']
[0.279s] Level 1:colcon.colcon_core.package_identification:_identify(build) by extension 'ignore'
[0.279s] Level 1:colcon.colcon_core.package_identification:_identify(build) ignored
[0.279s] Level 1:colcon.colcon_core.package_identification:_identify(install) by extensions ['ignore', 'ignore_ament_install']
[0.279s] Level 1:colcon.colcon_core.package_identification:_identify(install) by extension 'ignore'
[0.279s] Level 1:colcon.colcon_core.package_identification:_identify(install) ignored
[0.279s] Level 1:colcon.colcon_core.package_identification:_identify(log) by extensions ['ignore', 'ignore_ament_install']
[0.279s] Level 1:colcon.colcon_core.package_identification:_identify(log) by extension 'ignore'
[0.279s] Level 1:colcon.colcon_core.package_identification:_identify(log) ignored
[0.279s] Level 1:colcon.colcon_core.package_identification:_identify(src) by extensions ['ignore', 'ignore_ament_install']
[0.279s] Level 1:colcon.colcon_core.package_identification:_identify(src) by extension 'ignore'
[0.279s] Level 1:colcon.colcon_core.package_identification:_identify(src) by extension 'ignore_ament_install'
[0.279s] Level 1:colcon.colcon_core.package_identification:_identify(src) by extensions ['colcon_pkg']
[0.279s] Level 1:colcon.colcon_core.package_identification:_identify(src) by extension 'colcon_pkg'
[0.279s] Level 1:colcon.colcon_core.package_identification:_identify(src) by extensions ['colcon_meta']
[0.279s] Level 1:colcon.colcon_core.package_identification:_identify(src) by extension 'colcon_meta'
[0.279s] Level 1:colcon.colcon_core.package_identification:_identify(src) by extensions ['ros']
[0.279s] Level 1:colcon.colcon_core.package_identification:_identify(src) by extension 'ros'
[0.280s] Level 1:colcon.colcon_core.package_identification:_identify(src) by extensions ['cmake', 'python']
[0.280s] Level 1:colcon.colcon_core.package_identification:_identify(src) by extension 'cmake'
[0.280s] Level 1:colcon.colcon_core.package_identification:_identify(src) by extension 'python'
[0.280s] Level 1:colcon.colcon_core.package_identification:_identify(src) by extensions ['python_setup_py']
[0.280s] Level 1:colcon.colcon_core.package_identification:_identify(src) by extension 'python_setup_py'
[0.280s] Level 1:colcon.colcon_core.package_identification:_identify(src/unitree_go2_ros2) by extensions ['ignore', 'ignore_ament_install']
[0.280s] Level 1:colcon.colcon_core.package_identification:_identify(src/unitree_go2_ros2) by extension 'ignore'
[0.280s] Level 1:colcon.colcon_core.package_identification:_identify(src/unitree_go2_ros2) by extension 'ignore_ament_install'
[0.280s] Level 1:colcon.colcon_core.package_identification:_identify(src/unitree_go2_ros2) by extensions ['colcon_pkg']
[0.280s] Level 1:colcon.colcon_core.package_identification:_identify(src/unitree_go2_ros2) by extension 'colcon_pkg'
[0.280s] Level 1:colcon.colcon_core.package_identification:_identify(src/unitree_go2_ros2) by extensions ['colcon_meta']
[0.280s] Level 1:colcon.colcon_core.package_identification:_identify(src/unitree_go2_ros2) by extension 'colcon_meta'
[0.280s] Level 1:colcon.colcon_core.package_identification:_identify(src/unitree_go2_ros2) by extensions ['ros']
[0.280s] Level 1:colcon.colcon_core.package_identification:_identify(src/unitree_go2_ros2) by extension 'ros'
[0.280s] Level 1:colcon.colcon_core.package_identification:_identify(src/unitree_go2_ros2) by extensions ['cmake', 'python']
[0.280s] Level 1:colcon.colcon_core.package_identification:_identify(src/unitree_go2_ros2) by extension 'cmake'
[0.280s] Level 1:colcon.colcon_core.package_identification:_identify(src/unitree_go2_ros2) by extension 'python'
[0.280s] Level 1:colcon.colcon_core.package_identification:_identify(src/unitree_go2_ros2) by extensions ['python_setup_py']
[0.280s] Level 1:colcon.colcon_core.package_identification:_identify(src/unitree_go2_ros2) by extension 'python_setup_py'
[0.280s] Level 1:colcon.colcon_core.package_identification:_identify(src/unitree_go2_ros2/champ) by extensions ['ignore', 'ignore_ament_install']
[0.280s] Level 1:colcon.colcon_core.package_identification:_identify(src/unitree_go2_ros2/champ) by extension 'ignore'
[0.280s] Level 1:colcon.colcon_core.package_identification:_identify(src/unitree_go2_ros2/champ) by extension 'ignore_ament_install'
[0.281s] Level 1:colcon.colcon_core.package_identification:_identify(src/unitree_go2_ros2/champ) by extensions ['colcon_pkg']
[0.281s] Level 1:colcon.colcon_core.package_identification:_identify(src/unitree_go2_ros2/champ) by extension 'colcon_pkg'
[0.281s] Level 1:colcon.colcon_core.package_identification:_identify(src/unitree_go2_ros2/champ) by extensions ['colcon_meta']
[0.281s] Level 1:colcon.colcon_core.package_identification:_identify(src/unitree_go2_ros2/champ) by extension 'colcon_meta'
[0.281s] Level 1:colcon.colcon_core.package_identification:_identify(src/unitree_go2_ros2/champ) by extensions ['ros']
[0.281s] Level 1:colcon.colcon_core.package_identification:_identify(src/unitree_go2_ros2/champ) by extension 'ros'
[0.284s] DEBUG:colcon.colcon_core.package_identification:Package 'src/unitree_go2_ros2/champ' with type 'ros.ament_cmake' and name 'champ'
[0.284s] Level 1:colcon.colcon_core.package_identification:_identify(src/unitree_go2_ros2/champ_base) by extensions ['ignore', 'ignore_ament_install']
[0.284s] Level 1:colcon.colcon_core.package_identification:_identify(src/unitree_go2_ros2/champ_base) by extension 'ignore'
[0.285s] Level 1:colcon.colcon_core.package_identification:_identify(src/unitree_go2_ros2/champ_base) by extension 'ignore_ament_install'
[0.285s] Level 1:colcon.colcon_core.package_identification:_identify(src/unitree_go2_ros2/champ_base) by extensions ['colcon_pkg']
[0.285s] Level 1:colcon.colcon_core.package_identification:_identify(src/unitree_go2_ros2/champ_base) by extension 'colcon_pkg'
[0.285s] Level 1:colcon.colcon_core.package_identification:_identify(src/unitree_go2_ros2/champ_base) by extensions ['colcon_meta']
[0.285s] Level 1:colcon.colcon_core.package_identification:_identify(src/unitree_go2_ros2/champ_base) by extension 'colcon_meta'
[0.285s] Level 1:colcon.colcon_core.package_identification:_identify(src/unitree_go2_ros2/champ_base) by extensions ['ros']
[0.285s] Level 1:colcon.colcon_core.package_identification:_identify(src/unitree_go2_ros2/champ_base) by extension 'ros'
[0.286s] DEBUG:colcon.colcon_core.package_identification:Package 'src/unitree_go2_ros2/champ_base' with type 'ros.ament_cmake' and name 'champ_base'
[0.286s] Level 1:colcon.colcon_core.package_identification:_identify(src/unitree_go2_ros2/champ_msgs) by extensions ['ignore', 'ignore_ament_install']
[0.286s] Level 1:colcon.colcon_core.package_identification:_identify(src/unitree_go2_ros2/champ_msgs) by extension 'ignore'
[0.286s] Level 1:colcon.colcon_core.package_identification:_identify(src/unitree_go2_ros2/champ_msgs) by extension 'ignore_ament_install'
[0.286s] Level 1:colcon.colcon_core.package_identification:_identify(src/unitree_go2_ros2/champ_msgs) by extensions ['colcon_pkg']
[0.286s] Level 1:colcon.colcon_core.package_identification:_identify(src/unitree_go2_ros2/champ_msgs) by extension 'colcon_pkg'
[0.286s] Level 1:colcon.colcon_core.package_identification:_identify(src/unitree_go2_ros2/champ_msgs) by extensions ['colcon_meta']
[0.286s] Level 1:colcon.colcon_core.package_identification:_identify(src/unitree_go2_ros2/champ_msgs) by extension 'colcon_meta'
[0.286s] Level 1:colcon.colcon_core.package_identification:_identify(src/unitree_go2_ros2/champ_msgs) by extensions ['ros']
[0.287s] Level 1:colcon.colcon_core.package_identification:_identify(src/unitree_go2_ros2/champ_msgs) by extension 'ros'
[0.287s] DEBUG:colcon.colcon_core.package_identification:Package 'src/unitree_go2_ros2/champ_msgs' with type 'ros.ament_cmake' and name 'champ_msgs'
[0.287s] Level 1:colcon.colcon_core.package_identification:_identify(src/unitree_go2_ros2/docs) by extensions ['ignore', 'ignore_ament_install']
[0.287s] Level 1:colcon.colcon_core.package_identification:_identify(src/unitree_go2_ros2/docs) by extension 'ignore'
[0.287s] Level 1:colcon.colcon_core.package_identification:_identify(src/unitree_go2_ros2/docs) by extension 'ignore_ament_install'
[0.288s] Level 1:colcon.colcon_core.package_identification:_identify(src/unitree_go2_ros2/docs) by extensions ['colcon_pkg']
[0.288s] Level 1:colcon.colcon_core.package_identification:_identify(src/unitree_go2_ros2/docs) by extension 'colcon_pkg'
[0.288s] Level 1:colcon.colcon_core.package_identification:_identify(src/unitree_go2_ros2/docs) by extensions ['colcon_meta']
[0.288s] Level 1:colcon.colcon_core.package_identification:_identify(src/unitree_go2_ros2/docs) by extension 'colcon_meta'
[0.288s] Level 1:colcon.colcon_core.package_identification:_identify(src/unitree_go2_ros2/docs) by extensions ['ros']
[0.288s] Level 1:colcon.colcon_core.package_identification:_identify(src/unitree_go2_ros2/docs) by extension 'ros'
[0.288s] Level 1:colcon.colcon_core.package_identification:_identify(src/unitree_go2_ros2/docs) by extensions ['cmake', 'python']
[0.288s] Level 1:colcon.colcon_core.package_identification:_identify(src/unitree_go2_ros2/docs) by extension 'cmake'
[0.288s] Level 1:colcon.colcon_core.package_identification:_identify(src/unitree_go2_ros2/docs) by extension 'python'
[0.288s] Level 1:colcon.colcon_core.package_identification:_identify(src/unitree_go2_ros2/docs) by extensions ['python_setup_py']
[0.288s] Level 1:colcon.colcon_core.package_identification:_identify(src/unitree_go2_ros2/docs) by extension 'python_setup_py'
[0.288s] Level 1:colcon.colcon_core.package_identification:_identify(src/unitree_go2_ros2/unitree_go2_description) by extensions ['ignore', 'ignore_ament_install']
[0.288s] Level 1:colcon.colcon_core.package_identification:_identify(src/unitree_go2_ros2/unitree_go2_description) by extension 'ignore'
[0.288s] Level 1:colcon.colcon_core.package_identification:_identify(src/unitree_go2_ros2/unitree_go2_description) by extension 'ignore_ament_install'
[0.288s] Level 1:colcon.colcon_core.package_identification:_identify(src/unitree_go2_ros2/unitree_go2_description) by extensions ['colcon_pkg']
[0.288s] Level 1:colcon.colcon_core.package_identification:_identify(src/unitree_go2_ros2/unitree_go2_description) by extension 'colcon_pkg'
[0.288s] Level 1:colcon.colcon_core.package_identification:_identify(src/unitree_go2_ros2/unitree_go2_description) by extensions ['colcon_meta']
[0.288s] Level 1:colcon.colcon_core.package_identification:_identify(src/unitree_go2_ros2/unitree_go2_description) by extension 'colcon_meta'
[0.288s] Level 1:colcon.colcon_core.package_identification:_identify(src/unitree_go2_ros2/unitree_go2_description) by extensions ['ros']
[0.288s] Level 1:colcon.colcon_core.package_identification:_identify(src/unitree_go2_ros2/unitree_go2_description) by extension 'ros'
[0.289s] DEBUG:colcon.colcon_core.package_identification:Package 'src/unitree_go2_ros2/unitree_go2_description' with type 'ros.ament_cmake' and name 'unitree_go2_description'
[0.289s] Level 1:colcon.colcon_core.package_identification:_identify(src/unitree_go2_ros2/unitree_go2_sim) by extensions ['ignore', 'ignore_ament_install']
[0.289s] Level 1:colcon.colcon_core.package_identification:_identify(src/unitree_go2_ros2/unitree_go2_sim) by extension 'ignore'
[0.289s] Level 1:colcon.colcon_core.package_identification:_identify(src/unitree_go2_ros2/unitree_go2_sim) by extension 'ignore_ament_install'
[0.289s] Level 1:colcon.colcon_core.package_identification:_identify(src/unitree_go2_ros2/unitree_go2_sim) by extensions ['colcon_pkg']
[0.289s] Level 1:colcon.colcon_core.package_identification:_identify(src/unitree_go2_ros2/unitree_go2_sim) by extension 'colcon_pkg'
[0.289s] Level 1:colcon.colcon_core.package_identification:_identify(src/unitree_go2_ros2/unitree_go2_sim) by extensions ['colcon_meta']
[0.289s] Level 1:colcon.colcon_core.package_identification:_identify(src/unitree_go2_ros2/unitree_go2_sim) by extension 'colcon_meta'
[0.289s] Level 1:colcon.colcon_core.package_identification:_identify(src/unitree_go2_ros2/unitree_go2_sim) by extensions ['ros']
[0.289s] Level 1:colcon.colcon_core.package_identification:_identify(src/unitree_go2_ros2/unitree_go2_sim) by extension 'ros'
[0.290s] DEBUG:colcon.colcon_core.package_identification:Package 'src/unitree_go2_ros2/unitree_go2_sim' with type 'ros.ament_cmake' and name 'unitree_go2_sim'
[0.290s] Level 1:colcon.colcon_core.package_discovery:discover_packages(recursive) using defaults
[0.290s] Level 1:colcon.colcon_core.package_discovery:discover_packages(ignore) discover
[0.290s] Level 1:colcon.colcon_core.package_discovery:discover_packages(ignore) using defaults
[0.290s] Level 1:colcon.colcon_core.package_discovery:discover_packages(path) discover
[0.290s] Level 1:colcon.colcon_core.package_discovery:discover_packages(path) using defaults
[0.315s] Level 1:colcon.colcon_core.package_discovery:discover_packages(prefix_path) check parameters
[0.315s] Level 1:colcon.colcon_core.package_discovery:discover_packages(prefix_path) discover
[0.323s] DEBUG:colcon.colcon_installed_package_information.package_discovery:Found 517 installed packages in /opt/ros/jazzy
[0.325s] Level 1:colcon.colcon_core.package_discovery:discover_packages(prefix_path) using defaults
[0.404s] Level 5:colcon.colcon_core.verb:set package 'champ' build argument 'cmake_args' from command line to 'None'
[0.404s] Level 5:colcon.colcon_core.verb:set package 'champ' build argument 'cmake_target' from command line to 'None'
[0.404s] Level 5:colcon.colcon_core.verb:set package 'champ' build argument 'cmake_target_skip_unavailable' from command line to 'False'
[0.404s] Level 5:colcon.colcon_core.verb:set package 'champ' build argument 'cmake_clean_cache' from command line to 'False'
[0.404s] Level 5:colcon.colcon_core.verb:set package 'champ' build argument 'cmake_clean_first' from command line to 'False'
[0.404s] Level 5:colcon.colcon_core.verb:set package 'champ' build argument 'cmake_force_configure' from command line to 'False'
[0.404s] Level 5:colcon.colcon_core.verb:set package 'champ' build argument 'ament_cmake_args' from command line to 'None'
[0.404s] Level 5:colcon.colcon_core.verb:set package 'champ' build argument 'catkin_cmake_args' from command line to 'None'
[0.404s] Level 5:colcon.colcon_core.verb:set package 'champ' build argument 'catkin_skip_building_tests' from command line to 'False'
[0.404s] DEBUG:colcon.colcon_core.verb:Building package 'champ' with the following arguments: {'ament_cmake_args': None, 'build_base': '/home/rakesh/practice/build/champ', 'catkin_cmake_args': None, 'catkin_skip_building_tests': False, 'cmake_args': None, 'cmake_clean_cache': False, 'cmake_clean_first': False, 'cmake_force_configure': False, 'cmake_target': None, 'cmake_target_skip_unavailable': False, 'install_base': '/home/rakesh/practice/install/champ', 'merge_install': False, 'path': '/home/rakesh/practice/src/unitree_go2_ros2/champ', 'symlink_install': False, 'test_result_base': None}
[0.404s] Level 5:colcon.colcon_core.verb:set package 'champ_msgs' build argument 'cmake_args' from command line to 'None'
[0.404s] Level 5:colcon.colcon_core.verb:set package 'champ_msgs' build argument 'cmake_target' from command line to 'None'
[0.404s] Level 5:colcon.colcon_core.verb:set package 'champ_msgs' build argument 'cmake_target_skip_unavailable' from command line to 'False'
[0.404s] Level 5:colcon.colcon_core.verb:set package 'champ_msgs' build argument 'cmake_clean_cache' from command line to 'False'
[0.404s] Level 5:colcon.colcon_core.verb:set package 'champ_msgs' build argument 'cmake_clean_first' from command line to 'False'
[0.404s] Level 5:colcon.colcon_core.verb:set package 'champ_msgs' build argument 'cmake_force_configure' from command line to 'False'
[0.404s] Level 5:colcon.colcon_core.verb:set package 'champ_msgs' build argument 'ament_cmake_args' from command line to 'None'
[0.404s] Level 5:colcon.colcon_core.verb:set package 'champ_msgs' build argument 'catkin_cmake_args' from command line to 'None'
[0.404s] Level 5:colcon.colcon_core.verb:set package 'champ_msgs' build argument 'catkin_skip_building_tests' from command line to 'False'
[0.404s] DEBUG:colcon.colcon_core.verb:Building package 'champ_msgs' with the following arguments: {'ament_cmake_args': None, 'build_base': '/home/rakesh/practice/build/champ_msgs', 'catkin_cmake_args': None, 'catkin_skip_building_tests': False, 'cmake_args': None, 'cmake_clean_cache': False, 'cmake_clean_first': False, 'cmake_force_configure': False, 'cmake_target': None, 'cmake_target_skip_unavailable': False, 'install_base': '/home/rakesh/practice/install/champ_msgs', 'merge_install': False, 'path': '/home/rakesh/practice/src/unitree_go2_ros2/champ_msgs', 'symlink_install': False, 'test_result_base': None}
[0.404s] Level 5:colcon.colcon_core.verb:set package 'unitree_go2_description' build argument 'cmake_args' from command line to 'None'
[0.404s] Level 5:colcon.colcon_core.verb:set package 'unitree_go2_description' build argument 'cmake_target' from command line to 'None'
[0.405s] Level 5:colcon.colcon_core.verb:set package 'unitree_go2_description' build argument 'cmake_target_skip_unavailable' from command line to 'False'
[0.405s] Level 5:colcon.colcon_core.verb:set package 'unitree_go2_description' build argument 'cmake_clean_cache' from command line to 'False'
[0.405s] Level 5:colcon.colcon_core.verb:set package 'unitree_go2_description' build argument 'cmake_clean_first' from command line to 'False'
[0.405s] Level 5:colcon.colcon_core.verb:set package 'unitree_go2_description' build argument 'cmake_force_configure' from command line to 'False'
[0.405s] Level 5:colcon.colcon_core.verb:set package 'unitree_go2_description' build argument 'ament_cmake_args' from command line to 'None'
[0.405s] Level 5:colcon.colcon_core.verb:set package 'unitree_go2_description' build argument 'catkin_cmake_args' from command line to 'None'
[0.405s] Level 5:colcon.colcon_core.verb:set package 'unitree_go2_description' build argument 'catkin_skip_building_tests' from command line to 'False'
[0.405s] DEBUG:colcon.colcon_core.verb:Building package 'unitree_go2_description' with the following arguments: {'ament_cmake_args': None, 'build_base': '/home/rakesh/practice/build/unitree_go2_description', 'catkin_cmake_args': None, 'catkin_skip_building_tests': False, 'cmake_args': None, 'cmake_clean_cache': False, 'cmake_clean_first': False, 'cmake_force_configure': False, 'cmake_target': None, 'cmake_target_skip_unavailable': False, 'install_base': '/home/rakesh/practice/install/unitree_go2_description', 'merge_install': False, 'path': '/home/rakesh/practice/src/unitree_go2_ros2/unitree_go2_description', 'symlink_install': False, 'test_result_base': None}
[0.405s] Level 5:colcon.colcon_core.verb:set package 'unitree_go2_sim' build argument 'cmake_args' from command line to 'None'
[0.405s] Level 5:colcon.colcon_core.verb:set package 'unitree_go2_sim' build argument 'cmake_target' from command line to 'None'
[0.405s] Level 5:colcon.colcon_core.verb:set package 'unitree_go2_sim' build argument 'cmake_target_skip_unavailable' from command line to 'False'
[0.405s] Level 5:colcon.colcon_core.verb:set package 'unitree_go2_sim' build argument 'cmake_clean_cache' from command line to 'False'
[0.405s] Level 5:colcon.colcon_core.verb:set package 'unitree_go2_sim' build argument 'cmake_clean_first' from command line to 'False'
[0.405s] Level 5:colcon.colcon_core.verb:set package 'unitree_go2_sim' build argument 'cmake_force_configure' from command line to 'False'
[0.405s] Level 5:colcon.colcon_core.verb:set package 'unitree_go2_sim' build argument 'ament_cmake_args' from command line to 'None'
[0.405s] Level 5:colcon.colcon_core.verb:set package 'unitree_go2_sim' build argument 'catkin_cmake_args' from command line to 'None'
[0.405s] Level 5:colcon.colcon_core.verb:set package 'unitree_go2_sim' build argument 'catkin_skip_building_tests' from command line to 'False'
[0.405s] DEBUG:colcon.colcon_core.verb:Building package 'unitree_go2_sim' with the following arguments: {'ament_cmake_args': None, 'build_base': '/home/rakesh/practice/build/unitree_go2_sim', 'catkin_cmake_args': None, 'catkin_skip_building_tests': False, 'cmake_args': None, 'cmake_clean_cache': False, 'cmake_clean_first': False, 'cmake_force_configure': False, 'cmake_target': None, 'cmake_target_skip_unavailable': False, 'install_base': '/home/rakesh/practice/install/unitree_go2_sim', 'merge_install': False, 'path': '/home/rakesh/practice/src/unitree_go2_ros2/unitree_go2_sim', 'symlink_install': False, 'test_result_base': None}
[0.405s] Level 5:colcon.colcon_core.verb:set package 'champ_base' build argument 'cmake_args' from command line to 'None'
[0.405s] Level 5:colcon.colcon_core.verb:set package 'champ_base' build argument 'cmake_target' from command line to 'None'
[0.405s] Level 5:colcon.colcon_core.verb:set package 'champ_base' build argument 'cmake_target_skip_unavailable' from command line to 'False'
[0.405s] Level 5:colcon.colcon_core.verb:set package 'champ_base' build argument 'cmake_clean_cache' from command line to 'False'
[0.405s] Level 5:colcon.colcon_core.verb:set package 'champ_base' build argument 'cmake_clean_first' from command line to 'False'
[0.405s] Level 5:colcon.colcon_core.verb:set package 'champ_base' build argument 'cmake_force_configure' from command line to 'False'
[0.405s] Level 5:colcon.colcon_core.verb:set package 'champ_base' build argument 'ament_cmake_args' from command line to 'None'
[0.405s] Level 5:colcon.colcon_core.verb:set package 'champ_base' build argument 'catkin_cmake_args' from command line to 'None'
[0.405s] Level 5:colcon.colcon_core.verb:set package 'champ_base' build argument 'catkin_skip_building_tests' from command line to 'False'
[0.405s] DEBUG:colcon.colcon_core.verb:Building package 'champ_base' with the following arguments: {'ament_cmake_args': None, 'build_base': '/home/rakesh/practice/build/champ_base', 'catkin_cmake_args': None, 'catkin_skip_building_tests': False, 'cmake_args': None, 'cmake_clean_cache': False, 'cmake_clean_first': False, 'cmake_force_configure': False, 'cmake_target': None, 'cmake_target_skip_unavailable': False, 'install_base': '/home/rakesh/practice/install/champ_base', 'merge_install': False, 'path': '/home/rakesh/practice/src/unitree_go2_ros2/champ_base', 'symlink_install': False, 'test_result_base': None}
[0.406s] INFO:colcon.colcon_core.executor:Executing jobs using 'parallel' executor
[0.406s] DEBUG:colcon.colcon_parallel_executor.executor.parallel:run_until_complete
[0.407s] INFO:colcon.colcon_ros.task.ament_cmake.build:Building ROS package in '/home/rakesh/practice/src/unitree_go2_ros2/champ' with build type 'ament_cmake'
[0.407s] INFO:colcon.colcon_cmake.task.cmake.build:Building CMake package in '/home/rakesh/practice/src/unitree_go2_ros2/champ'
[0.412s] INFO:colcon.colcon_core.plugin_system:Skipping extension 'colcon_core.shell.bat': Not used on non-Windows systems
[0.412s] INFO:colcon.colcon_core.shell:Skip shell extension 'powershell' for command environment: Not usable outside of PowerShell
[0.412s] DEBUG:colcon.colcon_core.shell:Skip shell extension 'dsv' for command environment
[0.417s] INFO:colcon.colcon_ros.task.ament_cmake.build:Building ROS package in '/home/rakesh/practice/src/unitree_go2_ros2/champ_msgs' with build type 'ament_cmake'
[0.417s] INFO:colcon.colcon_cmake.task.cmake.build:Building CMake package in '/home/rakesh/practice/src/unitree_go2_ros2/champ_msgs'
[0.417s] INFO:colcon.colcon_core.shell:Skip shell extension 'powershell' for command environment: Not usable outside of PowerShell
[0.417s] DEBUG:colcon.colcon_core.shell:Skip shell extension 'dsv' for command environment
[0.422s] INFO:colcon.colcon_ros.task.ament_cmake.build:Building ROS package in '/home/rakesh/practice/src/unitree_go2_ros2/unitree_go2_description' with build type 'ament_cmake'
[0.422s] INFO:colcon.colcon_cmake.task.cmake.build:Building CMake package in '/home/rakesh/practice/src/unitree_go2_ros2/unitree_go2_description'
[0.422s] INFO:colcon.colcon_core.shell:Skip shell extension 'powershell' for command environment: Not usable outside of PowerShell
[0.422s] DEBUG:colcon.colcon_core.shell:Skip shell extension 'dsv' for command environment
[0.426s] INFO:colcon.colcon_ros.task.ament_cmake.build:Building ROS package in '/home/rakesh/practice/src/unitree_go2_ros2/unitree_go2_sim' with build type 'ament_cmake'
[0.426s] INFO:colcon.colcon_cmake.task.cmake.build:Building CMake package in '/home/rakesh/practice/src/unitree_go2_ros2/unitree_go2_sim'
[0.426s] INFO:colcon.colcon_core.shell:Skip shell extension 'powershell' for command environment: Not usable outside of PowerShell
[0.426s] DEBUG:colcon.colcon_core.shell:Skip shell extension 'dsv' for command environment
[0.434s] DEBUG:colcon.colcon_core.event_handler.log_command:Invoking command in '/home/rakesh/practice/build/champ': CMAKE_PREFIX_PATH=${CMAKE_PREFIX_PATH}:/opt/ros/jazzy: DEBUGINFOD_URLS=https://debuginfod.ubuntu.com /usr/bin/cmake --build /home/rakesh/practice/build/champ -- -j12 -l12
[0.440s] DEBUG:colcon.colcon_core.event_handler.log_command:Invoking command in '/home/rakesh/practice/build/champ_msgs': CMAKE_PREFIX_PATH=${CMAKE_PREFIX_PATH}:/opt/ros/jazzy: DEBUGINFOD_URLS=https://debuginfod.ubuntu.com /usr/bin/cmake --build /home/rakesh/practice/build/champ_msgs -- -j12 -l12
[0.441s] DEBUG:colcon.colcon_core.event_handler.log_command:Invoking command in '/home/rakesh/practice/build/unitree_go2_description': CMAKE_PREFIX_PATH=${CMAKE_PREFIX_PATH}:/opt/ros/jazzy: DEBUGINFOD_URLS=https://debuginfod.ubuntu.com /usr/bin/cmake --build /home/rakesh/practice/build/unitree_go2_description -- -j12 -l12
[0.446s] DEBUG:colcon.colcon_core.event_handler.log_command:Invoking command in '/home/rakesh/practice/build/unitree_go2_sim': CMAKE_PREFIX_PATH=${CMAKE_PREFIX_PATH}:/opt/ros/jazzy: DEBUGINFOD_URLS=https://debuginfod.ubuntu.com /usr/bin/cmake --build /home/rakesh/practice/build/unitree_go2_sim -- -j12 -l12
[0.500s] DEBUG:colcon.colcon_core.event_handler.log_command:Invoked command in '/home/rakesh/practice/build/unitree_go2_sim' returned '0': CMAKE_PREFIX_PATH=${CMAKE_PREFIX_PATH}:/opt/ros/jazzy: DEBUGINFOD_URLS=https://debuginfod.ubuntu.com /usr/bin/cmake --build /home/rakesh/practice/build/unitree_go2_sim -- -j12 -l12
[0.515s] DEBUG:colcon.colcon_core.event_handler.log_command:Invoking command in '/home/rakesh/practice/build/unitree_go2_sim': CMAKE_PREFIX_PATH=${CMAKE_PREFIX_PATH}:/opt/ros/jazzy: DEBUGINFOD_URLS=https://debuginfod.ubuntu.com /usr/bin/cmake --install /home/rakesh/practice/build/unitree_go2_sim
[0.516s] DEBUG:colcon.colcon_core.event_handler.log_command:Invoked command in '/home/rakesh/practice/build/unitree_go2_description' returned '0': CMAKE_PREFIX_PATH=${CMAKE_PREFIX_PATH}:/opt/ros/jazzy: DEBUGINFOD_URLS=https://debuginfod.ubuntu.com /usr/bin/cmake --build /home/rakesh/practice/build/unitree_go2_description -- -j12 -l12
[0.517s] DEBUG:colcon.colcon_core.event_handler.log_command:Invoking command in '/home/rakesh/practice/build/unitree_go2_description': CMAKE_PREFIX_PATH=${CMAKE_PREFIX_PATH}:/opt/ros/jazzy: DEBUGINFOD_URLS=https://debuginfod.ubuntu.com /usr/bin/cmake --install /home/rakesh/practice/build/unitree_go2_description
[0.519s] DEBUG:colcon.colcon_core.event_handler.log_command:Invoked command in '/home/rakesh/practice/build/champ' returned '0': CMAKE_PREFIX_PATH=${CMAKE_PREFIX_PATH}:/opt/ros/jazzy: DEBUGINFOD_URLS=https://debuginfod.ubuntu.com /usr/bin/cmake --build /home/rakesh/practice/build/champ -- -j12 -l12
[0.520s] DEBUG:colcon.colcon_core.event_handler.log_command:Invoking command in '/home/rakesh/practice/build/champ': CMAKE_PREFIX_PATH=${CMAKE_PREFIX_PATH}:/opt/ros/jazzy: DEBUGINFOD_URLS=https://debuginfod.ubuntu.com /usr/bin/cmake --install /home/rakesh/practice/build/champ
[0.534s] Level 1:colcon.colcon_core.environment:create_environment_scripts_only(unitree_go2_sim)
[0.538s] DEBUG:colcon.colcon_core.event_handler.log_command:Invoked command in '/home/rakesh/practice/build/unitree_go2_sim' returned '0': CMAKE_PREFIX_PATH=${CMAKE_PREFIX_PATH}:/opt/ros/jazzy: DEBUGINFOD_URLS=https://debuginfod.ubuntu.com /usr/bin/cmake --install /home/rakesh/practice/build/unitree_go2_sim
[0.543s] Level 1:colcon.colcon_core.environment:checking '/home/rakesh/practice/install/unitree_go2_sim' for CMake module files
[0.544s] Level 1:colcon.colcon_core.environment:checking '/home/rakesh/practice/install/unitree_go2_sim' for CMake config files
[0.544s] Level 1:colcon.colcon_core.shell:create_environment_hook('unitree_go2_sim', 'cmake_prefix_path')
[0.544s] INFO:colcon.colcon_core.shell:Creating environment hook '/home/rakesh/practice/install/unitree_go2_sim/share/unitree_go2_sim/hook/cmake_prefix_path.ps1'
[0.545s] INFO:colcon.colcon_core.shell:Creating environment descriptor '/home/rakesh/practice/install/unitree_go2_sim/share/unitree_go2_sim/hook/cmake_prefix_path.dsv'
[0.546s] INFO:colcon.colcon_core.shell:Creating environment hook '/home/rakesh/practice/install/unitree_go2_sim/share/unitree_go2_sim/hook/cmake_prefix_path.sh'
[0.547s] Level 1:colcon.colcon_core.environment:checking '/home/rakesh/practice/install/unitree_go2_sim/bin'
[0.547s] Level 1:colcon.colcon_core.environment:checking '/home/rakesh/practice/install/unitree_go2_sim/lib/pkgconfig/unitree_go2_sim.pc'
[0.547s] Level 1:colcon.colcon_core.environment:checking '/home/rakesh/practice/install/unitree_go2_sim/lib/python3.12/site-packages'
[0.547s] Level 1:colcon.colcon_core.environment:checking '/home/rakesh/practice/install/unitree_go2_sim/bin'
[0.547s] INFO:colcon.colcon_core.shell:Creating package script '/home/rakesh/practice/install/unitree_go2_sim/share/unitree_go2_sim/package.ps1'
[0.548s] INFO:colcon.colcon_core.shell:Creating package descriptor '/home/rakesh/practice/install/unitree_go2_sim/share/unitree_go2_sim/package.dsv'
[0.549s] INFO:colcon.colcon_core.shell:Creating package script '/home/rakesh/practice/install/unitree_go2_sim/share/unitree_go2_sim/package.sh'
[0.550s] INFO:colcon.colcon_core.shell:Creating package script '/home/rakesh/practice/install/unitree_go2_sim/share/unitree_go2_sim/package.bash'
[0.551s] INFO:colcon.colcon_core.shell:Creating package script '/home/rakesh/practice/install/unitree_go2_sim/share/unitree_go2_sim/package.zsh'
[0.552s] Level 1:colcon.colcon_core.environment:create_file_with_runtime_dependencies(/home/rakesh/practice/install/unitree_go2_sim/share/colcon-core/packages/unitree_go2_sim)
[0.552s] Level 1:colcon.colcon_core.environment:create_environment_scripts_only(unitree_go2_sim)
[0.552s] Level 1:colcon.colcon_core.environment:checking '/home/rakesh/practice/install/unitree_go2_sim' for CMake module files
[0.553s] Level 1:colcon.colcon_core.environment:checking '/home/rakesh/practice/install/unitree_go2_sim' for CMake config files
[0.553s] Level 1:colcon.colcon_core.shell:create_environment_hook('unitree_go2_sim', 'cmake_prefix_path')
[0.553s] INFO:colcon.colcon_core.shell:Creating environment hook '/home/rakesh/practice/install/unitree_go2_sim/share/unitree_go2_sim/hook/cmake_prefix_path.ps1'
[0.554s] INFO:colcon.colcon_core.shell:Creating environment descriptor '/home/rakesh/practice/install/unitree_go2_sim/share/unitree_go2_sim/hook/cmake_prefix_path.dsv'
[0.554s] INFO:colcon.colcon_core.shell:Creating environment hook '/home/rakesh/practice/install/unitree_go2_sim/share/unitree_go2_sim/hook/cmake_prefix_path.sh'
[0.555s] Level 1:colcon.colcon_core.environment:checking '/home/rakesh/practice/install/unitree_go2_sim/bin'
[0.555s] Level 1:colcon.colcon_core.environment:checking '/home/rakesh/practice/install/unitree_go2_sim/lib/pkgconfig/unitree_go2_sim.pc'
[0.555s] Level 1:colcon.colcon_core.environment:checking '/home/rakesh/practice/install/unitree_go2_sim/lib/python3.12/site-packages'
[0.555s] Level 1:colcon.colcon_core.environment:checking '/home/rakesh/practice/install/unitree_go2_sim/bin'
[0.556s] INFO:colcon.colcon_core.shell:Creating package script '/home/rakesh/practice/install/unitree_go2_sim/share/unitree_go2_sim/package.ps1'
[0.556s] INFO:colcon.colcon_core.shell:Creating package descriptor '/home/rakesh/practice/install/unitree_go2_sim/share/unitree_go2_sim/package.dsv'
[0.557s] INFO:colcon.colcon_core.shell:Creating package script '/home/rakesh/practice/install/unitree_go2_sim/share/unitree_go2_sim/package.sh'
[0.558s] INFO:colcon.colcon_core.shell:Creating package script '/home/rakesh/practice/install/unitree_go2_sim/share/unitree_go2_sim/package.bash'
[0.558s] INFO:colcon.colcon_core.shell:Creating package script '/home/rakesh/practice/install/unitree_go2_sim/share/unitree_go2_sim/package.zsh'
[0.559s] Level 1:colcon.colcon_core.environment:create_file_with_runtime_dependencies(/home/rakesh/practice/install/unitree_go2_sim/share/colcon-core/packages/unitree_go2_sim)
[0.559s] Level 1:colcon.colcon_core.environment:create_environment_scripts_only(unitree_go2_description)
[0.560s] Level 1:colcon.colcon_core.environment:checking '/home/rakesh/practice/install/unitree_go2_description' for CMake module files
[0.560s] DEBUG:colcon.colcon_core.event_handler.log_command:Invoked command in '/home/rakesh/practice/build/unitree_go2_description' returned '0': CMAKE_PREFIX_PATH=${CMAKE_PREFIX_PATH}:/opt/ros/jazzy: DEBUGINFOD_URLS=https://debuginfod.ubuntu.com /usr/bin/cmake --install /home/rakesh/practice/build/unitree_go2_description
[0.561s] Level 1:colcon.colcon_core.environment:checking '/home/rakesh/practice/install/unitree_go2_description' for CMake config files
[0.561s] Level 1:colcon.colcon_core.shell:create_environment_hook('unitree_go2_description', 'cmake_prefix_path')
[0.561s] INFO:colcon.colcon_core.shell:Creating environment hook '/home/rakesh/practice/install/unitree_go2_description/share/unitree_go2_description/hook/cmake_prefix_path.ps1'
[0.562s] INFO:colcon.colcon_core.shell:Creating environment descriptor '/home/rakesh/practice/install/unitree_go2_description/share/unitree_go2_description/hook/cmake_prefix_path.dsv'
[0.562s] INFO:colcon.colcon_core.shell:Creating environment hook '/home/rakesh/practice/install/unitree_go2_description/share/unitree_go2_description/hook/cmake_prefix_path.sh'
[0.563s] Level 1:colcon.colcon_core.environment:checking '/home/rakesh/practice/install/unitree_go2_description/bin'
[0.563s] Level 1:colcon.colcon_core.environment:checking '/home/rakesh/practice/install/unitree_go2_description/lib/pkgconfig/unitree_go2_description.pc'
[0.563s] Level 1:colcon.colcon_core.environment:checking '/home/rakesh/practice/install/unitree_go2_description/lib/python3.12/site-packages'
[0.563s] Level 1:colcon.colcon_core.environment:checking '/home/rakesh/practice/install/unitree_go2_description/bin'
[0.564s] INFO:colcon.colcon_core.shell:Creating package script '/home/rakesh/practice/install/unitree_go2_description/share/unitree_go2_description/package.ps1'
[0.564s] INFO:colcon.colcon_core.shell:Creating package descriptor '/home/rakesh/practice/install/unitree_go2_description/share/unitree_go2_description/package.dsv'
[0.565s] INFO:colcon.colcon_core.shell:Creating package script '/home/rakesh/practice/install/unitree_go2_description/share/unitree_go2_description/package.sh'
[0.565s] INFO:colcon.colcon_core.shell:Creating package script '/home/rakesh/practice/install/unitree_go2_description/share/unitree_go2_description/package.bash'
[0.565s] INFO:colcon.colcon_core.shell:Creating package script '/home/rakesh/practice/install/unitree_go2_description/share/unitree_go2_description/package.zsh'
[0.566s] Level 1:colcon.colcon_core.environment:create_file_with_runtime_dependencies(/home/rakesh/practice/install/unitree_go2_description/share/colcon-core/packages/unitree_go2_description)
[0.566s] Level 1:colcon.colcon_core.environment:create_environment_scripts_only(unitree_go2_description)
[0.567s] Level 1:colcon.colcon_core.environment:checking '/home/rakesh/practice/install/unitree_go2_description' for CMake module files
[0.567s] Level 1:colcon.colcon_core.environment:checking '/home/rakesh/practice/install/unitree_go2_description' for CMake config files
[0.567s] Level 1:colcon.colcon_core.shell:create_environment_hook('unitree_go2_description', 'cmake_prefix_path')
[0.568s] INFO:colcon.colcon_core.shell:Creating environment hook '/home/rakesh/practice/install/unitree_go2_description/share/unitree_go2_description/hook/cmake_prefix_path.ps1'
[0.568s] INFO:colcon.colcon_core.shell:Creating environment descriptor '/home/rakesh/practice/install/unitree_go2_description/share/unitree_go2_description/hook/cmake_prefix_path.dsv'
[0.569s] INFO:colcon.colcon_core.shell:Creating environment hook '/home/rakesh/practice/install/unitree_go2_description/share/unitree_go2_description/hook/cmake_prefix_path.sh'
[0.570s] Level 1:colcon.colcon_core.environment:checking '/home/rakesh/practice/install/unitree_go2_description/bin'
[0.570s] Level 1:colcon.colcon_core.environment:checking '/home/rakesh/practice/install/unitree_go2_description/lib/pkgconfig/unitree_go2_description.pc'
[0.570s] Level 1:colcon.colcon_core.environment:checking '/home/rakesh/practice/install/unitree_go2_description/lib/python3.12/site-packages'
[0.570s] Level 1:colcon.colcon_core.environment:checking '/home/rakesh/practice/install/unitree_go2_description/bin'
[0.570s] INFO:colcon.colcon_core.shell:Creating package script '/home/rakesh/practice/install/unitree_go2_description/share/unitree_go2_description/package.ps1'
[0.571s] INFO:colcon.colcon_core.shell:Creating package descriptor '/home/rakesh/practice/install/unitree_go2_description/share/unitree_go2_description/package.dsv'
[0.571s] INFO:colcon.colcon_core.shell:Creating package script '/home/rakesh/practice/install/unitree_go2_description/share/unitree_go2_description/package.sh'
[0.572s] INFO:colcon.colcon_core.shell:Creating package script '/home/rakesh/practice/install/unitree_go2_description/share/unitree_go2_description/package.bash'
[0.572s] INFO:colcon.colcon_core.shell:Creating package script '/home/rakesh/practice/install/unitree_go2_description/share/unitree_go2_description/package.zsh'
[0.573s] Level 1:colcon.colcon_core.environment:create_file_with_runtime_dependencies(/home/rakesh/practice/install/unitree_go2_description/share/colcon-core/packages/unitree_go2_description)
[0.574s] Level 1:colcon.colcon_core.environment:create_environment_scripts_only(champ)
[0.575s] Level 1:colcon.colcon_core.environment:checking '/home/rakesh/practice/install/champ' for CMake module files
[0.575s] DEBUG:colcon.colcon_core.event_handler.log_command:Invoked command in '/home/rakesh/practice/build/champ' returned '0': CMAKE_PREFIX_PATH=${CMAKE_PREFIX_PATH}:/opt/ros/jazzy: DEBUGINFOD_URLS=https://debuginfod.ubuntu.com /usr/bin/cmake --install /home/rakesh/practice/build/champ
[0.576s] Level 1:colcon.colcon_core.environment:checking '/home/rakesh/practice/install/champ' for CMake config files
[0.577s] Level 1:colcon.colcon_core.shell:create_environment_hook('champ', 'cmake_prefix_path')
[0.577s] INFO:colcon.colcon_core.shell:Creating environment hook '/home/rakesh/practice/install/champ/share/champ/hook/cmake_prefix_path.ps1'
[0.578s] INFO:colcon.colcon_core.shell:Creating environment descriptor '/home/rakesh/practice/install/champ/share/champ/hook/cmake_prefix_path.dsv'
[0.578s] INFO:colcon.colcon_core.shell:Creating environment hook '/home/rakesh/practice/install/champ/share/champ/hook/cmake_prefix_path.sh'
[0.579s] Level 1:colcon.colcon_core.environment:checking '/home/rakesh/practice/install/champ/bin'
[0.580s] Level 1:colcon.colcon_core.environment:checking '/home/rakesh/practice/install/champ/lib/pkgconfig/champ.pc'
[0.580s] Level 1:colcon.colcon_core.environment:checking '/home/rakesh/practice/install/champ/lib/python3.12/site-packages'
[0.580s] Level 1:colcon.colcon_core.environment:checking '/home/rakesh/practice/install/champ/bin'
[0.581s] INFO:colcon.colcon_core.shell:Creating package script '/home/rakesh/practice/install/champ/share/champ/package.ps1'
[0.582s] INFO:colcon.colcon_core.shell:Creating package descriptor '/home/rakesh/practice/install/champ/share/champ/package.dsv'
[0.583s] INFO:colcon.colcon_core.shell:Creating package script '/home/rakesh/practice/install/champ/share/champ/package.sh'
[0.584s] INFO:colcon.colcon_core.shell:Creating package script '/home/rakesh/practice/install/champ/share/champ/package.bash'
[0.584s] INFO:colcon.colcon_core.shell:Creating package script '/home/rakesh/practice/install/champ/share/champ/package.zsh'
[0.585s] Level 1:colcon.colcon_core.environment:create_file_with_runtime_dependencies(/home/rakesh/practice/install/champ/share/colcon-core/packages/champ)
[0.586s] Level 1:colcon.colcon_core.environment:create_environment_scripts_only(champ)
[0.586s] Level 1:colcon.colcon_core.environment:checking '/home/rakesh/practice/install/champ' for CMake module files
[0.587s] Level 1:colcon.colcon_core.environment:checking '/home/rakesh/practice/install/champ' for CMake config files
[0.588s] Level 1:colcon.colcon_core.shell:create_environment_hook('champ', 'cmake_prefix_path')
[0.588s] INFO:colcon.colcon_core.shell:Creating environment hook '/home/rakesh/practice/install/champ/share/champ/hook/cmake_prefix_path.ps1'
[0.589s] INFO:colcon.colcon_core.shell:Creating environment descriptor '/home/rakesh/practice/install/champ/share/champ/hook/cmake_prefix_path.dsv'
[0.590s] INFO:colcon.colcon_core.shell:Creating environment hook '/home/rakesh/practice/install/champ/share/champ/hook/cmake_prefix_path.sh'
[0.591s] Level 1:colcon.colcon_core.environment:checking '/home/rakesh/practice/install/champ/bin'
[0.591s] Level 1:colcon.colcon_core.environment:checking '/home/rakesh/practice/install/champ/lib/pkgconfig/champ.pc'
[0.591s] Level 1:colcon.colcon_core.environment:checking '/home/rakesh/practice/install/champ/lib/python3.12/site-packages'
[0.592s] Level 1:colcon.colcon_core.environment:checking '/home/rakesh/practice/install/champ/bin'
[0.592s] INFO:colcon.colcon_core.shell:Creating package script '/home/rakesh/practice/install/champ/share/champ/package.ps1'
[0.593s] INFO:colcon.colcon_core.shell:Creating package descriptor '/home/rakesh/practice/install/champ/share/champ/package.dsv'
[0.594s] INFO:colcon.colcon_core.shell:Creating package script '/home/rakesh/practice/install/champ/share/champ/package.sh'
[0.594s] INFO:colcon.colcon_core.shell:Creating package script '/home/rakesh/practice/install/champ/share/champ/package.bash'
[0.595s] INFO:colcon.colcon_core.shell:Creating package script '/home/rakesh/practice/install/champ/share/champ/package.zsh'
[0.596s] Level 1:colcon.colcon_core.environment:create_file_with_runtime_dependencies(/home/rakesh/practice/install/champ/share/colcon-core/packages/champ)
[1.025s] DEBUG:colcon.colcon_core.event_handler.log_command:Invoked command in '/home/rakesh/practice/build/champ_msgs' returned '0': CMAKE_PREFIX_PATH=${CMAKE_PREFIX_PATH}:/opt/ros/jazzy: DEBUGINFOD_URLS=https://debuginfod.ubuntu.com /usr/bin/cmake --build /home/rakesh/practice/build/champ_msgs -- -j12 -l12
[1.027s] DEBUG:colcon.colcon_core.event_handler.log_command:Invoking command in '/home/rakesh/practice/build/champ_msgs': CMAKE_PREFIX_PATH=${CMAKE_PREFIX_PATH}:/opt/ros/jazzy: DEBUGINFOD_URLS=https://debuginfod.ubuntu.com /usr/bin/cmake --install /home/rakesh/practice/build/champ_msgs
[1.101s] Level 1:colcon.colcon_core.environment:create_environment_scripts_only(champ_msgs)
[1.101s] Level 1:colcon.colcon_core.environment:checking '/home/rakesh/practice/install/champ_msgs' for CMake module files
[1.102s] DEBUG:colcon.colcon_core.event_handler.log_command:Invoked command in '/home/rakesh/practice/build/champ_msgs' returned '0': CMAKE_PREFIX_PATH=${CMAKE_PREFIX_PATH}:/opt/ros/jazzy: DEBUGINFOD_URLS=https://debuginfod.ubuntu.com /usr/bin/cmake --install /home/rakesh/practice/build/champ_msgs
[1.103s] Level 1:colcon.colcon_core.environment:checking '/home/rakesh/practice/install/champ_msgs' for CMake config files
[1.103s] Level 1:colcon.colcon_core.shell:create_environment_hook('champ_msgs', 'cmake_prefix_path')
[1.104s] INFO:colcon.colcon_core.shell:Creating environment hook '/home/rakesh/practice/install/champ_msgs/share/champ_msgs/hook/cmake_prefix_path.ps1'
[1.104s] INFO:colcon.colcon_core.shell:Creating environment descriptor '/home/rakesh/practice/install/champ_msgs/share/champ_msgs/hook/cmake_prefix_path.dsv'
[1.105s] INFO:colcon.colcon_core.shell:Creating environment hook '/home/rakesh/practice/install/champ_msgs/share/champ_msgs/hook/cmake_prefix_path.sh'
[1.105s] Level 1:colcon.colcon_core.environment:checking '/home/rakesh/practice/install/champ_msgs/lib'
[1.105s] Level 1:colcon.colcon_core.shell:create_environment_hook('champ_msgs', 'ld_library_path_lib')
[1.106s] INFO:colcon.colcon_core.shell:Creating environment hook '/home/rakesh/practice/install/champ_msgs/share/champ_msgs/hook/ld_library_path_lib.ps1'
[1.106s] INFO:colcon.colcon_core.shell:Creating environment descriptor '/home/rakesh/practice/install/champ_msgs/share/champ_msgs/hook/ld_library_path_lib.dsv'
[1.106s] INFO:colcon.colcon_core.shell:Creating environment hook '/home/rakesh/practice/install/champ_msgs/share/champ_msgs/hook/ld_library_path_lib.sh'
[1.107s] Level 1:colcon.colcon_core.environment:checking '/home/rakesh/practice/install/champ_msgs/bin'
[1.107s] Level 1:colcon.colcon_core.environment:checking '/home/rakesh/practice/install/champ_msgs/lib/pkgconfig/champ_msgs.pc'
[1.107s] Level 1:colcon.colcon_core.environment:checking '/home/rakesh/practice/install/champ_msgs/lib/python3.12/site-packages'
[1.107s] Level 1:colcon.colcon_core.shell:create_environment_hook('champ_msgs', 'pythonpath')
[1.108s] INFO:colcon.colcon_core.shell:Creating environment hook '/home/rakesh/practice/install/champ_msgs/share/champ_msgs/hook/pythonpath.ps1'
[1.108s] INFO:colcon.colcon_core.shell:Creating environment descriptor '/home/rakesh/practice/install/champ_msgs/share/champ_msgs/hook/pythonpath.dsv'
[1.109s] INFO:colcon.colcon_core.shell:Creating environment hook '/home/rakesh/practice/install/champ_msgs/share/champ_msgs/hook/pythonpath.sh'
[1.110s] Level 1:colcon.colcon_core.environment:checking '/home/rakesh/practice/install/champ_msgs/bin'
[1.110s] INFO:colcon.colcon_core.shell:Creating package script '/home/rakesh/practice/install/champ_msgs/share/champ_msgs/package.ps1'
[1.111s] INFO:colcon.colcon_core.shell:Creating package descriptor '/home/rakesh/practice/install/champ_msgs/share/champ_msgs/package.dsv'
[1.111s] INFO:colcon.colcon_core.shell:Creating package script '/home/rakesh/practice/install/champ_msgs/share/champ_msgs/package.sh'
[1.112s] INFO:colcon.colcon_core.shell:Creating package script '/home/rakesh/practice/install/champ_msgs/share/champ_msgs/package.bash'
[1.112s] INFO:colcon.colcon_core.shell:Creating package script '/home/rakesh/practice/install/champ_msgs/share/champ_msgs/package.zsh'
[1.112s] Level 1:colcon.colcon_core.environment:create_file_with_runtime_dependencies(/home/rakesh/practice/install/champ_msgs/share/colcon-core/packages/champ_msgs)
[1.113s] Level 1:colcon.colcon_core.environment:create_environment_scripts_only(champ_msgs)
[1.113s] Level 1:colcon.colcon_core.environment:checking '/home/rakesh/practice/install/champ_msgs' for CMake module files
[1.114s] Level 1:colcon.colcon_core.environment:checking '/home/rakesh/practice/install/champ_msgs' for CMake config files
[1.114s] Level 1:colcon.colcon_core.shell:create_environment_hook('champ_msgs', 'cmake_prefix_path')
[1.114s] INFO:colcon.colcon_core.shell:Creating environment hook '/home/rakesh/practice/install/champ_msgs/share/champ_msgs/hook/cmake_prefix_path.ps1'
[1.115s] INFO:colcon.colcon_core.shell:Creating environment descriptor '/home/rakesh/practice/install/champ_msgs/share/champ_msgs/hook/cmake_prefix_path.dsv'
[1.115s] INFO:colcon.colcon_core.shell:Creating environment hook '/home/rakesh/practice/install/champ_msgs/share/champ_msgs/hook/cmake_prefix_path.sh'
[1.116s] Level 1:colcon.colcon_core.environment:checking '/home/rakesh/practice/install/champ_msgs/lib'
[1.116s] Level 1:colcon.colcon_core.shell:create_environment_hook('champ_msgs', 'ld_library_path_lib')
[1.116s] INFO:colcon.colcon_core.shell:Creating environment hook '/home/rakesh/practice/install/champ_msgs/share/champ_msgs/hook/ld_library_path_lib.ps1'
[1.116s] INFO:colcon.colcon_core.shell:Creating environment descriptor '/home/rakesh/practice/install/champ_msgs/share/champ_msgs/hook/ld_library_path_lib.dsv'
[1.117s] INFO:colcon.colcon_core.shell:Creating environment hook '/home/rakesh/practice/install/champ_msgs/share/champ_msgs/hook/ld_library_path_lib.sh'
[1.117s] Level 1:colcon.colcon_core.environment:checking '/home/rakesh/practice/install/champ_msgs/bin'
[1.117s] Level 1:colcon.colcon_core.environment:checking '/home/rakesh/practice/install/champ_msgs/lib/pkgconfig/champ_msgs.pc'
[1.117s] Level 1:colcon.colcon_core.environment:checking '/home/rakesh/practice/install/champ_msgs/lib/python3.12/site-packages'
[1.117s] Level 1:colcon.colcon_core.shell:create_environment_hook('champ_msgs', 'pythonpath')
[1.117s] INFO:colcon.colcon_core.shell:Creating environment hook '/home/rakesh/practice/install/champ_msgs/share/champ_msgs/hook/pythonpath.ps1'
[1.118s] INFO:colcon.colcon_core.shell:Creating environment descriptor '/home/rakesh/practice/install/champ_msgs/share/champ_msgs/hook/pythonpath.dsv'
[1.118s] INFO:colcon.colcon_core.shell:Creating environment hook '/home/rakesh/practice/install/champ_msgs/share/champ_msgs/hook/pythonpath.sh'
[1.119s] Level 1:colcon.colcon_core.environment:checking '/home/rakesh/practice/install/champ_msgs/bin'
[1.119s] INFO:colcon.colcon_core.shell:Creating package script '/home/rakesh/practice/install/champ_msgs/share/champ_msgs/package.ps1'
[1.120s] INFO:colcon.colcon_core.shell:Creating package descriptor '/home/rakesh/practice/install/champ_msgs/share/champ_msgs/package.dsv'
[1.120s] INFO:colcon.colcon_core.shell:Creating package script '/home/rakesh/practice/install/champ_msgs/share/champ_msgs/package.sh'
[1.120s] INFO:colcon.colcon_core.shell:Creating package script '/home/rakesh/practice/install/champ_msgs/share/champ_msgs/package.bash'
[1.121s] INFO:colcon.colcon_core.shell:Creating package script '/home/rakesh/practice/install/champ_msgs/share/champ_msgs/package.zsh'
[1.121s] Level 1:colcon.colcon_core.environment:create_file_with_runtime_dependencies(/home/rakesh/practice/install/champ_msgs/share/colcon-core/packages/champ_msgs)
[1.121s] INFO:colcon.colcon_ros.task.ament_cmake.build:Building ROS package in '/home/rakesh/practice/src/unitree_go2_ros2/champ_base' with build type 'ament_cmake'
[1.122s] INFO:colcon.colcon_cmake.task.cmake.build:Building CMake package in '/home/rakesh/practice/src/unitree_go2_ros2/champ_base'
[1.122s] INFO:colcon.colcon_core.shell:Skip shell extension 'powershell' for command environment: Not usable outside of PowerShell
[1.122s] DEBUG:colcon.colcon_core.shell:Skip shell extension 'dsv' for command environment
[1.138s] DEBUG:colcon.colcon_core.event_handler.log_command:Invoking command in '/home/rakesh/practice/build/champ_base': AMENT_PREFIX_PATH=/home/rakesh/practice/install/champ_msgs:/home/rakesh/practice/install/champ:${AMENT_PREFIX_PATH} CMAKE_PREFIX_PATH=/home/rakesh/practice/install/champ_msgs:/home/rakesh/practice/install/champ:/opt/ros/jazzy/opt/gz_sim_vendor:/opt/ros/jazzy/opt/gz_sensors_vendor:/opt/ros/jazzy/opt/gz_physics_vendor:/opt/ros/jazzy/opt/sdformat_vendor:/opt/ros/jazzy/opt/gz_gui_vendor:/opt/ros/jazzy/opt/gz_transport_vendor:/opt/ros/jazzy/opt/gz_rendering_vendor:/opt/ros/jazzy/opt/gz_plugin_vendor:/opt/ros/jazzy/opt/gz_fuel_tools_vendor:/opt/ros/jazzy/opt/gz_msgs_vendor:/opt/ros/jazzy/opt/gz_common_vendor:/opt/ros/jazzy/opt/gz_math_vendor:/opt/ros/jazzy/opt/gz_utils_vendor:/opt/ros/jazzy/opt/gz_tools_vendor:/opt/ros/jazzy/opt/gz_ogre_next_vendor:/opt/ros/jazzy/opt/gz_dartsim_vendor:/opt/ros/jazzy/opt/gz_cmake_vendor:/opt/ros/jazzy: DEBUGINFOD_URLS=https://debuginfod.ubuntu.com LD_LIBRARY_PATH=/home/rakesh/practice/install/champ_msgs/lib:/opt/ros/jazzy/opt/gz_sim_vendor/lib:/opt/ros/jazzy/opt/gz_sensors_vendor/lib:/opt/ros/jazzy/opt/gz_physics_vendor/lib:/opt/ros/jazzy/opt/sdformat_vendor/lib:/opt/ros/jazzy/opt/rviz_ogre_vendor/lib:/opt/ros/jazzy/lib/x86_64-linux-gnu:/opt/ros/jazzy/opt/gz_gui_vendor/lib:/opt/ros/jazzy/opt/gz_transport_vendor/lib:/opt/ros/jazzy/opt/gz_rendering_vendor/lib:/opt/ros/jazzy/opt/gz_plugin_vendor/lib:/opt/ros/jazzy/opt/gz_fuel_tools_vendor/lib:/opt/ros/jazzy/opt/gz_msgs_vendor/lib:/opt/ros/jazzy/opt/gz_common_vendor/lib:/opt/ros/jazzy/opt/gz_math_vendor/lib:/opt/ros/jazzy/opt/gz_utils_vendor/lib:/opt/ros/jazzy/opt/gz_tools_vendor/lib:/opt/ros/jazzy/opt/gz_ogre_next_vendor/lib:/opt/ros/jazzy/opt/gz_dartsim_vendor/lib:/opt/ros/jazzy/opt/gz_cmake_vendor/lib:/opt/ros/jazzy/lib:/opt/ros/jazzy/lib:/opt/unitree_robotics/lib PYTHONPATH=/home/rakesh/practice/install/champ_msgs/lib/python3.12/site-packages:${PYTHONPATH} /usr/bin/cmake --build /home/rakesh/practice/build/champ_base -- -j12 -l12
[1.281s] DEBUG:colcon.colcon_core.event_handler.log_command:Invoked command in '/home/rakesh/practice/build/champ_base' returned '0': AMENT_PREFIX_PATH=/home/rakesh/practice/install/champ_msgs:/home/rakesh/practice/install/champ:${AMENT_PREFIX_PATH} CMAKE_PREFIX_PATH=/home/rakesh/practice/install/champ_msgs:/home/rakesh/practice/install/champ:/opt/ros/jazzy/opt/gz_sim_vendor:/opt/ros/jazzy/opt/gz_sensors_vendor:/opt/ros/jazzy/opt/gz_physics_vendor:/opt/ros/jazzy/opt/sdformat_vendor:/opt/ros/jazzy/opt/gz_gui_vendor:/opt/ros/jazzy/opt/gz_transport_vendor:/opt/ros/jazzy/opt/gz_rendering_vendor:/opt/ros/jazzy/opt/gz_plugin_vendor:/opt/ros/jazzy/opt/gz_fuel_tools_vendor:/opt/ros/jazzy/opt/gz_msgs_vendor:/opt/ros/jazzy/opt/gz_common_vendor:/opt/ros/jazzy/opt/gz_math_vendor:/opt/ros/jazzy/opt/gz_utils_vendor:/opt/ros/jazzy/opt/gz_tools_vendor:/opt/ros/jazzy/opt/gz_ogre_next_vendor:/opt/ros/jazzy/opt/gz_dartsim_vendor:/opt/ros/jazzy/opt/gz_cmake_vendor:/opt/ros/jazzy: DEBUGINFOD_URLS=https://debuginfod.ubuntu.com LD_LIBRARY_PATH=/home/rakesh/practice/install/champ_msgs/lib:/opt/ros/jazzy/opt/gz_sim_vendor/lib:/opt/ros/jazzy/opt/gz_sensors_vendor/lib:/opt/ros/jazzy/opt/gz_physics_vendor/lib:/opt/ros/jazzy/opt/sdformat_vendor/lib:/opt/ros/jazzy/opt/rviz_ogre_vendor/lib:/opt/ros/jazzy/lib/x86_64-linux-gnu:/opt/ros/jazzy/opt/gz_gui_vendor/lib:/opt/ros/jazzy/opt/gz_transport_vendor/lib:/opt/ros/jazzy/opt/gz_rendering_vendor/lib:/opt/ros/jazzy/opt/gz_plugin_vendor/lib:/opt/ros/jazzy/opt/gz_fuel_tools_vendor/lib:/opt/ros/jazzy/opt/gz_msgs_vendor/lib:/opt/ros/jazzy/opt/gz_common_vendor/lib:/opt/ros/jazzy/opt/gz_math_vendor/lib:/opt/ros/jazzy/opt/gz_utils_vendor/lib:/opt/ros/jazzy/opt/gz_tools_vendor/lib:/opt/ros/jazzy/opt/gz_ogre_next_vendor/lib:/opt/ros/jazzy/opt/gz_dartsim_vendor/lib:/opt/ros/jazzy/opt/gz_cmake_vendor/lib:/opt/ros/jazzy/lib:/opt/ros/jazzy/lib:/opt/unitree_robotics/lib PYTHONPATH=/home/rakesh/practice/install/champ_msgs/lib/python3.12/site-packages:${PYTHONPATH} /usr/bin/cmake --build /home/rakesh/practice/build/champ_base -- -j12 -l12
[1.283s] DEBUG:colcon.colcon_core.event_handler.log_command:Invoking command in '/home/rakesh/practice/build/champ_base': AMENT_PREFIX_PATH=/home/rakesh/practice/install/champ_msgs:/home/rakesh/practice/install/champ:${AMENT_PREFIX_PATH} CMAKE_PREFIX_PATH=/home/rakesh/practice/install/champ_msgs:/home/rakesh/practice/install/champ:/opt/ros/jazzy/opt/gz_sim_vendor:/opt/ros/jazzy/opt/gz_sensors_vendor:/opt/ros/jazzy/opt/gz_physics_vendor:/opt/ros/jazzy/opt/sdformat_vendor:/opt/ros/jazzy/opt/gz_gui_vendor:/opt/ros/jazzy/opt/gz_transport_vendor:/opt/ros/jazzy/opt/gz_rendering_vendor:/opt/ros/jazzy/opt/gz_plugin_vendor:/opt/ros/jazzy/opt/gz_fuel_tools_vendor:/opt/ros/jazzy/opt/gz_msgs_vendor:/opt/ros/jazzy/opt/gz_common_vendor:/opt/ros/jazzy/opt/gz_math_vendor:/opt/ros/jazzy/opt/gz_utils_vendor:/opt/ros/jazzy/opt/gz_tools_vendor:/opt/ros/jazzy/opt/gz_ogre_next_vendor:/opt/ros/jazzy/opt/gz_dartsim_vendor:/opt/ros/jazzy/opt/gz_cmake_vendor:/opt/ros/jazzy: DEBUGINFOD_URLS=https://debuginfod.ubuntu.com LD_LIBRARY_PATH=/home/rakesh/practice/install/champ_msgs/lib:/opt/ros/jazzy/opt/gz_sim_vendor/lib:/opt/ros/jazzy/opt/gz_sensors_vendor/lib:/opt/ros/jazzy/opt/gz_physics_vendor/lib:/opt/ros/jazzy/opt/sdformat_vendor/lib:/opt/ros/jazzy/opt/rviz_ogre_vendor/lib:/opt/ros/jazzy/lib/x86_64-linux-gnu:/opt/ros/jazzy/opt/gz_gui_vendor/lib:/opt/ros/jazzy/opt/gz_transport_vendor/lib:/opt/ros/jazzy/opt/gz_rendering_vendor/lib:/opt/ros/jazzy/opt/gz_plugin_vendor/lib:/opt/ros/jazzy/opt/gz_fuel_tools_vendor/lib:/opt/ros/jazzy/opt/gz_msgs_vendor/lib:/opt/ros/jazzy/opt/gz_common_vendor/lib:/opt/ros/jazzy/opt/gz_math_vendor/lib:/opt/ros/jazzy/opt/gz_utils_vendor/lib:/opt/ros/jazzy/opt/gz_tools_vendor/lib:/opt/ros/jazzy/opt/gz_ogre_next_vendor/lib:/opt/ros/jazzy/opt/gz_dartsim_vendor/lib:/opt/ros/jazzy/opt/gz_cmake_vendor/lib:/opt/ros/jazzy/lib:/opt/ros/jazzy/lib:/opt/unitree_robotics/lib PYTHONPATH=/home/rakesh/practice/install/champ_msgs/lib/python3.12/site-packages:${PYTHONPATH} /usr/bin/cmake --install /home/rakesh/practice/build/champ_base
[1.300s] Level 1:colcon.colcon_core.environment:create_environment_scripts_only(champ_base)
[1.300s] Level 1:colcon.colcon_core.environment:checking '/home/rakesh/practice/install/champ_base' for CMake module files
[1.301s] DEBUG:colcon.colcon_core.event_handler.log_command:Invoked command in '/home/rakesh/practice/build/champ_base' returned '0': AMENT_PREFIX_PATH=/home/rakesh/practice/install/champ_msgs:/home/rakesh/practice/install/champ:${AMENT_PREFIX_PATH} CMAKE_PREFIX_PATH=/home/rakesh/practice/install/champ_msgs:/home/rakesh/practice/install/champ:/opt/ros/jazzy/opt/gz_sim_vendor:/opt/ros/jazzy/opt/gz_sensors_vendor:/opt/ros/jazzy/opt/gz_physics_vendor:/opt/ros/jazzy/opt/sdformat_vendor:/opt/ros/jazzy/opt/gz_gui_vendor:/opt/ros/jazzy/opt/gz_transport_vendor:/opt/ros/jazzy/opt/gz_rendering_vendor:/opt/ros/jazzy/opt/gz_plugin_vendor:/opt/ros/jazzy/opt/gz_fuel_tools_vendor:/opt/ros/jazzy/opt/gz_msgs_vendor:/opt/ros/jazzy/opt/gz_common_vendor:/opt/ros/jazzy/opt/gz_math_vendor:/opt/ros/jazzy/opt/gz_utils_vendor:/opt/ros/jazzy/opt/gz_tools_vendor:/opt/ros/jazzy/opt/gz_ogre_next_vendor:/opt/ros/jazzy/opt/gz_dartsim_vendor:/opt/ros/jazzy/opt/gz_cmake_vendor:/opt/ros/jazzy: DEBUGINFOD_URLS=https://debuginfod.ubuntu.com LD_LIBRARY_PATH=/home/rakesh/practice/install/champ_msgs/lib:/opt/ros/jazzy/opt/gz_sim_vendor/lib:/opt/ros/jazzy/opt/gz_sensors_vendor/lib:/opt/ros/jazzy/opt/gz_physics_vendor/lib:/opt/ros/jazzy/opt/sdformat_vendor/lib:/opt/ros/jazzy/opt/rviz_ogre_vendor/lib:/opt/ros/jazzy/lib/x86_64-linux-gnu:/opt/ros/jazzy/opt/gz_gui_vendor/lib:/opt/ros/jazzy/opt/gz_transport_vendor/lib:/opt/ros/jazzy/opt/gz_rendering_vendor/lib:/opt/ros/jazzy/opt/gz_plugin_vendor/lib:/opt/ros/jazzy/opt/gz_fuel_tools_vendor/lib:/opt/ros/jazzy/opt/gz_msgs_vendor/lib:/opt/ros/jazzy/opt/gz_common_vendor/lib:/opt/ros/jazzy/opt/gz_math_vendor/lib:/opt/ros/jazzy/opt/gz_utils_vendor/lib:/opt/ros/jazzy/opt/gz_tools_vendor/lib:/opt/ros/jazzy/opt/gz_ogre_next_vendor/lib:/opt/ros/jazzy/opt/gz_dartsim_vendor/lib:/opt/ros/jazzy/opt/gz_cmake_vendor/lib:/opt/ros/jazzy/lib:/opt/ros/jazzy/lib:/opt/unitree_robotics/lib PYTHONPATH=/home/rakesh/practice/install/champ_msgs/lib/python3.12/site-packages:${PYTHONPATH} /usr/bin/cmake --install /home/rakesh/practice/build/champ_base
[1.301s] Level 1:colcon.colcon_core.environment:checking '/home/rakesh/practice/install/champ_base' for CMake config files
[1.302s] Level 1:colcon.colcon_core.shell:create_environment_hook('champ_base', 'cmake_prefix_path')
[1.302s] INFO:colcon.colcon_core.shell:Creating environment hook '/home/rakesh/practice/install/champ_base/share/champ_base/hook/cmake_prefix_path.ps1'
[1.302s] INFO:colcon.colcon_core.shell:Creating environment descriptor '/home/rakesh/practice/install/champ_base/share/champ_base/hook/cmake_prefix_path.dsv'
[1.303s] INFO:colcon.colcon_core.shell:Creating environment hook '/home/rakesh/practice/install/champ_base/share/champ_base/hook/cmake_prefix_path.sh'
[1.304s] Level 1:colcon.colcon_core.environment:checking '/home/rakesh/practice/install/champ_base/lib'
[1.304s] Level 1:colcon.colcon_core.shell:create_environment_hook('champ_base', 'ld_library_path_lib')
[1.304s] INFO:colcon.colcon_core.shell:Creating environment hook '/home/rakesh/practice/install/champ_base/share/champ_base/hook/ld_library_path_lib.ps1'
[1.304s] INFO:colcon.colcon_core.shell:Creating environment descriptor '/home/rakesh/practice/install/champ_base/share/champ_base/hook/ld_library_path_lib.dsv'
[1.305s] INFO:colcon.colcon_core.shell:Creating environment hook '/home/rakesh/practice/install/champ_base/share/champ_base/hook/ld_library_path_lib.sh'
[1.305s] Level 1:colcon.colcon_core.environment:checking '/home/rakesh/practice/install/champ_base/bin'
[1.305s] Level 1:colcon.colcon_core.shell:create_environment_hook('champ_base', 'path')
[1.306s] INFO:colcon.colcon_core.shell:Creating environment hook '/home/rakesh/practice/install/champ_base/share/champ_base/hook/path.ps1'
[1.306s] INFO:colcon.colcon_core.shell:Creating environment descriptor '/home/rakesh/practice/install/champ_base/share/champ_base/hook/path.dsv'
[1.306s] INFO:colcon.colcon_core.shell:Creating environment hook '/home/rakesh/practice/install/champ_base/share/champ_base/hook/path.sh'
[1.307s] Level 1:colcon.colcon_core.environment:checking '/home/rakesh/practice/install/champ_base/lib/pkgconfig/champ_base.pc'
[1.307s] Level 1:colcon.colcon_core.environment:checking '/home/rakesh/practice/install/champ_base/lib/python3.12/site-packages'
[1.307s] Level 1:colcon.colcon_core.environment:checking '/home/rakesh/practice/install/champ_base/bin'
[1.308s] Level 1:colcon.colcon_core.shell:create_environment_hook('champ_base', 'pythonscriptspath')
[1.308s] INFO:colcon.colcon_core.shell:Creating environment hook '/home/rakesh/practice/install/champ_base/share/champ_base/hook/pythonscriptspath.ps1'
[1.308s] INFO:colcon.colcon_core.shell:Creating environment descriptor '/home/rakesh/practice/install/champ_base/share/champ_base/hook/pythonscriptspath.dsv'
[1.309s] INFO:colcon.colcon_core.shell:Creating environment hook '/home/rakesh/practice/install/champ_base/share/champ_base/hook/pythonscriptspath.sh'
[1.310s] INFO:colcon.colcon_core.shell:Creating package script '/home/rakesh/practice/install/champ_base/share/champ_base/package.ps1'
[1.310s] INFO:colcon.colcon_core.shell:Creating package descriptor '/home/rakesh/practice/install/champ_base/share/champ_base/package.dsv'
[1.311s] INFO:colcon.colcon_core.shell:Creating package script '/home/rakesh/practice/install/champ_base/share/champ_base/package.sh'
[1.311s] INFO:colcon.colcon_core.shell:Creating package script '/home/rakesh/practice/install/champ_base/share/champ_base/package.bash'
[1.312s] INFO:colcon.colcon_core.shell:Creating package script '/home/rakesh/practice/install/champ_base/share/champ_base/package.zsh'
[1.312s] Level 1:colcon.colcon_core.environment:create_file_with_runtime_dependencies(/home/rakesh/practice/install/champ_base/share/colcon-core/packages/champ_base)
[1.313s] Level 1:colcon.colcon_core.environment:create_environment_scripts_only(champ_base)
[1.313s] Level 1:colcon.colcon_core.environment:checking '/home/rakesh/practice/install/champ_base' for CMake module files
[1.313s] Level 1:colcon.colcon_core.environment:checking '/home/rakesh/practice/install/champ_base' for CMake config files
[1.314s] Level 1:colcon.colcon_core.shell:create_environment_hook('champ_base', 'cmake_prefix_path')
[1.314s] INFO:colcon.colcon_core.shell:Creating environment hook '/home/rakesh/practice/install/champ_base/share/champ_base/hook/cmake_prefix_path.ps1'
[1.314s] INFO:colcon.colcon_core.shell:Creating environment descriptor '/home/rakesh/practice/install/champ_base/share/champ_base/hook/cmake_prefix_path.dsv'
[1.315s] INFO:colcon.colcon_core.shell:Creating environment hook '/home/rakesh/practice/install/champ_base/share/champ_base/hook/cmake_prefix_path.sh'
[1.315s] Level 1:colcon.colcon_core.environment:checking '/home/rakesh/practice/install/champ_base/lib'
[1.315s] Level 1:colcon.colcon_core.shell:create_environment_hook('champ_base', 'ld_library_path_lib')
[1.316s] INFO:colcon.colcon_core.shell:Creating environment hook '/home/rakesh/practice/install/champ_base/share/champ_base/hook/ld_library_path_lib.ps1'
[1.316s] INFO:colcon.colcon_core.shell:Creating environment descriptor '/home/rakesh/practice/install/champ_base/share/champ_base/hook/ld_library_path_lib.dsv'
[1.317s] INFO:colcon.colcon_core.shell:Creating environment hook '/home/rakesh/practice/install/champ_base/share/champ_base/hook/ld_library_path_lib.sh'
[1.317s] Level 1:colcon.colcon_core.environment:checking '/home/rakesh/practice/install/champ_base/bin'
[1.317s] Level 1:colcon.colcon_core.shell:create_environment_hook('champ_base', 'path')
[1.317s] INFO:colcon.colcon_core.shell:Creating environment hook '/home/rakesh/practice/install/champ_base/share/champ_base/hook/path.ps1'
[1.318s] INFO:colcon.colcon_core.shell:Creating environment descriptor '/home/rakesh/practice/install/champ_base/share/champ_base/hook/path.dsv'
[1.318s] INFO:colcon.colcon_core.shell:Creating environment hook '/home/rakesh/practice/install/champ_base/share/champ_base/hook/path.sh'
[1.319s] Level 1:colcon.colcon_core.environment:checking '/home/rakesh/practice/install/champ_base/lib/pkgconfig/champ_base.pc'
[1.319s] Level 1:colcon.colcon_core.environment:checking '/home/rakesh/practice/install/champ_base/lib/python3.12/site-packages'
[1.319s] Level 1:colcon.colcon_core.environment:checking '/home/rakesh/practice/install/champ_base/bin'
[1.319s] Level 1:colcon.colcon_core.shell:create_environment_hook('champ_base', 'pythonscriptspath')
[1.319s] INFO:colcon.colcon_core.shell:Creating environment hook '/home/rakesh/practice/install/champ_base/share/champ_base/hook/pythonscriptspath.ps1'
[1.320s] INFO:colcon.colcon_core.shell:Creating environment descriptor '/home/rakesh/practice/install/champ_base/share/champ_base/hook/pythonscriptspath.dsv'
[1.320s] INFO:colcon.colcon_core.shell:Creating environment hook '/home/rakesh/practice/install/champ_base/share/champ_base/hook/pythonscriptspath.sh'
[1.321s] INFO:colcon.colcon_core.shell:Creating package script '/home/rakesh/practice/install/champ_base/share/champ_base/package.ps1'
[1.322s] INFO:colcon.colcon_core.shell:Creating package descriptor '/home/rakesh/practice/install/champ_base/share/champ_base/package.dsv'
[1.322s] INFO:colcon.colcon_core.shell:Creating package script '/home/rakesh/practice/install/champ_base/share/champ_base/package.sh'
[1.323s] INFO:colcon.colcon_core.shell:Creating package script '/home/rakesh/practice/install/champ_base/share/champ_base/package.bash'
[1.323s] INFO:colcon.colcon_core.shell:Creating package script '/home/rakesh/practice/install/champ_base/share/champ_base/package.zsh'
[1.324s] Level 1:colcon.colcon_core.environment:create_file_with_runtime_dependencies(/home/rakesh/practice/install/champ_base/share/colcon-core/packages/champ_base)
[1.324s] DEBUG:colcon.colcon_parallel_executor.executor.parallel:closing loop
[1.324s] DEBUG:colcon.colcon_parallel_executor.executor.parallel:loop closed
[1.324s] DEBUG:colcon.colcon_parallel_executor.executor.parallel:run_until_complete finished with '0'
[1.324s] DEBUG:colcon.colcon_core.event_reactor:joining thread
[1.337s] INFO:colcon.colcon_core.plugin_system:Skipping extension 'colcon_notification.desktop_notification.terminal_notifier': Not used on non-Darwin systems
[1.337s] INFO:colcon.colcon_core.plugin_system:Skipping extension 'colcon_notification.desktop_notification.win32': Not used on non-Windows systems
[1.337s] INFO:colcon.colcon_notification.desktop_notification:Sending desktop notification using 'notify2'
[1.404s] DEBUG:colcon.colcon_core.event_reactor:joined thread
[1.404s] INFO:colcon.colcon_core.shell:Creating prefix script '/home/rakesh/practice/install/local_setup.ps1'
[1.406s] INFO:colcon.colcon_core.shell:Creating prefix util module '/home/rakesh/practice/install/_local_setup_util_ps1.py'
[1.407s] INFO:colcon.colcon_core.shell:Creating prefix chain script '/home/rakesh/practice/install/setup.ps1'
[1.409s] INFO:colcon.colcon_core.shell:Creating prefix script '/home/rakesh/practice/install/local_setup.sh'
[1.411s] INFO:colcon.colcon_core.shell:Creating prefix util module '/home/rakesh/practice/install/_local_setup_util_sh.py'
[1.412s] INFO:colcon.colcon_core.shell:Creating prefix chain script '/home/rakesh/practice/install/setup.sh'
[1.414s] INFO:colcon.colcon_core.shell:Creating prefix script '/home/rakesh/practice/install/local_setup.bash'
[1.415s] INFO:colcon.colcon_core.shell:Creating prefix chain script '/home/rakesh/practice/install/setup.bash'
[1.418s] INFO:colcon.colcon_core.shell:Creating prefix script '/home/rakesh/practice/install/local_setup.zsh'
[1.419s] INFO:colcon.colcon_core.shell:Creating prefix chain script '/home/rakesh/practice/install/setup.zsh'
