[0.019s] Invoking command in '/home/rakesh/practice/build/unitree_go2_description': CMAKE_PREFIX_PATH=${CMAKE_PREFIX_PATH}:/opt/ros/jazzy: DEBUGINFOD_URLS=https://debuginfod.ubuntu.com /usr/bin/cmake --build /home/rakesh/practice/build/unitree_go2_description -- -j12 -l12
[0.094s] Invoked command in '/home/rakesh/practice/build/unitree_go2_description' returned '0': CMAKE_PREFIX_PATH=${CMAKE_PREFIX_PATH}:/opt/ros/jazzy: DEBUGINFOD_URLS=https://debuginfod.ubuntu.com /usr/bin/cmake --build /home/rakesh/practice/build/unitree_go2_description -- -j12 -l12
[0.095s] Invoking command in '/home/rakesh/practice/build/unitree_go2_description': CMAKE_PREFIX_PATH=${CMAKE_PREFIX_PATH}:/opt/ros/jazzy: DEBUGINFOD_URLS=https://debuginfod.ubuntu.com /usr/bin/cmake --install /home/rakesh/practice/build/unitree_go2_description
[0.107s] -- Install configuration: ""
[0.107s] -- Up-to-date: /home/rakesh/practice/install/unitree_go2_description/share/unitree_go2_description/worlds
[0.108s] -- Up-to-date: /home/rakesh/practice/install/unitree_go2_description/share/unitree_go2_description/worlds/default.sdf
[0.108s] -- Up-to-date: /home/rakesh/practice/install/unitree_go2_description/share/unitree_go2_description/meshes
[0.108s] -- Up-to-date: /home/rakesh/practice/install/unitree_go2_description/share/unitree_go2_description/meshes/trunk.dae
[0.108s] -- Up-to-date: /home/rakesh/practice/install/unitree_go2_description/share/unitree_go2_description/meshes/foot.dae
[0.108s] -- Up-to-date: /home/rakesh/practice/install/unitree_go2_description/share/unitree_go2_description/meshes/L1_4D_Lidar.dae
[0.108s] -- Up-to-date: /home/rakesh/practice/install/unitree_go2_description/share/unitree_go2_description/meshes/thigh_mirror.dae
[0.108s] -- Up-to-date: /home/rakesh/practice/install/unitree_go2_description/share/unitree_go2_description/meshes/VLP16_base_1.dae
[0.108s] -- Up-to-date: /home/rakesh/practice/install/unitree_go2_description/share/unitree_go2_description/meshes/hip.dae
[0.108s] -- Up-to-date: /home/rakesh/practice/install/unitree_go2_description/share/unitree_go2_description/meshes/calf.dae
[0.108s] -- Up-to-date: /home/rakesh/practice/install/unitree_go2_description/share/unitree_go2_description/meshes/calf_mirror.dae
[0.109s] -- Up-to-date: /home/rakesh/practice/install/unitree_go2_description/share/unitree_go2_description/meshes/hokuyo.dae
[0.109s] -- Up-to-date: /home/rakesh/practice/install/unitree_go2_description/share/unitree_go2_description/meshes/thigh.dae
[0.109s] -- Up-to-date: /home/rakesh/practice/install/unitree_go2_description/share/unitree_go2_description/meshes/VLP16_base_2.dae
[0.109s] -- Up-to-date: /home/rakesh/practice/install/unitree_go2_description/share/unitree_go2_description/meshes/VLP16_scan.dae
[0.109s] -- Up-to-date: /home/rakesh/practice/install/unitree_go2_description/share/unitree_go2_description/urdf
[0.109s] -- Up-to-date: /home/rakesh/practice/install/unitree_go2_description/share/unitree_go2_description/urdf/materials.xacro
[0.109s] -- Up-to-date: /home/rakesh/practice/install/unitree_go2_description/share/unitree_go2_description/urdf/const.xacro
[0.109s] -- Up-to-date: /home/rakesh/practice/install/unitree_go2_description/share/unitree_go2_description/urdf/unitree_go2_robot.xacro
[0.109s] -- Up-to-date: /home/rakesh/practice/install/unitree_go2_description/share/unitree_go2_description/urdf/unitree_go2_gazebo.xacro
[0.109s] -- Up-to-date: /home/rakesh/practice/install/unitree_go2_description/share/unitree_go2_description/urdf/velodyne.xacro
[0.109s] -- Up-to-date: /home/rakesh/practice/install/unitree_go2_description/share/unitree_go2_description/urdf/leg.xacro
[0.110s] -- Up-to-date: /home/rakesh/practice/install/unitree_go2_description/share/unitree_go2_description/urdf/lidar_4D_lidar.xacro
[0.110s] -- Up-to-date: /home/rakesh/practice/install/unitree_go2_description/share/ament_index/resource_index/package_run_dependencies/unitree_go2_description
[0.110s] -- Up-to-date: /home/rakesh/practice/install/unitree_go2_description/share/ament_index/resource_index/parent_prefix_path/unitree_go2_description
[0.110s] -- Up-to-date: /home/rakesh/practice/install/unitree_go2_description/share/unitree_go2_description/environment/ament_prefix_path.sh
[0.110s] -- Up-to-date: /home/rakesh/practice/install/unitree_go2_description/share/unitree_go2_description/environment/ament_prefix_path.dsv
[0.110s] -- Up-to-date: /home/rakesh/practice/install/unitree_go2_description/share/unitree_go2_description/environment/path.sh
[0.110s] -- Up-to-date: /home/rakesh/practice/install/unitree_go2_description/share/unitree_go2_description/environment/path.dsv
[0.110s] -- Up-to-date: /home/rakesh/practice/install/unitree_go2_description/share/unitree_go2_description/local_setup.bash
[0.110s] -- Up-to-date: /home/rakesh/practice/install/unitree_go2_description/share/unitree_go2_description/local_setup.sh
[0.110s] -- Up-to-date: /home/rakesh/practice/install/unitree_go2_description/share/unitree_go2_description/local_setup.zsh
[0.111s] -- Up-to-date: /home/rakesh/practice/install/unitree_go2_description/share/unitree_go2_description/local_setup.dsv
[0.111s] -- Installing: /home/rakesh/practice/install/unitree_go2_description/share/unitree_go2_description/package.dsv
[0.111s] -- Up-to-date: /home/rakesh/practice/install/unitree_go2_description/share/ament_index/resource_index/packages/unitree_go2_description
[0.111s] -- Up-to-date: /home/rakesh/practice/install/unitree_go2_description/share/unitree_go2_description/cmake/unitree_go2_descriptionConfig.cmake
[0.111s] -- Up-to-date: /home/rakesh/practice/install/unitree_go2_description/share/unitree_go2_description/cmake/unitree_go2_descriptionConfig-version.cmake
[0.111s] -- Up-to-date: /home/rakesh/practice/install/unitree_go2_description/share/unitree_go2_description/package.xml
[0.138s] Invoked command in '/home/rakesh/practice/build/unitree_go2_description' returned '0': CMAKE_PREFIX_PATH=${CMAKE_PREFIX_PATH}:/opt/ros/jazzy: DEBUGINFOD_URLS=https://debuginfod.ubuntu.com /usr/bin/cmake --install /home/rakesh/practice/build/unitree_go2_description
