[0.017s] Invoking command in '/home/rakesh/practice/build/unitree_go2_sim': CMAKE_PREFIX_PATH=${CMAKE_PREFIX_PATH}:/opt/ros/jazzy: DEBUGINFOD_URLS=https://debuginfod.ubuntu.com /usr/bin/cmake /home/rakesh/practice/src/unitree_go2_ros2/unitree_go2_sim -DCMAKE_INSTALL_PREFIX=/home/rakesh/practice/install/unitree_go2_sim
[0.198s] -- The C compiler identification is GNU 13.3.0
[0.338s] -- The CXX compiler identification is GNU 13.3.0
[0.364s] -- Detecting C compiler ABI info
[0.489s] -- Detecting C compiler ABI info - done
[0.499s] -- Check for working C compiler: /usr/bin/cc - skipped
[0.499s] -- Detecting C compile features
[0.500s] -- Detecting C compile features - done
[0.513s] -- Detecting CXX compiler ABI info
[0.642s] -- Detecting CXX compiler ABI info - done
[0.652s] -- Check for working CXX compiler: /usr/bin/c++ - skipped
[0.653s] -- Detecting CXX compile features
[0.653s] -- Detecting CXX compile features - done
[0.665s] -- Found ament_cmake: 2.5.4 (/opt/ros/jazzy/share/ament_cmake/cmake)
[0.850s] -- Found Python3: /usr/bin/python3 (found version "3.12.3") found components: Interpreter 
[1.132s] -- Configuring done (1.1s)
[1.136s] -- Generating done (0.0s)
[1.138s] -- Build files have been written to: /home/rakesh/practice/build/unitree_go2_sim
[1.145s] Invoked command in '/home/rakesh/practice/build/unitree_go2_sim' returned '0': CMAKE_PREFIX_PATH=${CMAKE_PREFIX_PATH}:/opt/ros/jazzy: DEBUGINFOD_URLS=https://debuginfod.ubuntu.com /usr/bin/cmake /home/rakesh/practice/src/unitree_go2_ros2/unitree_go2_sim -DCMAKE_INSTALL_PREFIX=/home/rakesh/practice/install/unitree_go2_sim
[1.146s] Invoking command in '/home/rakesh/practice/build/unitree_go2_sim': CMAKE_PREFIX_PATH=${CMAKE_PREFIX_PATH}:/opt/ros/jazzy: DEBUGINFOD_URLS=https://debuginfod.ubuntu.com /usr/bin/cmake --build /home/rakesh/practice/build/unitree_go2_sim -- -j12 -l12
[1.198s] Invoked command in '/home/rakesh/practice/build/unitree_go2_sim' returned '0': CMAKE_PREFIX_PATH=${CMAKE_PREFIX_PATH}:/opt/ros/jazzy: DEBUGINFOD_URLS=https://debuginfod.ubuntu.com /usr/bin/cmake --build /home/rakesh/practice/build/unitree_go2_sim -- -j12 -l12
[1.212s] Invoking command in '/home/rakesh/practice/build/unitree_go2_sim': CMAKE_PREFIX_PATH=${CMAKE_PREFIX_PATH}:/opt/ros/jazzy: DEBUGINFOD_URLS=https://debuginfod.ubuntu.com /usr/bin/cmake --install /home/rakesh/practice/build/unitree_go2_sim
[1.221s] -- Install configuration: ""
[1.222s] -- Installing: /home/rakesh/practice/install/unitree_go2_sim/share/unitree_go2_sim/launch
[1.222s] -- Installing: /home/rakesh/practice/install/unitree_go2_sim/share/unitree_go2_sim/launch/unitree_go2_launch.py
[1.222s] -- Installing: /home/rakesh/practice/install/unitree_go2_sim/share/unitree_go2_sim/config
[1.222s] -- Installing: /home/rakesh/practice/install/unitree_go2_sim/share/unitree_go2_sim/config/links
[1.222s] -- Installing: /home/rakesh/practice/install/unitree_go2_sim/share/unitree_go2_sim/config/links/links.yaml
[1.222s] -- Installing: /home/rakesh/practice/install/unitree_go2_sim/share/unitree_go2_sim/config/joints
[1.223s] -- Installing: /home/rakesh/practice/install/unitree_go2_sim/share/unitree_go2_sim/config/joints/joints.yaml
[1.223s] -- Installing: /home/rakesh/practice/install/unitree_go2_sim/share/unitree_go2_sim/config/gait
[1.223s] -- Installing: /home/rakesh/practice/install/unitree_go2_sim/share/unitree_go2_sim/config/gait/gait.yaml
[1.223s] -- Installing: /home/rakesh/practice/install/unitree_go2_sim/share/unitree_go2_sim/config/ros_control
[1.223s] -- Installing: /home/rakesh/practice/install/unitree_go2_sim/share/unitree_go2_sim/config/ros_control/ros_control.yaml
[1.223s] -- Installing: /home/rakesh/practice/install/unitree_go2_sim/share/unitree_go2_sim/rviz
[1.223s] -- Installing: /home/rakesh/practice/install/unitree_go2_sim/share/unitree_go2_sim/rviz/rviz.rviz
[1.223s] -- Installing: /home/rakesh/practice/install/unitree_go2_sim/share/ament_index/resource_index/package_run_dependencies/unitree_go2_sim
[1.223s] -- Installing: /home/rakesh/practice/install/unitree_go2_sim/share/ament_index/resource_index/parent_prefix_path/unitree_go2_sim
[1.223s] -- Installing: /home/rakesh/practice/install/unitree_go2_sim/share/unitree_go2_sim/environment/ament_prefix_path.sh
[1.224s] -- Installing: /home/rakesh/practice/install/unitree_go2_sim/share/unitree_go2_sim/environment/ament_prefix_path.dsv
[1.224s] -- Installing: /home/rakesh/practice/install/unitree_go2_sim/share/unitree_go2_sim/environment/path.sh
[1.224s] -- Installing: /home/rakesh/practice/install/unitree_go2_sim/share/unitree_go2_sim/environment/path.dsv
[1.224s] -- Installing: /home/rakesh/practice/install/unitree_go2_sim/share/unitree_go2_sim/local_setup.bash
[1.225s] -- Installing: /home/rakesh/practice/install/unitree_go2_sim/share/unitree_go2_sim/local_setup.sh
[1.225s] -- Installing: /home/rakesh/practice/install/unitree_go2_sim/share/unitree_go2_sim/local_setup.zsh
[1.225s] -- Installing: /home/rakesh/practice/install/unitree_go2_sim/share/unitree_go2_sim/local_setup.dsv
[1.225s] -- Installing: /home/rakesh/practice/install/unitree_go2_sim/share/unitree_go2_sim/package.dsv
[1.225s] -- Installing: /home/rakesh/practice/install/unitree_go2_sim/share/ament_index/resource_index/packages/unitree_go2_sim
[1.226s] -- Installing: /home/rakesh/practice/install/unitree_go2_sim/share/unitree_go2_sim/cmake/unitree_go2_simConfig.cmake
[1.226s] -- Installing: /home/rakesh/practice/install/unitree_go2_sim/share/unitree_go2_sim/cmake/unitree_go2_simConfig-version.cmake
[1.226s] -- Installing: /home/rakesh/practice/install/unitree_go2_sim/share/unitree_go2_sim/package.xml
[1.228s] Invoked command in '/home/rakesh/practice/build/unitree_go2_sim' returned '0': CMAKE_PREFIX_PATH=${CMAKE_PREFIX_PATH}:/opt/ros/jazzy: DEBUGINFOD_URLS=https://debuginfod.ubuntu.com /usr/bin/cmake --install /home/rakesh/practice/build/unitree_go2_sim
