[0.203s] DEBUG:colcon:Command line arguments: ['/usr/bin/colcon', 'build']
[0.203s] DEBUG:colcon:Parsed command line arguments: Namespace(log_base=None, log_level=None, verb_name='build', build_base='build', install_base='install', merge_install=False, symlink_install=False, test_result_base=None, continue_on_error=False, executor='parallel', parallel_workers=12, event_handlers=None, ignore_user_meta=False, metas=['./colcon.meta'], base_paths=['.'], packages_ignore=None, packages_ignore_regex=None, paths=None, packages_up_to=None, packages_up_to_regex=None, packages_above=None, packages_above_and_dependencies=None, packages_above_depth=None, packages_select_by_dep=None, packages_skip_by_dep=None, packages_skip_up_to=None, packages_select_build_failed=False, packages_skip_build_finished=False, packages_select_test_failures=False, packages_skip_test_passed=False, packages_select=None, packages_skip=None, packages_select_regex=None, packages_skip_regex=None, packages_start=None, packages_end=None, allow_overriding=[], cmake_args=None, cmake_target=None, cmake_target_skip_unavailable=False, cmake_clean_cache=False, cmake_clean_first=False, cmake_force_configure=False, ament_cmake_args=None, catkin_cmake_args=None, catkin_skip_building_tests=False, mixin_files=None, mixin=None, verb_parser=<colcon_mixin.mixin.mixin_argument.MixinArgumentDecorator object at 0x775463fcb770>, verb_extension=<colcon_core.verb.build.BuildVerb object at 0x775463f75550>, main=<bound method BuildVerb.main of <colcon_core.verb.build.BuildVerb object at 0x775463f75550>>, mixin_verb=('build',))
[0.243s] Level 1:colcon.colcon_core.package_discovery:discover_packages(colcon_meta) check parameters
[0.243s] Level 1:colcon.colcon_core.package_discovery:discover_packages(recursive) check parameters
[0.243s] Level 1:colcon.colcon_core.package_discovery:discover_packages(ignore) check parameters
[0.243s] Level 1:colcon.colcon_core.package_discovery:discover_packages(path) check parameters
[0.243s] Level 1:colcon.colcon_core.package_discovery:discover_packages(colcon_meta) discover
[0.243s] Level 1:colcon.colcon_core.package_discovery:discover_packages(recursive) discover
[0.244s] INFO:colcon.colcon_core.package_discovery:Crawling recursively for packages in '/home/rakesh/practice'
[0.244s] Level 1:colcon.colcon_core.package_identification:_identify(.) by extensions ['ignore', 'ignore_ament_install']
[0.244s] Level 1:colcon.colcon_core.package_identification:_identify(.) by extension 'ignore'
[0.244s] Level 1:colcon.colcon_core.package_identification:_identify(.) by extension 'ignore_ament_install'
[0.244s] Level 1:colcon.colcon_core.package_identification:_identify(.) by extensions ['colcon_pkg']
[0.244s] Level 1:colcon.colcon_core.package_identification:_identify(.) by extension 'colcon_pkg'
[0.244s] Level 1:colcon.colcon_core.package_identification:_identify(.) by extensions ['colcon_meta']
[0.244s] Level 1:colcon.colcon_core.package_identification:_identify(.) by extension 'colcon_meta'
[0.244s] Level 1:colcon.colcon_core.package_identification:_identify(.) by extensions ['ros']
[0.244s] Level 1:colcon.colcon_core.package_identification:_identify(.) by extension 'ros'
[0.268s] Level 1:colcon.colcon_core.package_identification:_identify(.) by extensions ['cmake', 'python']
[0.268s] Level 1:colcon.colcon_core.package_identification:_identify(.) by extension 'cmake'
[0.268s] Level 1:colcon.colcon_core.package_identification:_identify(.) by extension 'python'
[0.268s] Level 1:colcon.colcon_core.package_identification:_identify(.) by extensions ['python_setup_py']
[0.268s] Level 1:colcon.colcon_core.package_identification:_identify(.) by extension 'python_setup_py'
[0.268s] Level 1:colcon.colcon_core.package_identification:_identify(build) by extensions ['ignore', 'ignore_ament_install']
[0.268s] Level 1:colcon.colcon_core.package_identification:_identify(build) by extension 'ignore'
[0.268s] Level 1:colcon.colcon_core.package_identification:_identify(build) ignored
[0.268s] Level 1:colcon.colcon_core.package_identification:_identify(install) by extensions ['ignore', 'ignore_ament_install']
[0.268s] Level 1:colcon.colcon_core.package_identification:_identify(install) by extension 'ignore'
[0.268s] Level 1:colcon.colcon_core.package_identification:_identify(install) ignored
[0.268s] Level 1:colcon.colcon_core.package_identification:_identify(log) by extensions ['ignore', 'ignore_ament_install']
[0.268s] Level 1:colcon.colcon_core.package_identification:_identify(log) by extension 'ignore'
[0.268s] Level 1:colcon.colcon_core.package_identification:_identify(log) ignored
[0.269s] Level 1:colcon.colcon_core.package_identification:_identify(src) by extensions ['ignore', 'ignore_ament_install']
[0.269s] Level 1:colcon.colcon_core.package_identification:_identify(src) by extension 'ignore'
[0.269s] Level 1:colcon.colcon_core.package_identification:_identify(src) by extension 'ignore_ament_install'
[0.269s] Level 1:colcon.colcon_core.package_identification:_identify(src) by extensions ['colcon_pkg']
[0.269s] Level 1:colcon.colcon_core.package_identification:_identify(src) by extension 'colcon_pkg'
[0.269s] Level 1:colcon.colcon_core.package_identification:_identify(src) by extensions ['colcon_meta']
[0.269s] Level 1:colcon.colcon_core.package_identification:_identify(src) by extension 'colcon_meta'
[0.269s] Level 1:colcon.colcon_core.package_identification:_identify(src) by extensions ['ros']
[0.269s] Level 1:colcon.colcon_core.package_identification:_identify(src) by extension 'ros'
[0.269s] Level 1:colcon.colcon_core.package_identification:_identify(src) by extensions ['cmake', 'python']
[0.269s] Level 1:colcon.colcon_core.package_identification:_identify(src) by extension 'cmake'
[0.269s] Level 1:colcon.colcon_core.package_identification:_identify(src) by extension 'python'
[0.269s] Level 1:colcon.colcon_core.package_identification:_identify(src) by extensions ['python_setup_py']
[0.269s] Level 1:colcon.colcon_core.package_identification:_identify(src) by extension 'python_setup_py'
[0.269s] Level 1:colcon.colcon_core.package_identification:_identify(src/unitree_go2_ros2) by extensions ['ignore', 'ignore_ament_install']
[0.269s] Level 1:colcon.colcon_core.package_identification:_identify(src/unitree_go2_ros2) by extension 'ignore'
[0.269s] Level 1:colcon.colcon_core.package_identification:_identify(src/unitree_go2_ros2) by extension 'ignore_ament_install'
[0.269s] Level 1:colcon.colcon_core.package_identification:_identify(src/unitree_go2_ros2) by extensions ['colcon_pkg']
[0.269s] Level 1:colcon.colcon_core.package_identification:_identify(src/unitree_go2_ros2) by extension 'colcon_pkg'
[0.269s] Level 1:colcon.colcon_core.package_identification:_identify(src/unitree_go2_ros2) by extensions ['colcon_meta']
[0.269s] Level 1:colcon.colcon_core.package_identification:_identify(src/unitree_go2_ros2) by extension 'colcon_meta'
[0.269s] Level 1:colcon.colcon_core.package_identification:_identify(src/unitree_go2_ros2) by extensions ['ros']
[0.269s] Level 1:colcon.colcon_core.package_identification:_identify(src/unitree_go2_ros2) by extension 'ros'
[0.269s] Level 1:colcon.colcon_core.package_identification:_identify(src/unitree_go2_ros2) by extensions ['cmake', 'python']
[0.270s] Level 1:colcon.colcon_core.package_identification:_identify(src/unitree_go2_ros2) by extension 'cmake'
[0.270s] Level 1:colcon.colcon_core.package_identification:_identify(src/unitree_go2_ros2) by extension 'python'
[0.270s] Level 1:colcon.colcon_core.package_identification:_identify(src/unitree_go2_ros2) by extensions ['python_setup_py']
[0.270s] Level 1:colcon.colcon_core.package_identification:_identify(src/unitree_go2_ros2) by extension 'python_setup_py'
[0.270s] Level 1:colcon.colcon_core.package_identification:_identify(src/unitree_go2_ros2/champ) by extensions ['ignore', 'ignore_ament_install']
[0.270s] Level 1:colcon.colcon_core.package_identification:_identify(src/unitree_go2_ros2/champ) by extension 'ignore'
[0.270s] Level 1:colcon.colcon_core.package_identification:_identify(src/unitree_go2_ros2/champ) by extension 'ignore_ament_install'
[0.270s] Level 1:colcon.colcon_core.package_identification:_identify(src/unitree_go2_ros2/champ) by extensions ['colcon_pkg']
[0.270s] Level 1:colcon.colcon_core.package_identification:_identify(src/unitree_go2_ros2/champ) by extension 'colcon_pkg'
[0.270s] Level 1:colcon.colcon_core.package_identification:_identify(src/unitree_go2_ros2/champ) by extensions ['colcon_meta']
[0.270s] Level 1:colcon.colcon_core.package_identification:_identify(src/unitree_go2_ros2/champ) by extension 'colcon_meta'
[0.270s] Level 1:colcon.colcon_core.package_identification:_identify(src/unitree_go2_ros2/champ) by extensions ['ros']
[0.270s] Level 1:colcon.colcon_core.package_identification:_identify(src/unitree_go2_ros2/champ) by extension 'ros'
[0.272s] DEBUG:colcon.colcon_core.package_identification:Package 'src/unitree_go2_ros2/champ' with type 'ros.ament_cmake' and name 'champ'
[0.272s] Level 1:colcon.colcon_core.package_identification:_identify(src/unitree_go2_ros2/champ_base) by extensions ['ignore', 'ignore_ament_install']
[0.272s] Level 1:colcon.colcon_core.package_identification:_identify(src/unitree_go2_ros2/champ_base) by extension 'ignore'
[0.272s] Level 1:colcon.colcon_core.package_identification:_identify(src/unitree_go2_ros2/champ_base) by extension 'ignore_ament_install'
[0.272s] Level 1:colcon.colcon_core.package_identification:_identify(src/unitree_go2_ros2/champ_base) by extensions ['colcon_pkg']
[0.272s] Level 1:colcon.colcon_core.package_identification:_identify(src/unitree_go2_ros2/champ_base) by extension 'colcon_pkg'
[0.272s] Level 1:colcon.colcon_core.package_identification:_identify(src/unitree_go2_ros2/champ_base) by extensions ['colcon_meta']
[0.272s] Level 1:colcon.colcon_core.package_identification:_identify(src/unitree_go2_ros2/champ_base) by extension 'colcon_meta'
[0.272s] Level 1:colcon.colcon_core.package_identification:_identify(src/unitree_go2_ros2/champ_base) by extensions ['ros']
[0.272s] Level 1:colcon.colcon_core.package_identification:_identify(src/unitree_go2_ros2/champ_base) by extension 'ros'
[0.273s] DEBUG:colcon.colcon_core.package_identification:Package 'src/unitree_go2_ros2/champ_base' with type 'ros.ament_cmake' and name 'champ_base'
[0.273s] Level 1:colcon.colcon_core.package_identification:_identify(src/unitree_go2_ros2/champ_msgs) by extensions ['ignore', 'ignore_ament_install']
[0.273s] Level 1:colcon.colcon_core.package_identification:_identify(src/unitree_go2_ros2/champ_msgs) by extension 'ignore'
[0.274s] Level 1:colcon.colcon_core.package_identification:_identify(src/unitree_go2_ros2/champ_msgs) by extension 'ignore_ament_install'
[0.274s] Level 1:colcon.colcon_core.package_identification:_identify(src/unitree_go2_ros2/champ_msgs) by extensions ['colcon_pkg']
[0.274s] Level 1:colcon.colcon_core.package_identification:_identify(src/unitree_go2_ros2/champ_msgs) by extension 'colcon_pkg'
[0.274s] Level 1:colcon.colcon_core.package_identification:_identify(src/unitree_go2_ros2/champ_msgs) by extensions ['colcon_meta']
[0.274s] Level 1:colcon.colcon_core.package_identification:_identify(src/unitree_go2_ros2/champ_msgs) by extension 'colcon_meta'
[0.274s] Level 1:colcon.colcon_core.package_identification:_identify(src/unitree_go2_ros2/champ_msgs) by extensions ['ros']
[0.274s] Level 1:colcon.colcon_core.package_identification:_identify(src/unitree_go2_ros2/champ_msgs) by extension 'ros'
[0.274s] DEBUG:colcon.colcon_core.package_identification:Package 'src/unitree_go2_ros2/champ_msgs' with type 'ros.ament_cmake' and name 'champ_msgs'
[0.274s] Level 1:colcon.colcon_core.package_identification:_identify(src/unitree_go2_ros2/docs) by extensions ['ignore', 'ignore_ament_install']
[0.274s] Level 1:colcon.colcon_core.package_identification:_identify(src/unitree_go2_ros2/docs) by extension 'ignore'
[0.274s] Level 1:colcon.colcon_core.package_identification:_identify(src/unitree_go2_ros2/docs) by extension 'ignore_ament_install'
[0.274s] Level 1:colcon.colcon_core.package_identification:_identify(src/unitree_go2_ros2/docs) by extensions ['colcon_pkg']
[0.274s] Level 1:colcon.colcon_core.package_identification:_identify(src/unitree_go2_ros2/docs) by extension 'colcon_pkg'
[0.275s] Level 1:colcon.colcon_core.package_identification:_identify(src/unitree_go2_ros2/docs) by extensions ['colcon_meta']
[0.275s] Level 1:colcon.colcon_core.package_identification:_identify(src/unitree_go2_ros2/docs) by extension 'colcon_meta'
[0.275s] Level 1:colcon.colcon_core.package_identification:_identify(src/unitree_go2_ros2/docs) by extensions ['ros']
[0.275s] Level 1:colcon.colcon_core.package_identification:_identify(src/unitree_go2_ros2/docs) by extension 'ros'
[0.275s] Level 1:colcon.colcon_core.package_identification:_identify(src/unitree_go2_ros2/docs) by extensions ['cmake', 'python']
[0.275s] Level 1:colcon.colcon_core.package_identification:_identify(src/unitree_go2_ros2/docs) by extension 'cmake'
[0.275s] Level 1:colcon.colcon_core.package_identification:_identify(src/unitree_go2_ros2/docs) by extension 'python'
[0.275s] Level 1:colcon.colcon_core.package_identification:_identify(src/unitree_go2_ros2/docs) by extensions ['python_setup_py']
[0.275s] Level 1:colcon.colcon_core.package_identification:_identify(src/unitree_go2_ros2/docs) by extension 'python_setup_py'
[0.275s] Level 1:colcon.colcon_core.package_identification:_identify(src/unitree_go2_ros2/unitree_go2_description) by extensions ['ignore', 'ignore_ament_install']
[0.275s] Level 1:colcon.colcon_core.package_identification:_identify(src/unitree_go2_ros2/unitree_go2_description) by extension 'ignore'
[0.275s] Level 1:colcon.colcon_core.package_identification:_identify(src/unitree_go2_ros2/unitree_go2_description) by extension 'ignore_ament_install'
[0.275s] Level 1:colcon.colcon_core.package_identification:_identify(src/unitree_go2_ros2/unitree_go2_description) by extensions ['colcon_pkg']
[0.275s] Level 1:colcon.colcon_core.package_identification:_identify(src/unitree_go2_ros2/unitree_go2_description) by extension 'colcon_pkg'
[0.275s] Level 1:colcon.colcon_core.package_identification:_identify(src/unitree_go2_ros2/unitree_go2_description) by extensions ['colcon_meta']
[0.275s] Level 1:colcon.colcon_core.package_identification:_identify(src/unitree_go2_ros2/unitree_go2_description) by extension 'colcon_meta'
[0.275s] Level 1:colcon.colcon_core.package_identification:_identify(src/unitree_go2_ros2/unitree_go2_description) by extensions ['ros']
[0.275s] Level 1:colcon.colcon_core.package_identification:_identify(src/unitree_go2_ros2/unitree_go2_description) by extension 'ros'
[0.276s] DEBUG:colcon.colcon_core.package_identification:Package 'src/unitree_go2_ros2/unitree_go2_description' with type 'ros.ament_cmake' and name 'unitree_go2_description'
[0.276s] Level 1:colcon.colcon_core.package_identification:_identify(src/unitree_go2_ros2/unitree_go2_sim) by extensions ['ignore', 'ignore_ament_install']
[0.276s] Level 1:colcon.colcon_core.package_identification:_identify(src/unitree_go2_ros2/unitree_go2_sim) by extension 'ignore'
[0.276s] Level 1:colcon.colcon_core.package_identification:_identify(src/unitree_go2_ros2/unitree_go2_sim) by extension 'ignore_ament_install'
[0.276s] Level 1:colcon.colcon_core.package_identification:_identify(src/unitree_go2_ros2/unitree_go2_sim) by extensions ['colcon_pkg']
[0.276s] Level 1:colcon.colcon_core.package_identification:_identify(src/unitree_go2_ros2/unitree_go2_sim) by extension 'colcon_pkg'
[0.276s] Level 1:colcon.colcon_core.package_identification:_identify(src/unitree_go2_ros2/unitree_go2_sim) by extensions ['colcon_meta']
[0.276s] Level 1:colcon.colcon_core.package_identification:_identify(src/unitree_go2_ros2/unitree_go2_sim) by extension 'colcon_meta'
[0.276s] Level 1:colcon.colcon_core.package_identification:_identify(src/unitree_go2_ros2/unitree_go2_sim) by extensions ['ros']
[0.276s] Level 1:colcon.colcon_core.package_identification:_identify(src/unitree_go2_ros2/unitree_go2_sim) by extension 'ros'
[0.276s] DEBUG:colcon.colcon_core.package_identification:Package 'src/unitree_go2_ros2/unitree_go2_sim' with type 'ros.ament_cmake' and name 'unitree_go2_sim'
[0.276s] Level 1:colcon.colcon_core.package_discovery:discover_packages(recursive) using defaults
[0.276s] Level 1:colcon.colcon_core.package_discovery:discover_packages(ignore) discover
[0.276s] Level 1:colcon.colcon_core.package_discovery:discover_packages(ignore) using defaults
[0.277s] Level 1:colcon.colcon_core.package_discovery:discover_packages(path) discover
[0.277s] Level 1:colcon.colcon_core.package_discovery:discover_packages(path) using defaults
[0.300s] Level 1:colcon.colcon_core.package_discovery:discover_packages(prefix_path) check parameters
[0.300s] Level 1:colcon.colcon_core.package_discovery:discover_packages(prefix_path) discover
[0.305s] DEBUG:colcon.colcon_installed_package_information.package_discovery:Found 517 installed packages in /opt/ros/jazzy
[0.307s] Level 1:colcon.colcon_core.package_discovery:discover_packages(prefix_path) using defaults
[0.385s] Level 5:colcon.colcon_core.verb:set package 'champ' build argument 'cmake_args' from command line to 'None'
[0.385s] Level 5:colcon.colcon_core.verb:set package 'champ' build argument 'cmake_target' from command line to 'None'
[0.385s] Level 5:colcon.colcon_core.verb:set package 'champ' build argument 'cmake_target_skip_unavailable' from command line to 'False'
[0.385s] Level 5:colcon.colcon_core.verb:set package 'champ' build argument 'cmake_clean_cache' from command line to 'False'
[0.385s] Level 5:colcon.colcon_core.verb:set package 'champ' build argument 'cmake_clean_first' from command line to 'False'
[0.385s] Level 5:colcon.colcon_core.verb:set package 'champ' build argument 'cmake_force_configure' from command line to 'False'
[0.385s] Level 5:colcon.colcon_core.verb:set package 'champ' build argument 'ament_cmake_args' from command line to 'None'
[0.385s] Level 5:colcon.colcon_core.verb:set package 'champ' build argument 'catkin_cmake_args' from command line to 'None'
[0.385s] Level 5:colcon.colcon_core.verb:set package 'champ' build argument 'catkin_skip_building_tests' from command line to 'False'
[0.385s] DEBUG:colcon.colcon_core.verb:Building package 'champ' with the following arguments: {'ament_cmake_args': None, 'build_base': '/home/rakesh/practice/build/champ', 'catkin_cmake_args': None, 'catkin_skip_building_tests': False, 'cmake_args': None, 'cmake_clean_cache': False, 'cmake_clean_first': False, 'cmake_force_configure': False, 'cmake_target': None, 'cmake_target_skip_unavailable': False, 'install_base': '/home/rakesh/practice/install/champ', 'merge_install': False, 'path': '/home/rakesh/practice/src/unitree_go2_ros2/champ', 'symlink_install': False, 'test_result_base': None}
[0.385s] Level 5:colcon.colcon_core.verb:set package 'champ_msgs' build argument 'cmake_args' from command line to 'None'
[0.385s] Level 5:colcon.colcon_core.verb:set package 'champ_msgs' build argument 'cmake_target' from command line to 'None'
[0.385s] Level 5:colcon.colcon_core.verb:set package 'champ_msgs' build argument 'cmake_target_skip_unavailable' from command line to 'False'
[0.385s] Level 5:colcon.colcon_core.verb:set package 'champ_msgs' build argument 'cmake_clean_cache' from command line to 'False'
[0.385s] Level 5:colcon.colcon_core.verb:set package 'champ_msgs' build argument 'cmake_clean_first' from command line to 'False'
[0.385s] Level 5:colcon.colcon_core.verb:set package 'champ_msgs' build argument 'cmake_force_configure' from command line to 'False'
[0.385s] Level 5:colcon.colcon_core.verb:set package 'champ_msgs' build argument 'ament_cmake_args' from command line to 'None'
[0.385s] Level 5:colcon.colcon_core.verb:set package 'champ_msgs' build argument 'catkin_cmake_args' from command line to 'None'
[0.385s] Level 5:colcon.colcon_core.verb:set package 'champ_msgs' build argument 'catkin_skip_building_tests' from command line to 'False'
[0.385s] DEBUG:colcon.colcon_core.verb:Building package 'champ_msgs' with the following arguments: {'ament_cmake_args': None, 'build_base': '/home/rakesh/practice/build/champ_msgs', 'catkin_cmake_args': None, 'catkin_skip_building_tests': False, 'cmake_args': None, 'cmake_clean_cache': False, 'cmake_clean_first': False, 'cmake_force_configure': False, 'cmake_target': None, 'cmake_target_skip_unavailable': False, 'install_base': '/home/rakesh/practice/install/champ_msgs', 'merge_install': False, 'path': '/home/rakesh/practice/src/unitree_go2_ros2/champ_msgs', 'symlink_install': False, 'test_result_base': None}
[0.385s] Level 5:colcon.colcon_core.verb:set package 'unitree_go2_description' build argument 'cmake_args' from command line to 'None'
[0.385s] Level 5:colcon.colcon_core.verb:set package 'unitree_go2_description' build argument 'cmake_target' from command line to 'None'
[0.386s] Level 5:colcon.colcon_core.verb:set package 'unitree_go2_description' build argument 'cmake_target_skip_unavailable' from command line to 'False'
[0.386s] Level 5:colcon.colcon_core.verb:set package 'unitree_go2_description' build argument 'cmake_clean_cache' from command line to 'False'
[0.386s] Level 5:colcon.colcon_core.verb:set package 'unitree_go2_description' build argument 'cmake_clean_first' from command line to 'False'
[0.386s] Level 5:colcon.colcon_core.verb:set package 'unitree_go2_description' build argument 'cmake_force_configure' from command line to 'False'
[0.386s] Level 5:colcon.colcon_core.verb:set package 'unitree_go2_description' build argument 'ament_cmake_args' from command line to 'None'
[0.386s] Level 5:colcon.colcon_core.verb:set package 'unitree_go2_description' build argument 'catkin_cmake_args' from command line to 'None'
[0.386s] Level 5:colcon.colcon_core.verb:set package 'unitree_go2_description' build argument 'catkin_skip_building_tests' from command line to 'False'
[0.386s] DEBUG:colcon.colcon_core.verb:Building package 'unitree_go2_description' with the following arguments: {'ament_cmake_args': None, 'build_base': '/home/rakesh/practice/build/unitree_go2_description', 'catkin_cmake_args': None, 'catkin_skip_building_tests': False, 'cmake_args': None, 'cmake_clean_cache': False, 'cmake_clean_first': False, 'cmake_force_configure': False, 'cmake_target': None, 'cmake_target_skip_unavailable': False, 'install_base': '/home/rakesh/practice/install/unitree_go2_description', 'merge_install': False, 'path': '/home/rakesh/practice/src/unitree_go2_ros2/unitree_go2_description', 'symlink_install': False, 'test_result_base': None}
[0.386s] Level 5:colcon.colcon_core.verb:set package 'unitree_go2_sim' build argument 'cmake_args' from command line to 'None'
[0.386s] Level 5:colcon.colcon_core.verb:set package 'unitree_go2_sim' build argument 'cmake_target' from command line to 'None'
[0.386s] Level 5:colcon.colcon_core.verb:set package 'unitree_go2_sim' build argument 'cmake_target_skip_unavailable' from command line to 'False'
[0.386s] Level 5:colcon.colcon_core.verb:set package 'unitree_go2_sim' build argument 'cmake_clean_cache' from command line to 'False'
[0.386s] Level 5:colcon.colcon_core.verb:set package 'unitree_go2_sim' build argument 'cmake_clean_first' from command line to 'False'
[0.386s] Level 5:colcon.colcon_core.verb:set package 'unitree_go2_sim' build argument 'cmake_force_configure' from command line to 'False'
[0.386s] Level 5:colcon.colcon_core.verb:set package 'unitree_go2_sim' build argument 'ament_cmake_args' from command line to 'None'
[0.386s] Level 5:colcon.colcon_core.verb:set package 'unitree_go2_sim' build argument 'catkin_cmake_args' from command line to 'None'
[0.386s] Level 5:colcon.colcon_core.verb:set package 'unitree_go2_sim' build argument 'catkin_skip_building_tests' from command line to 'False'
[0.386s] DEBUG:colcon.colcon_core.verb:Building package 'unitree_go2_sim' with the following arguments: {'ament_cmake_args': None, 'build_base': '/home/rakesh/practice/build/unitree_go2_sim', 'catkin_cmake_args': None, 'catkin_skip_building_tests': False, 'cmake_args': None, 'cmake_clean_cache': False, 'cmake_clean_first': False, 'cmake_force_configure': False, 'cmake_target': None, 'cmake_target_skip_unavailable': False, 'install_base': '/home/rakesh/practice/install/unitree_go2_sim', 'merge_install': False, 'path': '/home/rakesh/practice/src/unitree_go2_ros2/unitree_go2_sim', 'symlink_install': False, 'test_result_base': None}
[0.386s] Level 5:colcon.colcon_core.verb:set package 'champ_base' build argument 'cmake_args' from command line to 'None'
[0.386s] Level 5:colcon.colcon_core.verb:set package 'champ_base' build argument 'cmake_target' from command line to 'None'
[0.386s] Level 5:colcon.colcon_core.verb:set package 'champ_base' build argument 'cmake_target_skip_unavailable' from command line to 'False'
[0.386s] Level 5:colcon.colcon_core.verb:set package 'champ_base' build argument 'cmake_clean_cache' from command line to 'False'
[0.386s] Level 5:colcon.colcon_core.verb:set package 'champ_base' build argument 'cmake_clean_first' from command line to 'False'
[0.386s] Level 5:colcon.colcon_core.verb:set package 'champ_base' build argument 'cmake_force_configure' from command line to 'False'
[0.386s] Level 5:colcon.colcon_core.verb:set package 'champ_base' build argument 'ament_cmake_args' from command line to 'None'
[0.386s] Level 5:colcon.colcon_core.verb:set package 'champ_base' build argument 'catkin_cmake_args' from command line to 'None'
[0.386s] Level 5:colcon.colcon_core.verb:set package 'champ_base' build argument 'catkin_skip_building_tests' from command line to 'False'
[0.386s] DEBUG:colcon.colcon_core.verb:Building package 'champ_base' with the following arguments: {'ament_cmake_args': None, 'build_base': '/home/rakesh/practice/build/champ_base', 'catkin_cmake_args': None, 'catkin_skip_building_tests': False, 'cmake_args': None, 'cmake_clean_cache': False, 'cmake_clean_first': False, 'cmake_force_configure': False, 'cmake_target': None, 'cmake_target_skip_unavailable': False, 'install_base': '/home/rakesh/practice/install/champ_base', 'merge_install': False, 'path': '/home/rakesh/practice/src/unitree_go2_ros2/champ_base', 'symlink_install': False, 'test_result_base': None}
[0.386s] INFO:colcon.colcon_core.executor:Executing jobs using 'parallel' executor
[0.388s] DEBUG:colcon.colcon_parallel_executor.executor.parallel:run_until_complete
[0.388s] INFO:colcon.colcon_ros.task.ament_cmake.build:Building ROS package in '/home/rakesh/practice/src/unitree_go2_ros2/champ' with build type 'ament_cmake'
[0.388s] INFO:colcon.colcon_cmake.task.cmake.build:Building CMake package in '/home/rakesh/practice/src/unitree_go2_ros2/champ'
[0.393s] INFO:colcon.colcon_core.plugin_system:Skipping extension 'colcon_core.shell.bat': Not used on non-Windows systems
[0.393s] INFO:colcon.colcon_core.shell:Skip shell extension 'powershell' for command environment: Not usable outside of PowerShell
[0.393s] DEBUG:colcon.colcon_core.shell:Skip shell extension 'dsv' for command environment
[0.398s] INFO:colcon.colcon_ros.task.ament_cmake.build:Building ROS package in '/home/rakesh/practice/src/unitree_go2_ros2/champ_msgs' with build type 'ament_cmake'
[0.398s] INFO:colcon.colcon_cmake.task.cmake.build:Building CMake package in '/home/rakesh/practice/src/unitree_go2_ros2/champ_msgs'
[0.398s] INFO:colcon.colcon_core.shell:Skip shell extension 'powershell' for command environment: Not usable outside of PowerShell
[0.398s] DEBUG:colcon.colcon_core.shell:Skip shell extension 'dsv' for command environment
[0.402s] INFO:colcon.colcon_ros.task.ament_cmake.build:Building ROS package in '/home/rakesh/practice/src/unitree_go2_ros2/unitree_go2_description' with build type 'ament_cmake'
[0.402s] INFO:colcon.colcon_cmake.task.cmake.build:Building CMake package in '/home/rakesh/practice/src/unitree_go2_ros2/unitree_go2_description'
[0.403s] INFO:colcon.colcon_core.shell:Skip shell extension 'powershell' for command environment: Not usable outside of PowerShell
[0.403s] DEBUG:colcon.colcon_core.shell:Skip shell extension 'dsv' for command environment
[0.407s] INFO:colcon.colcon_ros.task.ament_cmake.build:Building ROS package in '/home/rakesh/practice/src/unitree_go2_ros2/unitree_go2_sim' with build type 'ament_cmake'
[0.407s] INFO:colcon.colcon_cmake.task.cmake.build:Building CMake package in '/home/rakesh/practice/src/unitree_go2_ros2/unitree_go2_sim'
[0.407s] INFO:colcon.colcon_core.shell:Skip shell extension 'powershell' for command environment: Not usable outside of PowerShell
[0.407s] DEBUG:colcon.colcon_core.shell:Skip shell extension 'dsv' for command environment
[0.414s] DEBUG:colcon.colcon_core.event_handler.log_command:Invoking command in '/home/rakesh/practice/build/champ': CMAKE_PREFIX_PATH=${CMAKE_PREFIX_PATH}:/opt/ros/jazzy: DEBUGINFOD_URLS=https://debuginfod.ubuntu.com /usr/bin/cmake /home/rakesh/practice/src/unitree_go2_ros2/champ -DCMAKE_INSTALL_PREFIX=/home/rakesh/practice/install/champ
[0.418s] DEBUG:colcon.colcon_core.event_handler.log_command:Invoking command in '/home/rakesh/practice/build/champ_msgs': CMAKE_PREFIX_PATH=${CMAKE_PREFIX_PATH}:/opt/ros/jazzy: DEBUGINFOD_URLS=https://debuginfod.ubuntu.com /usr/bin/cmake /home/rakesh/practice/src/unitree_go2_ros2/champ_msgs -DCMAKE_INSTALL_PREFIX=/home/rakesh/practice/install/champ_msgs
[0.419s] DEBUG:colcon.colcon_core.event_handler.log_command:Invoking command in '/home/rakesh/practice/build/unitree_go2_description': CMAKE_PREFIX_PATH=${CMAKE_PREFIX_PATH}:/opt/ros/jazzy: DEBUGINFOD_URLS=https://debuginfod.ubuntu.com /usr/bin/cmake /home/rakesh/practice/src/unitree_go2_ros2/unitree_go2_description -DCMAKE_INSTALL_PREFIX=/home/rakesh/practice/install/unitree_go2_description
[0.424s] DEBUG:colcon.colcon_core.event_handler.log_command:Invoking command in '/home/rakesh/practice/build/unitree_go2_sim': CMAKE_PREFIX_PATH=${CMAKE_PREFIX_PATH}:/opt/ros/jazzy: DEBUGINFOD_URLS=https://debuginfod.ubuntu.com /usr/bin/cmake /home/rakesh/practice/src/unitree_go2_ros2/unitree_go2_sim -DCMAKE_INSTALL_PREFIX=/home/rakesh/practice/install/unitree_go2_sim
[1.552s] DEBUG:colcon.colcon_core.event_handler.log_command:Invoked command in '/home/rakesh/practice/build/unitree_go2_sim' returned '0': CMAKE_PREFIX_PATH=${CMAKE_PREFIX_PATH}:/opt/ros/jazzy: DEBUGINFOD_URLS=https://debuginfod.ubuntu.com /usr/bin/cmake /home/rakesh/practice/src/unitree_go2_ros2/unitree_go2_sim -DCMAKE_INSTALL_PREFIX=/home/rakesh/practice/install/unitree_go2_sim
[1.554s] DEBUG:colcon.colcon_core.event_handler.log_command:Invoking command in '/home/rakesh/practice/build/unitree_go2_sim': CMAKE_PREFIX_PATH=${CMAKE_PREFIX_PATH}:/opt/ros/jazzy: DEBUGINFOD_URLS=https://debuginfod.ubuntu.com /usr/bin/cmake --build /home/rakesh/practice/build/unitree_go2_sim -- -j12 -l12
[1.562s] DEBUG:colcon.colcon_core.event_handler.log_command:Invoked command in '/home/rakesh/practice/build/unitree_go2_description' returned '0': CMAKE_PREFIX_PATH=${CMAKE_PREFIX_PATH}:/opt/ros/jazzy: DEBUGINFOD_URLS=https://debuginfod.ubuntu.com /usr/bin/cmake /home/rakesh/practice/src/unitree_go2_ros2/unitree_go2_description -DCMAKE_INSTALL_PREFIX=/home/rakesh/practice/install/unitree_go2_description
[1.563s] DEBUG:colcon.colcon_core.event_handler.log_command:Invoking command in '/home/rakesh/practice/build/unitree_go2_description': CMAKE_PREFIX_PATH=${CMAKE_PREFIX_PATH}:/opt/ros/jazzy: DEBUGINFOD_URLS=https://debuginfod.ubuntu.com /usr/bin/cmake --build /home/rakesh/practice/build/unitree_go2_description -- -j12 -l12
[1.605s] DEBUG:colcon.colcon_core.event_handler.log_command:Invoked command in '/home/rakesh/practice/build/unitree_go2_sim' returned '0': CMAKE_PREFIX_PATH=${CMAKE_PREFIX_PATH}:/opt/ros/jazzy: DEBUGINFOD_URLS=https://debuginfod.ubuntu.com /usr/bin/cmake --build /home/rakesh/practice/build/unitree_go2_sim -- -j12 -l12
[1.619s] DEBUG:colcon.colcon_core.event_handler.log_command:Invoking command in '/home/rakesh/practice/build/unitree_go2_sim': CMAKE_PREFIX_PATH=${CMAKE_PREFIX_PATH}:/opt/ros/jazzy: DEBUGINFOD_URLS=https://debuginfod.ubuntu.com /usr/bin/cmake --install /home/rakesh/practice/build/unitree_go2_sim
[1.620s] DEBUG:colcon.colcon_core.event_handler.log_command:Invoked command in '/home/rakesh/practice/build/unitree_go2_description' returned '0': CMAKE_PREFIX_PATH=${CMAKE_PREFIX_PATH}:/opt/ros/jazzy: DEBUGINFOD_URLS=https://debuginfod.ubuntu.com /usr/bin/cmake --build /home/rakesh/practice/build/unitree_go2_description -- -j12 -l12
[1.621s] DEBUG:colcon.colcon_core.event_handler.log_command:Invoking command in '/home/rakesh/practice/build/unitree_go2_description': CMAKE_PREFIX_PATH=${CMAKE_PREFIX_PATH}:/opt/ros/jazzy: DEBUGINFOD_URLS=https://debuginfod.ubuntu.com /usr/bin/cmake --install /home/rakesh/practice/build/unitree_go2_description
[1.635s] Level 1:colcon.colcon_core.environment:create_environment_scripts_only(unitree_go2_sim)
[1.636s] DEBUG:colcon.colcon_core.event_handler.log_command:Invoked command in '/home/rakesh/practice/build/unitree_go2_sim' returned '0': CMAKE_PREFIX_PATH=${CMAKE_PREFIX_PATH}:/opt/ros/jazzy: DEBUGINFOD_URLS=https://debuginfod.ubuntu.com /usr/bin/cmake --install /home/rakesh/practice/build/unitree_go2_sim
[1.642s] Level 1:colcon.colcon_core.environment:checking '/home/rakesh/practice/install/unitree_go2_sim' for CMake module files
[1.643s] Level 1:colcon.colcon_core.environment:checking '/home/rakesh/practice/install/unitree_go2_sim' for CMake config files
[1.644s] Level 1:colcon.colcon_core.shell:create_environment_hook('unitree_go2_sim', 'cmake_prefix_path')
[1.644s] INFO:colcon.colcon_core.shell:Creating environment hook '/home/rakesh/practice/install/unitree_go2_sim/share/unitree_go2_sim/hook/cmake_prefix_path.ps1'
[1.645s] INFO:colcon.colcon_core.shell:Creating environment descriptor '/home/rakesh/practice/install/unitree_go2_sim/share/unitree_go2_sim/hook/cmake_prefix_path.dsv'
[1.646s] INFO:colcon.colcon_core.shell:Creating environment hook '/home/rakesh/practice/install/unitree_go2_sim/share/unitree_go2_sim/hook/cmake_prefix_path.sh'
[1.647s] Level 1:colcon.colcon_core.environment:checking '/home/rakesh/practice/install/unitree_go2_sim/bin'
[1.647s] Level 1:colcon.colcon_core.environment:checking '/home/rakesh/practice/install/unitree_go2_sim/lib/pkgconfig/unitree_go2_sim.pc'
[1.647s] Level 1:colcon.colcon_core.environment:checking '/home/rakesh/practice/install/unitree_go2_sim/lib/python3.12/site-packages'
[1.648s] Level 1:colcon.colcon_core.environment:checking '/home/rakesh/practice/install/unitree_go2_sim/bin'
[1.648s] INFO:colcon.colcon_core.shell:Creating package script '/home/rakesh/practice/install/unitree_go2_sim/share/unitree_go2_sim/package.ps1'
[1.649s] INFO:colcon.colcon_core.shell:Creating package descriptor '/home/rakesh/practice/install/unitree_go2_sim/share/unitree_go2_sim/package.dsv'
[1.650s] INFO:colcon.colcon_core.shell:Creating package script '/home/rakesh/practice/install/unitree_go2_sim/share/unitree_go2_sim/package.sh'
[1.651s] INFO:colcon.colcon_core.shell:Creating package script '/home/rakesh/practice/install/unitree_go2_sim/share/unitree_go2_sim/package.bash'
[1.653s] INFO:colcon.colcon_core.shell:Creating package script '/home/rakesh/practice/install/unitree_go2_sim/share/unitree_go2_sim/package.zsh'
[1.654s] Level 1:colcon.colcon_core.environment:create_file_with_runtime_dependencies(/home/rakesh/practice/install/unitree_go2_sim/share/colcon-core/packages/unitree_go2_sim)
[1.655s] Level 1:colcon.colcon_core.environment:create_environment_scripts_only(unitree_go2_sim)
[1.655s] Level 1:colcon.colcon_core.environment:checking '/home/rakesh/practice/install/unitree_go2_sim' for CMake module files
[1.656s] Level 1:colcon.colcon_core.environment:checking '/home/rakesh/practice/install/unitree_go2_sim' for CMake config files
[1.656s] Level 1:colcon.colcon_core.shell:create_environment_hook('unitree_go2_sim', 'cmake_prefix_path')
[1.657s] INFO:colcon.colcon_core.shell:Creating environment hook '/home/rakesh/practice/install/unitree_go2_sim/share/unitree_go2_sim/hook/cmake_prefix_path.ps1'
[1.657s] INFO:colcon.colcon_core.shell:Creating environment descriptor '/home/rakesh/practice/install/unitree_go2_sim/share/unitree_go2_sim/hook/cmake_prefix_path.dsv'
[1.658s] INFO:colcon.colcon_core.shell:Creating environment hook '/home/rakesh/practice/install/unitree_go2_sim/share/unitree_go2_sim/hook/cmake_prefix_path.sh'
[1.659s] Level 1:colcon.colcon_core.environment:checking '/home/rakesh/practice/install/unitree_go2_sim/bin'
[1.659s] Level 1:colcon.colcon_core.environment:checking '/home/rakesh/practice/install/unitree_go2_sim/lib/pkgconfig/unitree_go2_sim.pc'
[1.659s] Level 1:colcon.colcon_core.environment:checking '/home/rakesh/practice/install/unitree_go2_sim/lib/python3.12/site-packages'
[1.660s] Level 1:colcon.colcon_core.environment:checking '/home/rakesh/practice/install/unitree_go2_sim/bin'
[1.660s] INFO:colcon.colcon_core.shell:Creating package script '/home/rakesh/practice/install/unitree_go2_sim/share/unitree_go2_sim/package.ps1'
[1.661s] INFO:colcon.colcon_core.shell:Creating package descriptor '/home/rakesh/practice/install/unitree_go2_sim/share/unitree_go2_sim/package.dsv'
[1.661s] INFO:colcon.colcon_core.shell:Creating package script '/home/rakesh/practice/install/unitree_go2_sim/share/unitree_go2_sim/package.sh'
[1.662s] INFO:colcon.colcon_core.shell:Creating package script '/home/rakesh/practice/install/unitree_go2_sim/share/unitree_go2_sim/package.bash'
[1.663s] INFO:colcon.colcon_core.shell:Creating package script '/home/rakesh/practice/install/unitree_go2_sim/share/unitree_go2_sim/package.zsh'
[1.665s] Level 1:colcon.colcon_core.environment:create_file_with_runtime_dependencies(/home/rakesh/practice/install/unitree_go2_sim/share/colcon-core/packages/unitree_go2_sim)
[1.668s] Level 1:colcon.colcon_core.environment:create_environment_scripts_only(unitree_go2_description)
[1.668s] DEBUG:colcon.colcon_core.event_handler.log_command:Invoked command in '/home/rakesh/practice/build/unitree_go2_description' returned '0': CMAKE_PREFIX_PATH=${CMAKE_PREFIX_PATH}:/opt/ros/jazzy: DEBUGINFOD_URLS=https://debuginfod.ubuntu.com /usr/bin/cmake --install /home/rakesh/practice/build/unitree_go2_description
[1.669s] Level 1:colcon.colcon_core.environment:checking '/home/rakesh/practice/install/unitree_go2_description' for CMake module files
[1.670s] Level 1:colcon.colcon_core.environment:checking '/home/rakesh/practice/install/unitree_go2_description' for CMake config files
[1.670s] Level 1:colcon.colcon_core.shell:create_environment_hook('unitree_go2_description', 'cmake_prefix_path')
[1.670s] INFO:colcon.colcon_core.shell:Creating environment hook '/home/rakesh/practice/install/unitree_go2_description/share/unitree_go2_description/hook/cmake_prefix_path.ps1'
[1.671s] INFO:colcon.colcon_core.shell:Creating environment descriptor '/home/rakesh/practice/install/unitree_go2_description/share/unitree_go2_description/hook/cmake_prefix_path.dsv'
[1.671s] INFO:colcon.colcon_core.shell:Creating environment hook '/home/rakesh/practice/install/unitree_go2_description/share/unitree_go2_description/hook/cmake_prefix_path.sh'
[1.672s] Level 1:colcon.colcon_core.environment:checking '/home/rakesh/practice/install/unitree_go2_description/bin'
[1.672s] Level 1:colcon.colcon_core.environment:checking '/home/rakesh/practice/install/unitree_go2_description/lib/pkgconfig/unitree_go2_description.pc'
[1.672s] Level 1:colcon.colcon_core.environment:checking '/home/rakesh/practice/install/unitree_go2_description/lib/python3.12/site-packages'
[1.672s] Level 1:colcon.colcon_core.environment:checking '/home/rakesh/practice/install/unitree_go2_description/bin'
[1.672s] INFO:colcon.colcon_core.shell:Creating package script '/home/rakesh/practice/install/unitree_go2_description/share/unitree_go2_description/package.ps1'
[1.673s] INFO:colcon.colcon_core.shell:Creating package descriptor '/home/rakesh/practice/install/unitree_go2_description/share/unitree_go2_description/package.dsv'
[1.673s] INFO:colcon.colcon_core.shell:Creating package script '/home/rakesh/practice/install/unitree_go2_description/share/unitree_go2_description/package.sh'
[1.673s] INFO:colcon.colcon_core.shell:Creating package script '/home/rakesh/practice/install/unitree_go2_description/share/unitree_go2_description/package.bash'
[1.674s] INFO:colcon.colcon_core.shell:Creating package script '/home/rakesh/practice/install/unitree_go2_description/share/unitree_go2_description/package.zsh'
[1.674s] Level 1:colcon.colcon_core.environment:create_file_with_runtime_dependencies(/home/rakesh/practice/install/unitree_go2_description/share/colcon-core/packages/unitree_go2_description)
[1.674s] Level 1:colcon.colcon_core.environment:create_environment_scripts_only(unitree_go2_description)
[1.674s] Level 1:colcon.colcon_core.environment:checking '/home/rakesh/practice/install/unitree_go2_description' for CMake module files
[1.675s] Level 1:colcon.colcon_core.environment:checking '/home/rakesh/practice/install/unitree_go2_description' for CMake config files
[1.675s] Level 1:colcon.colcon_core.shell:create_environment_hook('unitree_go2_description', 'cmake_prefix_path')
[1.675s] INFO:colcon.colcon_core.shell:Creating environment hook '/home/rakesh/practice/install/unitree_go2_description/share/unitree_go2_description/hook/cmake_prefix_path.ps1'
[1.676s] INFO:colcon.colcon_core.shell:Creating environment descriptor '/home/rakesh/practice/install/unitree_go2_description/share/unitree_go2_description/hook/cmake_prefix_path.dsv'
[1.676s] INFO:colcon.colcon_core.shell:Creating environment hook '/home/rakesh/practice/install/unitree_go2_description/share/unitree_go2_description/hook/cmake_prefix_path.sh'
[1.676s] Level 1:colcon.colcon_core.environment:checking '/home/rakesh/practice/install/unitree_go2_description/bin'
[1.677s] Level 1:colcon.colcon_core.environment:checking '/home/rakesh/practice/install/unitree_go2_description/lib/pkgconfig/unitree_go2_description.pc'
[1.677s] Level 1:colcon.colcon_core.environment:checking '/home/rakesh/practice/install/unitree_go2_description/lib/python3.12/site-packages'
[1.677s] Level 1:colcon.colcon_core.environment:checking '/home/rakesh/practice/install/unitree_go2_description/bin'
[1.677s] INFO:colcon.colcon_core.shell:Creating package script '/home/rakesh/practice/install/unitree_go2_description/share/unitree_go2_description/package.ps1'
[1.677s] INFO:colcon.colcon_core.shell:Creating package descriptor '/home/rakesh/practice/install/unitree_go2_description/share/unitree_go2_description/package.dsv'
[1.678s] INFO:colcon.colcon_core.shell:Creating package script '/home/rakesh/practice/install/unitree_go2_description/share/unitree_go2_description/package.sh'
[1.678s] INFO:colcon.colcon_core.shell:Creating package script '/home/rakesh/practice/install/unitree_go2_description/share/unitree_go2_description/package.bash'
[1.679s] INFO:colcon.colcon_core.shell:Creating package script '/home/rakesh/practice/install/unitree_go2_description/share/unitree_go2_description/package.zsh'
[1.679s] Level 1:colcon.colcon_core.environment:create_file_with_runtime_dependencies(/home/rakesh/practice/install/unitree_go2_description/share/colcon-core/packages/unitree_go2_description)
[2.214s] DEBUG:colcon.colcon_core.event_handler.log_command:Invoked command in '/home/rakesh/practice/build/champ' returned '0': CMAKE_PREFIX_PATH=${CMAKE_PREFIX_PATH}:/opt/ros/jazzy: DEBUGINFOD_URLS=https://debuginfod.ubuntu.com /usr/bin/cmake /home/rakesh/practice/src/unitree_go2_ros2/champ -DCMAKE_INSTALL_PREFIX=/home/rakesh/practice/install/champ
[2.216s] DEBUG:colcon.colcon_core.event_handler.log_command:Invoking command in '/home/rakesh/practice/build/champ': CMAKE_PREFIX_PATH=${CMAKE_PREFIX_PATH}:/opt/ros/jazzy: DEBUGINFOD_URLS=https://debuginfod.ubuntu.com /usr/bin/cmake --build /home/rakesh/practice/build/champ -- -j12 -l12
[2.273s] DEBUG:colcon.colcon_core.event_handler.log_command:Invoked command in '/home/rakesh/practice/build/champ' returned '0': CMAKE_PREFIX_PATH=${CMAKE_PREFIX_PATH}:/opt/ros/jazzy: DEBUGINFOD_URLS=https://debuginfod.ubuntu.com /usr/bin/cmake --build /home/rakesh/practice/build/champ -- -j12 -l12
[2.275s] DEBUG:colcon.colcon_core.event_handler.log_command:Invoking command in '/home/rakesh/practice/build/champ': CMAKE_PREFIX_PATH=${CMAKE_PREFIX_PATH}:/opt/ros/jazzy: DEBUGINFOD_URLS=https://debuginfod.ubuntu.com /usr/bin/cmake --install /home/rakesh/practice/build/champ
[2.297s] Level 1:colcon.colcon_core.environment:create_environment_scripts_only(champ)
[2.297s] DEBUG:colcon.colcon_core.event_handler.log_command:Invoked command in '/home/rakesh/practice/build/champ' returned '0': CMAKE_PREFIX_PATH=${CMAKE_PREFIX_PATH}:/opt/ros/jazzy: DEBUGINFOD_URLS=https://debuginfod.ubuntu.com /usr/bin/cmake --install /home/rakesh/practice/build/champ
[2.298s] Level 1:colcon.colcon_core.environment:checking '/home/rakesh/practice/install/champ' for CMake module files
[2.299s] Level 1:colcon.colcon_core.environment:checking '/home/rakesh/practice/install/champ' for CMake config files
[2.300s] Level 1:colcon.colcon_core.shell:create_environment_hook('champ', 'cmake_prefix_path')
[2.300s] INFO:colcon.colcon_core.shell:Creating environment hook '/home/rakesh/practice/install/champ/share/champ/hook/cmake_prefix_path.ps1'
[2.301s] INFO:colcon.colcon_core.shell:Creating environment descriptor '/home/rakesh/practice/install/champ/share/champ/hook/cmake_prefix_path.dsv'
[2.302s] INFO:colcon.colcon_core.shell:Creating environment hook '/home/rakesh/practice/install/champ/share/champ/hook/cmake_prefix_path.sh'
[2.303s] Level 1:colcon.colcon_core.environment:checking '/home/rakesh/practice/install/champ/bin'
[2.303s] Level 1:colcon.colcon_core.environment:checking '/home/rakesh/practice/install/champ/lib/pkgconfig/champ.pc'
[2.304s] Level 1:colcon.colcon_core.environment:checking '/home/rakesh/practice/install/champ/lib/python3.12/site-packages'
[2.304s] Level 1:colcon.colcon_core.environment:checking '/home/rakesh/practice/install/champ/bin'
[2.304s] INFO:colcon.colcon_core.shell:Creating package script '/home/rakesh/practice/install/champ/share/champ/package.ps1'
[2.305s] INFO:colcon.colcon_core.shell:Creating package descriptor '/home/rakesh/practice/install/champ/share/champ/package.dsv'
[2.306s] INFO:colcon.colcon_core.shell:Creating package script '/home/rakesh/practice/install/champ/share/champ/package.sh'
[2.307s] INFO:colcon.colcon_core.shell:Creating package script '/home/rakesh/practice/install/champ/share/champ/package.bash'
[2.308s] INFO:colcon.colcon_core.shell:Creating package script '/home/rakesh/practice/install/champ/share/champ/package.zsh'
[2.309s] Level 1:colcon.colcon_core.environment:create_file_with_runtime_dependencies(/home/rakesh/practice/install/champ/share/colcon-core/packages/champ)
[2.310s] Level 1:colcon.colcon_core.environment:create_environment_scripts_only(champ)
[2.310s] Level 1:colcon.colcon_core.environment:checking '/home/rakesh/practice/install/champ' for CMake module files
[2.311s] Level 1:colcon.colcon_core.environment:checking '/home/rakesh/practice/install/champ' for CMake config files
[2.312s] Level 1:colcon.colcon_core.shell:create_environment_hook('champ', 'cmake_prefix_path')
[2.312s] INFO:colcon.colcon_core.shell:Creating environment hook '/home/rakesh/practice/install/champ/share/champ/hook/cmake_prefix_path.ps1'
[2.313s] INFO:colcon.colcon_core.shell:Creating environment descriptor '/home/rakesh/practice/install/champ/share/champ/hook/cmake_prefix_path.dsv'
[2.313s] INFO:colcon.colcon_core.shell:Creating environment hook '/home/rakesh/practice/install/champ/share/champ/hook/cmake_prefix_path.sh'
[2.314s] Level 1:colcon.colcon_core.environment:checking '/home/rakesh/practice/install/champ/bin'
[2.314s] Level 1:colcon.colcon_core.environment:checking '/home/rakesh/practice/install/champ/lib/pkgconfig/champ.pc'
[2.315s] Level 1:colcon.colcon_core.environment:checking '/home/rakesh/practice/install/champ/lib/python3.12/site-packages'
[2.315s] Level 1:colcon.colcon_core.environment:checking '/home/rakesh/practice/install/champ/bin'
[2.316s] INFO:colcon.colcon_core.shell:Creating package script '/home/rakesh/practice/install/champ/share/champ/package.ps1'
[2.316s] INFO:colcon.colcon_core.shell:Creating package descriptor '/home/rakesh/practice/install/champ/share/champ/package.dsv'
[2.317s] INFO:colcon.colcon_core.shell:Creating package script '/home/rakesh/practice/install/champ/share/champ/package.sh'
[2.318s] INFO:colcon.colcon_core.shell:Creating package script '/home/rakesh/practice/install/champ/share/champ/package.bash'
[2.318s] INFO:colcon.colcon_core.shell:Creating package script '/home/rakesh/practice/install/champ/share/champ/package.zsh'
[2.319s] Level 1:colcon.colcon_core.environment:create_file_with_runtime_dependencies(/home/rakesh/practice/install/champ/share/colcon-core/packages/champ)
[4.845s] DEBUG:colcon.colcon_core.event_handler.log_command:Invoked command in '/home/rakesh/practice/build/champ_msgs' returned '0': CMAKE_PREFIX_PATH=${CMAKE_PREFIX_PATH}:/opt/ros/jazzy: DEBUGINFOD_URLS=https://debuginfod.ubuntu.com /usr/bin/cmake /home/rakesh/practice/src/unitree_go2_ros2/champ_msgs -DCMAKE_INSTALL_PREFIX=/home/rakesh/practice/install/champ_msgs
[4.847s] DEBUG:colcon.colcon_core.event_handler.log_command:Invoking command in '/home/rakesh/practice/build/champ_msgs': CMAKE_PREFIX_PATH=${CMAKE_PREFIX_PATH}:/opt/ros/jazzy: DEBUGINFOD_URLS=https://debuginfod.ubuntu.com /usr/bin/cmake --build /home/rakesh/practice/build/champ_msgs -- -j12 -l12
[10.402s] DEBUG:colcon.colcon_core.event_handler.log_command:Invoked command in '/home/rakesh/practice/build/champ_msgs' returned '0': CMAKE_PREFIX_PATH=${CMAKE_PREFIX_PATH}:/opt/ros/jazzy: DEBUGINFOD_URLS=https://debuginfod.ubuntu.com /usr/bin/cmake --build /home/rakesh/practice/build/champ_msgs -- -j12 -l12
[10.403s] DEBUG:colcon.colcon_core.event_handler.log_command:Invoking command in '/home/rakesh/practice/build/champ_msgs': CMAKE_PREFIX_PATH=${CMAKE_PREFIX_PATH}:/opt/ros/jazzy: DEBUGINFOD_URLS=https://debuginfod.ubuntu.com /usr/bin/cmake --install /home/rakesh/practice/build/champ_msgs
[10.523s] Level 1:colcon.colcon_core.environment:create_environment_scripts_only(champ_msgs)
[10.524s] DEBUG:colcon.colcon_core.event_handler.log_command:Invoked command in '/home/rakesh/practice/build/champ_msgs' returned '0': CMAKE_PREFIX_PATH=${CMAKE_PREFIX_PATH}:/opt/ros/jazzy: DEBUGINFOD_URLS=https://debuginfod.ubuntu.com /usr/bin/cmake --install /home/rakesh/practice/build/champ_msgs
[10.524s] Level 1:colcon.colcon_core.environment:checking '/home/rakesh/practice/install/champ_msgs' for CMake module files
[10.526s] Level 1:colcon.colcon_core.environment:checking '/home/rakesh/practice/install/champ_msgs' for CMake config files
[10.527s] Level 1:colcon.colcon_core.shell:create_environment_hook('champ_msgs', 'cmake_prefix_path')
[10.528s] INFO:colcon.colcon_core.shell:Creating environment hook '/home/rakesh/practice/install/champ_msgs/share/champ_msgs/hook/cmake_prefix_path.ps1'
[10.528s] INFO:colcon.colcon_core.shell:Creating environment descriptor '/home/rakesh/practice/install/champ_msgs/share/champ_msgs/hook/cmake_prefix_path.dsv'
[10.529s] INFO:colcon.colcon_core.shell:Creating environment hook '/home/rakesh/practice/install/champ_msgs/share/champ_msgs/hook/cmake_prefix_path.sh'
[10.530s] Level 1:colcon.colcon_core.environment:checking '/home/rakesh/practice/install/champ_msgs/lib'
[10.531s] Level 1:colcon.colcon_core.shell:create_environment_hook('champ_msgs', 'ld_library_path_lib')
[10.531s] INFO:colcon.colcon_core.shell:Creating environment hook '/home/rakesh/practice/install/champ_msgs/share/champ_msgs/hook/ld_library_path_lib.ps1'
[10.532s] INFO:colcon.colcon_core.shell:Creating environment descriptor '/home/rakesh/practice/install/champ_msgs/share/champ_msgs/hook/ld_library_path_lib.dsv'
[10.532s] INFO:colcon.colcon_core.shell:Creating environment hook '/home/rakesh/practice/install/champ_msgs/share/champ_msgs/hook/ld_library_path_lib.sh'
[10.533s] Level 1:colcon.colcon_core.environment:checking '/home/rakesh/practice/install/champ_msgs/bin'
[10.533s] Level 1:colcon.colcon_core.environment:checking '/home/rakesh/practice/install/champ_msgs/lib/pkgconfig/champ_msgs.pc'
[10.534s] Level 1:colcon.colcon_core.environment:checking '/home/rakesh/practice/install/champ_msgs/lib/python3.12/site-packages'
[10.534s] Level 1:colcon.colcon_core.shell:create_environment_hook('champ_msgs', 'pythonpath')
[10.534s] INFO:colcon.colcon_core.shell:Creating environment hook '/home/rakesh/practice/install/champ_msgs/share/champ_msgs/hook/pythonpath.ps1'
[10.535s] INFO:colcon.colcon_core.shell:Creating environment descriptor '/home/rakesh/practice/install/champ_msgs/share/champ_msgs/hook/pythonpath.dsv'
[10.535s] INFO:colcon.colcon_core.shell:Creating environment hook '/home/rakesh/practice/install/champ_msgs/share/champ_msgs/hook/pythonpath.sh'
[10.536s] Level 1:colcon.colcon_core.environment:checking '/home/rakesh/practice/install/champ_msgs/bin'
[10.537s] INFO:colcon.colcon_core.shell:Creating package script '/home/rakesh/practice/install/champ_msgs/share/champ_msgs/package.ps1'
[10.538s] INFO:colcon.colcon_core.shell:Creating package descriptor '/home/rakesh/practice/install/champ_msgs/share/champ_msgs/package.dsv'
[10.539s] INFO:colcon.colcon_core.shell:Creating package script '/home/rakesh/practice/install/champ_msgs/share/champ_msgs/package.sh'
[10.540s] INFO:colcon.colcon_core.shell:Creating package script '/home/rakesh/practice/install/champ_msgs/share/champ_msgs/package.bash'
[10.540s] INFO:colcon.colcon_core.shell:Creating package script '/home/rakesh/practice/install/champ_msgs/share/champ_msgs/package.zsh'
[10.541s] Level 1:colcon.colcon_core.environment:create_file_with_runtime_dependencies(/home/rakesh/practice/install/champ_msgs/share/colcon-core/packages/champ_msgs)
[10.542s] Level 1:colcon.colcon_core.environment:create_environment_scripts_only(champ_msgs)
[10.542s] Level 1:colcon.colcon_core.environment:checking '/home/rakesh/practice/install/champ_msgs' for CMake module files
[10.544s] Level 1:colcon.colcon_core.environment:checking '/home/rakesh/practice/install/champ_msgs' for CMake config files
[10.545s] Level 1:colcon.colcon_core.shell:create_environment_hook('champ_msgs', 'cmake_prefix_path')
[10.546s] INFO:colcon.colcon_core.shell:Creating environment hook '/home/rakesh/practice/install/champ_msgs/share/champ_msgs/hook/cmake_prefix_path.ps1'
[10.546s] INFO:colcon.colcon_core.shell:Creating environment descriptor '/home/rakesh/practice/install/champ_msgs/share/champ_msgs/hook/cmake_prefix_path.dsv'
[10.547s] INFO:colcon.colcon_core.shell:Creating environment hook '/home/rakesh/practice/install/champ_msgs/share/champ_msgs/hook/cmake_prefix_path.sh'
[10.548s] Level 1:colcon.colcon_core.environment:checking '/home/rakesh/practice/install/champ_msgs/lib'
[10.548s] Level 1:colcon.colcon_core.shell:create_environment_hook('champ_msgs', 'ld_library_path_lib')
[10.549s] INFO:colcon.colcon_core.shell:Creating environment hook '/home/rakesh/practice/install/champ_msgs/share/champ_msgs/hook/ld_library_path_lib.ps1'
[10.549s] INFO:colcon.colcon_core.shell:Creating environment descriptor '/home/rakesh/practice/install/champ_msgs/share/champ_msgs/hook/ld_library_path_lib.dsv'
[10.550s] INFO:colcon.colcon_core.shell:Creating environment hook '/home/rakesh/practice/install/champ_msgs/share/champ_msgs/hook/ld_library_path_lib.sh'
[10.551s] Level 1:colcon.colcon_core.environment:checking '/home/rakesh/practice/install/champ_msgs/bin'
[10.551s] Level 1:colcon.colcon_core.environment:checking '/home/rakesh/practice/install/champ_msgs/lib/pkgconfig/champ_msgs.pc'
[10.551s] Level 1:colcon.colcon_core.environment:checking '/home/rakesh/practice/install/champ_msgs/lib/python3.12/site-packages'
[10.552s] Level 1:colcon.colcon_core.shell:create_environment_hook('champ_msgs', 'pythonpath')
[10.552s] INFO:colcon.colcon_core.shell:Creating environment hook '/home/rakesh/practice/install/champ_msgs/share/champ_msgs/hook/pythonpath.ps1'
[10.553s] INFO:colcon.colcon_core.shell:Creating environment descriptor '/home/rakesh/practice/install/champ_msgs/share/champ_msgs/hook/pythonpath.dsv'
[10.554s] INFO:colcon.colcon_core.shell:Creating environment hook '/home/rakesh/practice/install/champ_msgs/share/champ_msgs/hook/pythonpath.sh'
[10.555s] Level 1:colcon.colcon_core.environment:checking '/home/rakesh/practice/install/champ_msgs/bin'
[10.555s] INFO:colcon.colcon_core.shell:Creating package script '/home/rakesh/practice/install/champ_msgs/share/champ_msgs/package.ps1'
[10.557s] INFO:colcon.colcon_core.shell:Creating package descriptor '/home/rakesh/practice/install/champ_msgs/share/champ_msgs/package.dsv'
[10.558s] INFO:colcon.colcon_core.shell:Creating package script '/home/rakesh/practice/install/champ_msgs/share/champ_msgs/package.sh'
[10.559s] INFO:colcon.colcon_core.shell:Creating package script '/home/rakesh/practice/install/champ_msgs/share/champ_msgs/package.bash'
[10.559s] INFO:colcon.colcon_core.shell:Creating package script '/home/rakesh/practice/install/champ_msgs/share/champ_msgs/package.zsh'
[10.560s] Level 1:colcon.colcon_core.environment:create_file_with_runtime_dependencies(/home/rakesh/practice/install/champ_msgs/share/colcon-core/packages/champ_msgs)
[10.560s] INFO:colcon.colcon_ros.task.ament_cmake.build:Building ROS package in '/home/rakesh/practice/src/unitree_go2_ros2/champ_base' with build type 'ament_cmake'
[10.561s] INFO:colcon.colcon_cmake.task.cmake.build:Building CMake package in '/home/rakesh/practice/src/unitree_go2_ros2/champ_base'
[10.561s] INFO:colcon.colcon_core.shell:Skip shell extension 'powershell' for command environment: Not usable outside of PowerShell
[10.561s] DEBUG:colcon.colcon_core.shell:Skip shell extension 'dsv' for command environment
[10.582s] DEBUG:colcon.colcon_core.event_handler.log_command:Invoking command in '/home/rakesh/practice/build/champ_base': AMENT_PREFIX_PATH=/home/rakesh/practice/install/champ_msgs:/home/rakesh/practice/install/champ:${AMENT_PREFIX_PATH} CMAKE_PREFIX_PATH=/home/rakesh/practice/install/champ_msgs:/home/rakesh/practice/install/champ:/opt/ros/jazzy/opt/gz_sim_vendor:/opt/ros/jazzy/opt/gz_sensors_vendor:/opt/ros/jazzy/opt/gz_physics_vendor:/opt/ros/jazzy/opt/sdformat_vendor:/opt/ros/jazzy/opt/gz_gui_vendor:/opt/ros/jazzy/opt/gz_transport_vendor:/opt/ros/jazzy/opt/gz_rendering_vendor:/opt/ros/jazzy/opt/gz_plugin_vendor:/opt/ros/jazzy/opt/gz_fuel_tools_vendor:/opt/ros/jazzy/opt/gz_msgs_vendor:/opt/ros/jazzy/opt/gz_common_vendor:/opt/ros/jazzy/opt/gz_math_vendor:/opt/ros/jazzy/opt/gz_utils_vendor:/opt/ros/jazzy/opt/gz_tools_vendor:/opt/ros/jazzy/opt/gz_ogre_next_vendor:/opt/ros/jazzy/opt/gz_dartsim_vendor:/opt/ros/jazzy/opt/gz_cmake_vendor:/opt/ros/jazzy: DEBUGINFOD_URLS=https://debuginfod.ubuntu.com LD_LIBRARY_PATH=/home/rakesh/practice/install/champ_msgs/lib:/opt/ros/jazzy/opt/gz_sim_vendor/lib:/opt/ros/jazzy/opt/gz_sensors_vendor/lib:/opt/ros/jazzy/opt/gz_physics_vendor/lib:/opt/ros/jazzy/opt/sdformat_vendor/lib:/opt/ros/jazzy/opt/rviz_ogre_vendor/lib:/opt/ros/jazzy/lib/x86_64-linux-gnu:/opt/ros/jazzy/opt/gz_gui_vendor/lib:/opt/ros/jazzy/opt/gz_transport_vendor/lib:/opt/ros/jazzy/opt/gz_rendering_vendor/lib:/opt/ros/jazzy/opt/gz_plugin_vendor/lib:/opt/ros/jazzy/opt/gz_fuel_tools_vendor/lib:/opt/ros/jazzy/opt/gz_msgs_vendor/lib:/opt/ros/jazzy/opt/gz_common_vendor/lib:/opt/ros/jazzy/opt/gz_math_vendor/lib:/opt/ros/jazzy/opt/gz_utils_vendor/lib:/opt/ros/jazzy/opt/gz_tools_vendor/lib:/opt/ros/jazzy/opt/gz_ogre_next_vendor/lib:/opt/ros/jazzy/opt/gz_dartsim_vendor/lib:/opt/ros/jazzy/opt/gz_cmake_vendor/lib:/opt/ros/jazzy/lib:/opt/ros/jazzy/lib:/opt/unitree_robotics/lib PYTHONPATH=/home/rakesh/practice/install/champ_msgs/lib/python3.12/site-packages:${PYTHONPATH} /usr/bin/cmake /home/rakesh/practice/src/unitree_go2_ros2/champ_base -DCMAKE_INSTALL_PREFIX=/home/rakesh/practice/install/champ_base
[12.671s] DEBUG:colcon.colcon_core.event_handler.log_command:Invoked command in '/home/rakesh/practice/build/champ_base' returned '0': AMENT_PREFIX_PATH=/home/rakesh/practice/install/champ_msgs:/home/rakesh/practice/install/champ:${AMENT_PREFIX_PATH} CMAKE_PREFIX_PATH=/home/rakesh/practice/install/champ_msgs:/home/rakesh/practice/install/champ:/opt/ros/jazzy/opt/gz_sim_vendor:/opt/ros/jazzy/opt/gz_sensors_vendor:/opt/ros/jazzy/opt/gz_physics_vendor:/opt/ros/jazzy/opt/sdformat_vendor:/opt/ros/jazzy/opt/gz_gui_vendor:/opt/ros/jazzy/opt/gz_transport_vendor:/opt/ros/jazzy/opt/gz_rendering_vendor:/opt/ros/jazzy/opt/gz_plugin_vendor:/opt/ros/jazzy/opt/gz_fuel_tools_vendor:/opt/ros/jazzy/opt/gz_msgs_vendor:/opt/ros/jazzy/opt/gz_common_vendor:/opt/ros/jazzy/opt/gz_math_vendor:/opt/ros/jazzy/opt/gz_utils_vendor:/opt/ros/jazzy/opt/gz_tools_vendor:/opt/ros/jazzy/opt/gz_ogre_next_vendor:/opt/ros/jazzy/opt/gz_dartsim_vendor:/opt/ros/jazzy/opt/gz_cmake_vendor:/opt/ros/jazzy: DEBUGINFOD_URLS=https://debuginfod.ubuntu.com LD_LIBRARY_PATH=/home/rakesh/practice/install/champ_msgs/lib:/opt/ros/jazzy/opt/gz_sim_vendor/lib:/opt/ros/jazzy/opt/gz_sensors_vendor/lib:/opt/ros/jazzy/opt/gz_physics_vendor/lib:/opt/ros/jazzy/opt/sdformat_vendor/lib:/opt/ros/jazzy/opt/rviz_ogre_vendor/lib:/opt/ros/jazzy/lib/x86_64-linux-gnu:/opt/ros/jazzy/opt/gz_gui_vendor/lib:/opt/ros/jazzy/opt/gz_transport_vendor/lib:/opt/ros/jazzy/opt/gz_rendering_vendor/lib:/opt/ros/jazzy/opt/gz_plugin_vendor/lib:/opt/ros/jazzy/opt/gz_fuel_tools_vendor/lib:/opt/ros/jazzy/opt/gz_msgs_vendor/lib:/opt/ros/jazzy/opt/gz_common_vendor/lib:/opt/ros/jazzy/opt/gz_math_vendor/lib:/opt/ros/jazzy/opt/gz_utils_vendor/lib:/opt/ros/jazzy/opt/gz_tools_vendor/lib:/opt/ros/jazzy/opt/gz_ogre_next_vendor/lib:/opt/ros/jazzy/opt/gz_dartsim_vendor/lib:/opt/ros/jazzy/opt/gz_cmake_vendor/lib:/opt/ros/jazzy/lib:/opt/ros/jazzy/lib:/opt/unitree_robotics/lib PYTHONPATH=/home/rakesh/practice/install/champ_msgs/lib/python3.12/site-packages:${PYTHONPATH} /usr/bin/cmake /home/rakesh/practice/src/unitree_go2_ros2/champ_base -DCMAKE_INSTALL_PREFIX=/home/rakesh/practice/install/champ_base
[12.673s] DEBUG:colcon.colcon_core.event_handler.log_command:Invoking command in '/home/rakesh/practice/build/champ_base': AMENT_PREFIX_PATH=/home/rakesh/practice/install/champ_msgs:/home/rakesh/practice/install/champ:${AMENT_PREFIX_PATH} CMAKE_PREFIX_PATH=/home/rakesh/practice/install/champ_msgs:/home/rakesh/practice/install/champ:/opt/ros/jazzy/opt/gz_sim_vendor:/opt/ros/jazzy/opt/gz_sensors_vendor:/opt/ros/jazzy/opt/gz_physics_vendor:/opt/ros/jazzy/opt/sdformat_vendor:/opt/ros/jazzy/opt/gz_gui_vendor:/opt/ros/jazzy/opt/gz_transport_vendor:/opt/ros/jazzy/opt/gz_rendering_vendor:/opt/ros/jazzy/opt/gz_plugin_vendor:/opt/ros/jazzy/opt/gz_fuel_tools_vendor:/opt/ros/jazzy/opt/gz_msgs_vendor:/opt/ros/jazzy/opt/gz_common_vendor:/opt/ros/jazzy/opt/gz_math_vendor:/opt/ros/jazzy/opt/gz_utils_vendor:/opt/ros/jazzy/opt/gz_tools_vendor:/opt/ros/jazzy/opt/gz_ogre_next_vendor:/opt/ros/jazzy/opt/gz_dartsim_vendor:/opt/ros/jazzy/opt/gz_cmake_vendor:/opt/ros/jazzy: DEBUGINFOD_URLS=https://debuginfod.ubuntu.com LD_LIBRARY_PATH=/home/rakesh/practice/install/champ_msgs/lib:/opt/ros/jazzy/opt/gz_sim_vendor/lib:/opt/ros/jazzy/opt/gz_sensors_vendor/lib:/opt/ros/jazzy/opt/gz_physics_vendor/lib:/opt/ros/jazzy/opt/sdformat_vendor/lib:/opt/ros/jazzy/opt/rviz_ogre_vendor/lib:/opt/ros/jazzy/lib/x86_64-linux-gnu:/opt/ros/jazzy/opt/gz_gui_vendor/lib:/opt/ros/jazzy/opt/gz_transport_vendor/lib:/opt/ros/jazzy/opt/gz_rendering_vendor/lib:/opt/ros/jazzy/opt/gz_plugin_vendor/lib:/opt/ros/jazzy/opt/gz_fuel_tools_vendor/lib:/opt/ros/jazzy/opt/gz_msgs_vendor/lib:/opt/ros/jazzy/opt/gz_common_vendor/lib:/opt/ros/jazzy/opt/gz_math_vendor/lib:/opt/ros/jazzy/opt/gz_utils_vendor/lib:/opt/ros/jazzy/opt/gz_tools_vendor/lib:/opt/ros/jazzy/opt/gz_ogre_next_vendor/lib:/opt/ros/jazzy/opt/gz_dartsim_vendor/lib:/opt/ros/jazzy/opt/gz_cmake_vendor/lib:/opt/ros/jazzy/lib:/opt/ros/jazzy/lib:/opt/unitree_robotics/lib PYTHONPATH=/home/rakesh/practice/install/champ_msgs/lib/python3.12/site-packages:${PYTHONPATH} /usr/bin/cmake --build /home/rakesh/practice/build/champ_base -- -j12 -l12
[37.890s] DEBUG:colcon.colcon_core.event_handler.log_command:Invoked command in '/home/rakesh/practice/build/champ_base' returned '0': AMENT_PREFIX_PATH=/home/rakesh/practice/install/champ_msgs:/home/rakesh/practice/install/champ:${AMENT_PREFIX_PATH} CMAKE_PREFIX_PATH=/home/rakesh/practice/install/champ_msgs:/home/rakesh/practice/install/champ:/opt/ros/jazzy/opt/gz_sim_vendor:/opt/ros/jazzy/opt/gz_sensors_vendor:/opt/ros/jazzy/opt/gz_physics_vendor:/opt/ros/jazzy/opt/sdformat_vendor:/opt/ros/jazzy/opt/gz_gui_vendor:/opt/ros/jazzy/opt/gz_transport_vendor:/opt/ros/jazzy/opt/gz_rendering_vendor:/opt/ros/jazzy/opt/gz_plugin_vendor:/opt/ros/jazzy/opt/gz_fuel_tools_vendor:/opt/ros/jazzy/opt/gz_msgs_vendor:/opt/ros/jazzy/opt/gz_common_vendor:/opt/ros/jazzy/opt/gz_math_vendor:/opt/ros/jazzy/opt/gz_utils_vendor:/opt/ros/jazzy/opt/gz_tools_vendor:/opt/ros/jazzy/opt/gz_ogre_next_vendor:/opt/ros/jazzy/opt/gz_dartsim_vendor:/opt/ros/jazzy/opt/gz_cmake_vendor:/opt/ros/jazzy: DEBUGINFOD_URLS=https://debuginfod.ubuntu.com LD_LIBRARY_PATH=/home/rakesh/practice/install/champ_msgs/lib:/opt/ros/jazzy/opt/gz_sim_vendor/lib:/opt/ros/jazzy/opt/gz_sensors_vendor/lib:/opt/ros/jazzy/opt/gz_physics_vendor/lib:/opt/ros/jazzy/opt/sdformat_vendor/lib:/opt/ros/jazzy/opt/rviz_ogre_vendor/lib:/opt/ros/jazzy/lib/x86_64-linux-gnu:/opt/ros/jazzy/opt/gz_gui_vendor/lib:/opt/ros/jazzy/opt/gz_transport_vendor/lib:/opt/ros/jazzy/opt/gz_rendering_vendor/lib:/opt/ros/jazzy/opt/gz_plugin_vendor/lib:/opt/ros/jazzy/opt/gz_fuel_tools_vendor/lib:/opt/ros/jazzy/opt/gz_msgs_vendor/lib:/opt/ros/jazzy/opt/gz_common_vendor/lib:/opt/ros/jazzy/opt/gz_math_vendor/lib:/opt/ros/jazzy/opt/gz_utils_vendor/lib:/opt/ros/jazzy/opt/gz_tools_vendor/lib:/opt/ros/jazzy/opt/gz_ogre_next_vendor/lib:/opt/ros/jazzy/opt/gz_dartsim_vendor/lib:/opt/ros/jazzy/opt/gz_cmake_vendor/lib:/opt/ros/jazzy/lib:/opt/ros/jazzy/lib:/opt/unitree_robotics/lib PYTHONPATH=/home/rakesh/practice/install/champ_msgs/lib/python3.12/site-packages:${PYTHONPATH} /usr/bin/cmake --build /home/rakesh/practice/build/champ_base -- -j12 -l12
[37.892s] DEBUG:colcon.colcon_core.event_handler.log_command:Invoking command in '/home/rakesh/practice/build/champ_base': AMENT_PREFIX_PATH=/home/rakesh/practice/install/champ_msgs:/home/rakesh/practice/install/champ:${AMENT_PREFIX_PATH} CMAKE_PREFIX_PATH=/home/rakesh/practice/install/champ_msgs:/home/rakesh/practice/install/champ:/opt/ros/jazzy/opt/gz_sim_vendor:/opt/ros/jazzy/opt/gz_sensors_vendor:/opt/ros/jazzy/opt/gz_physics_vendor:/opt/ros/jazzy/opt/sdformat_vendor:/opt/ros/jazzy/opt/gz_gui_vendor:/opt/ros/jazzy/opt/gz_transport_vendor:/opt/ros/jazzy/opt/gz_rendering_vendor:/opt/ros/jazzy/opt/gz_plugin_vendor:/opt/ros/jazzy/opt/gz_fuel_tools_vendor:/opt/ros/jazzy/opt/gz_msgs_vendor:/opt/ros/jazzy/opt/gz_common_vendor:/opt/ros/jazzy/opt/gz_math_vendor:/opt/ros/jazzy/opt/gz_utils_vendor:/opt/ros/jazzy/opt/gz_tools_vendor:/opt/ros/jazzy/opt/gz_ogre_next_vendor:/opt/ros/jazzy/opt/gz_dartsim_vendor:/opt/ros/jazzy/opt/gz_cmake_vendor:/opt/ros/jazzy: DEBUGINFOD_URLS=https://debuginfod.ubuntu.com LD_LIBRARY_PATH=/home/rakesh/practice/install/champ_msgs/lib:/opt/ros/jazzy/opt/gz_sim_vendor/lib:/opt/ros/jazzy/opt/gz_sensors_vendor/lib:/opt/ros/jazzy/opt/gz_physics_vendor/lib:/opt/ros/jazzy/opt/sdformat_vendor/lib:/opt/ros/jazzy/opt/rviz_ogre_vendor/lib:/opt/ros/jazzy/lib/x86_64-linux-gnu:/opt/ros/jazzy/opt/gz_gui_vendor/lib:/opt/ros/jazzy/opt/gz_transport_vendor/lib:/opt/ros/jazzy/opt/gz_rendering_vendor/lib:/opt/ros/jazzy/opt/gz_plugin_vendor/lib:/opt/ros/jazzy/opt/gz_fuel_tools_vendor/lib:/opt/ros/jazzy/opt/gz_msgs_vendor/lib:/opt/ros/jazzy/opt/gz_common_vendor/lib:/opt/ros/jazzy/opt/gz_math_vendor/lib:/opt/ros/jazzy/opt/gz_utils_vendor/lib:/opt/ros/jazzy/opt/gz_tools_vendor/lib:/opt/ros/jazzy/opt/gz_ogre_next_vendor/lib:/opt/ros/jazzy/opt/gz_dartsim_vendor/lib:/opt/ros/jazzy/opt/gz_cmake_vendor/lib:/opt/ros/jazzy/lib:/opt/ros/jazzy/lib:/opt/unitree_robotics/lib PYTHONPATH=/home/rakesh/practice/install/champ_msgs/lib/python3.12/site-packages:${PYTHONPATH} /usr/bin/cmake --install /home/rakesh/practice/build/champ_base
[37.952s] Level 1:colcon.colcon_core.environment:create_environment_scripts_only(champ_base)
[37.953s] Level 1:colcon.colcon_core.environment:checking '/home/rakesh/practice/install/champ_base' for CMake module files
[37.953s] DEBUG:colcon.colcon_core.event_handler.log_command:Invoked command in '/home/rakesh/practice/build/champ_base' returned '0': AMENT_PREFIX_PATH=/home/rakesh/practice/install/champ_msgs:/home/rakesh/practice/install/champ:${AMENT_PREFIX_PATH} CMAKE_PREFIX_PATH=/home/rakesh/practice/install/champ_msgs:/home/rakesh/practice/install/champ:/opt/ros/jazzy/opt/gz_sim_vendor:/opt/ros/jazzy/opt/gz_sensors_vendor:/opt/ros/jazzy/opt/gz_physics_vendor:/opt/ros/jazzy/opt/sdformat_vendor:/opt/ros/jazzy/opt/gz_gui_vendor:/opt/ros/jazzy/opt/gz_transport_vendor:/opt/ros/jazzy/opt/gz_rendering_vendor:/opt/ros/jazzy/opt/gz_plugin_vendor:/opt/ros/jazzy/opt/gz_fuel_tools_vendor:/opt/ros/jazzy/opt/gz_msgs_vendor:/opt/ros/jazzy/opt/gz_common_vendor:/opt/ros/jazzy/opt/gz_math_vendor:/opt/ros/jazzy/opt/gz_utils_vendor:/opt/ros/jazzy/opt/gz_tools_vendor:/opt/ros/jazzy/opt/gz_ogre_next_vendor:/opt/ros/jazzy/opt/gz_dartsim_vendor:/opt/ros/jazzy/opt/gz_cmake_vendor:/opt/ros/jazzy: DEBUGINFOD_URLS=https://debuginfod.ubuntu.com LD_LIBRARY_PATH=/home/rakesh/practice/install/champ_msgs/lib:/opt/ros/jazzy/opt/gz_sim_vendor/lib:/opt/ros/jazzy/opt/gz_sensors_vendor/lib:/opt/ros/jazzy/opt/gz_physics_vendor/lib:/opt/ros/jazzy/opt/sdformat_vendor/lib:/opt/ros/jazzy/opt/rviz_ogre_vendor/lib:/opt/ros/jazzy/lib/x86_64-linux-gnu:/opt/ros/jazzy/opt/gz_gui_vendor/lib:/opt/ros/jazzy/opt/gz_transport_vendor/lib:/opt/ros/jazzy/opt/gz_rendering_vendor/lib:/opt/ros/jazzy/opt/gz_plugin_vendor/lib:/opt/ros/jazzy/opt/gz_fuel_tools_vendor/lib:/opt/ros/jazzy/opt/gz_msgs_vendor/lib:/opt/ros/jazzy/opt/gz_common_vendor/lib:/opt/ros/jazzy/opt/gz_math_vendor/lib:/opt/ros/jazzy/opt/gz_utils_vendor/lib:/opt/ros/jazzy/opt/gz_tools_vendor/lib:/opt/ros/jazzy/opt/gz_ogre_next_vendor/lib:/opt/ros/jazzy/opt/gz_dartsim_vendor/lib:/opt/ros/jazzy/opt/gz_cmake_vendor/lib:/opt/ros/jazzy/lib:/opt/ros/jazzy/lib:/opt/unitree_robotics/lib PYTHONPATH=/home/rakesh/practice/install/champ_msgs/lib/python3.12/site-packages:${PYTHONPATH} /usr/bin/cmake --install /home/rakesh/practice/build/champ_base
[37.955s] Level 1:colcon.colcon_core.environment:checking '/home/rakesh/practice/install/champ_base' for CMake config files
[37.955s] Level 1:colcon.colcon_core.shell:create_environment_hook('champ_base', 'cmake_prefix_path')
[37.956s] INFO:colcon.colcon_core.shell:Creating environment hook '/home/rakesh/practice/install/champ_base/share/champ_base/hook/cmake_prefix_path.ps1'
[37.956s] INFO:colcon.colcon_core.shell:Creating environment descriptor '/home/rakesh/practice/install/champ_base/share/champ_base/hook/cmake_prefix_path.dsv'
[37.957s] INFO:colcon.colcon_core.shell:Creating environment hook '/home/rakesh/practice/install/champ_base/share/champ_base/hook/cmake_prefix_path.sh'
[37.958s] Level 1:colcon.colcon_core.environment:checking '/home/rakesh/practice/install/champ_base/lib'
[37.958s] Level 1:colcon.colcon_core.shell:create_environment_hook('champ_base', 'ld_library_path_lib')
[37.959s] INFO:colcon.colcon_core.shell:Creating environment hook '/home/rakesh/practice/install/champ_base/share/champ_base/hook/ld_library_path_lib.ps1'
[37.959s] INFO:colcon.colcon_core.shell:Creating environment descriptor '/home/rakesh/practice/install/champ_base/share/champ_base/hook/ld_library_path_lib.dsv'
[37.960s] INFO:colcon.colcon_core.shell:Creating environment hook '/home/rakesh/practice/install/champ_base/share/champ_base/hook/ld_library_path_lib.sh'
[37.961s] Level 1:colcon.colcon_core.environment:checking '/home/rakesh/practice/install/champ_base/bin'
[37.961s] Level 1:colcon.colcon_core.shell:create_environment_hook('champ_base', 'path')
[37.961s] INFO:colcon.colcon_core.shell:Creating environment hook '/home/rakesh/practice/install/champ_base/share/champ_base/hook/path.ps1'
[37.962s] INFO:colcon.colcon_core.shell:Creating environment descriptor '/home/rakesh/practice/install/champ_base/share/champ_base/hook/path.dsv'
[37.963s] INFO:colcon.colcon_core.shell:Creating environment hook '/home/rakesh/practice/install/champ_base/share/champ_base/hook/path.sh'
[37.963s] Level 1:colcon.colcon_core.environment:checking '/home/rakesh/practice/install/champ_base/lib/pkgconfig/champ_base.pc'
[37.964s] Level 1:colcon.colcon_core.environment:checking '/home/rakesh/practice/install/champ_base/lib/python3.12/site-packages'
[37.964s] Level 1:colcon.colcon_core.environment:checking '/home/rakesh/practice/install/champ_base/bin'
[37.964s] Level 1:colcon.colcon_core.shell:create_environment_hook('champ_base', 'pythonscriptspath')
[37.965s] INFO:colcon.colcon_core.shell:Creating environment hook '/home/rakesh/practice/install/champ_base/share/champ_base/hook/pythonscriptspath.ps1'
[37.965s] INFO:colcon.colcon_core.shell:Creating environment descriptor '/home/rakesh/practice/install/champ_base/share/champ_base/hook/pythonscriptspath.dsv'
[37.966s] INFO:colcon.colcon_core.shell:Creating environment hook '/home/rakesh/practice/install/champ_base/share/champ_base/hook/pythonscriptspath.sh'
[37.967s] INFO:colcon.colcon_core.shell:Creating package script '/home/rakesh/practice/install/champ_base/share/champ_base/package.ps1'
[37.968s] INFO:colcon.colcon_core.shell:Creating package descriptor '/home/rakesh/practice/install/champ_base/share/champ_base/package.dsv'
[37.969s] INFO:colcon.colcon_core.shell:Creating package script '/home/rakesh/practice/install/champ_base/share/champ_base/package.sh'
[37.970s] INFO:colcon.colcon_core.shell:Creating package script '/home/rakesh/practice/install/champ_base/share/champ_base/package.bash'
[37.971s] INFO:colcon.colcon_core.shell:Creating package script '/home/rakesh/practice/install/champ_base/share/champ_base/package.zsh'
[37.972s] Level 1:colcon.colcon_core.environment:create_file_with_runtime_dependencies(/home/rakesh/practice/install/champ_base/share/colcon-core/packages/champ_base)
[37.972s] Level 1:colcon.colcon_core.environment:create_environment_scripts_only(champ_base)
[37.972s] Level 1:colcon.colcon_core.environment:checking '/home/rakesh/practice/install/champ_base' for CMake module files
[37.973s] Level 1:colcon.colcon_core.environment:checking '/home/rakesh/practice/install/champ_base' for CMake config files
[37.973s] Level 1:colcon.colcon_core.shell:create_environment_hook('champ_base', 'cmake_prefix_path')
[37.973s] INFO:colcon.colcon_core.shell:Creating environment hook '/home/rakesh/practice/install/champ_base/share/champ_base/hook/cmake_prefix_path.ps1'
[37.974s] INFO:colcon.colcon_core.shell:Creating environment descriptor '/home/rakesh/practice/install/champ_base/share/champ_base/hook/cmake_prefix_path.dsv'
[37.974s] INFO:colcon.colcon_core.shell:Creating environment hook '/home/rakesh/practice/install/champ_base/share/champ_base/hook/cmake_prefix_path.sh'
[37.974s] Level 1:colcon.colcon_core.environment:checking '/home/rakesh/practice/install/champ_base/lib'
[37.974s] Level 1:colcon.colcon_core.shell:create_environment_hook('champ_base', 'ld_library_path_lib')
[37.974s] INFO:colcon.colcon_core.shell:Creating environment hook '/home/rakesh/practice/install/champ_base/share/champ_base/hook/ld_library_path_lib.ps1'
[37.975s] INFO:colcon.colcon_core.shell:Creating environment descriptor '/home/rakesh/practice/install/champ_base/share/champ_base/hook/ld_library_path_lib.dsv'
[37.975s] INFO:colcon.colcon_core.shell:Creating environment hook '/home/rakesh/practice/install/champ_base/share/champ_base/hook/ld_library_path_lib.sh'
[37.975s] Level 1:colcon.colcon_core.environment:checking '/home/rakesh/practice/install/champ_base/bin'
[37.975s] Level 1:colcon.colcon_core.shell:create_environment_hook('champ_base', 'path')
[37.976s] INFO:colcon.colcon_core.shell:Creating environment hook '/home/rakesh/practice/install/champ_base/share/champ_base/hook/path.ps1'
[37.976s] INFO:colcon.colcon_core.shell:Creating environment descriptor '/home/rakesh/practice/install/champ_base/share/champ_base/hook/path.dsv'
[37.976s] INFO:colcon.colcon_core.shell:Creating environment hook '/home/rakesh/practice/install/champ_base/share/champ_base/hook/path.sh'
[37.976s] Level 1:colcon.colcon_core.environment:checking '/home/rakesh/practice/install/champ_base/lib/pkgconfig/champ_base.pc'
[37.977s] Level 1:colcon.colcon_core.environment:checking '/home/rakesh/practice/install/champ_base/lib/python3.12/site-packages'
[37.977s] Level 1:colcon.colcon_core.environment:checking '/home/rakesh/practice/install/champ_base/bin'
[37.977s] Level 1:colcon.colcon_core.shell:create_environment_hook('champ_base', 'pythonscriptspath')
[37.977s] INFO:colcon.colcon_core.shell:Creating environment hook '/home/rakesh/practice/install/champ_base/share/champ_base/hook/pythonscriptspath.ps1'
[37.977s] INFO:colcon.colcon_core.shell:Creating environment descriptor '/home/rakesh/practice/install/champ_base/share/champ_base/hook/pythonscriptspath.dsv'
[37.978s] INFO:colcon.colcon_core.shell:Creating environment hook '/home/rakesh/practice/install/champ_base/share/champ_base/hook/pythonscriptspath.sh'
[37.978s] INFO:colcon.colcon_core.shell:Creating package script '/home/rakesh/practice/install/champ_base/share/champ_base/package.ps1'
[37.979s] INFO:colcon.colcon_core.shell:Creating package descriptor '/home/rakesh/practice/install/champ_base/share/champ_base/package.dsv'
[37.979s] INFO:colcon.colcon_core.shell:Creating package script '/home/rakesh/practice/install/champ_base/share/champ_base/package.sh'
[37.979s] INFO:colcon.colcon_core.shell:Creating package script '/home/rakesh/practice/install/champ_base/share/champ_base/package.bash'
[37.980s] INFO:colcon.colcon_core.shell:Creating package script '/home/rakesh/practice/install/champ_base/share/champ_base/package.zsh'
[37.980s] Level 1:colcon.colcon_core.environment:create_file_with_runtime_dependencies(/home/rakesh/practice/install/champ_base/share/colcon-core/packages/champ_base)
[37.980s] DEBUG:colcon.colcon_parallel_executor.executor.parallel:closing loop
[37.981s] DEBUG:colcon.colcon_parallel_executor.executor.parallel:loop closed
[37.981s] DEBUG:colcon.colcon_parallel_executor.executor.parallel:run_until_complete finished with '0'
[37.981s] DEBUG:colcon.colcon_core.event_reactor:joining thread
[37.988s] INFO:colcon.colcon_core.plugin_system:Skipping extension 'colcon_notification.desktop_notification.terminal_notifier': Not used on non-Darwin systems
[37.988s] INFO:colcon.colcon_core.plugin_system:Skipping extension 'colcon_notification.desktop_notification.win32': Not used on non-Windows systems
[37.988s] INFO:colcon.colcon_notification.desktop_notification:Sending desktop notification using 'notify2'
[38.033s] DEBUG:colcon.colcon_core.event_reactor:joined thread
[38.034s] INFO:colcon.colcon_core.shell:Creating prefix script '/home/rakesh/practice/install/local_setup.ps1'
[38.036s] INFO:colcon.colcon_core.shell:Creating prefix util module '/home/rakesh/practice/install/_local_setup_util_ps1.py'
[38.038s] INFO:colcon.colcon_core.shell:Creating prefix chain script '/home/rakesh/practice/install/setup.ps1'
[38.040s] INFO:colcon.colcon_core.shell:Creating prefix script '/home/rakesh/practice/install/local_setup.sh'
[38.042s] INFO:colcon.colcon_core.shell:Creating prefix util module '/home/rakesh/practice/install/_local_setup_util_sh.py'
[38.043s] INFO:colcon.colcon_core.shell:Creating prefix chain script '/home/rakesh/practice/install/setup.sh'
[38.045s] INFO:colcon.colcon_core.shell:Creating prefix script '/home/rakesh/practice/install/local_setup.bash'
[38.046s] INFO:colcon.colcon_core.shell:Creating prefix chain script '/home/rakesh/practice/install/setup.bash'
[38.049s] INFO:colcon.colcon_core.shell:Creating prefix script '/home/rakesh/practice/install/local_setup.zsh'
[38.050s] INFO:colcon.colcon_core.shell:Creating prefix chain script '/home/rakesh/practice/install/setup.zsh'
