[0.173s] DEBUG:colcon:Command line arguments: ['/usr/bin/colcon', 'build']
[0.174s] DEBUG:colcon:Parsed command line arguments: Namespace(log_base=None, log_level=None, verb_name='build', build_base='build', install_base='install', merge_install=False, symlink_install=False, test_result_base=None, continue_on_error=False, executor='parallel', parallel_workers=12, event_handlers=None, ignore_user_meta=False, metas=['./colcon.meta'], base_paths=['.'], packages_ignore=None, packages_ignore_regex=None, paths=None, packages_up_to=None, packages_up_to_regex=None, packages_above=None, packages_above_and_dependencies=None, packages_above_depth=None, packages_select_by_dep=None, packages_skip_by_dep=None, packages_skip_up_to=None, packages_select_build_failed=False, packages_skip_build_finished=False, packages_select_test_failures=False, packages_skip_test_passed=False, packages_select=None, packages_skip=None, packages_select_regex=None, packages_skip_regex=None, packages_start=None, packages_end=None, allow_overriding=[], cmake_args=None, cmake_target=None, cmake_target_skip_unavailable=False, cmake_clean_cache=False, cmake_clean_first=False, cmake_force_configure=False, ament_cmake_args=None, catkin_cmake_args=None, catkin_skip_building_tests=False, mixin_files=None, mixin=None, verb_parser=<colcon_mixin.mixin.mixin_argument.MixinArgumentDecorator object at 0x7dbcabfc7c20>, verb_extension=<colcon_core.verb.build.BuildVerb object at 0x7dbcabf75ac0>, main=<bound method BuildVerb.main of <colcon_core.verb.build.BuildVerb object at 0x7dbcabf75ac0>>, mixin_verb=('build',))
[0.235s] Level 1:colcon.colcon_core.package_discovery:discover_packages(colcon_meta) check parameters
[0.235s] Level 1:colcon.colcon_core.package_discovery:discover_packages(recursive) check parameters
[0.235s] Level 1:colcon.colcon_core.package_discovery:discover_packages(ignore) check parameters
[0.235s] Level 1:colcon.colcon_core.package_discovery:discover_packages(path) check parameters
[0.235s] Level 1:colcon.colcon_core.package_discovery:discover_packages(colcon_meta) discover
[0.235s] Level 1:colcon.colcon_core.package_discovery:discover_packages(recursive) discover
[0.235s] INFO:colcon.colcon_core.package_discovery:Crawling recursively for packages in '/home/rakesh/practice'
[0.235s] Level 1:colcon.colcon_core.package_identification:_identify(.) by extensions ['ignore', 'ignore_ament_install']
[0.235s] Level 1:colcon.colcon_core.package_identification:_identify(.) by extension 'ignore'
[0.236s] Level 1:colcon.colcon_core.package_identification:_identify(.) by extension 'ignore_ament_install'
[0.236s] Level 1:colcon.colcon_core.package_identification:_identify(.) by extensions ['colcon_pkg']
[0.236s] Level 1:colcon.colcon_core.package_identification:_identify(.) by extension 'colcon_pkg'
[0.236s] Level 1:colcon.colcon_core.package_identification:_identify(.) by extensions ['colcon_meta']
[0.236s] Level 1:colcon.colcon_core.package_identification:_identify(.) by extension 'colcon_meta'
[0.236s] Level 1:colcon.colcon_core.package_identification:_identify(.) by extensions ['ros']
[0.236s] Level 1:colcon.colcon_core.package_identification:_identify(.) by extension 'ros'
[0.268s] Level 1:colcon.colcon_core.package_identification:_identify(.) by extensions ['cmake', 'python']
[0.268s] Level 1:colcon.colcon_core.package_identification:_identify(.) by extension 'cmake'
[0.268s] Level 1:colcon.colcon_core.package_identification:_identify(.) by extension 'python'
[0.269s] Level 1:colcon.colcon_core.package_identification:_identify(.) by extensions ['python_setup_py']
[0.269s] Level 1:colcon.colcon_core.package_identification:_identify(.) by extension 'python_setup_py'
[0.269s] Level 1:colcon.colcon_core.package_identification:_identify(build) by extensions ['ignore', 'ignore_ament_install']
[0.269s] Level 1:colcon.colcon_core.package_identification:_identify(build) by extension 'ignore'
[0.269s] Level 1:colcon.colcon_core.package_identification:_identify(build) ignored
[0.269s] Level 1:colcon.colcon_core.package_identification:_identify(install) by extensions ['ignore', 'ignore_ament_install']
[0.269s] Level 1:colcon.colcon_core.package_identification:_identify(install) by extension 'ignore'
[0.269s] Level 1:colcon.colcon_core.package_identification:_identify(install) ignored
[0.269s] Level 1:colcon.colcon_core.package_identification:_identify(log) by extensions ['ignore', 'ignore_ament_install']
[0.269s] Level 1:colcon.colcon_core.package_identification:_identify(log) by extension 'ignore'
[0.269s] Level 1:colcon.colcon_core.package_identification:_identify(log) ignored
[0.270s] Level 1:colcon.colcon_core.package_identification:_identify(src) by extensions ['ignore', 'ignore_ament_install']
[0.270s] Level 1:colcon.colcon_core.package_identification:_identify(src) by extension 'ignore'
[0.270s] Level 1:colcon.colcon_core.package_identification:_identify(src) by extension 'ignore_ament_install'
[0.270s] Level 1:colcon.colcon_core.package_identification:_identify(src) by extensions ['colcon_pkg']
[0.270s] Level 1:colcon.colcon_core.package_identification:_identify(src) by extension 'colcon_pkg'
[0.270s] Level 1:colcon.colcon_core.package_identification:_identify(src) by extensions ['colcon_meta']
[0.270s] Level 1:colcon.colcon_core.package_identification:_identify(src) by extension 'colcon_meta'
[0.270s] Level 1:colcon.colcon_core.package_identification:_identify(src) by extensions ['ros']
[0.270s] Level 1:colcon.colcon_core.package_identification:_identify(src) by extension 'ros'
[0.270s] Level 1:colcon.colcon_core.package_identification:_identify(src) by extensions ['cmake', 'python']
[0.270s] Level 1:colcon.colcon_core.package_identification:_identify(src) by extension 'cmake'
[0.270s] Level 1:colcon.colcon_core.package_identification:_identify(src) by extension 'python'
[0.270s] Level 1:colcon.colcon_core.package_identification:_identify(src) by extensions ['python_setup_py']
[0.270s] Level 1:colcon.colcon_core.package_identification:_identify(src) by extension 'python_setup_py'
[0.270s] Level 1:colcon.colcon_core.package_identification:_identify(src/unitree_go2_ros2) by extensions ['ignore', 'ignore_ament_install']
[0.270s] Level 1:colcon.colcon_core.package_identification:_identify(src/unitree_go2_ros2) by extension 'ignore'
[0.271s] Level 1:colcon.colcon_core.package_identification:_identify(src/unitree_go2_ros2) by extension 'ignore_ament_install'
[0.271s] Level 1:colcon.colcon_core.package_identification:_identify(src/unitree_go2_ros2) by extensions ['colcon_pkg']
[0.271s] Level 1:colcon.colcon_core.package_identification:_identify(src/unitree_go2_ros2) by extension 'colcon_pkg'
[0.271s] Level 1:colcon.colcon_core.package_identification:_identify(src/unitree_go2_ros2) by extensions ['colcon_meta']
[0.271s] Level 1:colcon.colcon_core.package_identification:_identify(src/unitree_go2_ros2) by extension 'colcon_meta'
[0.271s] Level 1:colcon.colcon_core.package_identification:_identify(src/unitree_go2_ros2) by extensions ['ros']
[0.271s] Level 1:colcon.colcon_core.package_identification:_identify(src/unitree_go2_ros2) by extension 'ros'
[0.271s] Level 1:colcon.colcon_core.package_identification:_identify(src/unitree_go2_ros2) by extensions ['cmake', 'python']
[0.271s] Level 1:colcon.colcon_core.package_identification:_identify(src/unitree_go2_ros2) by extension 'cmake'
[0.271s] Level 1:colcon.colcon_core.package_identification:_identify(src/unitree_go2_ros2) by extension 'python'
[0.271s] Level 1:colcon.colcon_core.package_identification:_identify(src/unitree_go2_ros2) by extensions ['python_setup_py']
[0.271s] Level 1:colcon.colcon_core.package_identification:_identify(src/unitree_go2_ros2) by extension 'python_setup_py'
[0.271s] Level 1:colcon.colcon_core.package_identification:_identify(src/unitree_go2_ros2/champ) by extensions ['ignore', 'ignore_ament_install']
[0.271s] Level 1:colcon.colcon_core.package_identification:_identify(src/unitree_go2_ros2/champ) by extension 'ignore'
[0.271s] Level 1:colcon.colcon_core.package_identification:_identify(src/unitree_go2_ros2/champ) by extension 'ignore_ament_install'
[0.271s] Level 1:colcon.colcon_core.package_identification:_identify(src/unitree_go2_ros2/champ) by extensions ['colcon_pkg']
[0.272s] Level 1:colcon.colcon_core.package_identification:_identify(src/unitree_go2_ros2/champ) by extension 'colcon_pkg'
[0.272s] Level 1:colcon.colcon_core.package_identification:_identify(src/unitree_go2_ros2/champ) by extensions ['colcon_meta']
[0.272s] Level 1:colcon.colcon_core.package_identification:_identify(src/unitree_go2_ros2/champ) by extension 'colcon_meta'
[0.272s] Level 1:colcon.colcon_core.package_identification:_identify(src/unitree_go2_ros2/champ) by extensions ['ros']
[0.272s] Level 1:colcon.colcon_core.package_identification:_identify(src/unitree_go2_ros2/champ) by extension 'ros'
[0.275s] DEBUG:colcon.colcon_core.package_identification:Package 'src/unitree_go2_ros2/champ' with type 'ros.ament_cmake' and name 'champ'
[0.275s] Level 1:colcon.colcon_core.package_identification:_identify(src/unitree_go2_ros2/champ_base) by extensions ['ignore', 'ignore_ament_install']
[0.275s] Level 1:colcon.colcon_core.package_identification:_identify(src/unitree_go2_ros2/champ_base) by extension 'ignore'
[0.275s] Level 1:colcon.colcon_core.package_identification:_identify(src/unitree_go2_ros2/champ_base) by extension 'ignore_ament_install'
[0.275s] Level 1:colcon.colcon_core.package_identification:_identify(src/unitree_go2_ros2/champ_base) by extensions ['colcon_pkg']
[0.275s] Level 1:colcon.colcon_core.package_identification:_identify(src/unitree_go2_ros2/champ_base) by extension 'colcon_pkg'
[0.276s] Level 1:colcon.colcon_core.package_identification:_identify(src/unitree_go2_ros2/champ_base) by extensions ['colcon_meta']
[0.276s] Level 1:colcon.colcon_core.package_identification:_identify(src/unitree_go2_ros2/champ_base) by extension 'colcon_meta'
[0.276s] Level 1:colcon.colcon_core.package_identification:_identify(src/unitree_go2_ros2/champ_base) by extensions ['ros']
[0.276s] Level 1:colcon.colcon_core.package_identification:_identify(src/unitree_go2_ros2/champ_base) by extension 'ros'
[0.278s] DEBUG:colcon.colcon_core.package_identification:Package 'src/unitree_go2_ros2/champ_base' with type 'ros.ament_cmake' and name 'champ_base'
[0.278s] Level 1:colcon.colcon_core.package_identification:_identify(src/unitree_go2_ros2/champ_msgs) by extensions ['ignore', 'ignore_ament_install']
[0.278s] Level 1:colcon.colcon_core.package_identification:_identify(src/unitree_go2_ros2/champ_msgs) by extension 'ignore'
[0.279s] Level 1:colcon.colcon_core.package_identification:_identify(src/unitree_go2_ros2/champ_msgs) by extension 'ignore_ament_install'
[0.279s] Level 1:colcon.colcon_core.package_identification:_identify(src/unitree_go2_ros2/champ_msgs) by extensions ['colcon_pkg']
[0.279s] Level 1:colcon.colcon_core.package_identification:_identify(src/unitree_go2_ros2/champ_msgs) by extension 'colcon_pkg'
[0.279s] Level 1:colcon.colcon_core.package_identification:_identify(src/unitree_go2_ros2/champ_msgs) by extensions ['colcon_meta']
[0.279s] Level 1:colcon.colcon_core.package_identification:_identify(src/unitree_go2_ros2/champ_msgs) by extension 'colcon_meta'
[0.279s] Level 1:colcon.colcon_core.package_identification:_identify(src/unitree_go2_ros2/champ_msgs) by extensions ['ros']
[0.279s] Level 1:colcon.colcon_core.package_identification:_identify(src/unitree_go2_ros2/champ_msgs) by extension 'ros'
[0.280s] DEBUG:colcon.colcon_core.package_identification:Package 'src/unitree_go2_ros2/champ_msgs' with type 'ros.ament_cmake' and name 'champ_msgs'
[0.280s] Level 1:colcon.colcon_core.package_identification:_identify(src/unitree_go2_ros2/docs) by extensions ['ignore', 'ignore_ament_install']
[0.280s] Level 1:colcon.colcon_core.package_identification:_identify(src/unitree_go2_ros2/docs) by extension 'ignore'
[0.280s] Level 1:colcon.colcon_core.package_identification:_identify(src/unitree_go2_ros2/docs) by extension 'ignore_ament_install'
[0.280s] Level 1:colcon.colcon_core.package_identification:_identify(src/unitree_go2_ros2/docs) by extensions ['colcon_pkg']
[0.280s] Level 1:colcon.colcon_core.package_identification:_identify(src/unitree_go2_ros2/docs) by extension 'colcon_pkg'
[0.280s] Level 1:colcon.colcon_core.package_identification:_identify(src/unitree_go2_ros2/docs) by extensions ['colcon_meta']
[0.280s] Level 1:colcon.colcon_core.package_identification:_identify(src/unitree_go2_ros2/docs) by extension 'colcon_meta'
[0.280s] Level 1:colcon.colcon_core.package_identification:_identify(src/unitree_go2_ros2/docs) by extensions ['ros']
[0.280s] Level 1:colcon.colcon_core.package_identification:_identify(src/unitree_go2_ros2/docs) by extension 'ros'
[0.280s] Level 1:colcon.colcon_core.package_identification:_identify(src/unitree_go2_ros2/docs) by extensions ['cmake', 'python']
[0.280s] Level 1:colcon.colcon_core.package_identification:_identify(src/unitree_go2_ros2/docs) by extension 'cmake'
[0.280s] Level 1:colcon.colcon_core.package_identification:_identify(src/unitree_go2_ros2/docs) by extension 'python'
[0.280s] Level 1:colcon.colcon_core.package_identification:_identify(src/unitree_go2_ros2/docs) by extensions ['python_setup_py']
[0.280s] Level 1:colcon.colcon_core.package_identification:_identify(src/unitree_go2_ros2/docs) by extension 'python_setup_py'
[0.280s] Level 1:colcon.colcon_core.package_identification:_identify(src/unitree_go2_ros2/unitree_go2_description) by extensions ['ignore', 'ignore_ament_install']
[0.281s] Level 1:colcon.colcon_core.package_identification:_identify(src/unitree_go2_ros2/unitree_go2_description) by extension 'ignore'
[0.281s] Level 1:colcon.colcon_core.package_identification:_identify(src/unitree_go2_ros2/unitree_go2_description) by extension 'ignore_ament_install'
[0.281s] Level 1:colcon.colcon_core.package_identification:_identify(src/unitree_go2_ros2/unitree_go2_description) by extensions ['colcon_pkg']
[0.281s] Level 1:colcon.colcon_core.package_identification:_identify(src/unitree_go2_ros2/unitree_go2_description) by extension 'colcon_pkg'
[0.281s] Level 1:colcon.colcon_core.package_identification:_identify(src/unitree_go2_ros2/unitree_go2_description) by extensions ['colcon_meta']
[0.281s] Level 1:colcon.colcon_core.package_identification:_identify(src/unitree_go2_ros2/unitree_go2_description) by extension 'colcon_meta'
[0.281s] Level 1:colcon.colcon_core.package_identification:_identify(src/unitree_go2_ros2/unitree_go2_description) by extensions ['ros']
[0.281s] Level 1:colcon.colcon_core.package_identification:_identify(src/unitree_go2_ros2/unitree_go2_description) by extension 'ros'
[0.281s] DEBUG:colcon.colcon_core.package_identification:Package 'src/unitree_go2_ros2/unitree_go2_description' with type 'ros.ament_cmake' and name 'unitree_go2_description'
[0.282s] Level 1:colcon.colcon_core.package_identification:_identify(src/unitree_go2_ros2/unitree_go2_sim) by extensions ['ignore', 'ignore_ament_install']
[0.282s] Level 1:colcon.colcon_core.package_identification:_identify(src/unitree_go2_ros2/unitree_go2_sim) by extension 'ignore'
[0.282s] Level 1:colcon.colcon_core.package_identification:_identify(src/unitree_go2_ros2/unitree_go2_sim) by extension 'ignore_ament_install'
[0.282s] Level 1:colcon.colcon_core.package_identification:_identify(src/unitree_go2_ros2/unitree_go2_sim) by extensions ['colcon_pkg']
[0.282s] Level 1:colcon.colcon_core.package_identification:_identify(src/unitree_go2_ros2/unitree_go2_sim) by extension 'colcon_pkg'
[0.282s] Level 1:colcon.colcon_core.package_identification:_identify(src/unitree_go2_ros2/unitree_go2_sim) by extensions ['colcon_meta']
[0.282s] Level 1:colcon.colcon_core.package_identification:_identify(src/unitree_go2_ros2/unitree_go2_sim) by extension 'colcon_meta'
[0.282s] Level 1:colcon.colcon_core.package_identification:_identify(src/unitree_go2_ros2/unitree_go2_sim) by extensions ['ros']
[0.282s] Level 1:colcon.colcon_core.package_identification:_identify(src/unitree_go2_ros2/unitree_go2_sim) by extension 'ros'
[0.282s] DEBUG:colcon.colcon_core.package_identification:Package 'src/unitree_go2_ros2/unitree_go2_sim' with type 'ros.ament_cmake' and name 'unitree_go2_sim'
[0.283s] Level 1:colcon.colcon_core.package_discovery:discover_packages(recursive) using defaults
[0.283s] Level 1:colcon.colcon_core.package_discovery:discover_packages(ignore) discover
[0.283s] Level 1:colcon.colcon_core.package_discovery:discover_packages(ignore) using defaults
[0.283s] Level 1:colcon.colcon_core.package_discovery:discover_packages(path) discover
[0.283s] Level 1:colcon.colcon_core.package_discovery:discover_packages(path) using defaults
[0.307s] Level 1:colcon.colcon_core.package_discovery:discover_packages(prefix_path) check parameters
[0.307s] Level 1:colcon.colcon_core.package_discovery:discover_packages(prefix_path) discover
[0.314s] DEBUG:colcon.colcon_installed_package_information.package_discovery:Found 5 installed packages in /home/rakesh/practice/install
[0.317s] DEBUG:colcon.colcon_installed_package_information.package_discovery:Found 519 installed packages in /opt/ros/jazzy
[0.319s] Level 1:colcon.colcon_core.package_discovery:discover_packages(prefix_path) using defaults
[0.457s] Level 5:colcon.colcon_core.verb:set package 'champ' build argument 'cmake_args' from command line to 'None'
[0.457s] Level 5:colcon.colcon_core.verb:set package 'champ' build argument 'cmake_target' from command line to 'None'
[0.457s] Level 5:colcon.colcon_core.verb:set package 'champ' build argument 'cmake_target_skip_unavailable' from command line to 'False'
[0.457s] Level 5:colcon.colcon_core.verb:set package 'champ' build argument 'cmake_clean_cache' from command line to 'False'
[0.457s] Level 5:colcon.colcon_core.verb:set package 'champ' build argument 'cmake_clean_first' from command line to 'False'
[0.457s] Level 5:colcon.colcon_core.verb:set package 'champ' build argument 'cmake_force_configure' from command line to 'False'
[0.457s] Level 5:colcon.colcon_core.verb:set package 'champ' build argument 'ament_cmake_args' from command line to 'None'
[0.457s] Level 5:colcon.colcon_core.verb:set package 'champ' build argument 'catkin_cmake_args' from command line to 'None'
[0.457s] Level 5:colcon.colcon_core.verb:set package 'champ' build argument 'catkin_skip_building_tests' from command line to 'False'
[0.457s] DEBUG:colcon.colcon_core.verb:Building package 'champ' with the following arguments: {'ament_cmake_args': None, 'build_base': '/home/rakesh/practice/build/champ', 'catkin_cmake_args': None, 'catkin_skip_building_tests': False, 'cmake_args': None, 'cmake_clean_cache': False, 'cmake_clean_first': False, 'cmake_force_configure': False, 'cmake_target': None, 'cmake_target_skip_unavailable': False, 'install_base': '/home/rakesh/practice/install/champ', 'merge_install': False, 'path': '/home/rakesh/practice/src/unitree_go2_ros2/champ', 'symlink_install': False, 'test_result_base': None}
[0.457s] Level 5:colcon.colcon_core.verb:set package 'champ_msgs' build argument 'cmake_args' from command line to 'None'
[0.458s] Level 5:colcon.colcon_core.verb:set package 'champ_msgs' build argument 'cmake_target' from command line to 'None'
[0.458s] Level 5:colcon.colcon_core.verb:set package 'champ_msgs' build argument 'cmake_target_skip_unavailable' from command line to 'False'
[0.458s] Level 5:colcon.colcon_core.verb:set package 'champ_msgs' build argument 'cmake_clean_cache' from command line to 'False'
[0.458s] Level 5:colcon.colcon_core.verb:set package 'champ_msgs' build argument 'cmake_clean_first' from command line to 'False'
[0.458s] Level 5:colcon.colcon_core.verb:set package 'champ_msgs' build argument 'cmake_force_configure' from command line to 'False'
[0.458s] Level 5:colcon.colcon_core.verb:set package 'champ_msgs' build argument 'ament_cmake_args' from command line to 'None'
[0.458s] Level 5:colcon.colcon_core.verb:set package 'champ_msgs' build argument 'catkin_cmake_args' from command line to 'None'
[0.458s] Level 5:colcon.colcon_core.verb:set package 'champ_msgs' build argument 'catkin_skip_building_tests' from command line to 'False'
[0.458s] DEBUG:colcon.colcon_core.verb:Building package 'champ_msgs' with the following arguments: {'ament_cmake_args': None, 'build_base': '/home/rakesh/practice/build/champ_msgs', 'catkin_cmake_args': None, 'catkin_skip_building_tests': False, 'cmake_args': None, 'cmake_clean_cache': False, 'cmake_clean_first': False, 'cmake_force_configure': False, 'cmake_target': None, 'cmake_target_skip_unavailable': False, 'install_base': '/home/rakesh/practice/install/champ_msgs', 'merge_install': False, 'path': '/home/rakesh/practice/src/unitree_go2_ros2/champ_msgs', 'symlink_install': False, 'test_result_base': None}
[0.458s] Level 5:colcon.colcon_core.verb:set package 'unitree_go2_description' build argument 'cmake_args' from command line to 'None'
[0.458s] Level 5:colcon.colcon_core.verb:set package 'unitree_go2_description' build argument 'cmake_target' from command line to 'None'
[0.458s] Level 5:colcon.colcon_core.verb:set package 'unitree_go2_description' build argument 'cmake_target_skip_unavailable' from command line to 'False'
[0.458s] Level 5:colcon.colcon_core.verb:set package 'unitree_go2_description' build argument 'cmake_clean_cache' from command line to 'False'
[0.458s] Level 5:colcon.colcon_core.verb:set package 'unitree_go2_description' build argument 'cmake_clean_first' from command line to 'False'
[0.458s] Level 5:colcon.colcon_core.verb:set package 'unitree_go2_description' build argument 'cmake_force_configure' from command line to 'False'
[0.458s] Level 5:colcon.colcon_core.verb:set package 'unitree_go2_description' build argument 'ament_cmake_args' from command line to 'None'
[0.458s] Level 5:colcon.colcon_core.verb:set package 'unitree_go2_description' build argument 'catkin_cmake_args' from command line to 'None'
[0.458s] Level 5:colcon.colcon_core.verb:set package 'unitree_go2_description' build argument 'catkin_skip_building_tests' from command line to 'False'
[0.458s] DEBUG:colcon.colcon_core.verb:Building package 'unitree_go2_description' with the following arguments: {'ament_cmake_args': None, 'build_base': '/home/rakesh/practice/build/unitree_go2_description', 'catkin_cmake_args': None, 'catkin_skip_building_tests': False, 'cmake_args': None, 'cmake_clean_cache': False, 'cmake_clean_first': False, 'cmake_force_configure': False, 'cmake_target': None, 'cmake_target_skip_unavailable': False, 'install_base': '/home/rakesh/practice/install/unitree_go2_description', 'merge_install': False, 'path': '/home/rakesh/practice/src/unitree_go2_ros2/unitree_go2_description', 'symlink_install': False, 'test_result_base': None}
[0.458s] Level 5:colcon.colcon_core.verb:set package 'unitree_go2_sim' build argument 'cmake_args' from command line to 'None'
[0.458s] Level 5:colcon.colcon_core.verb:set package 'unitree_go2_sim' build argument 'cmake_target' from command line to 'None'
[0.458s] Level 5:colcon.colcon_core.verb:set package 'unitree_go2_sim' build argument 'cmake_target_skip_unavailable' from command line to 'False'
[0.458s] Level 5:colcon.colcon_core.verb:set package 'unitree_go2_sim' build argument 'cmake_clean_cache' from command line to 'False'
[0.458s] Level 5:colcon.colcon_core.verb:set package 'unitree_go2_sim' build argument 'cmake_clean_first' from command line to 'False'
[0.458s] Level 5:colcon.colcon_core.verb:set package 'unitree_go2_sim' build argument 'cmake_force_configure' from command line to 'False'
[0.458s] Level 5:colcon.colcon_core.verb:set package 'unitree_go2_sim' build argument 'ament_cmake_args' from command line to 'None'
[0.458s] Level 5:colcon.colcon_core.verb:set package 'unitree_go2_sim' build argument 'catkin_cmake_args' from command line to 'None'
[0.458s] Level 5:colcon.colcon_core.verb:set package 'unitree_go2_sim' build argument 'catkin_skip_building_tests' from command line to 'False'
[0.458s] DEBUG:colcon.colcon_core.verb:Building package 'unitree_go2_sim' with the following arguments: {'ament_cmake_args': None, 'build_base': '/home/rakesh/practice/build/unitree_go2_sim', 'catkin_cmake_args': None, 'catkin_skip_building_tests': False, 'cmake_args': None, 'cmake_clean_cache': False, 'cmake_clean_first': False, 'cmake_force_configure': False, 'cmake_target': None, 'cmake_target_skip_unavailable': False, 'install_base': '/home/rakesh/practice/install/unitree_go2_sim', 'merge_install': False, 'path': '/home/rakesh/practice/src/unitree_go2_ros2/unitree_go2_sim', 'symlink_install': False, 'test_result_base': None}
[0.459s] Level 5:colcon.colcon_core.verb:set package 'champ_base' build argument 'cmake_args' from command line to 'None'
[0.459s] Level 5:colcon.colcon_core.verb:set package 'champ_base' build argument 'cmake_target' from command line to 'None'
[0.459s] Level 5:colcon.colcon_core.verb:set package 'champ_base' build argument 'cmake_target_skip_unavailable' from command line to 'False'
[0.459s] Level 5:colcon.colcon_core.verb:set package 'champ_base' build argument 'cmake_clean_cache' from command line to 'False'
[0.459s] Level 5:colcon.colcon_core.verb:set package 'champ_base' build argument 'cmake_clean_first' from command line to 'False'
[0.459s] Level 5:colcon.colcon_core.verb:set package 'champ_base' build argument 'cmake_force_configure' from command line to 'False'
[0.459s] Level 5:colcon.colcon_core.verb:set package 'champ_base' build argument 'ament_cmake_args' from command line to 'None'
[0.459s] Level 5:colcon.colcon_core.verb:set package 'champ_base' build argument 'catkin_cmake_args' from command line to 'None'
[0.459s] Level 5:colcon.colcon_core.verb:set package 'champ_base' build argument 'catkin_skip_building_tests' from command line to 'False'
[0.459s] DEBUG:colcon.colcon_core.verb:Building package 'champ_base' with the following arguments: {'ament_cmake_args': None, 'build_base': '/home/rakesh/practice/build/champ_base', 'catkin_cmake_args': None, 'catkin_skip_building_tests': False, 'cmake_args': None, 'cmake_clean_cache': False, 'cmake_clean_first': False, 'cmake_force_configure': False, 'cmake_target': None, 'cmake_target_skip_unavailable': False, 'install_base': '/home/rakesh/practice/install/champ_base', 'merge_install': False, 'path': '/home/rakesh/practice/src/unitree_go2_ros2/champ_base', 'symlink_install': False, 'test_result_base': None}
[0.459s] INFO:colcon.colcon_core.executor:Executing jobs using 'parallel' executor
[0.460s] DEBUG:colcon.colcon_parallel_executor.executor.parallel:run_until_complete
[0.460s] INFO:colcon.colcon_ros.task.ament_cmake.build:Building ROS package in '/home/rakesh/practice/src/unitree_go2_ros2/champ' with build type 'ament_cmake'
[0.460s] INFO:colcon.colcon_cmake.task.cmake.build:Building CMake package in '/home/rakesh/practice/src/unitree_go2_ros2/champ'
[0.466s] INFO:colcon.colcon_core.plugin_system:Skipping extension 'colcon_core.shell.bat': Not used on non-Windows systems
[0.466s] INFO:colcon.colcon_core.shell:Skip shell extension 'powershell' for command environment: Not usable outside of PowerShell
[0.466s] DEBUG:colcon.colcon_core.shell:Skip shell extension 'dsv' for command environment
[0.471s] INFO:colcon.colcon_ros.task.ament_cmake.build:Building ROS package in '/home/rakesh/practice/src/unitree_go2_ros2/champ_msgs' with build type 'ament_cmake'
[0.472s] INFO:colcon.colcon_cmake.task.cmake.build:Building CMake package in '/home/rakesh/practice/src/unitree_go2_ros2/champ_msgs'
[0.472s] INFO:colcon.colcon_core.shell:Skip shell extension 'powershell' for command environment: Not usable outside of PowerShell
[0.472s] DEBUG:colcon.colcon_core.shell:Skip shell extension 'dsv' for command environment
[0.477s] INFO:colcon.colcon_ros.task.ament_cmake.build:Building ROS package in '/home/rakesh/practice/src/unitree_go2_ros2/unitree_go2_description' with build type 'ament_cmake'
[0.477s] INFO:colcon.colcon_cmake.task.cmake.build:Building CMake package in '/home/rakesh/practice/src/unitree_go2_ros2/unitree_go2_description'
[0.477s] INFO:colcon.colcon_core.shell:Skip shell extension 'powershell' for command environment: Not usable outside of PowerShell
[0.477s] DEBUG:colcon.colcon_core.shell:Skip shell extension 'dsv' for command environment
[0.482s] INFO:colcon.colcon_ros.task.ament_cmake.build:Building ROS package in '/home/rakesh/practice/src/unitree_go2_ros2/unitree_go2_sim' with build type 'ament_cmake'
[0.482s] INFO:colcon.colcon_cmake.task.cmake.build:Building CMake package in '/home/rakesh/practice/src/unitree_go2_ros2/unitree_go2_sim'
[0.482s] INFO:colcon.colcon_core.shell:Skip shell extension 'powershell' for command environment: Not usable outside of PowerShell
[0.482s] DEBUG:colcon.colcon_core.shell:Skip shell extension 'dsv' for command environment
[0.491s] DEBUG:colcon.colcon_core.event_handler.log_command:Invoking command in '/home/rakesh/practice/build/champ': CMAKE_PREFIX_PATH=${CMAKE_PREFIX_PATH}:/opt/ros/jazzy: DEBUGINFOD_URLS=https://debuginfod.ubuntu.com /usr/bin/cmake --build /home/rakesh/practice/build/champ -- -j12 -l12
[0.495s] DEBUG:colcon.colcon_core.event_handler.log_command:Invoking command in '/home/rakesh/practice/build/champ_msgs': CMAKE_PREFIX_PATH=${CMAKE_PREFIX_PATH}:/opt/ros/jazzy: DEBUGINFOD_URLS=https://debuginfod.ubuntu.com /usr/bin/cmake --build /home/rakesh/practice/build/champ_msgs -- -j12 -l12
[0.497s] DEBUG:colcon.colcon_core.event_handler.log_command:Invoking command in '/home/rakesh/practice/build/unitree_go2_description': CMAKE_PREFIX_PATH=${CMAKE_PREFIX_PATH}:/opt/ros/jazzy: DEBUGINFOD_URLS=https://debuginfod.ubuntu.com /usr/bin/cmake --build /home/rakesh/practice/build/unitree_go2_description -- -j12 -l12
[0.503s] DEBUG:colcon.colcon_core.event_handler.log_command:Invoking command in '/home/rakesh/practice/build/unitree_go2_sim': CMAKE_PREFIX_PATH=${CMAKE_PREFIX_PATH}:/opt/ros/jazzy: DEBUGINFOD_URLS=https://debuginfod.ubuntu.com /usr/bin/cmake --build /home/rakesh/practice/build/unitree_go2_sim -- -j12 -l12
[0.600s] DEBUG:colcon.colcon_core.event_handler.log_command:Invoked command in '/home/rakesh/practice/build/unitree_go2_sim' returned '0': CMAKE_PREFIX_PATH=${CMAKE_PREFIX_PATH}:/opt/ros/jazzy: DEBUGINFOD_URLS=https://debuginfod.ubuntu.com /usr/bin/cmake --build /home/rakesh/practice/build/unitree_go2_sim -- -j12 -l12
[0.613s] DEBUG:colcon.colcon_core.event_handler.log_command:Invoking command in '/home/rakesh/practice/build/unitree_go2_sim': CMAKE_PREFIX_PATH=${CMAKE_PREFIX_PATH}:/opt/ros/jazzy: DEBUGINFOD_URLS=https://debuginfod.ubuntu.com /usr/bin/cmake --install /home/rakesh/practice/build/unitree_go2_sim
[0.614s] DEBUG:colcon.colcon_core.event_handler.log_command:Invoked command in '/home/rakesh/practice/build/unitree_go2_description' returned '0': CMAKE_PREFIX_PATH=${CMAKE_PREFIX_PATH}:/opt/ros/jazzy: DEBUGINFOD_URLS=https://debuginfod.ubuntu.com /usr/bin/cmake --build /home/rakesh/practice/build/unitree_go2_description -- -j12 -l12
[0.616s] DEBUG:colcon.colcon_core.event_handler.log_command:Invoking command in '/home/rakesh/practice/build/unitree_go2_description': CMAKE_PREFIX_PATH=${CMAKE_PREFIX_PATH}:/opt/ros/jazzy: DEBUGINFOD_URLS=https://debuginfod.ubuntu.com /usr/bin/cmake --install /home/rakesh/practice/build/unitree_go2_description
[0.617s] DEBUG:colcon.colcon_core.event_handler.log_command:Invoked command in '/home/rakesh/practice/build/champ' returned '0': CMAKE_PREFIX_PATH=${CMAKE_PREFIX_PATH}:/opt/ros/jazzy: DEBUGINFOD_URLS=https://debuginfod.ubuntu.com /usr/bin/cmake --build /home/rakesh/practice/build/champ -- -j12 -l12
[0.618s] DEBUG:colcon.colcon_core.event_handler.log_command:Invoking command in '/home/rakesh/practice/build/champ': CMAKE_PREFIX_PATH=${CMAKE_PREFIX_PATH}:/opt/ros/jazzy: DEBUGINFOD_URLS=https://debuginfod.ubuntu.com /usr/bin/cmake --install /home/rakesh/practice/build/champ
[0.633s] Level 1:colcon.colcon_core.environment:create_environment_scripts_only(unitree_go2_sim)
[0.643s] DEBUG:colcon.colcon_core.event_handler.log_command:Invoked command in '/home/rakesh/practice/build/unitree_go2_sim' returned '0': CMAKE_PREFIX_PATH=${CMAKE_PREFIX_PATH}:/opt/ros/jazzy: DEBUGINFOD_URLS=https://debuginfod.ubuntu.com /usr/bin/cmake --install /home/rakesh/practice/build/unitree_go2_sim
[0.648s] Level 1:colcon.colcon_core.environment:checking '/home/rakesh/practice/install/unitree_go2_sim' for CMake module files
[0.649s] Level 1:colcon.colcon_core.environment:checking '/home/rakesh/practice/install/unitree_go2_sim' for CMake config files
[0.649s] Level 1:colcon.colcon_core.shell:create_environment_hook('unitree_go2_sim', 'cmake_prefix_path')
[0.650s] INFO:colcon.colcon_core.shell:Creating environment hook '/home/rakesh/practice/install/unitree_go2_sim/share/unitree_go2_sim/hook/cmake_prefix_path.ps1'
[0.651s] INFO:colcon.colcon_core.shell:Creating environment descriptor '/home/rakesh/practice/install/unitree_go2_sim/share/unitree_go2_sim/hook/cmake_prefix_path.dsv'
[0.651s] INFO:colcon.colcon_core.shell:Creating environment hook '/home/rakesh/practice/install/unitree_go2_sim/share/unitree_go2_sim/hook/cmake_prefix_path.sh'
[0.653s] Level 1:colcon.colcon_core.environment:checking '/home/rakesh/practice/install/unitree_go2_sim/bin'
[0.653s] Level 1:colcon.colcon_core.environment:checking '/home/rakesh/practice/install/unitree_go2_sim/lib/pkgconfig/unitree_go2_sim.pc'
[0.653s] Level 1:colcon.colcon_core.environment:checking '/home/rakesh/practice/install/unitree_go2_sim/lib/python3.12/site-packages'
[0.653s] Level 1:colcon.colcon_core.environment:checking '/home/rakesh/practice/install/unitree_go2_sim/bin'
[0.654s] INFO:colcon.colcon_core.shell:Creating package script '/home/rakesh/practice/install/unitree_go2_sim/share/unitree_go2_sim/package.ps1'
[0.655s] INFO:colcon.colcon_core.shell:Creating package descriptor '/home/rakesh/practice/install/unitree_go2_sim/share/unitree_go2_sim/package.dsv'
[0.655s] INFO:colcon.colcon_core.shell:Creating package script '/home/rakesh/practice/install/unitree_go2_sim/share/unitree_go2_sim/package.sh'
[0.656s] INFO:colcon.colcon_core.shell:Creating package script '/home/rakesh/practice/install/unitree_go2_sim/share/unitree_go2_sim/package.bash'
[0.657s] INFO:colcon.colcon_core.shell:Creating package script '/home/rakesh/practice/install/unitree_go2_sim/share/unitree_go2_sim/package.zsh'
[0.659s] Level 1:colcon.colcon_core.environment:create_file_with_runtime_dependencies(/home/rakesh/practice/install/unitree_go2_sim/share/colcon-core/packages/unitree_go2_sim)
[0.660s] Level 1:colcon.colcon_core.environment:create_environment_scripts_only(unitree_go2_sim)
[0.660s] Level 1:colcon.colcon_core.environment:checking '/home/rakesh/practice/install/unitree_go2_sim' for CMake module files
[0.661s] Level 1:colcon.colcon_core.environment:checking '/home/rakesh/practice/install/unitree_go2_sim' for CMake config files
[0.661s] Level 1:colcon.colcon_core.shell:create_environment_hook('unitree_go2_sim', 'cmake_prefix_path')
[0.662s] INFO:colcon.colcon_core.shell:Creating environment hook '/home/rakesh/practice/install/unitree_go2_sim/share/unitree_go2_sim/hook/cmake_prefix_path.ps1'
[0.662s] INFO:colcon.colcon_core.shell:Creating environment descriptor '/home/rakesh/practice/install/unitree_go2_sim/share/unitree_go2_sim/hook/cmake_prefix_path.dsv'
[0.663s] INFO:colcon.colcon_core.shell:Creating environment hook '/home/rakesh/practice/install/unitree_go2_sim/share/unitree_go2_sim/hook/cmake_prefix_path.sh'
[0.664s] Level 1:colcon.colcon_core.environment:checking '/home/rakesh/practice/install/unitree_go2_sim/bin'
[0.664s] Level 1:colcon.colcon_core.environment:checking '/home/rakesh/practice/install/unitree_go2_sim/lib/pkgconfig/unitree_go2_sim.pc'
[0.664s] Level 1:colcon.colcon_core.environment:checking '/home/rakesh/practice/install/unitree_go2_sim/lib/python3.12/site-packages'
[0.665s] Level 1:colcon.colcon_core.environment:checking '/home/rakesh/practice/install/unitree_go2_sim/bin'
[0.665s] INFO:colcon.colcon_core.shell:Creating package script '/home/rakesh/practice/install/unitree_go2_sim/share/unitree_go2_sim/package.ps1'
[0.666s] INFO:colcon.colcon_core.shell:Creating package descriptor '/home/rakesh/practice/install/unitree_go2_sim/share/unitree_go2_sim/package.dsv'
[0.666s] INFO:colcon.colcon_core.shell:Creating package script '/home/rakesh/practice/install/unitree_go2_sim/share/unitree_go2_sim/package.sh'
[0.667s] INFO:colcon.colcon_core.shell:Creating package script '/home/rakesh/practice/install/unitree_go2_sim/share/unitree_go2_sim/package.bash'
[0.667s] INFO:colcon.colcon_core.shell:Creating package script '/home/rakesh/practice/install/unitree_go2_sim/share/unitree_go2_sim/package.zsh'
[0.668s] Level 1:colcon.colcon_core.environment:create_file_with_runtime_dependencies(/home/rakesh/practice/install/unitree_go2_sim/share/colcon-core/packages/unitree_go2_sim)
[0.669s] Level 1:colcon.colcon_core.environment:create_environment_scripts_only(unitree_go2_description)
[0.670s] Level 1:colcon.colcon_core.environment:checking '/home/rakesh/practice/install/unitree_go2_description' for CMake module files
[0.671s] DEBUG:colcon.colcon_core.event_handler.log_command:Invoked command in '/home/rakesh/practice/build/unitree_go2_description' returned '0': CMAKE_PREFIX_PATH=${CMAKE_PREFIX_PATH}:/opt/ros/jazzy: DEBUGINFOD_URLS=https://debuginfod.ubuntu.com /usr/bin/cmake --install /home/rakesh/practice/build/unitree_go2_description
[0.671s] Level 1:colcon.colcon_core.environment:checking '/home/rakesh/practice/install/unitree_go2_description' for CMake config files
[0.672s] Level 1:colcon.colcon_core.shell:create_environment_hook('unitree_go2_description', 'cmake_prefix_path')
[0.672s] INFO:colcon.colcon_core.shell:Creating environment hook '/home/rakesh/practice/install/unitree_go2_description/share/unitree_go2_description/hook/cmake_prefix_path.ps1'
[0.673s] INFO:colcon.colcon_core.shell:Creating environment descriptor '/home/rakesh/practice/install/unitree_go2_description/share/unitree_go2_description/hook/cmake_prefix_path.dsv'
[0.673s] INFO:colcon.colcon_core.shell:Creating environment hook '/home/rakesh/practice/install/unitree_go2_description/share/unitree_go2_description/hook/cmake_prefix_path.sh'
[0.674s] Level 1:colcon.colcon_core.environment:checking '/home/rakesh/practice/install/unitree_go2_description/bin'
[0.674s] Level 1:colcon.colcon_core.environment:checking '/home/rakesh/practice/install/unitree_go2_description/lib/pkgconfig/unitree_go2_description.pc'
[0.674s] Level 1:colcon.colcon_core.environment:checking '/home/rakesh/practice/install/unitree_go2_description/lib/python3.12/site-packages'
[0.674s] Level 1:colcon.colcon_core.environment:checking '/home/rakesh/practice/install/unitree_go2_description/bin'
[0.675s] INFO:colcon.colcon_core.shell:Creating package script '/home/rakesh/practice/install/unitree_go2_description/share/unitree_go2_description/package.ps1'
[0.675s] INFO:colcon.colcon_core.shell:Creating package descriptor '/home/rakesh/practice/install/unitree_go2_description/share/unitree_go2_description/package.dsv'
[0.676s] INFO:colcon.colcon_core.shell:Creating package script '/home/rakesh/practice/install/unitree_go2_description/share/unitree_go2_description/package.sh'
[0.676s] INFO:colcon.colcon_core.shell:Creating package script '/home/rakesh/practice/install/unitree_go2_description/share/unitree_go2_description/package.bash'
[0.677s] INFO:colcon.colcon_core.shell:Creating package script '/home/rakesh/practice/install/unitree_go2_description/share/unitree_go2_description/package.zsh'
[0.677s] Level 1:colcon.colcon_core.environment:create_file_with_runtime_dependencies(/home/rakesh/practice/install/unitree_go2_description/share/colcon-core/packages/unitree_go2_description)
[0.678s] Level 1:colcon.colcon_core.environment:create_environment_scripts_only(unitree_go2_description)
[0.678s] Level 1:colcon.colcon_core.environment:checking '/home/rakesh/practice/install/unitree_go2_description' for CMake module files
[0.678s] Level 1:colcon.colcon_core.environment:checking '/home/rakesh/practice/install/unitree_go2_description' for CMake config files
[0.679s] Level 1:colcon.colcon_core.shell:create_environment_hook('unitree_go2_description', 'cmake_prefix_path')
[0.679s] INFO:colcon.colcon_core.shell:Creating environment hook '/home/rakesh/practice/install/unitree_go2_description/share/unitree_go2_description/hook/cmake_prefix_path.ps1'
[0.680s] INFO:colcon.colcon_core.shell:Creating environment descriptor '/home/rakesh/practice/install/unitree_go2_description/share/unitree_go2_description/hook/cmake_prefix_path.dsv'
[0.680s] INFO:colcon.colcon_core.shell:Creating environment hook '/home/rakesh/practice/install/unitree_go2_description/share/unitree_go2_description/hook/cmake_prefix_path.sh'
[0.681s] Level 1:colcon.colcon_core.environment:checking '/home/rakesh/practice/install/unitree_go2_description/bin'
[0.681s] Level 1:colcon.colcon_core.environment:checking '/home/rakesh/practice/install/unitree_go2_description/lib/pkgconfig/unitree_go2_description.pc'
[0.682s] Level 1:colcon.colcon_core.environment:checking '/home/rakesh/practice/install/unitree_go2_description/lib/python3.12/site-packages'
[0.682s] Level 1:colcon.colcon_core.environment:checking '/home/rakesh/practice/install/unitree_go2_description/bin'
[0.682s] INFO:colcon.colcon_core.shell:Creating package script '/home/rakesh/practice/install/unitree_go2_description/share/unitree_go2_description/package.ps1'
[0.683s] INFO:colcon.colcon_core.shell:Creating package descriptor '/home/rakesh/practice/install/unitree_go2_description/share/unitree_go2_description/package.dsv'
[0.684s] INFO:colcon.colcon_core.shell:Creating package script '/home/rakesh/practice/install/unitree_go2_description/share/unitree_go2_description/package.sh'
[0.684s] INFO:colcon.colcon_core.shell:Creating package script '/home/rakesh/practice/install/unitree_go2_description/share/unitree_go2_description/package.bash'
[0.685s] INFO:colcon.colcon_core.shell:Creating package script '/home/rakesh/practice/install/unitree_go2_description/share/unitree_go2_description/package.zsh'
[0.686s] Level 1:colcon.colcon_core.environment:create_file_with_runtime_dependencies(/home/rakesh/practice/install/unitree_go2_description/share/colcon-core/packages/unitree_go2_description)
[0.686s] Level 1:colcon.colcon_core.environment:create_environment_scripts_only(champ)
[0.686s] Level 1:colcon.colcon_core.environment:checking '/home/rakesh/practice/install/champ' for CMake module files
[0.688s] DEBUG:colcon.colcon_core.event_handler.log_command:Invoked command in '/home/rakesh/practice/build/champ' returned '0': CMAKE_PREFIX_PATH=${CMAKE_PREFIX_PATH}:/opt/ros/jazzy: DEBUGINFOD_URLS=https://debuginfod.ubuntu.com /usr/bin/cmake --install /home/rakesh/practice/build/champ
[0.688s] Level 1:colcon.colcon_core.environment:checking '/home/rakesh/practice/install/champ' for CMake config files
[0.688s] Level 1:colcon.colcon_core.shell:create_environment_hook('champ', 'cmake_prefix_path')
[0.689s] INFO:colcon.colcon_core.shell:Creating environment hook '/home/rakesh/practice/install/champ/share/champ/hook/cmake_prefix_path.ps1'
[0.690s] INFO:colcon.colcon_core.shell:Creating environment descriptor '/home/rakesh/practice/install/champ/share/champ/hook/cmake_prefix_path.dsv'
[0.690s] INFO:colcon.colcon_core.shell:Creating environment hook '/home/rakesh/practice/install/champ/share/champ/hook/cmake_prefix_path.sh'
[0.691s] Level 1:colcon.colcon_core.environment:checking '/home/rakesh/practice/install/champ/bin'
[0.691s] Level 1:colcon.colcon_core.environment:checking '/home/rakesh/practice/install/champ/lib/pkgconfig/champ.pc'
[0.691s] Level 1:colcon.colcon_core.environment:checking '/home/rakesh/practice/install/champ/lib/python3.12/site-packages'
[0.692s] Level 1:colcon.colcon_core.environment:checking '/home/rakesh/practice/install/champ/bin'
[0.692s] INFO:colcon.colcon_core.shell:Creating package script '/home/rakesh/practice/install/champ/share/champ/package.ps1'
[0.693s] INFO:colcon.colcon_core.shell:Creating package descriptor '/home/rakesh/practice/install/champ/share/champ/package.dsv'
[0.693s] INFO:colcon.colcon_core.shell:Creating package script '/home/rakesh/practice/install/champ/share/champ/package.sh'
[0.694s] INFO:colcon.colcon_core.shell:Creating package script '/home/rakesh/practice/install/champ/share/champ/package.bash'
[0.694s] INFO:colcon.colcon_core.shell:Creating package script '/home/rakesh/practice/install/champ/share/champ/package.zsh'
[0.695s] Level 1:colcon.colcon_core.environment:create_file_with_runtime_dependencies(/home/rakesh/practice/install/champ/share/colcon-core/packages/champ)
[0.696s] Level 1:colcon.colcon_core.environment:create_environment_scripts_only(champ)
[0.696s] Level 1:colcon.colcon_core.environment:checking '/home/rakesh/practice/install/champ' for CMake module files
[0.697s] Level 1:colcon.colcon_core.environment:checking '/home/rakesh/practice/install/champ' for CMake config files
[0.697s] Level 1:colcon.colcon_core.shell:create_environment_hook('champ', 'cmake_prefix_path')
[0.698s] INFO:colcon.colcon_core.shell:Creating environment hook '/home/rakesh/practice/install/champ/share/champ/hook/cmake_prefix_path.ps1'
[0.698s] INFO:colcon.colcon_core.shell:Creating environment descriptor '/home/rakesh/practice/install/champ/share/champ/hook/cmake_prefix_path.dsv'
[0.699s] INFO:colcon.colcon_core.shell:Creating environment hook '/home/rakesh/practice/install/champ/share/champ/hook/cmake_prefix_path.sh'
[0.700s] Level 1:colcon.colcon_core.environment:checking '/home/rakesh/practice/install/champ/bin'
[0.700s] Level 1:colcon.colcon_core.environment:checking '/home/rakesh/practice/install/champ/lib/pkgconfig/champ.pc'
[0.700s] Level 1:colcon.colcon_core.environment:checking '/home/rakesh/practice/install/champ/lib/python3.12/site-packages'
[0.701s] Level 1:colcon.colcon_core.environment:checking '/home/rakesh/practice/install/champ/bin'
[0.701s] INFO:colcon.colcon_core.shell:Creating package script '/home/rakesh/practice/install/champ/share/champ/package.ps1'
[0.702s] INFO:colcon.colcon_core.shell:Creating package descriptor '/home/rakesh/practice/install/champ/share/champ/package.dsv'
[0.703s] INFO:colcon.colcon_core.shell:Creating package script '/home/rakesh/practice/install/champ/share/champ/package.sh'
[0.704s] INFO:colcon.colcon_core.shell:Creating package script '/home/rakesh/practice/install/champ/share/champ/package.bash'
[0.704s] INFO:colcon.colcon_core.shell:Creating package script '/home/rakesh/practice/install/champ/share/champ/package.zsh'
[0.705s] Level 1:colcon.colcon_core.environment:create_file_with_runtime_dependencies(/home/rakesh/practice/install/champ/share/colcon-core/packages/champ)
[1.169s] DEBUG:colcon.colcon_core.event_handler.log_command:Invoked command in '/home/rakesh/practice/build/champ_msgs' returned '0': CMAKE_PREFIX_PATH=${CMAKE_PREFIX_PATH}:/opt/ros/jazzy: DEBUGINFOD_URLS=https://debuginfod.ubuntu.com /usr/bin/cmake --build /home/rakesh/practice/build/champ_msgs -- -j12 -l12
[1.172s] DEBUG:colcon.colcon_core.event_handler.log_command:Invoking command in '/home/rakesh/practice/build/champ_msgs': CMAKE_PREFIX_PATH=${CMAKE_PREFIX_PATH}:/opt/ros/jazzy: DEBUGINFOD_URLS=https://debuginfod.ubuntu.com /usr/bin/cmake --install /home/rakesh/practice/build/champ_msgs
[1.267s] Level 1:colcon.colcon_core.environment:create_environment_scripts_only(champ_msgs)
[1.267s] DEBUG:colcon.colcon_core.event_handler.log_command:Invoked command in '/home/rakesh/practice/build/champ_msgs' returned '0': CMAKE_PREFIX_PATH=${CMAKE_PREFIX_PATH}:/opt/ros/jazzy: DEBUGINFOD_URLS=https://debuginfod.ubuntu.com /usr/bin/cmake --install /home/rakesh/practice/build/champ_msgs
[1.268s] Level 1:colcon.colcon_core.environment:checking '/home/rakesh/practice/install/champ_msgs' for CMake module files
[1.268s] Level 1:colcon.colcon_core.environment:checking '/home/rakesh/practice/install/champ_msgs' for CMake config files
[1.269s] Level 1:colcon.colcon_core.shell:create_environment_hook('champ_msgs', 'cmake_prefix_path')
[1.269s] INFO:colcon.colcon_core.shell:Creating environment hook '/home/rakesh/practice/install/champ_msgs/share/champ_msgs/hook/cmake_prefix_path.ps1'
[1.270s] INFO:colcon.colcon_core.shell:Creating environment descriptor '/home/rakesh/practice/install/champ_msgs/share/champ_msgs/hook/cmake_prefix_path.dsv'
[1.270s] INFO:colcon.colcon_core.shell:Creating environment hook '/home/rakesh/practice/install/champ_msgs/share/champ_msgs/hook/cmake_prefix_path.sh'
[1.271s] Level 1:colcon.colcon_core.environment:checking '/home/rakesh/practice/install/champ_msgs/lib'
[1.271s] Level 1:colcon.colcon_core.shell:create_environment_hook('champ_msgs', 'ld_library_path_lib')
[1.271s] INFO:colcon.colcon_core.shell:Creating environment hook '/home/rakesh/practice/install/champ_msgs/share/champ_msgs/hook/ld_library_path_lib.ps1'
[1.272s] INFO:colcon.colcon_core.shell:Creating environment descriptor '/home/rakesh/practice/install/champ_msgs/share/champ_msgs/hook/ld_library_path_lib.dsv'
[1.272s] INFO:colcon.colcon_core.shell:Creating environment hook '/home/rakesh/practice/install/champ_msgs/share/champ_msgs/hook/ld_library_path_lib.sh'
[1.272s] Level 1:colcon.colcon_core.environment:checking '/home/rakesh/practice/install/champ_msgs/bin'
[1.273s] Level 1:colcon.colcon_core.environment:checking '/home/rakesh/practice/install/champ_msgs/lib/pkgconfig/champ_msgs.pc'
[1.273s] Level 1:colcon.colcon_core.environment:checking '/home/rakesh/practice/install/champ_msgs/lib/python3.12/site-packages'
[1.273s] Level 1:colcon.colcon_core.shell:create_environment_hook('champ_msgs', 'pythonpath')
[1.273s] INFO:colcon.colcon_core.shell:Creating environment hook '/home/rakesh/practice/install/champ_msgs/share/champ_msgs/hook/pythonpath.ps1'
[1.273s] INFO:colcon.colcon_core.shell:Creating environment descriptor '/home/rakesh/practice/install/champ_msgs/share/champ_msgs/hook/pythonpath.dsv'
[1.274s] INFO:colcon.colcon_core.shell:Creating environment hook '/home/rakesh/practice/install/champ_msgs/share/champ_msgs/hook/pythonpath.sh'
[1.274s] Level 1:colcon.colcon_core.environment:checking '/home/rakesh/practice/install/champ_msgs/bin'
[1.274s] INFO:colcon.colcon_core.shell:Creating package script '/home/rakesh/practice/install/champ_msgs/share/champ_msgs/package.ps1'
[1.275s] INFO:colcon.colcon_core.shell:Creating package descriptor '/home/rakesh/practice/install/champ_msgs/share/champ_msgs/package.dsv'
[1.275s] INFO:colcon.colcon_core.shell:Creating package script '/home/rakesh/practice/install/champ_msgs/share/champ_msgs/package.sh'
[1.276s] INFO:colcon.colcon_core.shell:Creating package script '/home/rakesh/practice/install/champ_msgs/share/champ_msgs/package.bash'
[1.276s] INFO:colcon.colcon_core.shell:Creating package script '/home/rakesh/practice/install/champ_msgs/share/champ_msgs/package.zsh'
[1.276s] Level 1:colcon.colcon_core.environment:create_file_with_runtime_dependencies(/home/rakesh/practice/install/champ_msgs/share/colcon-core/packages/champ_msgs)
[1.277s] Level 1:colcon.colcon_core.environment:create_environment_scripts_only(champ_msgs)
[1.277s] Level 1:colcon.colcon_core.environment:checking '/home/rakesh/practice/install/champ_msgs' for CMake module files
[1.277s] Level 1:colcon.colcon_core.environment:checking '/home/rakesh/practice/install/champ_msgs' for CMake config files
[1.278s] Level 1:colcon.colcon_core.shell:create_environment_hook('champ_msgs', 'cmake_prefix_path')
[1.278s] INFO:colcon.colcon_core.shell:Creating environment hook '/home/rakesh/practice/install/champ_msgs/share/champ_msgs/hook/cmake_prefix_path.ps1'
[1.279s] INFO:colcon.colcon_core.shell:Creating environment descriptor '/home/rakesh/practice/install/champ_msgs/share/champ_msgs/hook/cmake_prefix_path.dsv'
[1.279s] INFO:colcon.colcon_core.shell:Creating environment hook '/home/rakesh/practice/install/champ_msgs/share/champ_msgs/hook/cmake_prefix_path.sh'
[1.279s] Level 1:colcon.colcon_core.environment:checking '/home/rakesh/practice/install/champ_msgs/lib'
[1.279s] Level 1:colcon.colcon_core.shell:create_environment_hook('champ_msgs', 'ld_library_path_lib')
[1.280s] INFO:colcon.colcon_core.shell:Creating environment hook '/home/rakesh/practice/install/champ_msgs/share/champ_msgs/hook/ld_library_path_lib.ps1'
[1.280s] INFO:colcon.colcon_core.shell:Creating environment descriptor '/home/rakesh/practice/install/champ_msgs/share/champ_msgs/hook/ld_library_path_lib.dsv'
[1.280s] INFO:colcon.colcon_core.shell:Creating environment hook '/home/rakesh/practice/install/champ_msgs/share/champ_msgs/hook/ld_library_path_lib.sh'
[1.281s] Level 1:colcon.colcon_core.environment:checking '/home/rakesh/practice/install/champ_msgs/bin'
[1.281s] Level 1:colcon.colcon_core.environment:checking '/home/rakesh/practice/install/champ_msgs/lib/pkgconfig/champ_msgs.pc'
[1.281s] Level 1:colcon.colcon_core.environment:checking '/home/rakesh/practice/install/champ_msgs/lib/python3.12/site-packages'
[1.281s] Level 1:colcon.colcon_core.shell:create_environment_hook('champ_msgs', 'pythonpath')
[1.281s] INFO:colcon.colcon_core.shell:Creating environment hook '/home/rakesh/practice/install/champ_msgs/share/champ_msgs/hook/pythonpath.ps1'
[1.281s] INFO:colcon.colcon_core.shell:Creating environment descriptor '/home/rakesh/practice/install/champ_msgs/share/champ_msgs/hook/pythonpath.dsv'
[1.282s] INFO:colcon.colcon_core.shell:Creating environment hook '/home/rakesh/practice/install/champ_msgs/share/champ_msgs/hook/pythonpath.sh'
[1.282s] Level 1:colcon.colcon_core.environment:checking '/home/rakesh/practice/install/champ_msgs/bin'
[1.283s] INFO:colcon.colcon_core.shell:Creating package script '/home/rakesh/practice/install/champ_msgs/share/champ_msgs/package.ps1'
[1.283s] INFO:colcon.colcon_core.shell:Creating package descriptor '/home/rakesh/practice/install/champ_msgs/share/champ_msgs/package.dsv'
[1.284s] INFO:colcon.colcon_core.shell:Creating package script '/home/rakesh/practice/install/champ_msgs/share/champ_msgs/package.sh'
[1.284s] INFO:colcon.colcon_core.shell:Creating package script '/home/rakesh/practice/install/champ_msgs/share/champ_msgs/package.bash'
[1.284s] INFO:colcon.colcon_core.shell:Creating package script '/home/rakesh/practice/install/champ_msgs/share/champ_msgs/package.zsh'
[1.285s] Level 1:colcon.colcon_core.environment:create_file_with_runtime_dependencies(/home/rakesh/practice/install/champ_msgs/share/colcon-core/packages/champ_msgs)
[1.285s] INFO:colcon.colcon_ros.task.ament_cmake.build:Building ROS package in '/home/rakesh/practice/src/unitree_go2_ros2/champ_base' with build type 'ament_cmake'
[1.285s] INFO:colcon.colcon_cmake.task.cmake.build:Building CMake package in '/home/rakesh/practice/src/unitree_go2_ros2/champ_base'
[1.285s] INFO:colcon.colcon_core.shell:Skip shell extension 'powershell' for command environment: Not usable outside of PowerShell
[1.285s] DEBUG:colcon.colcon_core.shell:Skip shell extension 'dsv' for command environment
[1.304s] DEBUG:colcon.colcon_core.event_handler.log_command:Invoking command in '/home/rakesh/practice/build/champ_base': CMAKE_PREFIX_PATH=/home/rakesh/practice/install/champ_msgs:/home/rakesh/practice/install/champ:/home/rakesh/practice/install/unitree_go2_sim:/home/rakesh/practice/install/unitree_go2_description:/home/rakesh/practice/install/champ_base:/opt/ros/jazzy/opt/gz_sim_vendor:/opt/ros/jazzy/opt/gz_sensors_vendor:/opt/ros/jazzy/opt/gz_physics_vendor:/opt/ros/jazzy/opt/sdformat_vendor:/opt/ros/jazzy/opt/gz_gui_vendor:/opt/ros/jazzy/opt/gz_transport_vendor:/opt/ros/jazzy/opt/gz_rendering_vendor:/opt/ros/jazzy/opt/gz_plugin_vendor:/opt/ros/jazzy/opt/gz_fuel_tools_vendor:/opt/ros/jazzy/opt/gz_msgs_vendor:/opt/ros/jazzy/opt/gz_common_vendor:/opt/ros/jazzy/opt/gz_math_vendor:/opt/ros/jazzy/opt/gz_utils_vendor:/opt/ros/jazzy/opt/gz_tools_vendor:/opt/ros/jazzy/opt/gz_ogre_next_vendor:/opt/ros/jazzy/opt/gz_dartsim_vendor:/opt/ros/jazzy/opt/gz_cmake_vendor:/opt/ros/jazzy: DEBUGINFOD_URLS=https://debuginfod.ubuntu.com LD_LIBRARY_PATH=/home/rakesh/practice/install/champ_msgs/lib:/home/rakesh/practice/install/champ_base/lib:/opt/ros/jazzy/opt/gz_sim_vendor/lib:/opt/ros/jazzy/opt/gz_sensors_vendor/lib:/opt/ros/jazzy/opt/gz_physics_vendor/lib:/opt/ros/jazzy/opt/sdformat_vendor/lib:/opt/ros/jazzy/opt/rviz_ogre_vendor/lib:/opt/ros/jazzy/lib/x86_64-linux-gnu:/opt/ros/jazzy/opt/gz_gui_vendor/lib:/opt/ros/jazzy/opt/gz_transport_vendor/lib:/opt/ros/jazzy/opt/gz_rendering_vendor/lib:/opt/ros/jazzy/opt/gz_plugin_vendor/lib:/opt/ros/jazzy/opt/gz_fuel_tools_vendor/lib:/opt/ros/jazzy/opt/gz_msgs_vendor/lib:/opt/ros/jazzy/opt/gz_common_vendor/lib:/opt/ros/jazzy/opt/gz_math_vendor/lib:/opt/ros/jazzy/opt/gz_utils_vendor/lib:/opt/ros/jazzy/opt/gz_tools_vendor/lib:/opt/ros/jazzy/opt/gz_ogre_next_vendor/lib:/opt/ros/jazzy/opt/gz_dartsim_vendor/lib:/opt/ros/jazzy/opt/gz_cmake_vendor/lib:/opt/ros/jazzy/lib:/opt/ros/jazzy/lib:/opt/unitree_robotics/lib /usr/bin/cmake --build /home/rakesh/practice/build/champ_base -- -j12 -l12
[1.494s] DEBUG:colcon.colcon_core.event_handler.log_command:Invoked command in '/home/rakesh/practice/build/champ_base' returned '0': CMAKE_PREFIX_PATH=/home/rakesh/practice/install/champ_msgs:/home/rakesh/practice/install/champ:/home/rakesh/practice/install/unitree_go2_sim:/home/rakesh/practice/install/unitree_go2_description:/home/rakesh/practice/install/champ_base:/opt/ros/jazzy/opt/gz_sim_vendor:/opt/ros/jazzy/opt/gz_sensors_vendor:/opt/ros/jazzy/opt/gz_physics_vendor:/opt/ros/jazzy/opt/sdformat_vendor:/opt/ros/jazzy/opt/gz_gui_vendor:/opt/ros/jazzy/opt/gz_transport_vendor:/opt/ros/jazzy/opt/gz_rendering_vendor:/opt/ros/jazzy/opt/gz_plugin_vendor:/opt/ros/jazzy/opt/gz_fuel_tools_vendor:/opt/ros/jazzy/opt/gz_msgs_vendor:/opt/ros/jazzy/opt/gz_common_vendor:/opt/ros/jazzy/opt/gz_math_vendor:/opt/ros/jazzy/opt/gz_utils_vendor:/opt/ros/jazzy/opt/gz_tools_vendor:/opt/ros/jazzy/opt/gz_ogre_next_vendor:/opt/ros/jazzy/opt/gz_dartsim_vendor:/opt/ros/jazzy/opt/gz_cmake_vendor:/opt/ros/jazzy: DEBUGINFOD_URLS=https://debuginfod.ubuntu.com LD_LIBRARY_PATH=/home/rakesh/practice/install/champ_msgs/lib:/home/rakesh/practice/install/champ_base/lib:/opt/ros/jazzy/opt/gz_sim_vendor/lib:/opt/ros/jazzy/opt/gz_sensors_vendor/lib:/opt/ros/jazzy/opt/gz_physics_vendor/lib:/opt/ros/jazzy/opt/sdformat_vendor/lib:/opt/ros/jazzy/opt/rviz_ogre_vendor/lib:/opt/ros/jazzy/lib/x86_64-linux-gnu:/opt/ros/jazzy/opt/gz_gui_vendor/lib:/opt/ros/jazzy/opt/gz_transport_vendor/lib:/opt/ros/jazzy/opt/gz_rendering_vendor/lib:/opt/ros/jazzy/opt/gz_plugin_vendor/lib:/opt/ros/jazzy/opt/gz_fuel_tools_vendor/lib:/opt/ros/jazzy/opt/gz_msgs_vendor/lib:/opt/ros/jazzy/opt/gz_common_vendor/lib:/opt/ros/jazzy/opt/gz_math_vendor/lib:/opt/ros/jazzy/opt/gz_utils_vendor/lib:/opt/ros/jazzy/opt/gz_tools_vendor/lib:/opt/ros/jazzy/opt/gz_ogre_next_vendor/lib:/opt/ros/jazzy/opt/gz_dartsim_vendor/lib:/opt/ros/jazzy/opt/gz_cmake_vendor/lib:/opt/ros/jazzy/lib:/opt/ros/jazzy/lib:/opt/unitree_robotics/lib /usr/bin/cmake --build /home/rakesh/practice/build/champ_base -- -j12 -l12
[1.495s] DEBUG:colcon.colcon_core.event_handler.log_command:Invoking command in '/home/rakesh/practice/build/champ_base': CMAKE_PREFIX_PATH=/home/rakesh/practice/install/champ_msgs:/home/rakesh/practice/install/champ:/home/rakesh/practice/install/unitree_go2_sim:/home/rakesh/practice/install/unitree_go2_description:/home/rakesh/practice/install/champ_base:/opt/ros/jazzy/opt/gz_sim_vendor:/opt/ros/jazzy/opt/gz_sensors_vendor:/opt/ros/jazzy/opt/gz_physics_vendor:/opt/ros/jazzy/opt/sdformat_vendor:/opt/ros/jazzy/opt/gz_gui_vendor:/opt/ros/jazzy/opt/gz_transport_vendor:/opt/ros/jazzy/opt/gz_rendering_vendor:/opt/ros/jazzy/opt/gz_plugin_vendor:/opt/ros/jazzy/opt/gz_fuel_tools_vendor:/opt/ros/jazzy/opt/gz_msgs_vendor:/opt/ros/jazzy/opt/gz_common_vendor:/opt/ros/jazzy/opt/gz_math_vendor:/opt/ros/jazzy/opt/gz_utils_vendor:/opt/ros/jazzy/opt/gz_tools_vendor:/opt/ros/jazzy/opt/gz_ogre_next_vendor:/opt/ros/jazzy/opt/gz_dartsim_vendor:/opt/ros/jazzy/opt/gz_cmake_vendor:/opt/ros/jazzy: DEBUGINFOD_URLS=https://debuginfod.ubuntu.com LD_LIBRARY_PATH=/home/rakesh/practice/install/champ_msgs/lib:/home/rakesh/practice/install/champ_base/lib:/opt/ros/jazzy/opt/gz_sim_vendor/lib:/opt/ros/jazzy/opt/gz_sensors_vendor/lib:/opt/ros/jazzy/opt/gz_physics_vendor/lib:/opt/ros/jazzy/opt/sdformat_vendor/lib:/opt/ros/jazzy/opt/rviz_ogre_vendor/lib:/opt/ros/jazzy/lib/x86_64-linux-gnu:/opt/ros/jazzy/opt/gz_gui_vendor/lib:/opt/ros/jazzy/opt/gz_transport_vendor/lib:/opt/ros/jazzy/opt/gz_rendering_vendor/lib:/opt/ros/jazzy/opt/gz_plugin_vendor/lib:/opt/ros/jazzy/opt/gz_fuel_tools_vendor/lib:/opt/ros/jazzy/opt/gz_msgs_vendor/lib:/opt/ros/jazzy/opt/gz_common_vendor/lib:/opt/ros/jazzy/opt/gz_math_vendor/lib:/opt/ros/jazzy/opt/gz_utils_vendor/lib:/opt/ros/jazzy/opt/gz_tools_vendor/lib:/opt/ros/jazzy/opt/gz_ogre_next_vendor/lib:/opt/ros/jazzy/opt/gz_dartsim_vendor/lib:/opt/ros/jazzy/opt/gz_cmake_vendor/lib:/opt/ros/jazzy/lib:/opt/ros/jazzy/lib:/opt/unitree_robotics/lib /usr/bin/cmake --install /home/rakesh/practice/build/champ_base
[1.515s] Level 1:colcon.colcon_core.environment:create_environment_scripts_only(champ_base)
[1.515s] Level 1:colcon.colcon_core.environment:checking '/home/rakesh/practice/install/champ_base' for CMake module files
[1.516s] DEBUG:colcon.colcon_core.event_handler.log_command:Invoked command in '/home/rakesh/practice/build/champ_base' returned '0': CMAKE_PREFIX_PATH=/home/rakesh/practice/install/champ_msgs:/home/rakesh/practice/install/champ:/home/rakesh/practice/install/unitree_go2_sim:/home/rakesh/practice/install/unitree_go2_description:/home/rakesh/practice/install/champ_base:/opt/ros/jazzy/opt/gz_sim_vendor:/opt/ros/jazzy/opt/gz_sensors_vendor:/opt/ros/jazzy/opt/gz_physics_vendor:/opt/ros/jazzy/opt/sdformat_vendor:/opt/ros/jazzy/opt/gz_gui_vendor:/opt/ros/jazzy/opt/gz_transport_vendor:/opt/ros/jazzy/opt/gz_rendering_vendor:/opt/ros/jazzy/opt/gz_plugin_vendor:/opt/ros/jazzy/opt/gz_fuel_tools_vendor:/opt/ros/jazzy/opt/gz_msgs_vendor:/opt/ros/jazzy/opt/gz_common_vendor:/opt/ros/jazzy/opt/gz_math_vendor:/opt/ros/jazzy/opt/gz_utils_vendor:/opt/ros/jazzy/opt/gz_tools_vendor:/opt/ros/jazzy/opt/gz_ogre_next_vendor:/opt/ros/jazzy/opt/gz_dartsim_vendor:/opt/ros/jazzy/opt/gz_cmake_vendor:/opt/ros/jazzy: DEBUGINFOD_URLS=https://debuginfod.ubuntu.com LD_LIBRARY_PATH=/home/rakesh/practice/install/champ_msgs/lib:/home/rakesh/practice/install/champ_base/lib:/opt/ros/jazzy/opt/gz_sim_vendor/lib:/opt/ros/jazzy/opt/gz_sensors_vendor/lib:/opt/ros/jazzy/opt/gz_physics_vendor/lib:/opt/ros/jazzy/opt/sdformat_vendor/lib:/opt/ros/jazzy/opt/rviz_ogre_vendor/lib:/opt/ros/jazzy/lib/x86_64-linux-gnu:/opt/ros/jazzy/opt/gz_gui_vendor/lib:/opt/ros/jazzy/opt/gz_transport_vendor/lib:/opt/ros/jazzy/opt/gz_rendering_vendor/lib:/opt/ros/jazzy/opt/gz_plugin_vendor/lib:/opt/ros/jazzy/opt/gz_fuel_tools_vendor/lib:/opt/ros/jazzy/opt/gz_msgs_vendor/lib:/opt/ros/jazzy/opt/gz_common_vendor/lib:/opt/ros/jazzy/opt/gz_math_vendor/lib:/opt/ros/jazzy/opt/gz_utils_vendor/lib:/opt/ros/jazzy/opt/gz_tools_vendor/lib:/opt/ros/jazzy/opt/gz_ogre_next_vendor/lib:/opt/ros/jazzy/opt/gz_dartsim_vendor/lib:/opt/ros/jazzy/opt/gz_cmake_vendor/lib:/opt/ros/jazzy/lib:/opt/ros/jazzy/lib:/opt/unitree_robotics/lib /usr/bin/cmake --install /home/rakesh/practice/build/champ_base
[1.517s] Level 1:colcon.colcon_core.environment:checking '/home/rakesh/practice/install/champ_base' for CMake config files
[1.517s] Level 1:colcon.colcon_core.shell:create_environment_hook('champ_base', 'cmake_prefix_path')
[1.517s] INFO:colcon.colcon_core.shell:Creating environment hook '/home/rakesh/practice/install/champ_base/share/champ_base/hook/cmake_prefix_path.ps1'
[1.518s] INFO:colcon.colcon_core.shell:Creating environment descriptor '/home/rakesh/practice/install/champ_base/share/champ_base/hook/cmake_prefix_path.dsv'
[1.518s] INFO:colcon.colcon_core.shell:Creating environment hook '/home/rakesh/practice/install/champ_base/share/champ_base/hook/cmake_prefix_path.sh'
[1.518s] Level 1:colcon.colcon_core.environment:checking '/home/rakesh/practice/install/champ_base/lib'
[1.518s] Level 1:colcon.colcon_core.shell:create_environment_hook('champ_base', 'ld_library_path_lib')
[1.519s] INFO:colcon.colcon_core.shell:Creating environment hook '/home/rakesh/practice/install/champ_base/share/champ_base/hook/ld_library_path_lib.ps1'
[1.519s] INFO:colcon.colcon_core.shell:Creating environment descriptor '/home/rakesh/practice/install/champ_base/share/champ_base/hook/ld_library_path_lib.dsv'
[1.519s] INFO:colcon.colcon_core.shell:Creating environment hook '/home/rakesh/practice/install/champ_base/share/champ_base/hook/ld_library_path_lib.sh'
[1.520s] Level 1:colcon.colcon_core.environment:checking '/home/rakesh/practice/install/champ_base/bin'
[1.520s] Level 1:colcon.colcon_core.shell:create_environment_hook('champ_base', 'path')
[1.520s] INFO:colcon.colcon_core.shell:Creating environment hook '/home/rakesh/practice/install/champ_base/share/champ_base/hook/path.ps1'
[1.520s] INFO:colcon.colcon_core.shell:Creating environment descriptor '/home/rakesh/practice/install/champ_base/share/champ_base/hook/path.dsv'
[1.520s] INFO:colcon.colcon_core.shell:Creating environment hook '/home/rakesh/practice/install/champ_base/share/champ_base/hook/path.sh'
[1.521s] Level 1:colcon.colcon_core.environment:checking '/home/rakesh/practice/install/champ_base/lib/pkgconfig/champ_base.pc'
[1.521s] Level 1:colcon.colcon_core.environment:checking '/home/rakesh/practice/install/champ_base/lib/python3.12/site-packages'
[1.521s] Level 1:colcon.colcon_core.environment:checking '/home/rakesh/practice/install/champ_base/bin'
[1.521s] Level 1:colcon.colcon_core.shell:create_environment_hook('champ_base', 'pythonscriptspath')
[1.522s] INFO:colcon.colcon_core.shell:Creating environment hook '/home/rakesh/practice/install/champ_base/share/champ_base/hook/pythonscriptspath.ps1'
[1.522s] INFO:colcon.colcon_core.shell:Creating environment descriptor '/home/rakesh/practice/install/champ_base/share/champ_base/hook/pythonscriptspath.dsv'
[1.522s] INFO:colcon.colcon_core.shell:Creating environment hook '/home/rakesh/practice/install/champ_base/share/champ_base/hook/pythonscriptspath.sh'
[1.523s] INFO:colcon.colcon_core.shell:Creating package script '/home/rakesh/practice/install/champ_base/share/champ_base/package.ps1'
[1.523s] INFO:colcon.colcon_core.shell:Creating package descriptor '/home/rakesh/practice/install/champ_base/share/champ_base/package.dsv'
[1.524s] INFO:colcon.colcon_core.shell:Creating package script '/home/rakesh/practice/install/champ_base/share/champ_base/package.sh'
[1.524s] INFO:colcon.colcon_core.shell:Creating package script '/home/rakesh/practice/install/champ_base/share/champ_base/package.bash'
[1.525s] INFO:colcon.colcon_core.shell:Creating package script '/home/rakesh/practice/install/champ_base/share/champ_base/package.zsh'
[1.525s] Level 1:colcon.colcon_core.environment:create_file_with_runtime_dependencies(/home/rakesh/practice/install/champ_base/share/colcon-core/packages/champ_base)
[1.525s] Level 1:colcon.colcon_core.environment:create_environment_scripts_only(champ_base)
[1.526s] Level 1:colcon.colcon_core.environment:checking '/home/rakesh/practice/install/champ_base' for CMake module files
[1.526s] Level 1:colcon.colcon_core.environment:checking '/home/rakesh/practice/install/champ_base' for CMake config files
[1.526s] Level 1:colcon.colcon_core.shell:create_environment_hook('champ_base', 'cmake_prefix_path')
[1.526s] INFO:colcon.colcon_core.shell:Creating environment hook '/home/rakesh/practice/install/champ_base/share/champ_base/hook/cmake_prefix_path.ps1'
[1.527s] INFO:colcon.colcon_core.shell:Creating environment descriptor '/home/rakesh/practice/install/champ_base/share/champ_base/hook/cmake_prefix_path.dsv'
[1.527s] INFO:colcon.colcon_core.shell:Creating environment hook '/home/rakesh/practice/install/champ_base/share/champ_base/hook/cmake_prefix_path.sh'
[1.528s] Level 1:colcon.colcon_core.environment:checking '/home/rakesh/practice/install/champ_base/lib'
[1.528s] Level 1:colcon.colcon_core.shell:create_environment_hook('champ_base', 'ld_library_path_lib')
[1.528s] INFO:colcon.colcon_core.shell:Creating environment hook '/home/rakesh/practice/install/champ_base/share/champ_base/hook/ld_library_path_lib.ps1'
[1.528s] INFO:colcon.colcon_core.shell:Creating environment descriptor '/home/rakesh/practice/install/champ_base/share/champ_base/hook/ld_library_path_lib.dsv'
[1.529s] INFO:colcon.colcon_core.shell:Creating environment hook '/home/rakesh/practice/install/champ_base/share/champ_base/hook/ld_library_path_lib.sh'
[1.529s] Level 1:colcon.colcon_core.environment:checking '/home/rakesh/practice/install/champ_base/bin'
[1.529s] Level 1:colcon.colcon_core.shell:create_environment_hook('champ_base', 'path')
[1.529s] INFO:colcon.colcon_core.shell:Creating environment hook '/home/rakesh/practice/install/champ_base/share/champ_base/hook/path.ps1'
[1.530s] INFO:colcon.colcon_core.shell:Creating environment descriptor '/home/rakesh/practice/install/champ_base/share/champ_base/hook/path.dsv'
[1.530s] INFO:colcon.colcon_core.shell:Creating environment hook '/home/rakesh/practice/install/champ_base/share/champ_base/hook/path.sh'
[1.530s] Level 1:colcon.colcon_core.environment:checking '/home/rakesh/practice/install/champ_base/lib/pkgconfig/champ_base.pc'
[1.530s] Level 1:colcon.colcon_core.environment:checking '/home/rakesh/practice/install/champ_base/lib/python3.12/site-packages'
[1.531s] Level 1:colcon.colcon_core.environment:checking '/home/rakesh/practice/install/champ_base/bin'
[1.531s] Level 1:colcon.colcon_core.shell:create_environment_hook('champ_base', 'pythonscriptspath')
[1.531s] INFO:colcon.colcon_core.shell:Creating environment hook '/home/rakesh/practice/install/champ_base/share/champ_base/hook/pythonscriptspath.ps1'
[1.531s] INFO:colcon.colcon_core.shell:Creating environment descriptor '/home/rakesh/practice/install/champ_base/share/champ_base/hook/pythonscriptspath.dsv'
[1.532s] INFO:colcon.colcon_core.shell:Creating environment hook '/home/rakesh/practice/install/champ_base/share/champ_base/hook/pythonscriptspath.sh'
[1.532s] INFO:colcon.colcon_core.shell:Creating package script '/home/rakesh/practice/install/champ_base/share/champ_base/package.ps1'
[1.533s] INFO:colcon.colcon_core.shell:Creating package descriptor '/home/rakesh/practice/install/champ_base/share/champ_base/package.dsv'
[1.534s] INFO:colcon.colcon_core.shell:Creating package script '/home/rakesh/practice/install/champ_base/share/champ_base/package.sh'
[1.534s] INFO:colcon.colcon_core.shell:Creating package script '/home/rakesh/practice/install/champ_base/share/champ_base/package.bash'
[1.534s] INFO:colcon.colcon_core.shell:Creating package script '/home/rakesh/practice/install/champ_base/share/champ_base/package.zsh'
[1.535s] Level 1:colcon.colcon_core.environment:create_file_with_runtime_dependencies(/home/rakesh/practice/install/champ_base/share/colcon-core/packages/champ_base)
[1.535s] DEBUG:colcon.colcon_parallel_executor.executor.parallel:closing loop
[1.535s] DEBUG:colcon.colcon_parallel_executor.executor.parallel:loop closed
[1.535s] DEBUG:colcon.colcon_parallel_executor.executor.parallel:run_until_complete finished with '0'
[1.535s] DEBUG:colcon.colcon_core.event_reactor:joining thread
[1.550s] INFO:colcon.colcon_core.plugin_system:Skipping extension 'colcon_notification.desktop_notification.terminal_notifier': Not used on non-Darwin systems
[1.550s] INFO:colcon.colcon_core.plugin_system:Skipping extension 'colcon_notification.desktop_notification.win32': Not used on non-Windows systems
[1.550s] INFO:colcon.colcon_notification.desktop_notification:Sending desktop notification using 'notify2'
[1.567s] DEBUG:colcon.colcon_core.event_reactor:joined thread
[1.568s] INFO:colcon.colcon_core.shell:Creating prefix script '/home/rakesh/practice/install/local_setup.ps1'
[1.570s] INFO:colcon.colcon_core.shell:Creating prefix util module '/home/rakesh/practice/install/_local_setup_util_ps1.py'
[1.572s] INFO:colcon.colcon_core.shell:Creating prefix chain script '/home/rakesh/practice/install/setup.ps1'
[1.573s] INFO:colcon.colcon_core.shell:Creating prefix script '/home/rakesh/practice/install/local_setup.sh'
[1.574s] INFO:colcon.colcon_core.shell:Creating prefix util module '/home/rakesh/practice/install/_local_setup_util_sh.py'
[1.575s] INFO:colcon.colcon_core.shell:Creating prefix chain script '/home/rakesh/practice/install/setup.sh'
[1.578s] INFO:colcon.colcon_core.shell:Creating prefix script '/home/rakesh/practice/install/local_setup.bash'
[1.579s] INFO:colcon.colcon_core.shell:Creating prefix chain script '/home/rakesh/practice/install/setup.bash'
[1.581s] INFO:colcon.colcon_core.shell:Creating prefix script '/home/rakesh/practice/install/local_setup.zsh'
[1.582s] INFO:colcon.colcon_core.shell:Creating prefix chain script '/home/rakesh/practice/install/setup.zsh'
