[0.021s] Invoking command in '/home/rakesh/practice/build/champ_msgs': CMAKE_PREFIX_PATH=${CMAKE_PREFIX_PATH}:/opt/ros/jazzy: DEBUGINFOD_URLS=https://debuginfod.ubuntu.com /usr/bin/cmake --build /home/rakesh/practice/build/champ_msgs -- -j12 -l12
[0.101s] -- Found ament_cmake: 2.5.4 (/opt/ros/jazzy/share/ament_cmake/cmake)
[0.133s] -- Found Python3: /usr/bin/python3 (found version "3.12.3") found components: Interpreter 
[0.241s] -- Found rosidl_default_generators: 1.6.0 (/opt/ros/jazzy/share/rosidl_default_generators/cmake)
[0.246s] -- Using all available rosidl_typesupport_c: rosidl_typesupport_fastrtps_c;rosidl_typesupport_introspection_c
[0.302s] -- Using all available rosidl_typesupport_cpp: rosidl_typesupport_fastrtps_cpp;rosidl_typesupport_introspection_cpp
[0.344s] -- Found rosidl_adapter: 4.6.6 (/opt/ros/jazzy/share/rosidl_adapter/cmake)
[0.348s] -- Found std_msgs: 5.3.6 (/opt/ros/jazzy/share/std_msgs/cmake)
[0.384s] -- Found geometry_msgs: 5.3.6 (/opt/ros/jazzy/share/geometry_msgs/cmake)
[0.784s] -- Found ament_cmake_ros: 0.12.0 (/opt/ros/jazzy/share/ament_cmake_ros/cmake)
[0.982s] -- Using all available rosidl_typesupport_c: rosidl_typesupport_fastrtps_c;rosidl_typesupport_introspection_c
[1.241s] -- Using all available rosidl_typesupport_cpp: rosidl_typesupport_fastrtps_cpp;rosidl_typesupport_introspection_cpp
[1.243s] -- Found python_cmake_module: 0.11.1 (/opt/ros/jazzy/share/python_cmake_module/cmake)
[1.583s] -- Found Python3: /usr/bin/python3 (found version "3.12.3") found components: Interpreter Development NumPy Development.Module Development.Embed 
[1.627s] -- Found ament_lint_auto: 0.17.3 (/opt/ros/jazzy/share/ament_lint_auto/cmake)
[1.637s] -- Configuring done (1.5s)
[1.714s] -- Generating done (0.1s)
[1.729s] -- Build files have been written to: /home/rakesh/practice/build/champ_msgs
[1.792s] [  1%] Built target champ_msgs__rosidl_generator_type_description
[1.798s] [  1%] Built target ament_cmake_python_copy_champ_msgs
[1.943s] [  1%] Built target champ_msgs__cpp
[1.969s] [  5%] [32mBuilding C object CMakeFiles/champ_msgs__rosidl_generator_c.dir/rosidl_generator_c/champ_msgs/msg/detail/velocities__description.c.o[0m
[1.969s] [  5%] [32mBuilding C object CMakeFiles/champ_msgs__rosidl_generator_c.dir/rosidl_generator_c/champ_msgs/msg/detail/velocities__type_support.c.o[0m
[1.969s] [  5%] [32mBuilding C object CMakeFiles/champ_msgs__rosidl_generator_c.dir/rosidl_generator_c/champ_msgs/msg/detail/pid__description.c.o[0m
[1.969s] [  5%] [32mBuilding C object CMakeFiles/champ_msgs__rosidl_generator_c.dir/rosidl_generator_c/champ_msgs/msg/detail/pid__functions.c.o[0m
[1.970s] [  5%] [32mBuilding C object CMakeFiles/champ_msgs__rosidl_generator_c.dir/rosidl_generator_c/champ_msgs/msg/detail/pid__type_support.c.o[0m
[1.972s] [  6%] [32mBuilding C object CMakeFiles/champ_msgs__rosidl_generator_c.dir/rosidl_generator_c/champ_msgs/msg/detail/velocities__functions.c.o[0m
[1.972s] [  9%] [32mBuilding C object CMakeFiles/champ_msgs__rosidl_generator_c.dir/rosidl_generator_c/champ_msgs/msg/detail/imu__functions.c.o[0m
[1.973s] [  9%] [32mBuilding C object CMakeFiles/champ_msgs__rosidl_generator_c.dir/rosidl_generator_c/champ_msgs/msg/detail/point__description.c.o[0m
[1.973s] [  9%] [32mBuilding C object CMakeFiles/champ_msgs__rosidl_generator_c.dir/rosidl_generator_c/champ_msgs/msg/detail/imu__description.c.o[0m
[1.973s] [ 10%] [32mBuilding C object CMakeFiles/champ_msgs__rosidl_generator_c.dir/rosidl_generator_c/champ_msgs/msg/detail/imu__type_support.c.o[0m
[1.977s] [ 11%] [32mBuilding C object CMakeFiles/champ_msgs__rosidl_generator_c.dir/rosidl_generator_c/champ_msgs/msg/detail/point__functions.c.o[0m
[2.065s] [ 13%] [32mBuilding C object CMakeFiles/champ_msgs__rosidl_generator_c.dir/rosidl_generator_c/champ_msgs/msg/detail/point_array__functions.c.o[0m
[2.065s] [ 13%] [32mBuilding C object CMakeFiles/champ_msgs__rosidl_generator_c.dir/rosidl_generator_c/champ_msgs/msg/detail/point_array__description.c.o[0m
[2.065s] [ 13%] [32mBuilding C object CMakeFiles/champ_msgs__rosidl_generator_c.dir/rosidl_generator_c/champ_msgs/msg/detail/point__type_support.c.o[0m
[2.090s] [ 14%] [32mBuilding C object CMakeFiles/champ_msgs__rosidl_generator_c.dir/rosidl_generator_c/champ_msgs/msg/detail/joints__description.c.o[0m
[2.091s] [ 15%] [32mBuilding C object CMakeFiles/champ_msgs__rosidl_generator_c.dir/rosidl_generator_c/champ_msgs/msg/detail/point_array__type_support.c.o[0m
[2.091s] [ 16%] [32mBuilding C object CMakeFiles/champ_msgs__rosidl_generator_c.dir/rosidl_generator_c/champ_msgs/msg/detail/joints__type_support.c.o[0m
[2.091s] [ 17%] [32mBuilding C object CMakeFiles/champ_msgs__rosidl_generator_c.dir/rosidl_generator_c/champ_msgs/msg/detail/joints__functions.c.o[0m
[2.110s] [ 19%] [32mBuilding C object CMakeFiles/champ_msgs__rosidl_generator_c.dir/rosidl_generator_c/champ_msgs/msg/detail/contacts__description.c.o[0m
[2.111s] [ 19%] [32mBuilding C object CMakeFiles/champ_msgs__rosidl_generator_c.dir/rosidl_generator_c/champ_msgs/msg/detail/contacts__functions.c.o[0m
[2.112s] [ 20%] [32mBuilding C object CMakeFiles/champ_msgs__rosidl_generator_c.dir/rosidl_generator_c/champ_msgs/msg/detail/contacts__type_support.c.o[0m
[2.114s] [ 20%] [32mBuilding C object CMakeFiles/champ_msgs__rosidl_generator_c.dir/rosidl_generator_c/champ_msgs/msg/detail/contacts_stamped__description.c.o[0m
[2.120s] [ 21%] [32mBuilding C object CMakeFiles/champ_msgs__rosidl_generator_c.dir/rosidl_generator_c/champ_msgs/msg/detail/contacts_stamped__functions.c.o[0m
[2.133s] [ 22%] [32mBuilding C object CMakeFiles/champ_msgs__rosidl_generator_c.dir/rosidl_generator_c/champ_msgs/msg/detail/contacts_stamped__type_support.c.o[0m
[2.146s] [ 24%] [32mBuilding C object CMakeFiles/champ_msgs__rosidl_generator_c.dir/rosidl_generator_c/champ_msgs/msg/detail/pose__description.c.o[0m
[2.146s] [ 24%] [32mBuilding C object CMakeFiles/champ_msgs__rosidl_generator_c.dir/rosidl_generator_c/champ_msgs/msg/detail/pose__functions.c.o[0m
[2.148s] [ 25%] [32mBuilding C object CMakeFiles/champ_msgs__rosidl_generator_c.dir/rosidl_generator_c/champ_msgs/msg/detail/pose__type_support.c.o[0m
[2.176s] running egg_info
[2.208s] writing champ_msgs.egg-info/PKG-INFO
[2.208s] writing dependency_links to champ_msgs.egg-info/dependency_links.txt
[2.208s] writing top-level names to champ_msgs.egg-info/top_level.txt
[2.211s] [ 26%] [32m[1mLinking C shared library libchamp_msgs__rosidl_generator_c.so[0m
[2.278s] [ 27%] Built target champ_msgs__rosidl_generator_c
[2.306s] reading manifest file 'champ_msgs.egg-info/SOURCES.txt'
[2.308s] writing manifest file 'champ_msgs.egg-info/SOURCES.txt'
[2.345s] [ 28%] [32mBuilding CXX object CMakeFiles/champ_msgs__rosidl_typesupport_c.dir/rosidl_typesupport_c/champ_msgs/msg/velocities__type_support.cpp.o[0m
[2.346s] [ 29%] [32mBuilding CXX object CMakeFiles/champ_msgs__rosidl_typesupport_c.dir/rosidl_typesupport_c/champ_msgs/msg/pid__type_support.cpp.o[0m
[2.353s] [ 29%] [32mBuilding CXX object CMakeFiles/champ_msgs__rosidl_typesupport_fastrtps_c.dir/rosidl_typesupport_fastrtps_c/champ_msgs/msg/detail/velocities__type_support_c.cpp.o[0m
[2.353s] [ 30%] [32mBuilding CXX object CMakeFiles/champ_msgs__rosidl_typesupport_cpp.dir/rosidl_typesupport_cpp/champ_msgs/msg/velocities__type_support.cpp.o[0m
[2.355s] [ 32%] [32mBuilding CXX object CMakeFiles/champ_msgs__rosidl_typesupport_c.dir/rosidl_typesupport_c/champ_msgs/msg/point__type_support.cpp.o[0m
[2.355s] [ 32%] [32mBuilding CXX object CMakeFiles/champ_msgs__rosidl_typesupport_c.dir/rosidl_typesupport_c/champ_msgs/msg/imu__type_support.cpp.o[0m
[2.359s] [ 33%] [32mBuilding CXX object CMakeFiles/champ_msgs__rosidl_typesupport_c.dir/rosidl_typesupport_c/champ_msgs/msg/point_array__type_support.cpp.o[0m
[2.364s] [ 34%] [32mBuilding CXX object CMakeFiles/champ_msgs__rosidl_typesupport_fastrtps_c.dir/rosidl_typesupport_fastrtps_c/champ_msgs/msg/detail/pid__type_support_c.cpp.o[0m
[2.392s] [ 35%] Built target ament_cmake_python_build_champ_msgs_egg
[2.392s] [ 35%] [32mBuilding CXX object CMakeFiles/champ_msgs__rosidl_typesupport_fastrtps_cpp.dir/rosidl_typesupport_fastrtps_cpp/champ_msgs/msg/detail/dds_fastrtps/velocities__type_support.cpp.o[0m
[2.394s] [ 36%] [32mBuilding CXX object CMakeFiles/champ_msgs__rosidl_typesupport_introspection_cpp.dir/rosidl_typesupport_introspection_cpp/champ_msgs/msg/detail/velocities__type_support.cpp.o[0m
[2.408s] [ 37%] [32mBuilding CXX object CMakeFiles/champ_msgs__rosidl_typesupport_fastrtps_cpp.dir/rosidl_typesupport_fastrtps_cpp/champ_msgs/msg/detail/dds_fastrtps/pid__type_support.cpp.o[0m
[2.414s] [ 38%] [32mBuilding C object CMakeFiles/champ_msgs__rosidl_typesupport_introspection_c.dir/rosidl_typesupport_introspection_c/champ_msgs/msg/detail/velocities__type_support.c.o[0m
[2.469s] [ 39%] [32mBuilding C object CMakeFiles/champ_msgs__rosidl_typesupport_introspection_c.dir/rosidl_typesupport_introspection_c/champ_msgs/msg/detail/pid__type_support.c.o[0m
[2.484s] [ 42%] [32mBuilding CXX object CMakeFiles/champ_msgs__rosidl_typesupport_fastrtps_cpp.dir/rosidl_typesupport_fastrtps_cpp/champ_msgs/msg/detail/dds_fastrtps/imu__type_support.cpp.o[0m
[2.484s] [ 42%] [32mBuilding CXX object CMakeFiles/champ_msgs__rosidl_typesupport_fastrtps_c.dir/rosidl_typesupport_fastrtps_c/champ_msgs/msg/detail/imu__type_support_c.cpp.o[0m
[2.484s] [ 42%] [32mBuilding C object CMakeFiles/champ_msgs__rosidl_typesupport_introspection_c.dir/rosidl_typesupport_introspection_c/champ_msgs/msg/detail/imu__type_support.c.o[0m
[2.484s] [ 42%] [32mBuilding CXX object CMakeFiles/champ_msgs__rosidl_typesupport_cpp.dir/rosidl_typesupport_cpp/champ_msgs/msg/pid__type_support.cpp.o[0m
[2.485s] [ 42%] [32mBuilding CXX object CMakeFiles/champ_msgs__rosidl_typesupport_c.dir/rosidl_typesupport_c/champ_msgs/msg/joints__type_support.cpp.o[0m
[2.542s] [ 43%] [32mBuilding CXX object CMakeFiles/champ_msgs__rosidl_typesupport_cpp.dir/rosidl_typesupport_cpp/champ_msgs/msg/imu__type_support.cpp.o[0m
[2.558s] [ 44%] [32mBuilding C object CMakeFiles/champ_msgs__rosidl_typesupport_introspection_c.dir/rosidl_typesupport_introspection_c/champ_msgs/msg/detail/point__type_support.c.o[0m
[2.574s] [ 45%] [32mBuilding CXX object CMakeFiles/champ_msgs__rosidl_typesupport_c.dir/rosidl_typesupport_c/champ_msgs/msg/contacts__type_support.cpp.o[0m
[2.636s] [ 46%] [32mBuilding C object CMakeFiles/champ_msgs__rosidl_typesupport_introspection_c.dir/rosidl_typesupport_introspection_c/champ_msgs/msg/detail/point_array__type_support.c.o[0m
[2.657s] [ 47%] [32mBuilding CXX object CMakeFiles/champ_msgs__rosidl_typesupport_c.dir/rosidl_typesupport_c/champ_msgs/msg/contacts_stamped__type_support.cpp.o[0m
[2.724s] [ 48%] [32mBuilding C object CMakeFiles/champ_msgs__rosidl_typesupport_introspection_c.dir/rosidl_typesupport_introspection_c/champ_msgs/msg/detail/joints__type_support.c.o[0m
[2.743s] [ 49%] [32mBuilding CXX object CMakeFiles/champ_msgs__rosidl_typesupport_c.dir/rosidl_typesupport_c/champ_msgs/msg/pose__type_support.cpp.o[0m
[2.811s] [ 50%] [32mBuilding C object CMakeFiles/champ_msgs__rosidl_typesupport_introspection_c.dir/rosidl_typesupport_introspection_c/champ_msgs/msg/detail/contacts__type_support.c.o[0m
[2.822s] [ 51%] [32m[1mLinking CXX shared library libchamp_msgs__rosidl_typesupport_c.so[0m
[2.891s] [ 52%] [32mBuilding C object CMakeFiles/champ_msgs__rosidl_typesupport_introspection_c.dir/rosidl_typesupport_introspection_c/champ_msgs/msg/detail/contacts_stamped__type_support.c.o[0m
[2.892s] [ 52%] [32mBuilding CXX object CMakeFiles/champ_msgs__rosidl_typesupport_cpp.dir/rosidl_typesupport_cpp/champ_msgs/msg/point__type_support.cpp.o[0m
[2.917s] [ 53%] Built target champ_msgs__rosidl_typesupport_c
[2.917s] [ 54%] [32mBuilding CXX object CMakeFiles/champ_msgs__rosidl_typesupport_introspection_cpp.dir/rosidl_typesupport_introspection_cpp/champ_msgs/msg/detail/pid__type_support.cpp.o[0m
[2.938s] [ 55%] [32mBuilding CXX object CMakeFiles/champ_msgs__rosidl_typesupport_fastrtps_c.dir/rosidl_typesupport_fastrtps_c/champ_msgs/msg/detail/point__type_support_c.cpp.o[0m
[2.977s] [ 56%] [32mBuilding C object CMakeFiles/champ_msgs__rosidl_typesupport_introspection_c.dir/rosidl_typesupport_introspection_c/champ_msgs/msg/detail/pose__type_support.c.o[0m
[2.996s] [ 57%] [32mBuilding CXX object CMakeFiles/champ_msgs__rosidl_typesupport_fastrtps_c.dir/rosidl_typesupport_fastrtps_c/champ_msgs/msg/detail/point_array__type_support_c.cpp.o[0m
[3.052s] [ 58%] [32m[1mLinking C shared library libchamp_msgs__rosidl_typesupport_introspection_c.so[0m
[3.075s] [ 59%] [32mBuilding CXX object CMakeFiles/champ_msgs__rosidl_typesupport_fastrtps_c.dir/rosidl_typesupport_fastrtps_c/champ_msgs/msg/detail/joints__type_support_c.cpp.o[0m
[3.130s] [ 60%] Built target champ_msgs__rosidl_typesupport_introspection_c
[3.143s] [ 61%] [32mBuilding CXX object CMakeFiles/champ_msgs__rosidl_typesupport_fastrtps_cpp.dir/rosidl_typesupport_fastrtps_cpp/champ_msgs/msg/detail/dds_fastrtps/point__type_support.cpp.o[0m
[3.149s] [ 62%] [32mBuilding CXX object CMakeFiles/champ_msgs__rosidl_typesupport_cpp.dir/rosidl_typesupport_cpp/champ_msgs/msg/point_array__type_support.cpp.o[0m
[3.153s] [ 63%] [32mBuilding CXX object CMakeFiles/champ_msgs__rosidl_typesupport_introspection_cpp.dir/rosidl_typesupport_introspection_cpp/champ_msgs/msg/detail/imu__type_support.cpp.o[0m
[3.164s] [ 64%] [32mBuilding CXX object CMakeFiles/champ_msgs__rosidl_typesupport_fastrtps_c.dir/rosidl_typesupport_fastrtps_c/champ_msgs/msg/detail/contacts__type_support_c.cpp.o[0m
[3.166s] [ 65%] [32mBuilding CXX object CMakeFiles/champ_msgs__rosidl_typesupport_fastrtps_c.dir/rosidl_typesupport_fastrtps_c/champ_msgs/msg/detail/contacts_stamped__type_support_c.cpp.o[0m
[3.233s] [ 66%] [32mBuilding CXX object CMakeFiles/champ_msgs__rosidl_typesupport_cpp.dir/rosidl_typesupport_cpp/champ_msgs/msg/joints__type_support.cpp.o[0m
[3.277s] [ 66%] [32mBuilding CXX object CMakeFiles/champ_msgs__rosidl_typesupport_fastrtps_c.dir/rosidl_typesupport_fastrtps_c/champ_msgs/msg/detail/pose__type_support_c.cpp.o[0m
[3.398s] [ 67%] [32mBuilding CXX object CMakeFiles/champ_msgs__rosidl_typesupport_introspection_cpp.dir/rosidl_typesupport_introspection_cpp/champ_msgs/msg/detail/point__type_support.cpp.o[0m
[3.431s] [ 68%] [32mBuilding CXX object CMakeFiles/champ_msgs__rosidl_typesupport_fastrtps_cpp.dir/rosidl_typesupport_fastrtps_cpp/champ_msgs/msg/detail/dds_fastrtps/point_array__type_support.cpp.o[0m
[3.679s] [ 69%] [32mBuilding CXX object CMakeFiles/champ_msgs__rosidl_typesupport_cpp.dir/rosidl_typesupport_cpp/champ_msgs/msg/contacts__type_support.cpp.o[0m
[3.682s] [ 69%] [32mBuilding CXX object CMakeFiles/champ_msgs__rosidl_typesupport_fastrtps_cpp.dir/rosidl_typesupport_fastrtps_cpp/champ_msgs/msg/detail/dds_fastrtps/joints__type_support.cpp.o[0m
[3.702s] [ 70%] [32mBuilding CXX object CMakeFiles/champ_msgs__rosidl_typesupport_introspection_cpp.dir/rosidl_typesupport_introspection_cpp/champ_msgs/msg/detail/point_array__type_support.cpp.o[0m
[3.752s] [ 71%] [32mBuilding CXX object CMakeFiles/champ_msgs__rosidl_typesupport_fastrtps_cpp.dir/rosidl_typesupport_fastrtps_cpp/champ_msgs/msg/detail/dds_fastrtps/contacts__type_support.cpp.o[0m
[3.780s] [ 72%] [32mBuilding CXX object CMakeFiles/champ_msgs__rosidl_typesupport_introspection_cpp.dir/rosidl_typesupport_introspection_cpp/champ_msgs/msg/detail/joints__type_support.cpp.o[0m
[3.880s] [ 73%] [32mBuilding CXX object CMakeFiles/champ_msgs__rosidl_typesupport_cpp.dir/rosidl_typesupport_cpp/champ_msgs/msg/contacts_stamped__type_support.cpp.o[0m
[3.926s] [ 74%] [32mBuilding CXX object CMakeFiles/champ_msgs__rosidl_typesupport_fastrtps_cpp.dir/rosidl_typesupport_fastrtps_cpp/champ_msgs/msg/detail/dds_fastrtps/contacts_stamped__type_support.cpp.o[0m
[3.931s] [ 75%] [32mBuilding CXX object CMakeFiles/champ_msgs__rosidl_typesupport_introspection_cpp.dir/rosidl_typesupport_introspection_cpp/champ_msgs/msg/detail/contacts__type_support.cpp.o[0m
[3.935s] [ 77%] [32mBuilding CXX object CMakeFiles/champ_msgs__rosidl_typesupport_fastrtps_cpp.dir/rosidl_typesupport_fastrtps_cpp/champ_msgs/msg/detail/dds_fastrtps/pose__type_support.cpp.o[0m
[3.935s] [ 77%] [32mBuilding CXX object CMakeFiles/champ_msgs__rosidl_typesupport_cpp.dir/rosidl_typesupport_cpp/champ_msgs/msg/pose__type_support.cpp.o[0m
[4.055s] [ 78%] [32m[1mLinking CXX shared library libchamp_msgs__rosidl_typesupport_fastrtps_c.so[0m
[4.192s] [ 79%] [32mBuilding CXX object CMakeFiles/champ_msgs__rosidl_typesupport_introspection_cpp.dir/rosidl_typesupport_introspection_cpp/champ_msgs/msg/detail/contacts_stamped__type_support.cpp.o[0m
[4.193s] [ 79%] Built target champ_msgs__rosidl_typesupport_fastrtps_c
[4.215s] [ 80%] [32mBuilding CXX object CMakeFiles/champ_msgs__rosidl_typesupport_introspection_cpp.dir/rosidl_typesupport_introspection_cpp/champ_msgs/msg/detail/pose__type_support.cpp.o[0m
[4.404s] [ 81%] [32m[1mLinking CXX shared library libchamp_msgs__rosidl_typesupport_cpp.so[0m
[4.471s] [ 82%] Built target champ_msgs__rosidl_typesupport_cpp
[4.616s] [ 83%] [32m[1mLinking CXX shared library libchamp_msgs__rosidl_typesupport_fastrtps_cpp.so[0m
[4.639s] [ 84%] [32m[1mLinking CXX shared library libchamp_msgs__rosidl_typesupport_introspection_cpp.so[0m
[4.737s] [ 85%] Built target champ_msgs__rosidl_typesupport_fastrtps_cpp
[4.754s] [ 85%] Built target champ_msgs__rosidl_typesupport_introspection_cpp
[4.784s] [ 85%] Built target champ_msgs
[4.814s] [ 86%] Built target champ_msgs__py
[4.865s] [ 87%] [32mBuilding C object CMakeFiles/champ_msgs__rosidl_generator_py.dir/rosidl_generator_py/champ_msgs/msg/_pid_s.c.o[0m
[4.865s] [ 87%] [32mBuilding C object CMakeFiles/champ_msgs__rosidl_generator_py.dir/rosidl_generator_py/champ_msgs/msg/_point_s.c.o[0m
[4.865s] [ 88%] [32mBuilding C object CMakeFiles/champ_msgs__rosidl_generator_py.dir/rosidl_generator_py/champ_msgs/msg/_point_array_s.c.o[0m
[4.865s] [ 89%] [32mBuilding C object CMakeFiles/champ_msgs__rosidl_generator_py.dir/rosidl_generator_py/champ_msgs/msg/_imu_s.c.o[0m
[4.865s] [ 90%] [32mBuilding C object CMakeFiles/champ_msgs__rosidl_generator_py.dir/rosidl_generator_py/champ_msgs/msg/_velocities_s.c.o[0m
[4.868s] [ 91%] [32mBuilding C object CMakeFiles/champ_msgs__rosidl_generator_py.dir/rosidl_generator_py/champ_msgs/msg/_joints_s.c.o[0m
[4.869s] [ 94%] [32mBuilding C object CMakeFiles/champ_msgs__rosidl_generator_py.dir/rosidl_generator_py/champ_msgs/msg/_contacts_stamped_s.c.o[0m
[4.869s] [ 94%] [32mBuilding C object CMakeFiles/champ_msgs__rosidl_generator_py.dir/rosidl_generator_py/champ_msgs/msg/_pose_s.c.o[0m
[4.870s] [ 94%] [32mBuilding C object CMakeFiles/champ_msgs__rosidl_generator_py.dir/rosidl_generator_py/champ_msgs/msg/_contacts_s.c.o[0m
[5.059s] [ 94%] [32m[1mLinking C shared library libchamp_msgs__rosidl_generator_py.so[0m
[5.120s] [ 94%] Built target champ_msgs__rosidl_generator_py
[5.152s] [ 96%] [32mBuilding C object CMakeFiles/champ_msgs_s__rosidl_typesupport_c.dir/rosidl_generator_py/champ_msgs/_champ_msgs_s.ep.rosidl_typesupport_c.c.o[0m
[5.152s] [ 96%] [32mBuilding C object CMakeFiles/champ_msgs_s__rosidl_typesupport_fastrtps_c.dir/rosidl_generator_py/champ_msgs/_champ_msgs_s.ep.rosidl_typesupport_fastrtps_c.c.o[0m
[5.154s] [ 97%] [32mBuilding C object CMakeFiles/champ_msgs_s__rosidl_typesupport_introspection_c.dir/rosidl_generator_py/champ_msgs/_champ_msgs_s.ep.rosidl_typesupport_introspection_c.c.o[0m
[5.283s] [ 98%] [32m[1mLinking C shared module rosidl_generator_py/champ_msgs/champ_msgs_s__rosidl_typesupport_c.so[0m
[5.287s] [ 99%] [32m[1mLinking C shared module rosidl_generator_py/champ_msgs/champ_msgs_s__rosidl_typesupport_introspection_c.so[0m
[5.290s] [100%] [32m[1mLinking C shared module rosidl_generator_py/champ_msgs/champ_msgs_s__rosidl_typesupport_fastrtps_c.so[0m
[5.328s] [100%] Built target champ_msgs_s__rosidl_typesupport_c
[5.330s] [100%] Built target champ_msgs_s__rosidl_typesupport_introspection_c
[5.334s] [100%] Built target champ_msgs_s__rosidl_typesupport_fastrtps_c
[5.354s] Invoked command in '/home/rakesh/practice/build/champ_msgs' returned '0': CMAKE_PREFIX_PATH=${CMAKE_PREFIX_PATH}:/opt/ros/jazzy: DEBUGINFOD_URLS=https://debuginfod.ubuntu.com /usr/bin/cmake --build /home/rakesh/practice/build/champ_msgs -- -j12 -l12
[5.355s] Invoking command in '/home/rakesh/practice/build/champ_msgs': CMAKE_PREFIX_PATH=${CMAKE_PREFIX_PATH}:/opt/ros/jazzy: DEBUGINFOD_URLS=https://debuginfod.ubuntu.com /usr/bin/cmake --install /home/rakesh/practice/build/champ_msgs
[5.366s] -- Install configuration: ""
[5.367s] -- Up-to-date: /home/rakesh/practice/install/champ_msgs/share/ament_index/resource_index/rosidl_interfaces/champ_msgs
[5.367s] -- Up-to-date: /home/rakesh/practice/install/champ_msgs/share/champ_msgs/msg/Velocities.json
[5.367s] -- Up-to-date: /home/rakesh/practice/install/champ_msgs/share/champ_msgs/msg/PID.json
[5.367s] -- Up-to-date: /home/rakesh/practice/install/champ_msgs/share/champ_msgs/msg/Imu.json
[5.367s] -- Up-to-date: /home/rakesh/practice/install/champ_msgs/share/champ_msgs/msg/Point.json
[5.368s] -- Up-to-date: /home/rakesh/practice/install/champ_msgs/share/champ_msgs/msg/PointArray.json
[5.368s] -- Up-to-date: /home/rakesh/practice/install/champ_msgs/share/champ_msgs/msg/Joints.json
[5.368s] -- Installing: /home/rakesh/practice/install/champ_msgs/share/champ_msgs/msg/Contacts.json
[5.368s] -- Up-to-date: /home/rakesh/practice/install/champ_msgs/share/champ_msgs/msg/ContactsStamped.json
[5.368s] -- Up-to-date: /home/rakesh/practice/install/champ_msgs/share/champ_msgs/msg/Pose.json
[5.369s] -- Up-to-date: /home/rakesh/practice/install/champ_msgs/include/champ_msgs/champ_msgs
[5.369s] -- Up-to-date: /home/rakesh/practice/install/champ_msgs/include/champ_msgs/champ_msgs/msg
[5.369s] -- Up-to-date: /home/rakesh/practice/install/champ_msgs/include/champ_msgs/champ_msgs/msg/velocities.h
[5.369s] -- Up-to-date: /home/rakesh/practice/install/champ_msgs/include/champ_msgs/champ_msgs/msg/rosidl_generator_c__visibility_control.h
[5.369s] -- Up-to-date: /home/rakesh/practice/install/champ_msgs/include/champ_msgs/champ_msgs/msg/point.h
[5.370s] -- Installing: /home/rakesh/practice/install/champ_msgs/include/champ_msgs/champ_msgs/msg/contacts.h
[5.370s] -- Up-to-date: /home/rakesh/practice/install/champ_msgs/include/champ_msgs/champ_msgs/msg/point_array.h
[5.370s] -- Up-to-date: /home/rakesh/practice/install/champ_msgs/include/champ_msgs/champ_msgs/msg/joints.h
[5.370s] -- Installing: /home/rakesh/practice/install/champ_msgs/include/champ_msgs/champ_msgs/msg/contacts_stamped.h
[5.370s] -- Up-to-date: /home/rakesh/practice/install/champ_msgs/include/champ_msgs/champ_msgs/msg/imu.h
[5.371s] -- Up-to-date: /home/rakesh/practice/install/champ_msgs/include/champ_msgs/champ_msgs/msg/pid.h
[5.371s] -- Up-to-date: /home/rakesh/practice/install/champ_msgs/include/champ_msgs/champ_msgs/msg/pose.h
[5.371s] -- Up-to-date: /home/rakesh/practice/install/champ_msgs/include/champ_msgs/champ_msgs/msg/detail
[5.371s] -- Up-to-date: /home/rakesh/practice/install/champ_msgs/include/champ_msgs/champ_msgs/msg/detail/velocities__struct.h
[5.371s] -- Installing: /home/rakesh/practice/install/champ_msgs/include/champ_msgs/champ_msgs/msg/detail/contacts_stamped__struct.h
[5.371s] -- Installing: /home/rakesh/practice/install/champ_msgs/include/champ_msgs/champ_msgs/msg/detail/pid__functions.c
[5.372s] -- Installing: /home/rakesh/practice/install/champ_msgs/include/champ_msgs/champ_msgs/msg/detail/contacts__struct.h
[5.372s] -- Installing: /home/rakesh/practice/install/champ_msgs/include/champ_msgs/champ_msgs/msg/detail/imu__type_support.h
[5.372s] -- Installing: /home/rakesh/practice/install/champ_msgs/include/champ_msgs/champ_msgs/msg/detail/pose__description.c
[5.372s] -- Installing: /home/rakesh/practice/install/champ_msgs/include/champ_msgs/champ_msgs/msg/detail/contacts__functions.h
[5.373s] -- Installing: /home/rakesh/practice/install/champ_msgs/include/champ_msgs/champ_msgs/msg/detail/joints__description.c
[5.373s] -- Installing: /home/rakesh/practice/install/champ_msgs/include/champ_msgs/champ_msgs/msg/detail/contacts_stamped__description.c
[5.373s] -- Installing: /home/rakesh/practice/install/champ_msgs/include/champ_msgs/champ_msgs/msg/detail/contacts_stamped__type_support.h
[5.373s] -- Installing: /home/rakesh/practice/install/champ_msgs/include/champ_msgs/champ_msgs/msg/detail/point__functions.h
[5.373s] -- Up-to-date: /home/rakesh/practice/install/champ_msgs/include/champ_msgs/champ_msgs/msg/detail/velocities__type_support.c
[5.374s] -- Installing: /home/rakesh/practice/install/champ_msgs/include/champ_msgs/champ_msgs/msg/detail/joints__functions.c
[5.374s] -- Installing: /home/rakesh/practice/install/champ_msgs/include/champ_msgs/champ_msgs/msg/detail/pid__type_support.h
[5.374s] -- Installing: /home/rakesh/practice/install/champ_msgs/include/champ_msgs/champ_msgs/msg/detail/contacts_stamped__functions.h
[5.374s] -- Up-to-date: /home/rakesh/practice/install/champ_msgs/include/champ_msgs/champ_msgs/msg/detail/velocities__functions.c
[5.374s] -- Installing: /home/rakesh/practice/install/champ_msgs/include/champ_msgs/champ_msgs/msg/detail/pose__functions.h
[5.375s] -- Up-to-date: /home/rakesh/practice/install/champ_msgs/include/champ_msgs/champ_msgs/msg/detail/velocities__description.c
[5.375s] -- Installing: /home/rakesh/practice/install/champ_msgs/include/champ_msgs/champ_msgs/msg/detail/contacts__type_support.h
[5.375s] -- Installing: /home/rakesh/practice/install/champ_msgs/include/champ_msgs/champ_msgs/msg/detail/point_array__type_support.h
[5.375s] -- Installing: /home/rakesh/practice/install/champ_msgs/include/champ_msgs/champ_msgs/msg/detail/joints__type_support.c
[5.375s] -- Up-to-date: /home/rakesh/practice/install/champ_msgs/include/champ_msgs/champ_msgs/msg/detail/pose__type_support.h
[5.375s] -- Installing: /home/rakesh/practice/install/champ_msgs/include/champ_msgs/champ_msgs/msg/detail/imu__functions.h
[5.376s] -- Installing: /home/rakesh/practice/install/champ_msgs/include/champ_msgs/champ_msgs/msg/detail/contacts__functions.c
[5.376s] -- Installing: /home/rakesh/practice/install/champ_msgs/include/champ_msgs/champ_msgs/msg/detail/imu__functions.c
[5.376s] -- Installing: /home/rakesh/practice/install/champ_msgs/include/champ_msgs/champ_msgs/msg/detail/point_array__functions.c
[5.376s] -- Up-to-date: /home/rakesh/practice/install/champ_msgs/include/champ_msgs/champ_msgs/msg/detail/pose__type_support.c
[5.376s] -- Installing: /home/rakesh/practice/install/champ_msgs/include/champ_msgs/champ_msgs/msg/detail/imu__struct.h
[5.376s] -- Installing: /home/rakesh/practice/install/champ_msgs/include/champ_msgs/champ_msgs/msg/detail/point_array__description.c
[5.377s] -- Installing: /home/rakesh/practice/install/champ_msgs/include/champ_msgs/champ_msgs/msg/detail/contacts__type_support.c
[5.377s] -- Installing: /home/rakesh/practice/install/champ_msgs/include/champ_msgs/champ_msgs/msg/detail/point__struct.h
[5.377s] -- Up-to-date: /home/rakesh/practice/install/champ_msgs/include/champ_msgs/champ_msgs/msg/detail/velocities__functions.h
[5.377s] -- Installing: /home/rakesh/practice/install/champ_msgs/include/champ_msgs/champ_msgs/msg/detail/point__description.c
[5.378s] -- Installing: /home/rakesh/practice/install/champ_msgs/include/champ_msgs/champ_msgs/msg/detail/point_array__functions.h
[5.378s] -- Installing: /home/rakesh/practice/install/champ_msgs/include/champ_msgs/champ_msgs/msg/detail/joints__functions.h
[5.378s] -- Up-to-date: /home/rakesh/practice/install/champ_msgs/include/champ_msgs/champ_msgs/msg/detail/velocities__type_support.h
[5.378s] -- Installing: /home/rakesh/practice/install/champ_msgs/include/champ_msgs/champ_msgs/msg/detail/contacts_stamped__type_support.c
[5.378s] -- Installing: /home/rakesh/practice/install/champ_msgs/include/champ_msgs/champ_msgs/msg/detail/joints__struct.h
[5.378s] -- Installing: /home/rakesh/practice/install/champ_msgs/include/champ_msgs/champ_msgs/msg/detail/contacts_stamped__functions.c
[5.379s] -- Installing: /home/rakesh/practice/install/champ_msgs/include/champ_msgs/champ_msgs/msg/detail/pid__description.c
[5.379s] -- Installing: /home/rakesh/practice/install/champ_msgs/include/champ_msgs/champ_msgs/msg/detail/pid__struct.h
[5.379s] -- Installing: /home/rakesh/practice/install/champ_msgs/include/champ_msgs/champ_msgs/msg/detail/point__type_support.h
[5.379s] -- Installing: /home/rakesh/practice/install/champ_msgs/include/champ_msgs/champ_msgs/msg/detail/pose__functions.c
[5.379s] -- Installing: /home/rakesh/practice/install/champ_msgs/include/champ_msgs/champ_msgs/msg/detail/point_array__struct.h
[5.380s] -- Installing: /home/rakesh/practice/install/champ_msgs/include/champ_msgs/champ_msgs/msg/detail/joints__type_support.h
[5.380s] -- Installing: /home/rakesh/practice/install/champ_msgs/include/champ_msgs/champ_msgs/msg/detail/pose__struct.h
[5.380s] -- Installing: /home/rakesh/practice/install/champ_msgs/include/champ_msgs/champ_msgs/msg/detail/point__type_support.c
[5.380s] -- Installing: /home/rakesh/practice/install/champ_msgs/include/champ_msgs/champ_msgs/msg/detail/pid__functions.h
[5.380s] -- Installing: /home/rakesh/practice/install/champ_msgs/include/champ_msgs/champ_msgs/msg/detail/point__functions.c
[5.380s] -- Installing: /home/rakesh/practice/install/champ_msgs/include/champ_msgs/champ_msgs/msg/detail/imu__description.c
[5.381s] -- Installing: /home/rakesh/practice/install/champ_msgs/include/champ_msgs/champ_msgs/msg/detail/imu__type_support.c
[5.381s] -- Installing: /home/rakesh/practice/install/champ_msgs/include/champ_msgs/champ_msgs/msg/detail/pid__type_support.c
[5.381s] -- Installing: /home/rakesh/practice/install/champ_msgs/include/champ_msgs/champ_msgs/msg/detail/contacts__description.c
[5.381s] -- Installing: /home/rakesh/practice/install/champ_msgs/include/champ_msgs/champ_msgs/msg/detail/point_array__type_support.c
[5.381s] -- Installing: /home/rakesh/practice/install/champ_msgs/share/champ_msgs/environment/library_path.sh
[5.381s] -- Up-to-date: /home/rakesh/practice/install/champ_msgs/share/champ_msgs/environment/library_path.dsv
[5.382s] -- Installing: /home/rakesh/practice/install/champ_msgs/lib/libchamp_msgs__rosidl_generator_c.so
[5.382s] -- Set non-toolchain portion of runtime path of "/home/rakesh/practice/install/champ_msgs/lib/libchamp_msgs__rosidl_generator_c.so" to ""
[5.382s] -- Up-to-date: /home/rakesh/practice/install/champ_msgs/include/champ_msgs/champ_msgs
[5.382s] -- Up-to-date: /home/rakesh/practice/install/champ_msgs/include/champ_msgs/champ_msgs/msg
[5.382s] -- Up-to-date: /home/rakesh/practice/install/champ_msgs/include/champ_msgs/champ_msgs/msg/rosidl_typesupport_fastrtps_c__visibility_control.h
[5.383s] -- Up-to-date: /home/rakesh/practice/install/champ_msgs/include/champ_msgs/champ_msgs/msg/detail
[5.383s] -- Up-to-date: /home/rakesh/practice/install/champ_msgs/include/champ_msgs/champ_msgs/msg/detail/velocities__rosidl_typesupport_fastrtps_c.h
[5.383s] -- Up-to-date: /home/rakesh/practice/install/champ_msgs/include/champ_msgs/champ_msgs/msg/detail/pose__rosidl_typesupport_fastrtps_c.h
[5.384s] -- Up-to-date: /home/rakesh/practice/install/champ_msgs/include/champ_msgs/champ_msgs/msg/detail/pid__rosidl_typesupport_fastrtps_c.h
[5.384s] -- Up-to-date: /home/rakesh/practice/install/champ_msgs/include/champ_msgs/champ_msgs/msg/detail/imu__rosidl_typesupport_fastrtps_c.h
[5.384s] -- Up-to-date: /home/rakesh/practice/install/champ_msgs/include/champ_msgs/champ_msgs/msg/detail/joints__rosidl_typesupport_fastrtps_c.h
[5.384s] -- Installing: /home/rakesh/practice/install/champ_msgs/include/champ_msgs/champ_msgs/msg/detail/contacts__rosidl_typesupport_fastrtps_c.h
[5.385s] -- Up-to-date: /home/rakesh/practice/install/champ_msgs/include/champ_msgs/champ_msgs/msg/detail/point_array__rosidl_typesupport_fastrtps_c.h
[5.385s] -- Up-to-date: /home/rakesh/practice/install/champ_msgs/include/champ_msgs/champ_msgs/msg/detail/contacts_stamped__rosidl_typesupport_fastrtps_c.h
[5.385s] -- Up-to-date: /home/rakesh/practice/install/champ_msgs/include/champ_msgs/champ_msgs/msg/detail/point__rosidl_typesupport_fastrtps_c.h
[5.385s] -- Installing: /home/rakesh/practice/install/champ_msgs/lib/libchamp_msgs__rosidl_typesupport_fastrtps_c.so
[5.386s] -- Set non-toolchain portion of runtime path of "/home/rakesh/practice/install/champ_msgs/lib/libchamp_msgs__rosidl_typesupport_fastrtps_c.so" to ""
[5.386s] -- Up-to-date: /home/rakesh/practice/install/champ_msgs/include/champ_msgs/champ_msgs
[5.386s] -- Up-to-date: /home/rakesh/practice/install/champ_msgs/include/champ_msgs/champ_msgs/msg
[5.386s] -- Up-to-date: /home/rakesh/practice/install/champ_msgs/include/champ_msgs/champ_msgs/msg/rosidl_typesupport_introspection_c__visibility_control.h
[5.387s] -- Up-to-date: /home/rakesh/practice/install/champ_msgs/include/champ_msgs/champ_msgs/msg/detail
[5.387s] -- Installing: /home/rakesh/practice/install/champ_msgs/include/champ_msgs/champ_msgs/msg/detail/joints__rosidl_typesupport_introspection_c.h
[5.387s] -- Up-to-date: /home/rakesh/practice/install/champ_msgs/include/champ_msgs/champ_msgs/msg/detail/velocities__type_support.c
[5.387s] -- Installing: /home/rakesh/practice/install/champ_msgs/include/champ_msgs/champ_msgs/msg/detail/contacts__rosidl_typesupport_introspection_c.h
[5.388s] -- Installing: /home/rakesh/practice/install/champ_msgs/include/champ_msgs/champ_msgs/msg/detail/joints__type_support.c
[5.388s] -- Installing: /home/rakesh/practice/install/champ_msgs/include/champ_msgs/champ_msgs/msg/detail/pose__type_support.c
[5.388s] -- Installing: /home/rakesh/practice/install/champ_msgs/include/champ_msgs/champ_msgs/msg/detail/point_array__rosidl_typesupport_introspection_c.h
[5.388s] -- Installing: /home/rakesh/practice/install/champ_msgs/include/champ_msgs/champ_msgs/msg/detail/contacts__type_support.c
[5.389s] -- Installing: /home/rakesh/practice/install/champ_msgs/include/champ_msgs/champ_msgs/msg/detail/imu__rosidl_typesupport_introspection_c.h
[5.389s] -- Installing: /home/rakesh/practice/install/champ_msgs/include/champ_msgs/champ_msgs/msg/detail/contacts_stamped__type_support.c
[5.389s] -- Up-to-date: /home/rakesh/practice/install/champ_msgs/include/champ_msgs/champ_msgs/msg/detail/velocities__rosidl_typesupport_introspection_c.h
[5.389s] -- Installing: /home/rakesh/practice/install/champ_msgs/include/champ_msgs/champ_msgs/msg/detail/pid__rosidl_typesupport_introspection_c.h
[5.390s] -- Installing: /home/rakesh/practice/install/champ_msgs/include/champ_msgs/champ_msgs/msg/detail/point__type_support.c
[5.390s] -- Installing: /home/rakesh/practice/install/champ_msgs/include/champ_msgs/champ_msgs/msg/detail/pose__rosidl_typesupport_introspection_c.h
[5.390s] -- Installing: /home/rakesh/practice/install/champ_msgs/include/champ_msgs/champ_msgs/msg/detail/contacts_stamped__rosidl_typesupport_introspection_c.h
[5.390s] -- Installing: /home/rakesh/practice/install/champ_msgs/include/champ_msgs/champ_msgs/msg/detail/imu__type_support.c
[5.391s] -- Installing: /home/rakesh/practice/install/champ_msgs/include/champ_msgs/champ_msgs/msg/detail/pid__type_support.c
[5.391s] -- Installing: /home/rakesh/practice/install/champ_msgs/include/champ_msgs/champ_msgs/msg/detail/point__rosidl_typesupport_introspection_c.h
[5.391s] -- Installing: /home/rakesh/practice/install/champ_msgs/include/champ_msgs/champ_msgs/msg/detail/point_array__type_support.c
[5.391s] -- Installing: /home/rakesh/practice/install/champ_msgs/lib/libchamp_msgs__rosidl_typesupport_introspection_c.so
[5.392s] -- Set non-toolchain portion of runtime path of "/home/rakesh/practice/install/champ_msgs/lib/libchamp_msgs__rosidl_typesupport_introspection_c.so" to ""
[5.392s] -- Installing: /home/rakesh/practice/install/champ_msgs/lib/libchamp_msgs__rosidl_typesupport_c.so
[5.392s] -- Set non-toolchain portion of runtime path of "/home/rakesh/practice/install/champ_msgs/lib/libchamp_msgs__rosidl_typesupport_c.so" to ""
[5.392s] -- Up-to-date: /home/rakesh/practice/install/champ_msgs/include/champ_msgs/champ_msgs
[5.393s] -- Up-to-date: /home/rakesh/practice/install/champ_msgs/include/champ_msgs/champ_msgs/msg
[5.393s] -- Installing: /home/rakesh/practice/install/champ_msgs/include/champ_msgs/champ_msgs/msg/contacts_stamped.hpp
[5.393s] -- Installing: /home/rakesh/practice/install/champ_msgs/include/champ_msgs/champ_msgs/msg/imu.hpp
[5.393s] -- Up-to-date: /home/rakesh/practice/install/champ_msgs/include/champ_msgs/champ_msgs/msg/point.hpp
[5.394s] -- Installing: /home/rakesh/practice/install/champ_msgs/include/champ_msgs/champ_msgs/msg/pid.hpp
[5.394s] -- Up-to-date: /home/rakesh/practice/install/champ_msgs/include/champ_msgs/champ_msgs/msg/point_array.hpp
[5.394s] -- Up-to-date: /home/rakesh/practice/install/champ_msgs/include/champ_msgs/champ_msgs/msg/pose.hpp
[5.394s] -- Installing: /home/rakesh/practice/install/champ_msgs/include/champ_msgs/champ_msgs/msg/joints.hpp
[5.395s] -- Up-to-date: /home/rakesh/practice/install/champ_msgs/include/champ_msgs/champ_msgs/msg/velocities.hpp
[5.395s] -- Installing: /home/rakesh/practice/install/champ_msgs/include/champ_msgs/champ_msgs/msg/contacts.hpp
[5.395s] -- Up-to-date: /home/rakesh/practice/install/champ_msgs/include/champ_msgs/champ_msgs/msg/detail
[5.395s] -- Installing: /home/rakesh/practice/install/champ_msgs/include/champ_msgs/champ_msgs/msg/detail/velocities__traits.hpp
[5.396s] -- Installing: /home/rakesh/practice/install/champ_msgs/include/champ_msgs/champ_msgs/msg/detail/velocities__type_support.hpp
[5.396s] -- Installing: /home/rakesh/practice/install/champ_msgs/include/champ_msgs/champ_msgs/msg/detail/velocities__struct.hpp
[5.396s] -- Installing: /home/rakesh/practice/install/champ_msgs/include/champ_msgs/champ_msgs/msg/detail/point_array__struct.hpp
[5.396s] -- Installing: /home/rakesh/practice/install/champ_msgs/include/champ_msgs/champ_msgs/msg/detail/point__traits.hpp
[5.396s] -- Installing: /home/rakesh/practice/install/champ_msgs/include/champ_msgs/champ_msgs/msg/detail/velocities__builder.hpp
[5.397s] -- Installing: /home/rakesh/practice/install/champ_msgs/include/champ_msgs/champ_msgs/msg/detail/point_array__builder.hpp
[5.397s] -- Installing: /home/rakesh/practice/install/champ_msgs/include/champ_msgs/champ_msgs/msg/detail/imu__builder.hpp
[5.397s] -- Installing: /home/rakesh/practice/install/champ_msgs/include/champ_msgs/champ_msgs/msg/detail/contacts__type_support.hpp
[5.397s] -- Installing: /home/rakesh/practice/install/champ_msgs/include/champ_msgs/champ_msgs/msg/detail/contacts_stamped__builder.hpp
[5.398s] -- Installing: /home/rakesh/practice/install/champ_msgs/include/champ_msgs/champ_msgs/msg/detail/point__builder.hpp
[5.398s] -- Installing: /home/rakesh/practice/install/champ_msgs/include/champ_msgs/champ_msgs/msg/detail/contacts_stamped__struct.hpp
[5.398s] -- Installing: /home/rakesh/practice/install/champ_msgs/include/champ_msgs/champ_msgs/msg/detail/joints__type_support.hpp
[5.398s] -- Installing: /home/rakesh/practice/install/champ_msgs/include/champ_msgs/champ_msgs/msg/detail/imu__traits.hpp
[5.399s] -- Installing: /home/rakesh/practice/install/champ_msgs/include/champ_msgs/champ_msgs/msg/detail/pose__struct.hpp
[5.399s] -- Installing: /home/rakesh/practice/install/champ_msgs/include/champ_msgs/champ_msgs/msg/detail/imu__type_support.hpp
[5.399s] -- Installing: /home/rakesh/practice/install/champ_msgs/include/champ_msgs/champ_msgs/msg/detail/pose__traits.hpp
[5.399s] -- Installing: /home/rakesh/practice/install/champ_msgs/include/champ_msgs/champ_msgs/msg/detail/point__struct.hpp
[5.399s] -- Installing: /home/rakesh/practice/install/champ_msgs/include/champ_msgs/champ_msgs/msg/detail/imu__struct.hpp
[5.400s] -- Installing: /home/rakesh/practice/install/champ_msgs/include/champ_msgs/champ_msgs/msg/detail/pid__builder.hpp
[5.400s] -- Installing: /home/rakesh/practice/install/champ_msgs/include/champ_msgs/champ_msgs/msg/detail/pid__struct.hpp
[5.400s] -- Installing: /home/rakesh/practice/install/champ_msgs/include/champ_msgs/champ_msgs/msg/detail/point_array__type_support.hpp
[5.401s] -- Installing: /home/rakesh/practice/install/champ_msgs/include/champ_msgs/champ_msgs/msg/detail/contacts__struct.hpp
[5.401s] -- Installing: /home/rakesh/practice/install/champ_msgs/include/champ_msgs/champ_msgs/msg/detail/point__type_support.hpp
[5.401s] -- Installing: /home/rakesh/practice/install/champ_msgs/include/champ_msgs/champ_msgs/msg/detail/contacts__builder.hpp
[5.401s] -- Installing: /home/rakesh/practice/install/champ_msgs/include/champ_msgs/champ_msgs/msg/detail/joints__struct.hpp
[5.402s] -- Installing: /home/rakesh/practice/install/champ_msgs/include/champ_msgs/champ_msgs/msg/detail/contacts_stamped__type_support.hpp
[5.402s] -- Installing: /home/rakesh/practice/install/champ_msgs/include/champ_msgs/champ_msgs/msg/detail/contacts__traits.hpp
[5.402s] -- Installing: /home/rakesh/practice/install/champ_msgs/include/champ_msgs/champ_msgs/msg/detail/joints__traits.hpp
[5.402s] -- Installing: /home/rakesh/practice/install/champ_msgs/include/champ_msgs/champ_msgs/msg/detail/joints__builder.hpp
[5.403s] -- Installing: /home/rakesh/practice/install/champ_msgs/include/champ_msgs/champ_msgs/msg/detail/pose__type_support.hpp
[5.403s] -- Installing: /home/rakesh/practice/install/champ_msgs/include/champ_msgs/champ_msgs/msg/detail/pid__type_support.hpp
[5.403s] -- Installing: /home/rakesh/practice/install/champ_msgs/include/champ_msgs/champ_msgs/msg/detail/pid__traits.hpp
[5.403s] -- Installing: /home/rakesh/practice/install/champ_msgs/include/champ_msgs/champ_msgs/msg/detail/pose__builder.hpp
[5.404s] -- Installing: /home/rakesh/practice/install/champ_msgs/include/champ_msgs/champ_msgs/msg/detail/point_array__traits.hpp
[5.404s] -- Installing: /home/rakesh/practice/install/champ_msgs/include/champ_msgs/champ_msgs/msg/detail/contacts_stamped__traits.hpp
[5.404s] -- Up-to-date: /home/rakesh/practice/install/champ_msgs/include/champ_msgs/champ_msgs/msg/rosidl_generator_cpp__visibility_control.hpp
[5.404s] -- Up-to-date: /home/rakesh/practice/install/champ_msgs/include/champ_msgs/champ_msgs
[5.404s] -- Up-to-date: /home/rakesh/practice/install/champ_msgs/include/champ_msgs/champ_msgs/msg
[5.405s] -- Up-to-date: /home/rakesh/practice/install/champ_msgs/include/champ_msgs/champ_msgs/msg/rosidl_typesupport_fastrtps_cpp__visibility_control.h
[5.405s] -- Up-to-date: /home/rakesh/practice/install/champ_msgs/include/champ_msgs/champ_msgs/msg/detail
[5.405s] -- Installing: /home/rakesh/practice/install/champ_msgs/include/champ_msgs/champ_msgs/msg/detail/contacts__rosidl_typesupport_fastrtps_cpp.hpp
[5.405s] -- Up-to-date: /home/rakesh/practice/install/champ_msgs/include/champ_msgs/champ_msgs/msg/detail/pose__rosidl_typesupport_fastrtps_cpp.hpp
[5.406s] -- Up-to-date: /home/rakesh/practice/install/champ_msgs/include/champ_msgs/champ_msgs/msg/detail/point__rosidl_typesupport_fastrtps_cpp.hpp
[5.406s] -- Up-to-date: /home/rakesh/practice/install/champ_msgs/include/champ_msgs/champ_msgs/msg/detail/joints__rosidl_typesupport_fastrtps_cpp.hpp
[5.406s] -- Up-to-date: /home/rakesh/practice/install/champ_msgs/include/champ_msgs/champ_msgs/msg/detail/point_array__rosidl_typesupport_fastrtps_cpp.hpp
[5.406s] -- Up-to-date: /home/rakesh/practice/install/champ_msgs/include/champ_msgs/champ_msgs/msg/detail/pid__rosidl_typesupport_fastrtps_cpp.hpp
[5.407s] -- Up-to-date: /home/rakesh/practice/install/champ_msgs/include/champ_msgs/champ_msgs/msg/detail/dds_fastrtps
[5.407s] -- Installing: /home/rakesh/practice/install/champ_msgs/include/champ_msgs/champ_msgs/msg/detail/contacts_stamped__rosidl_typesupport_fastrtps_cpp.hpp
[5.407s] -- Up-to-date: /home/rakesh/practice/install/champ_msgs/include/champ_msgs/champ_msgs/msg/detail/velocities__rosidl_typesupport_fastrtps_cpp.hpp
[5.407s] -- Up-to-date: /home/rakesh/practice/install/champ_msgs/include/champ_msgs/champ_msgs/msg/detail/imu__rosidl_typesupport_fastrtps_cpp.hpp
[5.407s] -- Installing: /home/rakesh/practice/install/champ_msgs/lib/libchamp_msgs__rosidl_typesupport_fastrtps_cpp.so
[5.408s] -- Set non-toolchain portion of runtime path of "/home/rakesh/practice/install/champ_msgs/lib/libchamp_msgs__rosidl_typesupport_fastrtps_cpp.so" to ""
[5.408s] -- Up-to-date: /home/rakesh/practice/install/champ_msgs/include/champ_msgs/champ_msgs
[5.408s] -- Up-to-date: /home/rakesh/practice/install/champ_msgs/include/champ_msgs/champ_msgs/msg
[5.409s] -- Up-to-date: /home/rakesh/practice/install/champ_msgs/include/champ_msgs/champ_msgs/msg/detail
[5.409s] -- Up-to-date: /home/rakesh/practice/install/champ_msgs/include/champ_msgs/champ_msgs/msg/detail/point__type_support.cpp
[5.409s] -- Up-to-date: /home/rakesh/practice/install/champ_msgs/include/champ_msgs/champ_msgs/msg/detail/pid__type_support.cpp
[5.409s] -- Installing: /home/rakesh/practice/install/champ_msgs/include/champ_msgs/champ_msgs/msg/detail/contacts_stamped__rosidl_typesupport_introspection_cpp.hpp
[5.409s] -- Up-to-date: /home/rakesh/practice/install/champ_msgs/include/champ_msgs/champ_msgs/msg/detail/velocities__type_support.cpp
[5.410s] -- Up-to-date: /home/rakesh/practice/install/champ_msgs/include/champ_msgs/champ_msgs/msg/detail/point_array__rosidl_typesupport_introspection_cpp.hpp
[5.410s] -- Up-to-date: /home/rakesh/practice/install/champ_msgs/include/champ_msgs/champ_msgs/msg/detail/point__rosidl_typesupport_introspection_cpp.hpp
[5.410s] -- Installing: /home/rakesh/practice/install/champ_msgs/include/champ_msgs/champ_msgs/msg/detail/joints__type_support.cpp
[5.410s] -- Installing: /home/rakesh/practice/install/champ_msgs/include/champ_msgs/champ_msgs/msg/detail/contacts__type_support.cpp
[5.410s] -- Up-to-date: /home/rakesh/practice/install/champ_msgs/include/champ_msgs/champ_msgs/msg/detail/pose__rosidl_typesupport_introspection_cpp.hpp
[5.410s] -- Up-to-date: /home/rakesh/practice/install/champ_msgs/include/champ_msgs/champ_msgs/msg/detail/pose__type_support.cpp
[5.411s] -- Up-to-date: /home/rakesh/practice/install/champ_msgs/include/champ_msgs/champ_msgs/msg/detail/point_array__type_support.cpp
[5.411s] -- Up-to-date: /home/rakesh/practice/install/champ_msgs/include/champ_msgs/champ_msgs/msg/detail/pid__rosidl_typesupport_introspection_cpp.hpp
[5.411s] -- Installing: /home/rakesh/practice/install/champ_msgs/include/champ_msgs/champ_msgs/msg/detail/contacts__rosidl_typesupport_introspection_cpp.hpp
[5.411s] -- Installing: /home/rakesh/practice/install/champ_msgs/include/champ_msgs/champ_msgs/msg/detail/imu__type_support.cpp
[5.411s] -- Installing: /home/rakesh/practice/install/champ_msgs/include/champ_msgs/champ_msgs/msg/detail/joints__rosidl_typesupport_introspection_cpp.hpp
[5.411s] -- Up-to-date: /home/rakesh/practice/install/champ_msgs/include/champ_msgs/champ_msgs/msg/detail/velocities__rosidl_typesupport_introspection_cpp.hpp
[5.412s] -- Installing: /home/rakesh/practice/install/champ_msgs/include/champ_msgs/champ_msgs/msg/detail/imu__rosidl_typesupport_introspection_cpp.hpp
[5.412s] -- Installing: /home/rakesh/practice/install/champ_msgs/include/champ_msgs/champ_msgs/msg/detail/contacts_stamped__type_support.cpp
[5.412s] -- Installing: /home/rakesh/practice/install/champ_msgs/lib/libchamp_msgs__rosidl_typesupport_introspection_cpp.so
[5.412s] -- Set non-toolchain portion of runtime path of "/home/rakesh/practice/install/champ_msgs/lib/libchamp_msgs__rosidl_typesupport_introspection_cpp.so" to ""
[5.412s] -- Installing: /home/rakesh/practice/install/champ_msgs/lib/libchamp_msgs__rosidl_typesupport_cpp.so
[5.412s] -- Set non-toolchain portion of runtime path of "/home/rakesh/practice/install/champ_msgs/lib/libchamp_msgs__rosidl_typesupport_cpp.so" to ""
[5.412s] -- Up-to-date: /home/rakesh/practice/install/champ_msgs/share/champ_msgs/environment/pythonpath.sh
[5.412s] -- Up-to-date: /home/rakesh/practice/install/champ_msgs/share/champ_msgs/environment/pythonpath.dsv
[5.413s] -- Up-to-date: /home/rakesh/practice/install/champ_msgs/lib/python3.12/site-packages/champ_msgs-0.1.0-py3.12.egg-info
[5.413s] -- Installing: /home/rakesh/practice/install/champ_msgs/lib/python3.12/site-packages/champ_msgs-0.1.0-py3.12.egg-info/PKG-INFO
[5.413s] -- Installing: /home/rakesh/practice/install/champ_msgs/lib/python3.12/site-packages/champ_msgs-0.1.0-py3.12.egg-info/SOURCES.txt
[5.413s] -- Installing: /home/rakesh/practice/install/champ_msgs/lib/python3.12/site-packages/champ_msgs-0.1.0-py3.12.egg-info/top_level.txt
[5.413s] -- Installing: /home/rakesh/practice/install/champ_msgs/lib/python3.12/site-packages/champ_msgs-0.1.0-py3.12.egg-info/dependency_links.txt
[5.413s] -- Up-to-date: /home/rakesh/practice/install/champ_msgs/lib/python3.12/site-packages/champ_msgs
[5.413s] -- Up-to-date: /home/rakesh/practice/install/champ_msgs/lib/python3.12/site-packages/champ_msgs/_champ_msgs_s.ep.rosidl_typesupport_c.c
[5.413s] -- Installing: /home/rakesh/practice/install/champ_msgs/lib/python3.12/site-packages/champ_msgs/__init__.py
[5.414s] -- Up-to-date: /home/rakesh/practice/install/champ_msgs/lib/python3.12/site-packages/champ_msgs/msg
[5.414s] -- Up-to-date: /home/rakesh/practice/install/champ_msgs/lib/python3.12/site-packages/champ_msgs/msg/_contacts_stamped_s.c
[5.414s] -- Up-to-date: /home/rakesh/practice/install/champ_msgs/lib/python3.12/site-packages/champ_msgs/msg/_pose_s.c
[5.414s] -- Up-to-date: /home/rakesh/practice/install/champ_msgs/lib/python3.12/site-packages/champ_msgs/msg/__init__.py
[5.414s] -- Up-to-date: /home/rakesh/practice/install/champ_msgs/lib/python3.12/site-packages/champ_msgs/msg/_velocities.py
[5.414s] -- Up-to-date: /home/rakesh/practice/install/champ_msgs/lib/python3.12/site-packages/champ_msgs/msg/_pose.py
[5.414s] -- Up-to-date: /home/rakesh/practice/install/champ_msgs/lib/python3.12/site-packages/champ_msgs/msg/_joints_s.c
[5.414s] -- Up-to-date: /home/rakesh/practice/install/champ_msgs/lib/python3.12/site-packages/champ_msgs/msg/_point.py
[5.415s] -- Up-to-date: /home/rakesh/practice/install/champ_msgs/lib/python3.12/site-packages/champ_msgs/msg/_point_s.c
[5.415s] -- Up-to-date: /home/rakesh/practice/install/champ_msgs/lib/python3.12/site-packages/champ_msgs/msg/_joints.py
[5.415s] -- Up-to-date: /home/rakesh/practice/install/champ_msgs/lib/python3.12/site-packages/champ_msgs/msg/_contacts.py
[5.415s] -- Up-to-date: /home/rakesh/practice/install/champ_msgs/lib/python3.12/site-packages/champ_msgs/msg/_pid.py
[5.415s] -- Up-to-date: /home/rakesh/practice/install/champ_msgs/lib/python3.12/site-packages/champ_msgs/msg/_point_array.py
[5.415s] -- Up-to-date: /home/rakesh/practice/install/champ_msgs/lib/python3.12/site-packages/champ_msgs/msg/_point_array_s.c
[5.415s] -- Up-to-date: /home/rakesh/practice/install/champ_msgs/lib/python3.12/site-packages/champ_msgs/msg/_contacts_stamped.py
[5.415s] -- Up-to-date: /home/rakesh/practice/install/champ_msgs/lib/python3.12/site-packages/champ_msgs/msg/_imu_s.c
[5.416s] -- Up-to-date: /home/rakesh/practice/install/champ_msgs/lib/python3.12/site-packages/champ_msgs/msg/_velocities_s.c
[5.416s] -- Up-to-date: /home/rakesh/practice/install/champ_msgs/lib/python3.12/site-packages/champ_msgs/msg/_imu.py
[5.416s] -- Up-to-date: /home/rakesh/practice/install/champ_msgs/lib/python3.12/site-packages/champ_msgs/msg/_pid_s.c
[5.416s] -- Up-to-date: /home/rakesh/practice/install/champ_msgs/lib/python3.12/site-packages/champ_msgs/msg/_contacts_s.c
[5.416s] -- Up-to-date: /home/rakesh/practice/install/champ_msgs/lib/python3.12/site-packages/champ_msgs/_champ_msgs_s.ep.rosidl_typesupport_introspection_c.c
[5.416s] -- Installing: /home/rakesh/practice/install/champ_msgs/lib/python3.12/site-packages/champ_msgs/champ_msgs_s__rosidl_typesupport_fastrtps_c.so
[5.416s] -- Installing: /home/rakesh/practice/install/champ_msgs/lib/python3.12/site-packages/champ_msgs/champ_msgs_s__rosidl_typesupport_c.so
[5.416s] -- Installing: /home/rakesh/practice/install/champ_msgs/lib/python3.12/site-packages/champ_msgs/champ_msgs_s__rosidl_typesupport_introspection_c.so
[5.417s] -- Up-to-date: /home/rakesh/practice/install/champ_msgs/lib/python3.12/site-packages/champ_msgs/_champ_msgs_s.ep.rosidl_typesupport_fastrtps_c.c
[5.456s] Listing '/home/rakesh/practice/install/champ_msgs/lib/python3.12/site-packages/champ_msgs'...
[5.456s] Compiling '/home/rakesh/practice/install/champ_msgs/lib/python3.12/site-packages/champ_msgs/__init__.py'...
[5.457s] Listing '/home/rakesh/practice/install/champ_msgs/lib/python3.12/site-packages/champ_msgs/msg'...
[5.457s] Compiling '/home/rakesh/practice/install/champ_msgs/lib/python3.12/site-packages/champ_msgs/msg/__init__.py'...
[5.457s] Compiling '/home/rakesh/practice/install/champ_msgs/lib/python3.12/site-packages/champ_msgs/msg/_contacts.py'...
[5.457s] Compiling '/home/rakesh/practice/install/champ_msgs/lib/python3.12/site-packages/champ_msgs/msg/_contacts_stamped.py'...
[5.457s] Compiling '/home/rakesh/practice/install/champ_msgs/lib/python3.12/site-packages/champ_msgs/msg/_imu.py'...
[5.457s] Compiling '/home/rakesh/practice/install/champ_msgs/lib/python3.12/site-packages/champ_msgs/msg/_joints.py'...
[5.457s] Compiling '/home/rakesh/practice/install/champ_msgs/lib/python3.12/site-packages/champ_msgs/msg/_pid.py'...
[5.458s] Compiling '/home/rakesh/practice/install/champ_msgs/lib/python3.12/site-packages/champ_msgs/msg/_point.py'...
[5.458s] Compiling '/home/rakesh/practice/install/champ_msgs/lib/python3.12/site-packages/champ_msgs/msg/_point_array.py'...
[5.458s] Compiling '/home/rakesh/practice/install/champ_msgs/lib/python3.12/site-packages/champ_msgs/msg/_pose.py'...
[5.458s] Compiling '/home/rakesh/practice/install/champ_msgs/lib/python3.12/site-packages/champ_msgs/msg/_velocities.py'...
[5.463s] -- Installing: /home/rakesh/practice/install/champ_msgs/lib/python3.12/site-packages/champ_msgs/champ_msgs_s__rosidl_typesupport_fastrtps_c.so
[5.464s] -- Set non-toolchain portion of runtime path of "/home/rakesh/practice/install/champ_msgs/lib/python3.12/site-packages/champ_msgs/champ_msgs_s__rosidl_typesupport_fastrtps_c.so" to ""
[5.464s] -- Installing: /home/rakesh/practice/install/champ_msgs/lib/python3.12/site-packages/champ_msgs/champ_msgs_s__rosidl_typesupport_introspection_c.so
[5.465s] -- Set non-toolchain portion of runtime path of "/home/rakesh/practice/install/champ_msgs/lib/python3.12/site-packages/champ_msgs/champ_msgs_s__rosidl_typesupport_introspection_c.so" to ""
[5.465s] -- Installing: /home/rakesh/practice/install/champ_msgs/lib/python3.12/site-packages/champ_msgs/champ_msgs_s__rosidl_typesupport_c.so
[5.465s] -- Set non-toolchain portion of runtime path of "/home/rakesh/practice/install/champ_msgs/lib/python3.12/site-packages/champ_msgs/champ_msgs_s__rosidl_typesupport_c.so" to ""
[5.466s] -- Installing: /home/rakesh/practice/install/champ_msgs/lib/libchamp_msgs__rosidl_generator_py.so
[5.466s] -- Set non-toolchain portion of runtime path of "/home/rakesh/practice/install/champ_msgs/lib/libchamp_msgs__rosidl_generator_py.so" to ""
[5.466s] -- Up-to-date: /home/rakesh/practice/install/champ_msgs/share/champ_msgs/msg/Velocities.idl
[5.467s] -- Up-to-date: /home/rakesh/practice/install/champ_msgs/share/champ_msgs/msg/PID.idl
[5.467s] -- Up-to-date: /home/rakesh/practice/install/champ_msgs/share/champ_msgs/msg/Imu.idl
[5.467s] -- Up-to-date: /home/rakesh/practice/install/champ_msgs/share/champ_msgs/msg/Point.idl
[5.467s] -- Up-to-date: /home/rakesh/practice/install/champ_msgs/share/champ_msgs/msg/PointArray.idl
[5.468s] -- Up-to-date: /home/rakesh/practice/install/champ_msgs/share/champ_msgs/msg/Joints.idl
[5.468s] -- Up-to-date: /home/rakesh/practice/install/champ_msgs/share/champ_msgs/msg/Contacts.idl
[5.468s] -- Up-to-date: /home/rakesh/practice/install/champ_msgs/share/champ_msgs/msg/ContactsStamped.idl
[5.468s] -- Up-to-date: /home/rakesh/practice/install/champ_msgs/share/champ_msgs/msg/Pose.idl
[5.469s] -- Installing: /home/rakesh/practice/install/champ_msgs/share/champ_msgs/msg/Velocities.msg
[5.469s] -- Installing: /home/rakesh/practice/install/champ_msgs/share/champ_msgs/msg/PID.msg
[5.469s] -- Installing: /home/rakesh/practice/install/champ_msgs/share/champ_msgs/msg/Imu.msg
[5.469s] -- Installing: /home/rakesh/practice/install/champ_msgs/share/champ_msgs/msg/Point.msg
[5.469s] -- Installing: /home/rakesh/practice/install/champ_msgs/share/champ_msgs/msg/PointArray.msg
[5.470s] -- Installing: /home/rakesh/practice/install/champ_msgs/share/champ_msgs/msg/Joints.msg
[5.470s] -- Installing: /home/rakesh/practice/install/champ_msgs/share/champ_msgs/msg/Contacts.msg
[5.470s] -- Installing: /home/rakesh/practice/install/champ_msgs/share/champ_msgs/msg/ContactsStamped.msg
[5.470s] -- Installing: /home/rakesh/practice/install/champ_msgs/share/champ_msgs/msg/Pose.msg
[5.471s] -- Up-to-date: /home/rakesh/practice/install/champ_msgs/share/ament_index/resource_index/package_run_dependencies/champ_msgs
[5.471s] -- Up-to-date: /home/rakesh/practice/install/champ_msgs/share/ament_index/resource_index/parent_prefix_path/champ_msgs
[5.471s] -- Installing: /home/rakesh/practice/install/champ_msgs/share/champ_msgs/environment/ament_prefix_path.sh
[5.472s] -- Up-to-date: /home/rakesh/practice/install/champ_msgs/share/champ_msgs/environment/ament_prefix_path.dsv
[5.472s] -- Installing: /home/rakesh/practice/install/champ_msgs/share/champ_msgs/environment/path.sh
[5.472s] -- Up-to-date: /home/rakesh/practice/install/champ_msgs/share/champ_msgs/environment/path.dsv
[5.472s] -- Up-to-date: /home/rakesh/practice/install/champ_msgs/share/champ_msgs/local_setup.bash
[5.473s] -- Up-to-date: /home/rakesh/practice/install/champ_msgs/share/champ_msgs/local_setup.sh
[5.473s] -- Up-to-date: /home/rakesh/practice/install/champ_msgs/share/champ_msgs/local_setup.zsh
[5.473s] -- Up-to-date: /home/rakesh/practice/install/champ_msgs/share/champ_msgs/local_setup.dsv
[5.473s] -- Up-to-date: /home/rakesh/practice/install/champ_msgs/share/champ_msgs/package.dsv
[5.474s] -- Up-to-date: /home/rakesh/practice/install/champ_msgs/share/ament_index/resource_index/packages/champ_msgs
[5.474s] -- Up-to-date: /home/rakesh/practice/install/champ_msgs/share/champ_msgs/cmake/export_champ_msgs__rosidl_generator_cExport.cmake
[5.474s] -- Up-to-date: /home/rakesh/practice/install/champ_msgs/share/champ_msgs/cmake/export_champ_msgs__rosidl_generator_cExport-noconfig.cmake
[5.474s] -- Up-to-date: /home/rakesh/practice/install/champ_msgs/share/champ_msgs/cmake/export_champ_msgs__rosidl_typesupport_fastrtps_cExport.cmake
[5.474s] -- Up-to-date: /home/rakesh/practice/install/champ_msgs/share/champ_msgs/cmake/export_champ_msgs__rosidl_typesupport_fastrtps_cExport-noconfig.cmake
[5.474s] -- Up-to-date: /home/rakesh/practice/install/champ_msgs/share/champ_msgs/cmake/champ_msgs__rosidl_typesupport_introspection_cExport.cmake
[5.475s] -- Up-to-date: /home/rakesh/practice/install/champ_msgs/share/champ_msgs/cmake/champ_msgs__rosidl_typesupport_introspection_cExport-noconfig.cmake
[5.475s] -- Up-to-date: /home/rakesh/practice/install/champ_msgs/share/champ_msgs/cmake/champ_msgs__rosidl_typesupport_cExport.cmake
[5.475s] -- Up-to-date: /home/rakesh/practice/install/champ_msgs/share/champ_msgs/cmake/champ_msgs__rosidl_typesupport_cExport-noconfig.cmake
[5.475s] -- Up-to-date: /home/rakesh/practice/install/champ_msgs/share/champ_msgs/cmake/export_champ_msgs__rosidl_generator_cppExport.cmake
[5.475s] -- Up-to-date: /home/rakesh/practice/install/champ_msgs/share/champ_msgs/cmake/export_champ_msgs__rosidl_typesupport_fastrtps_cppExport.cmake
[5.475s] -- Up-to-date: /home/rakesh/practice/install/champ_msgs/share/champ_msgs/cmake/export_champ_msgs__rosidl_typesupport_fastrtps_cppExport-noconfig.cmake
[5.476s] -- Up-to-date: /home/rakesh/practice/install/champ_msgs/share/champ_msgs/cmake/champ_msgs__rosidl_typesupport_introspection_cppExport.cmake
[5.476s] -- Up-to-date: /home/rakesh/practice/install/champ_msgs/share/champ_msgs/cmake/champ_msgs__rosidl_typesupport_introspection_cppExport-noconfig.cmake
[5.476s] -- Up-to-date: /home/rakesh/practice/install/champ_msgs/share/champ_msgs/cmake/champ_msgs__rosidl_typesupport_cppExport.cmake
[5.476s] -- Up-to-date: /home/rakesh/practice/install/champ_msgs/share/champ_msgs/cmake/champ_msgs__rosidl_typesupport_cppExport-noconfig.cmake
[5.476s] -- Up-to-date: /home/rakesh/practice/install/champ_msgs/share/champ_msgs/cmake/export_champ_msgs__rosidl_generator_pyExport.cmake
[5.476s] -- Up-to-date: /home/rakesh/practice/install/champ_msgs/share/champ_msgs/cmake/export_champ_msgs__rosidl_generator_pyExport-noconfig.cmake
[5.476s] -- Up-to-date: /home/rakesh/practice/install/champ_msgs/share/champ_msgs/cmake/rosidl_cmake-extras.cmake
[5.477s] -- Up-to-date: /home/rakesh/practice/install/champ_msgs/share/champ_msgs/cmake/ament_cmake_export_dependencies-extras.cmake
[5.477s] -- Up-to-date: /home/rakesh/practice/install/champ_msgs/share/champ_msgs/cmake/ament_cmake_export_include_directories-extras.cmake
[5.477s] -- Up-to-date: /home/rakesh/practice/install/champ_msgs/share/champ_msgs/cmake/ament_cmake_export_libraries-extras.cmake
[5.477s] -- Up-to-date: /home/rakesh/practice/install/champ_msgs/share/champ_msgs/cmake/ament_cmake_export_targets-extras.cmake
[5.477s] -- Up-to-date: /home/rakesh/practice/install/champ_msgs/share/champ_msgs/cmake/rosidl_cmake_export_typesupport_targets-extras.cmake
[5.478s] -- Up-to-date: /home/rakesh/practice/install/champ_msgs/share/champ_msgs/cmake/rosidl_cmake_export_typesupport_libraries-extras.cmake
[5.478s] -- Up-to-date: /home/rakesh/practice/install/champ_msgs/share/champ_msgs/cmake/champ_msgsConfig.cmake
[5.478s] -- Up-to-date: /home/rakesh/practice/install/champ_msgs/share/champ_msgs/cmake/champ_msgsConfig-version.cmake
[5.478s] -- Installing: /home/rakesh/practice/install/champ_msgs/share/champ_msgs/package.xml
[5.480s] Invoked command in '/home/rakesh/practice/build/champ_msgs' returned '0': CMAKE_PREFIX_PATH=${CMAKE_PREFIX_PATH}:/opt/ros/jazzy: DEBUGINFOD_URLS=https://debuginfod.ubuntu.com /usr/bin/cmake --install /home/rakesh/practice/build/champ_msgs
