[0.025s] Invoking command in '/home/rakesh/practice/build/champ': CMAKE_PREFIX_PATH=${CMAKE_PREFIX_PATH}:/opt/ros/jazzy: DEBUGINFOD_URLS=https://debuginfod.ubuntu.com /usr/bin/cmake /home/rakesh/practice/src/unitree_go2_ros2/champ -DCMAKE_INSTALL_PREFIX=/home/rakesh/practice/install/champ
[0.217s] -- The C compiler identification is GNU 13.3.0
[0.355s] -- The CXX compiler identification is GNU 13.3.0
[0.383s] -- Detecting C compiler ABI info
[0.507s] -- Detecting C compiler ABI info - done
[0.521s] -- Check for working C compiler: /usr/bin/cc - skipped
[0.521s] -- Detecting C compile features
[0.522s] -- Detecting C compile features - done
[0.533s] -- Detecting CXX compiler ABI info
[0.661s] -- Detecting CXX compiler ABI info - done
[0.671s] -- Check for working CXX compiler: /usr/bin/c++ - skipped
[0.671s] -- Detecting CXX compile features
[0.672s] -- Detecting CXX compile features - done
[0.683s] -- Found ament_cmake: 2.5.4 (/opt/ros/jazzy/share/ament_cmake/cmake)
[0.869s] -- Found Python3: /usr/bin/python3 (found version "3.12.3") found components: Interpreter 
[1.057s] -- Found rclcpp: 28.1.12 (/opt/ros/jazzy/share/rclcpp/cmake)
[1.139s] -- Found rosidl_generator_c: 4.6.6 (/opt/ros/jazzy/share/rosidl_generator_c/cmake)
[1.164s] -- Found rosidl_generator_cpp: 4.6.6 (/opt/ros/jazzy/share/rosidl_generator_cpp/cmake)
[1.199s] -- Using all available rosidl_typesupport_c: rosidl_typesupport_fastrtps_c;rosidl_typesupport_introspection_c
[1.228s] -- Using all available rosidl_typesupport_cpp: rosidl_typesupport_fastrtps_cpp;rosidl_typesupport_introspection_cpp
[1.364s] -- Found rmw_implementation_cmake: 7.3.2 (/opt/ros/jazzy/share/rmw_implementation_cmake/cmake)
[1.372s] -- Found rmw_fastrtps_cpp: 8.4.3 (/opt/ros/jazzy/share/rmw_fastrtps_cpp/cmake)
[1.539s] -- Found OpenSSL: /usr/lib/x86_64-linux-gnu/libcrypto.so (found version "3.0.13")  
[1.565s] -- Found FastRTPS: /opt/ros/jazzy/include (Required is at least version "2.13") 
[1.595s] -- Using RMW implementation 'rmw_fastrtps_cpp' as default
[1.710s] -- Found ament_lint_auto: 0.17.3 (/opt/ros/jazzy/share/ament_lint_auto/cmake)
[1.803s] -- Configuring done (1.7s)
[1.812s] -- Generating done (0.0s)
[1.815s] -- Build files have been written to: /home/rakesh/practice/build/champ
[1.826s] Invoked command in '/home/rakesh/practice/build/champ' returned '0': CMAKE_PREFIX_PATH=${CMAKE_PREFIX_PATH}:/opt/ros/jazzy: DEBUGINFOD_URLS=https://debuginfod.ubuntu.com /usr/bin/cmake /home/rakesh/practice/src/unitree_go2_ros2/champ -DCMAKE_INSTALL_PREFIX=/home/rakesh/practice/install/champ
[1.827s] Invoking command in '/home/rakesh/practice/build/champ': CMAKE_PREFIX_PATH=${CMAKE_PREFIX_PATH}:/opt/ros/jazzy: DEBUGINFOD_URLS=https://debuginfod.ubuntu.com /usr/bin/cmake --build /home/rakesh/practice/build/champ -- -j12 -l12
[1.885s] Invoked command in '/home/rakesh/practice/build/champ' returned '0': CMAKE_PREFIX_PATH=${CMAKE_PREFIX_PATH}:/opt/ros/jazzy: DEBUGINFOD_URLS=https://debuginfod.ubuntu.com /usr/bin/cmake --build /home/rakesh/practice/build/champ -- -j12 -l12
[1.886s] Invoking command in '/home/rakesh/practice/build/champ': CMAKE_PREFIX_PATH=${CMAKE_PREFIX_PATH}:/opt/ros/jazzy: DEBUGINFOD_URLS=https://debuginfod.ubuntu.com /usr/bin/cmake --install /home/rakesh/practice/build/champ
[1.897s] -- Install configuration: ""
[1.897s] -- Installing: /home/rakesh/practice/install/champ/include
[1.897s] -- Installing: /home/rakesh/practice/install/champ/include/champ
[1.898s] -- Installing: /home/rakesh/practice/install/champ/include/champ/quadruped_base
[1.898s] -- Installing: /home/rakesh/practice/install/champ/include/champ/quadruped_base/quadruped_joint.h
[1.898s] -- Installing: /home/rakesh/practice/install/champ/include/champ/quadruped_base/quadruped_leg.h
[1.898s] -- Installing: /home/rakesh/practice/install/champ/include/champ/quadruped_base/quadruped_base.h
[1.899s] -- Installing: /home/rakesh/practice/install/champ/include/champ/quadruped_base/quadruped_components.h
[1.899s] -- Installing: /home/rakesh/practice/install/champ/include/champ/LICENSE
[1.899s] -- Installing: /home/rakesh/practice/install/champ/include/champ/bla
[1.899s] -- Installing: /home/rakesh/practice/install/champ/include/champ/bla/basic_linear_algebra.h
[1.900s] -- Installing: /home/rakesh/practice/install/champ/include/champ/bla/memory_delegate.h
[1.900s] -- Installing: /home/rakesh/practice/install/champ/include/champ/body_controller
[1.900s] -- Installing: /home/rakesh/practice/install/champ/include/champ/body_controller/body_controller.h
[1.900s] -- Installing: /home/rakesh/practice/install/champ/include/champ/README.md
[1.901s] -- Installing: /home/rakesh/practice/install/champ/include/champ/geometry
[1.901s] -- Installing: /home/rakesh/practice/install/champ/include/champ/geometry/geometry.h
[1.901s] -- Installing: /home/rakesh/practice/install/champ/include/champ/kinematics
[1.901s] -- Installing: /home/rakesh/practice/install/champ/include/champ/kinematics/kinematics.h
[1.901s] -- Installing: /home/rakesh/practice/install/champ/include/champ/macros
[1.902s] -- Installing: /home/rakesh/practice/install/champ/include/champ/macros/macros.h
[1.902s] -- Installing: /home/rakesh/practice/install/champ/include/champ/leg_controller
[1.902s] -- Installing: /home/rakesh/practice/install/champ/include/champ/leg_controller/leg_controller.h
[1.903s] -- Installing: /home/rakesh/practice/install/champ/include/champ/leg_controller/trajectory_planner.h
[1.903s] -- Installing: /home/rakesh/practice/install/champ/include/champ/leg_controller/phase_generator.h
[1.904s] -- Installing: /home/rakesh/practice/install/champ/include/champ/utils
[1.904s] -- Installing: /home/rakesh/practice/install/champ/include/champ/utils/xmlrpc_helpers.h
[1.904s] -- Installing: /home/rakesh/practice/install/champ/include/champ/utils/urdf_loader.h
[1.904s] -- Installing: /home/rakesh/practice/install/champ/include/champ/odometry
[1.905s] -- Installing: /home/rakesh/practice/install/champ/include/champ/odometry/odometry.h
[1.905s] -- Installing: /home/rakesh/practice/install/champ/share/ament_index/resource_index/package_run_dependencies/champ
[1.905s] -- Installing: /home/rakesh/practice/install/champ/share/ament_index/resource_index/parent_prefix_path/champ
[1.905s] -- Installing: /home/rakesh/practice/install/champ/share/champ/environment/ament_prefix_path.sh
[1.905s] -- Installing: /home/rakesh/practice/install/champ/share/champ/environment/ament_prefix_path.dsv
[1.905s] -- Installing: /home/rakesh/practice/install/champ/share/champ/environment/path.sh
[1.906s] -- Installing: /home/rakesh/practice/install/champ/share/champ/environment/path.dsv
[1.906s] -- Installing: /home/rakesh/practice/install/champ/share/champ/local_setup.bash
[1.906s] -- Installing: /home/rakesh/practice/install/champ/share/champ/local_setup.sh
[1.906s] -- Installing: /home/rakesh/practice/install/champ/share/champ/local_setup.zsh
[1.907s] -- Installing: /home/rakesh/practice/install/champ/share/champ/local_setup.dsv
[1.907s] -- Installing: /home/rakesh/practice/install/champ/share/champ/package.dsv
[1.907s] -- Installing: /home/rakesh/practice/install/champ/share/ament_index/resource_index/packages/champ
[1.907s] -- Installing: /home/rakesh/practice/install/champ/share/champ/cmake/ament_cmake_export_include_directories-extras.cmake
[1.908s] -- Installing: /home/rakesh/practice/install/champ/share/champ/cmake/champConfig.cmake
[1.908s] -- Installing: /home/rakesh/practice/install/champ/share/champ/cmake/champConfig-version.cmake
[1.908s] -- Installing: /home/rakesh/practice/install/champ/share/champ/package.xml
[1.909s] Invoked command in '/home/rakesh/practice/build/champ' returned '0': CMAKE_PREFIX_PATH=${CMAKE_PREFIX_PATH}:/opt/ros/jazzy: DEBUGINFOD_URLS=https://debuginfod.ubuntu.com /usr/bin/cmake --install /home/rakesh/practice/build/champ
