[0.016s] Invoking command in '/home/rakesh/practice/build/unitree_go2_description': CMAKE_PREFIX_PATH=${CMAKE_PREFIX_PATH}:/opt/ros/jazzy: DEBUGINFOD_URLS=https://debuginfod.ubuntu.com /usr/bin/cmake /home/rakesh/practice/src/unitree_go2_ros2/unitree_go2_description -DCMAKE_INSTALL_PREFIX=/home/rakesh/practice/install/unitree_go2_description
[0.202s] -- The C compiler identification is GNU 13.3.0
[0.340s] -- The CXX compiler identification is GNU 13.3.0
[0.369s] -- Detecting C compiler ABI info
[0.494s] -- Detecting C compiler ABI info - done
[0.508s] -- Check for working C compiler: /usr/bin/cc - skipped
[0.509s] -- Detecting C compile features
[0.509s] -- Detecting C compile features - done
[0.521s] -- Detecting CXX compiler ABI info
[0.648s] -- Detecting CXX compiler ABI info - done
[0.670s] -- Check for working CXX compiler: /usr/bin/c++ - skipped
[0.671s] -- Detecting CXX compile features
[0.672s] -- Detecting CXX compile features - done
[0.680s] -- Found ament_cmake: 2.5.4 (/opt/ros/jazzy/share/ament_cmake/cmake)
[0.863s] -- Found Python3: /usr/bin/python3 (found version "3.12.3") found components: Interpreter 
[1.148s] -- Configuring done (1.1s)
[1.151s] -- Generating done (0.0s)
[1.153s] -- Build files have been written to: /home/rakesh/practice/build/unitree_go2_description
[1.159s] Invoked command in '/home/rakesh/practice/build/unitree_go2_description' returned '0': CMAKE_PREFIX_PATH=${CMAKE_PREFIX_PATH}:/opt/ros/jazzy: DEBUGINFOD_URLS=https://debuginfod.ubuntu.com /usr/bin/cmake /home/rakesh/practice/src/unitree_go2_ros2/unitree_go2_description -DCMAKE_INSTALL_PREFIX=/home/rakesh/practice/install/unitree_go2_description
[1.160s] Invoking command in '/home/rakesh/practice/build/unitree_go2_description': CMAKE_PREFIX_PATH=${CMAKE_PREFIX_PATH}:/opt/ros/jazzy: DEBUGINFOD_URLS=https://debuginfod.ubuntu.com /usr/bin/cmake --build /home/rakesh/practice/build/unitree_go2_description -- -j12 -l12
[1.217s] Invoked command in '/home/rakesh/practice/build/unitree_go2_description' returned '0': CMAKE_PREFIX_PATH=${CMAKE_PREFIX_PATH}:/opt/ros/jazzy: DEBUGINFOD_URLS=https://debuginfod.ubuntu.com /usr/bin/cmake --build /home/rakesh/practice/build/unitree_go2_description -- -j12 -l12
[1.218s] Invoking command in '/home/rakesh/practice/build/unitree_go2_description': CMAKE_PREFIX_PATH=${CMAKE_PREFIX_PATH}:/opt/ros/jazzy: DEBUGINFOD_URLS=https://debuginfod.ubuntu.com /usr/bin/cmake --install /home/rakesh/practice/build/unitree_go2_description
[1.228s] -- Install configuration: ""
[1.228s] -- Installing: /home/rakesh/practice/install/unitree_go2_description/share/unitree_go2_description/worlds
[1.229s] -- Installing: /home/rakesh/practice/install/unitree_go2_description/share/unitree_go2_description/worlds/default.sdf
[1.229s] -- Installing: /home/rakesh/practice/install/unitree_go2_description/share/unitree_go2_description/meshes
[1.229s] -- Installing: /home/rakesh/practice/install/unitree_go2_description/share/unitree_go2_description/meshes/trunk.dae
[1.240s] -- Installing: /home/rakesh/practice/install/unitree_go2_description/share/unitree_go2_description/meshes/foot.dae
[1.241s] -- Installing: /home/rakesh/practice/install/unitree_go2_description/share/unitree_go2_description/meshes/L1_4D_Lidar.dae
[1.243s] -- Installing: /home/rakesh/practice/install/unitree_go2_description/share/unitree_go2_description/meshes/thigh_mirror.dae
[1.248s] -- Installing: /home/rakesh/practice/install/unitree_go2_description/share/unitree_go2_description/meshes/VLP16_base_1.dae
[1.249s] -- Installing: /home/rakesh/practice/install/unitree_go2_description/share/unitree_go2_description/meshes/hip.dae
[1.253s] -- Installing: /home/rakesh/practice/install/unitree_go2_description/share/unitree_go2_description/meshes/calf.dae
[1.254s] -- Installing: /home/rakesh/practice/install/unitree_go2_description/share/unitree_go2_description/meshes/calf_mirror.dae
[1.255s] -- Installing: /home/rakesh/practice/install/unitree_go2_description/share/unitree_go2_description/meshes/hokuyo.dae
[1.255s] -- Installing: /home/rakesh/practice/install/unitree_go2_description/share/unitree_go2_description/meshes/thigh.dae
[1.259s] -- Installing: /home/rakesh/practice/install/unitree_go2_description/share/unitree_go2_description/meshes/VLP16_base_2.dae
[1.260s] -- Installing: /home/rakesh/practice/install/unitree_go2_description/share/unitree_go2_description/meshes/VLP16_scan.dae
[1.260s] -- Installing: /home/rakesh/practice/install/unitree_go2_description/share/unitree_go2_description/urdf
[1.260s] -- Installing: /home/rakesh/practice/install/unitree_go2_description/share/unitree_go2_description/urdf/materials.xacro
[1.260s] -- Installing: /home/rakesh/practice/install/unitree_go2_description/share/unitree_go2_description/urdf/const.xacro
[1.260s] -- Installing: /home/rakesh/practice/install/unitree_go2_description/share/unitree_go2_description/urdf/unitree_go2_robot.xacro
[1.261s] -- Installing: /home/rakesh/practice/install/unitree_go2_description/share/unitree_go2_description/urdf/unitree_go2_gazebo.xacro
[1.261s] -- Installing: /home/rakesh/practice/install/unitree_go2_description/share/unitree_go2_description/urdf/velodyne.xacro
[1.261s] -- Installing: /home/rakesh/practice/install/unitree_go2_description/share/unitree_go2_description/urdf/leg.xacro
[1.261s] -- Installing: /home/rakesh/practice/install/unitree_go2_description/share/unitree_go2_description/urdf/lidar_4D_lidar.xacro
[1.261s] -- Installing: /home/rakesh/practice/install/unitree_go2_description/share/ament_index/resource_index/package_run_dependencies/unitree_go2_description
[1.261s] -- Installing: /home/rakesh/practice/install/unitree_go2_description/share/ament_index/resource_index/parent_prefix_path/unitree_go2_description
[1.261s] -- Installing: /home/rakesh/practice/install/unitree_go2_description/share/unitree_go2_description/environment/ament_prefix_path.sh
[1.261s] -- Installing: /home/rakesh/practice/install/unitree_go2_description/share/unitree_go2_description/environment/ament_prefix_path.dsv
[1.261s] -- Installing: /home/rakesh/practice/install/unitree_go2_description/share/unitree_go2_description/environment/path.sh
[1.262s] -- Installing: /home/rakesh/practice/install/unitree_go2_description/share/unitree_go2_description/environment/path.dsv
[1.262s] -- Installing: /home/rakesh/practice/install/unitree_go2_description/share/unitree_go2_description/local_setup.bash
[1.262s] -- Installing: /home/rakesh/practice/install/unitree_go2_description/share/unitree_go2_description/local_setup.sh
[1.262s] -- Installing: /home/rakesh/practice/install/unitree_go2_description/share/unitree_go2_description/local_setup.zsh
[1.262s] -- Installing: /home/rakesh/practice/install/unitree_go2_description/share/unitree_go2_description/local_setup.dsv
[1.263s] -- Installing: /home/rakesh/practice/install/unitree_go2_description/share/unitree_go2_description/package.dsv
[1.263s] -- Installing: /home/rakesh/practice/install/unitree_go2_description/share/ament_index/resource_index/packages/unitree_go2_description
[1.263s] -- Installing: /home/rakesh/practice/install/unitree_go2_description/share/unitree_go2_description/cmake/unitree_go2_descriptionConfig.cmake
[1.263s] -- Installing: /home/rakesh/practice/install/unitree_go2_description/share/unitree_go2_description/cmake/unitree_go2_descriptionConfig-version.cmake
[1.263s] -- Installing: /home/rakesh/practice/install/unitree_go2_description/share/unitree_go2_description/package.xml
[1.265s] Invoked command in '/home/rakesh/practice/build/unitree_go2_description' returned '0': CMAKE_PREFIX_PATH=${CMAKE_PREFIX_PATH}:/opt/ros/jazzy: DEBUGINFOD_URLS=https://debuginfod.ubuntu.com /usr/bin/cmake --install /home/rakesh/practice/build/unitree_go2_description
