[0.023s] Invoking command in '/home/rakesh/practice/build/champ_msgs': CMAKE_PREFIX_PATH=${CMAKE_PREFIX_PATH}:/opt/ros/jazzy: DEBUGINFOD_URLS=https://debuginfod.ubuntu.com /usr/bin/cmake --build /home/rakesh/practice/build/champ_msgs -- -j12 -l12
[0.146s] [  1%] Built target champ_msgs__rosidl_generator_type_description
[0.198s] [  1%] Built target ament_cmake_python_copy_champ_msgs
[0.256s] [ 27%] Built target champ_msgs__rosidl_generator_c
[0.528s] running egg_info
[0.558s] writing champ_msgs.egg-info/PKG-INFO
[0.558s] writing dependency_links to champ_msgs.egg-info/dependency_links.txt
[0.558s] writing top-level names to champ_msgs.egg-info/top_level.txt
[0.648s] reading manifest file 'champ_msgs.egg-info/SOURCES.txt'
[0.649s] writing manifest file 'champ_msgs.egg-info/SOURCES.txt'
[0.688s] [ 27%] Built target ament_cmake_python_build_champ_msgs_egg
[0.728s] [ 37%] Built target champ_msgs__rosidl_typesupport_c
[0.767s] [ 47%] Built target champ_msgs__rosidl_typesupport_introspection_c
[0.814s] [ 56%] Built target champ_msgs__rosidl_typesupport_fastrtps_c
[0.847s] [ 56%] Built target champ_msgs__cpp
[0.886s] [ 66%] Built target champ_msgs__rosidl_typesupport_cpp
[0.926s] [ 75%] Built target champ_msgs__rosidl_typesupport_introspection_cpp
[0.965s] [ 85%] Built target champ_msgs__rosidl_typesupport_fastrtps_cpp
[0.995s] [ 85%] Built target champ_msgs
[1.026s] [ 86%] Built target champ_msgs__py
[1.078s] [ 94%] Built target champ_msgs__rosidl_generator_py
[1.112s] [ 96%] Built target champ_msgs_s__rosidl_typesupport_fastrtps_c
[1.145s] [ 98%] Built target champ_msgs_s__rosidl_typesupport_c
[1.178s] [100%] Built target champ_msgs_s__rosidl_typesupport_introspection_c
[1.198s] Invoked command in '/home/rakesh/practice/build/champ_msgs' returned '0': CMAKE_PREFIX_PATH=${CMAKE_PREFIX_PATH}:/opt/ros/jazzy: DEBUGINFOD_URLS=https://debuginfod.ubuntu.com /usr/bin/cmake --build /home/rakesh/practice/build/champ_msgs -- -j12 -l12
[1.199s] Invoking command in '/home/rakesh/practice/build/champ_msgs': CMAKE_PREFIX_PATH=${CMAKE_PREFIX_PATH}:/opt/ros/jazzy: DEBUGINFOD_URLS=https://debuginfod.ubuntu.com /usr/bin/cmake --install /home/rakesh/practice/build/champ_msgs
[1.212s] -- Install configuration: ""
[1.213s] -- Up-to-date: /home/rakesh/practice/install/champ_msgs/share/ament_index/resource_index/rosidl_interfaces/champ_msgs
[1.213s] -- Up-to-date: /home/rakesh/practice/install/champ_msgs/share/champ_msgs/msg/Velocities.json
[1.214s] -- Up-to-date: /home/rakesh/practice/install/champ_msgs/share/champ_msgs/msg/PID.json
[1.214s] -- Up-to-date: /home/rakesh/practice/install/champ_msgs/share/champ_msgs/msg/Imu.json
[1.214s] -- Up-to-date: /home/rakesh/practice/install/champ_msgs/share/champ_msgs/msg/Point.json
[1.214s] -- Up-to-date: /home/rakesh/practice/install/champ_msgs/share/champ_msgs/msg/PointArray.json
[1.214s] -- Up-to-date: /home/rakesh/practice/install/champ_msgs/share/champ_msgs/msg/Joints.json
[1.214s] -- Up-to-date: /home/rakesh/practice/install/champ_msgs/share/champ_msgs/msg/Contacts.json
[1.214s] -- Up-to-date: /home/rakesh/practice/install/champ_msgs/share/champ_msgs/msg/ContactsStamped.json
[1.214s] -- Up-to-date: /home/rakesh/practice/install/champ_msgs/share/champ_msgs/msg/Pose.json
[1.214s] -- Up-to-date: /home/rakesh/practice/install/champ_msgs/include/champ_msgs/champ_msgs
[1.215s] -- Up-to-date: /home/rakesh/practice/install/champ_msgs/include/champ_msgs/champ_msgs/msg
[1.215s] -- Up-to-date: /home/rakesh/practice/install/champ_msgs/include/champ_msgs/champ_msgs/msg/velocities.h
[1.215s] -- Up-to-date: /home/rakesh/practice/install/champ_msgs/include/champ_msgs/champ_msgs/msg/rosidl_generator_c__visibility_control.h
[1.215s] -- Up-to-date: /home/rakesh/practice/install/champ_msgs/include/champ_msgs/champ_msgs/msg/point.h
[1.215s] -- Up-to-date: /home/rakesh/practice/install/champ_msgs/include/champ_msgs/champ_msgs/msg/contacts.h
[1.215s] -- Up-to-date: /home/rakesh/practice/install/champ_msgs/include/champ_msgs/champ_msgs/msg/point_array.h
[1.215s] -- Up-to-date: /home/rakesh/practice/install/champ_msgs/include/champ_msgs/champ_msgs/msg/joints.h
[1.215s] -- Up-to-date: /home/rakesh/practice/install/champ_msgs/include/champ_msgs/champ_msgs/msg/contacts_stamped.h
[1.215s] -- Up-to-date: /home/rakesh/practice/install/champ_msgs/include/champ_msgs/champ_msgs/msg/imu.h
[1.215s] -- Up-to-date: /home/rakesh/practice/install/champ_msgs/include/champ_msgs/champ_msgs/msg/pid.h
[1.215s] -- Up-to-date: /home/rakesh/practice/install/champ_msgs/include/champ_msgs/champ_msgs/msg/pose.h
[1.215s] -- Up-to-date: /home/rakesh/practice/install/champ_msgs/include/champ_msgs/champ_msgs/msg/detail
[1.216s] -- Up-to-date: /home/rakesh/practice/install/champ_msgs/include/champ_msgs/champ_msgs/msg/detail/velocities__struct.h
[1.216s] -- Up-to-date: /home/rakesh/practice/install/champ_msgs/include/champ_msgs/champ_msgs/msg/detail/contacts_stamped__struct.h
[1.216s] -- Up-to-date: /home/rakesh/practice/install/champ_msgs/include/champ_msgs/champ_msgs/msg/detail/pid__functions.c
[1.216s] -- Up-to-date: /home/rakesh/practice/install/champ_msgs/include/champ_msgs/champ_msgs/msg/detail/contacts__struct.h
[1.216s] -- Up-to-date: /home/rakesh/practice/install/champ_msgs/include/champ_msgs/champ_msgs/msg/detail/imu__type_support.h
[1.217s] -- Up-to-date: /home/rakesh/practice/install/champ_msgs/include/champ_msgs/champ_msgs/msg/detail/pose__description.c
[1.217s] -- Up-to-date: /home/rakesh/practice/install/champ_msgs/include/champ_msgs/champ_msgs/msg/detail/contacts__functions.h
[1.217s] -- Up-to-date: /home/rakesh/practice/install/champ_msgs/include/champ_msgs/champ_msgs/msg/detail/joints__description.c
[1.217s] -- Up-to-date: /home/rakesh/practice/install/champ_msgs/include/champ_msgs/champ_msgs/msg/detail/contacts_stamped__description.c
[1.217s] -- Up-to-date: /home/rakesh/practice/install/champ_msgs/include/champ_msgs/champ_msgs/msg/detail/contacts_stamped__type_support.h
[1.217s] -- Up-to-date: /home/rakesh/practice/install/champ_msgs/include/champ_msgs/champ_msgs/msg/detail/point__functions.h
[1.217s] -- Up-to-date: /home/rakesh/practice/install/champ_msgs/include/champ_msgs/champ_msgs/msg/detail/velocities__type_support.c
[1.217s] -- Up-to-date: /home/rakesh/practice/install/champ_msgs/include/champ_msgs/champ_msgs/msg/detail/joints__functions.c
[1.217s] -- Up-to-date: /home/rakesh/practice/install/champ_msgs/include/champ_msgs/champ_msgs/msg/detail/pid__type_support.h
[1.217s] -- Up-to-date: /home/rakesh/practice/install/champ_msgs/include/champ_msgs/champ_msgs/msg/detail/contacts_stamped__functions.h
[1.217s] -- Up-to-date: /home/rakesh/practice/install/champ_msgs/include/champ_msgs/champ_msgs/msg/detail/velocities__functions.c
[1.217s] -- Up-to-date: /home/rakesh/practice/install/champ_msgs/include/champ_msgs/champ_msgs/msg/detail/pose__functions.h
[1.217s] -- Up-to-date: /home/rakesh/practice/install/champ_msgs/include/champ_msgs/champ_msgs/msg/detail/velocities__description.c
[1.217s] -- Up-to-date: /home/rakesh/practice/install/champ_msgs/include/champ_msgs/champ_msgs/msg/detail/contacts__type_support.h
[1.217s] -- Up-to-date: /home/rakesh/practice/install/champ_msgs/include/champ_msgs/champ_msgs/msg/detail/point_array__type_support.h
[1.218s] -- Up-to-date: /home/rakesh/practice/install/champ_msgs/include/champ_msgs/champ_msgs/msg/detail/joints__type_support.c
[1.218s] -- Up-to-date: /home/rakesh/practice/install/champ_msgs/include/champ_msgs/champ_msgs/msg/detail/pose__type_support.h
[1.218s] -- Up-to-date: /home/rakesh/practice/install/champ_msgs/include/champ_msgs/champ_msgs/msg/detail/imu__functions.h
[1.218s] -- Up-to-date: /home/rakesh/practice/install/champ_msgs/include/champ_msgs/champ_msgs/msg/detail/contacts__functions.c
[1.218s] -- Up-to-date: /home/rakesh/practice/install/champ_msgs/include/champ_msgs/champ_msgs/msg/detail/imu__functions.c
[1.218s] -- Up-to-date: /home/rakesh/practice/install/champ_msgs/include/champ_msgs/champ_msgs/msg/detail/point_array__functions.c
[1.218s] -- Installing: /home/rakesh/practice/install/champ_msgs/include/champ_msgs/champ_msgs/msg/detail/pose__type_support.c
[1.218s] -- Up-to-date: /home/rakesh/practice/install/champ_msgs/include/champ_msgs/champ_msgs/msg/detail/imu__struct.h
[1.218s] -- Up-to-date: /home/rakesh/practice/install/champ_msgs/include/champ_msgs/champ_msgs/msg/detail/point_array__description.c
[1.218s] -- Up-to-date: /home/rakesh/practice/install/champ_msgs/include/champ_msgs/champ_msgs/msg/detail/contacts__type_support.c
[1.218s] -- Up-to-date: /home/rakesh/practice/install/champ_msgs/include/champ_msgs/champ_msgs/msg/detail/point__struct.h
[1.218s] -- Up-to-date: /home/rakesh/practice/install/champ_msgs/include/champ_msgs/champ_msgs/msg/detail/velocities__functions.h
[1.218s] -- Up-to-date: /home/rakesh/practice/install/champ_msgs/include/champ_msgs/champ_msgs/msg/detail/point__description.c
[1.218s] -- Up-to-date: /home/rakesh/practice/install/champ_msgs/include/champ_msgs/champ_msgs/msg/detail/point_array__functions.h
[1.218s] -- Up-to-date: /home/rakesh/practice/install/champ_msgs/include/champ_msgs/champ_msgs/msg/detail/joints__functions.h
[1.218s] -- Up-to-date: /home/rakesh/practice/install/champ_msgs/include/champ_msgs/champ_msgs/msg/detail/velocities__type_support.h
[1.219s] -- Up-to-date: /home/rakesh/practice/install/champ_msgs/include/champ_msgs/champ_msgs/msg/detail/contacts_stamped__type_support.c
[1.219s] -- Up-to-date: /home/rakesh/practice/install/champ_msgs/include/champ_msgs/champ_msgs/msg/detail/joints__struct.h
[1.219s] -- Up-to-date: /home/rakesh/practice/install/champ_msgs/include/champ_msgs/champ_msgs/msg/detail/contacts_stamped__functions.c
[1.219s] -- Up-to-date: /home/rakesh/practice/install/champ_msgs/include/champ_msgs/champ_msgs/msg/detail/pid__description.c
[1.219s] -- Up-to-date: /home/rakesh/practice/install/champ_msgs/include/champ_msgs/champ_msgs/msg/detail/pid__struct.h
[1.219s] -- Up-to-date: /home/rakesh/practice/install/champ_msgs/include/champ_msgs/champ_msgs/msg/detail/point__type_support.h
[1.219s] -- Up-to-date: /home/rakesh/practice/install/champ_msgs/include/champ_msgs/champ_msgs/msg/detail/pose__functions.c
[1.219s] -- Up-to-date: /home/rakesh/practice/install/champ_msgs/include/champ_msgs/champ_msgs/msg/detail/point_array__struct.h
[1.219s] -- Up-to-date: /home/rakesh/practice/install/champ_msgs/include/champ_msgs/champ_msgs/msg/detail/joints__type_support.h
[1.219s] -- Up-to-date: /home/rakesh/practice/install/champ_msgs/include/champ_msgs/champ_msgs/msg/detail/pose__struct.h
[1.219s] -- Up-to-date: /home/rakesh/practice/install/champ_msgs/include/champ_msgs/champ_msgs/msg/detail/point__type_support.c
[1.219s] -- Up-to-date: /home/rakesh/practice/install/champ_msgs/include/champ_msgs/champ_msgs/msg/detail/pid__functions.h
[1.219s] -- Up-to-date: /home/rakesh/practice/install/champ_msgs/include/champ_msgs/champ_msgs/msg/detail/point__functions.c
[1.219s] -- Up-to-date: /home/rakesh/practice/install/champ_msgs/include/champ_msgs/champ_msgs/msg/detail/imu__description.c
[1.219s] -- Up-to-date: /home/rakesh/practice/install/champ_msgs/include/champ_msgs/champ_msgs/msg/detail/imu__type_support.c
[1.219s] -- Up-to-date: /home/rakesh/practice/install/champ_msgs/include/champ_msgs/champ_msgs/msg/detail/pid__type_support.c
[1.219s] -- Up-to-date: /home/rakesh/practice/install/champ_msgs/include/champ_msgs/champ_msgs/msg/detail/contacts__description.c
[1.220s] -- Up-to-date: /home/rakesh/practice/install/champ_msgs/include/champ_msgs/champ_msgs/msg/detail/point_array__type_support.c
[1.220s] -- Up-to-date: /home/rakesh/practice/install/champ_msgs/share/champ_msgs/environment/library_path.sh
[1.220s] -- Up-to-date: /home/rakesh/practice/install/champ_msgs/share/champ_msgs/environment/library_path.dsv
[1.220s] -- Up-to-date: /home/rakesh/practice/install/champ_msgs/lib/libchamp_msgs__rosidl_generator_c.so
[1.220s] -- Up-to-date: /home/rakesh/practice/install/champ_msgs/include/champ_msgs/champ_msgs
[1.220s] -- Up-to-date: /home/rakesh/practice/install/champ_msgs/include/champ_msgs/champ_msgs/msg
[1.220s] -- Up-to-date: /home/rakesh/practice/install/champ_msgs/include/champ_msgs/champ_msgs/msg/rosidl_typesupport_fastrtps_c__visibility_control.h
[1.220s] -- Up-to-date: /home/rakesh/practice/install/champ_msgs/include/champ_msgs/champ_msgs/msg/detail
[1.220s] -- Up-to-date: /home/rakesh/practice/install/champ_msgs/include/champ_msgs/champ_msgs/msg/detail/velocities__rosidl_typesupport_fastrtps_c.h
[1.220s] -- Up-to-date: /home/rakesh/practice/install/champ_msgs/include/champ_msgs/champ_msgs/msg/detail/pose__rosidl_typesupport_fastrtps_c.h
[1.220s] -- Up-to-date: /home/rakesh/practice/install/champ_msgs/include/champ_msgs/champ_msgs/msg/detail/pid__rosidl_typesupport_fastrtps_c.h
[1.220s] -- Up-to-date: /home/rakesh/practice/install/champ_msgs/include/champ_msgs/champ_msgs/msg/detail/imu__rosidl_typesupport_fastrtps_c.h
[1.220s] -- Up-to-date: /home/rakesh/practice/install/champ_msgs/include/champ_msgs/champ_msgs/msg/detail/joints__rosidl_typesupport_fastrtps_c.h
[1.220s] -- Up-to-date: /home/rakesh/practice/install/champ_msgs/include/champ_msgs/champ_msgs/msg/detail/contacts__rosidl_typesupport_fastrtps_c.h
[1.220s] -- Up-to-date: /home/rakesh/practice/install/champ_msgs/include/champ_msgs/champ_msgs/msg/detail/point_array__rosidl_typesupport_fastrtps_c.h
[1.220s] -- Up-to-date: /home/rakesh/practice/install/champ_msgs/include/champ_msgs/champ_msgs/msg/detail/contacts_stamped__rosidl_typesupport_fastrtps_c.h
[1.221s] -- Up-to-date: /home/rakesh/practice/install/champ_msgs/include/champ_msgs/champ_msgs/msg/detail/point__rosidl_typesupport_fastrtps_c.h
[1.221s] -- Up-to-date: /home/rakesh/practice/install/champ_msgs/lib/libchamp_msgs__rosidl_typesupport_fastrtps_c.so
[1.221s] -- Up-to-date: /home/rakesh/practice/install/champ_msgs/include/champ_msgs/champ_msgs
[1.221s] -- Up-to-date: /home/rakesh/practice/install/champ_msgs/include/champ_msgs/champ_msgs/msg
[1.221s] -- Up-to-date: /home/rakesh/practice/install/champ_msgs/include/champ_msgs/champ_msgs/msg/rosidl_typesupport_introspection_c__visibility_control.h
[1.221s] -- Up-to-date: /home/rakesh/practice/install/champ_msgs/include/champ_msgs/champ_msgs/msg/detail
[1.221s] -- Up-to-date: /home/rakesh/practice/install/champ_msgs/include/champ_msgs/champ_msgs/msg/detail/joints__rosidl_typesupport_introspection_c.h
[1.221s] -- Up-to-date: /home/rakesh/practice/install/champ_msgs/include/champ_msgs/champ_msgs/msg/detail/velocities__type_support.c
[1.221s] -- Up-to-date: /home/rakesh/practice/install/champ_msgs/include/champ_msgs/champ_msgs/msg/detail/contacts__rosidl_typesupport_introspection_c.h
[1.222s] -- Up-to-date: /home/rakesh/practice/install/champ_msgs/include/champ_msgs/champ_msgs/msg/detail/joints__type_support.c
[1.222s] -- Installing: /home/rakesh/practice/install/champ_msgs/include/champ_msgs/champ_msgs/msg/detail/pose__type_support.c
[1.222s] -- Up-to-date: /home/rakesh/practice/install/champ_msgs/include/champ_msgs/champ_msgs/msg/detail/point_array__rosidl_typesupport_introspection_c.h
[1.222s] -- Up-to-date: /home/rakesh/practice/install/champ_msgs/include/champ_msgs/champ_msgs/msg/detail/contacts__type_support.c
[1.222s] -- Up-to-date: /home/rakesh/practice/install/champ_msgs/include/champ_msgs/champ_msgs/msg/detail/imu__rosidl_typesupport_introspection_c.h
[1.222s] -- Up-to-date: /home/rakesh/practice/install/champ_msgs/include/champ_msgs/champ_msgs/msg/detail/contacts_stamped__type_support.c
[1.222s] -- Up-to-date: /home/rakesh/practice/install/champ_msgs/include/champ_msgs/champ_msgs/msg/detail/velocities__rosidl_typesupport_introspection_c.h
[1.222s] -- Up-to-date: /home/rakesh/practice/install/champ_msgs/include/champ_msgs/champ_msgs/msg/detail/pid__rosidl_typesupport_introspection_c.h
[1.222s] -- Up-to-date: /home/rakesh/practice/install/champ_msgs/include/champ_msgs/champ_msgs/msg/detail/point__type_support.c
[1.222s] -- Up-to-date: /home/rakesh/practice/install/champ_msgs/include/champ_msgs/champ_msgs/msg/detail/pose__rosidl_typesupport_introspection_c.h
[1.222s] -- Up-to-date: /home/rakesh/practice/install/champ_msgs/include/champ_msgs/champ_msgs/msg/detail/contacts_stamped__rosidl_typesupport_introspection_c.h
[1.222s] -- Up-to-date: /home/rakesh/practice/install/champ_msgs/include/champ_msgs/champ_msgs/msg/detail/imu__type_support.c
[1.222s] -- Up-to-date: /home/rakesh/practice/install/champ_msgs/include/champ_msgs/champ_msgs/msg/detail/pid__type_support.c
[1.222s] -- Up-to-date: /home/rakesh/practice/install/champ_msgs/include/champ_msgs/champ_msgs/msg/detail/point__rosidl_typesupport_introspection_c.h
[1.222s] -- Up-to-date: /home/rakesh/practice/install/champ_msgs/include/champ_msgs/champ_msgs/msg/detail/point_array__type_support.c
[1.223s] -- Up-to-date: /home/rakesh/practice/install/champ_msgs/lib/libchamp_msgs__rosidl_typesupport_introspection_c.so
[1.223s] -- Up-to-date: /home/rakesh/practice/install/champ_msgs/lib/libchamp_msgs__rosidl_typesupport_c.so
[1.223s] -- Up-to-date: /home/rakesh/practice/install/champ_msgs/include/champ_msgs/champ_msgs
[1.223s] -- Up-to-date: /home/rakesh/practice/install/champ_msgs/include/champ_msgs/champ_msgs/msg
[1.224s] -- Up-to-date: /home/rakesh/practice/install/champ_msgs/include/champ_msgs/champ_msgs/msg/contacts_stamped.hpp
[1.224s] -- Up-to-date: /home/rakesh/practice/install/champ_msgs/include/champ_msgs/champ_msgs/msg/imu.hpp
[1.224s] -- Up-to-date: /home/rakesh/practice/install/champ_msgs/include/champ_msgs/champ_msgs/msg/point.hpp
[1.224s] -- Up-to-date: /home/rakesh/practice/install/champ_msgs/include/champ_msgs/champ_msgs/msg/pid.hpp
[1.224s] -- Up-to-date: /home/rakesh/practice/install/champ_msgs/include/champ_msgs/champ_msgs/msg/point_array.hpp
[1.224s] -- Up-to-date: /home/rakesh/practice/install/champ_msgs/include/champ_msgs/champ_msgs/msg/pose.hpp
[1.224s] -- Up-to-date: /home/rakesh/practice/install/champ_msgs/include/champ_msgs/champ_msgs/msg/joints.hpp
[1.224s] -- Up-to-date: /home/rakesh/practice/install/champ_msgs/include/champ_msgs/champ_msgs/msg/velocities.hpp
[1.224s] -- Up-to-date: /home/rakesh/practice/install/champ_msgs/include/champ_msgs/champ_msgs/msg/contacts.hpp
[1.224s] -- Up-to-date: /home/rakesh/practice/install/champ_msgs/include/champ_msgs/champ_msgs/msg/detail
[1.224s] -- Up-to-date: /home/rakesh/practice/install/champ_msgs/include/champ_msgs/champ_msgs/msg/detail/velocities__traits.hpp
[1.224s] -- Up-to-date: /home/rakesh/practice/install/champ_msgs/include/champ_msgs/champ_msgs/msg/detail/velocities__type_support.hpp
[1.225s] -- Up-to-date: /home/rakesh/practice/install/champ_msgs/include/champ_msgs/champ_msgs/msg/detail/velocities__struct.hpp
[1.225s] -- Up-to-date: /home/rakesh/practice/install/champ_msgs/include/champ_msgs/champ_msgs/msg/detail/point_array__struct.hpp
[1.225s] -- Up-to-date: /home/rakesh/practice/install/champ_msgs/include/champ_msgs/champ_msgs/msg/detail/point__traits.hpp
[1.225s] -- Up-to-date: /home/rakesh/practice/install/champ_msgs/include/champ_msgs/champ_msgs/msg/detail/velocities__builder.hpp
[1.225s] -- Up-to-date: /home/rakesh/practice/install/champ_msgs/include/champ_msgs/champ_msgs/msg/detail/point_array__builder.hpp
[1.225s] -- Up-to-date: /home/rakesh/practice/install/champ_msgs/include/champ_msgs/champ_msgs/msg/detail/imu__builder.hpp
[1.225s] -- Up-to-date: /home/rakesh/practice/install/champ_msgs/include/champ_msgs/champ_msgs/msg/detail/contacts__type_support.hpp
[1.225s] -- Up-to-date: /home/rakesh/practice/install/champ_msgs/include/champ_msgs/champ_msgs/msg/detail/contacts_stamped__builder.hpp
[1.225s] -- Up-to-date: /home/rakesh/practice/install/champ_msgs/include/champ_msgs/champ_msgs/msg/detail/point__builder.hpp
[1.225s] -- Up-to-date: /home/rakesh/practice/install/champ_msgs/include/champ_msgs/champ_msgs/msg/detail/contacts_stamped__struct.hpp
[1.225s] -- Up-to-date: /home/rakesh/practice/install/champ_msgs/include/champ_msgs/champ_msgs/msg/detail/joints__type_support.hpp
[1.225s] -- Up-to-date: /home/rakesh/practice/install/champ_msgs/include/champ_msgs/champ_msgs/msg/detail/imu__traits.hpp
[1.225s] -- Up-to-date: /home/rakesh/practice/install/champ_msgs/include/champ_msgs/champ_msgs/msg/detail/pose__struct.hpp
[1.225s] -- Up-to-date: /home/rakesh/practice/install/champ_msgs/include/champ_msgs/champ_msgs/msg/detail/imu__type_support.hpp
[1.225s] -- Up-to-date: /home/rakesh/practice/install/champ_msgs/include/champ_msgs/champ_msgs/msg/detail/pose__traits.hpp
[1.225s] -- Up-to-date: /home/rakesh/practice/install/champ_msgs/include/champ_msgs/champ_msgs/msg/detail/point__struct.hpp
[1.226s] -- Up-to-date: /home/rakesh/practice/install/champ_msgs/include/champ_msgs/champ_msgs/msg/detail/imu__struct.hpp
[1.226s] -- Up-to-date: /home/rakesh/practice/install/champ_msgs/include/champ_msgs/champ_msgs/msg/detail/pid__builder.hpp
[1.226s] -- Up-to-date: /home/rakesh/practice/install/champ_msgs/include/champ_msgs/champ_msgs/msg/detail/pid__struct.hpp
[1.226s] -- Up-to-date: /home/rakesh/practice/install/champ_msgs/include/champ_msgs/champ_msgs/msg/detail/point_array__type_support.hpp
[1.226s] -- Up-to-date: /home/rakesh/practice/install/champ_msgs/include/champ_msgs/champ_msgs/msg/detail/contacts__struct.hpp
[1.226s] -- Up-to-date: /home/rakesh/practice/install/champ_msgs/include/champ_msgs/champ_msgs/msg/detail/point__type_support.hpp
[1.226s] -- Up-to-date: /home/rakesh/practice/install/champ_msgs/include/champ_msgs/champ_msgs/msg/detail/contacts__builder.hpp
[1.226s] -- Up-to-date: /home/rakesh/practice/install/champ_msgs/include/champ_msgs/champ_msgs/msg/detail/joints__struct.hpp
[1.226s] -- Up-to-date: /home/rakesh/practice/install/champ_msgs/include/champ_msgs/champ_msgs/msg/detail/contacts_stamped__type_support.hpp
[1.226s] -- Up-to-date: /home/rakesh/practice/install/champ_msgs/include/champ_msgs/champ_msgs/msg/detail/contacts__traits.hpp
[1.226s] -- Up-to-date: /home/rakesh/practice/install/champ_msgs/include/champ_msgs/champ_msgs/msg/detail/joints__traits.hpp
[1.226s] -- Up-to-date: /home/rakesh/practice/install/champ_msgs/include/champ_msgs/champ_msgs/msg/detail/joints__builder.hpp
[1.226s] -- Up-to-date: /home/rakesh/practice/install/champ_msgs/include/champ_msgs/champ_msgs/msg/detail/pose__type_support.hpp
[1.226s] -- Up-to-date: /home/rakesh/practice/install/champ_msgs/include/champ_msgs/champ_msgs/msg/detail/pid__type_support.hpp
[1.226s] -- Up-to-date: /home/rakesh/practice/install/champ_msgs/include/champ_msgs/champ_msgs/msg/detail/pid__traits.hpp
[1.227s] -- Up-to-date: /home/rakesh/practice/install/champ_msgs/include/champ_msgs/champ_msgs/msg/detail/pose__builder.hpp
[1.227s] -- Up-to-date: /home/rakesh/practice/install/champ_msgs/include/champ_msgs/champ_msgs/msg/detail/point_array__traits.hpp
[1.227s] -- Up-to-date: /home/rakesh/practice/install/champ_msgs/include/champ_msgs/champ_msgs/msg/detail/contacts_stamped__traits.hpp
[1.227s] -- Up-to-date: /home/rakesh/practice/install/champ_msgs/include/champ_msgs/champ_msgs/msg/rosidl_generator_cpp__visibility_control.hpp
[1.227s] -- Up-to-date: /home/rakesh/practice/install/champ_msgs/include/champ_msgs/champ_msgs
[1.227s] -- Up-to-date: /home/rakesh/practice/install/champ_msgs/include/champ_msgs/champ_msgs/msg
[1.227s] -- Up-to-date: /home/rakesh/practice/install/champ_msgs/include/champ_msgs/champ_msgs/msg/rosidl_typesupport_fastrtps_cpp__visibility_control.h
[1.227s] -- Up-to-date: /home/rakesh/practice/install/champ_msgs/include/champ_msgs/champ_msgs/msg/detail
[1.227s] -- Up-to-date: /home/rakesh/practice/install/champ_msgs/include/champ_msgs/champ_msgs/msg/detail/contacts__rosidl_typesupport_fastrtps_cpp.hpp
[1.227s] -- Up-to-date: /home/rakesh/practice/install/champ_msgs/include/champ_msgs/champ_msgs/msg/detail/pose__rosidl_typesupport_fastrtps_cpp.hpp
[1.227s] -- Up-to-date: /home/rakesh/practice/install/champ_msgs/include/champ_msgs/champ_msgs/msg/detail/point__rosidl_typesupport_fastrtps_cpp.hpp
[1.227s] -- Up-to-date: /home/rakesh/practice/install/champ_msgs/include/champ_msgs/champ_msgs/msg/detail/joints__rosidl_typesupport_fastrtps_cpp.hpp
[1.227s] -- Up-to-date: /home/rakesh/practice/install/champ_msgs/include/champ_msgs/champ_msgs/msg/detail/point_array__rosidl_typesupport_fastrtps_cpp.hpp
[1.227s] -- Up-to-date: /home/rakesh/practice/install/champ_msgs/include/champ_msgs/champ_msgs/msg/detail/pid__rosidl_typesupport_fastrtps_cpp.hpp
[1.227s] -- Up-to-date: /home/rakesh/practice/install/champ_msgs/include/champ_msgs/champ_msgs/msg/detail/dds_fastrtps
[1.227s] -- Up-to-date: /home/rakesh/practice/install/champ_msgs/include/champ_msgs/champ_msgs/msg/detail/contacts_stamped__rosidl_typesupport_fastrtps_cpp.hpp
[1.228s] -- Up-to-date: /home/rakesh/practice/install/champ_msgs/include/champ_msgs/champ_msgs/msg/detail/velocities__rosidl_typesupport_fastrtps_cpp.hpp
[1.228s] -- Up-to-date: /home/rakesh/practice/install/champ_msgs/include/champ_msgs/champ_msgs/msg/detail/imu__rosidl_typesupport_fastrtps_cpp.hpp
[1.228s] -- Up-to-date: /home/rakesh/practice/install/champ_msgs/lib/libchamp_msgs__rosidl_typesupport_fastrtps_cpp.so
[1.228s] -- Up-to-date: /home/rakesh/practice/install/champ_msgs/include/champ_msgs/champ_msgs
[1.228s] -- Up-to-date: /home/rakesh/practice/install/champ_msgs/include/champ_msgs/champ_msgs/msg
[1.228s] -- Up-to-date: /home/rakesh/practice/install/champ_msgs/include/champ_msgs/champ_msgs/msg/detail
[1.228s] -- Up-to-date: /home/rakesh/practice/install/champ_msgs/include/champ_msgs/champ_msgs/msg/detail/point__type_support.cpp
[1.228s] -- Up-to-date: /home/rakesh/practice/install/champ_msgs/include/champ_msgs/champ_msgs/msg/detail/pid__type_support.cpp
[1.228s] -- Up-to-date: /home/rakesh/practice/install/champ_msgs/include/champ_msgs/champ_msgs/msg/detail/contacts_stamped__rosidl_typesupport_introspection_cpp.hpp
[1.228s] -- Up-to-date: /home/rakesh/practice/install/champ_msgs/include/champ_msgs/champ_msgs/msg/detail/velocities__type_support.cpp
[1.228s] -- Up-to-date: /home/rakesh/practice/install/champ_msgs/include/champ_msgs/champ_msgs/msg/detail/point_array__rosidl_typesupport_introspection_cpp.hpp
[1.228s] -- Up-to-date: /home/rakesh/practice/install/champ_msgs/include/champ_msgs/champ_msgs/msg/detail/point__rosidl_typesupport_introspection_cpp.hpp
[1.228s] -- Up-to-date: /home/rakesh/practice/install/champ_msgs/include/champ_msgs/champ_msgs/msg/detail/joints__type_support.cpp
[1.228s] -- Up-to-date: /home/rakesh/practice/install/champ_msgs/include/champ_msgs/champ_msgs/msg/detail/contacts__type_support.cpp
[1.228s] -- Up-to-date: /home/rakesh/practice/install/champ_msgs/include/champ_msgs/champ_msgs/msg/detail/pose__rosidl_typesupport_introspection_cpp.hpp
[1.228s] -- Up-to-date: /home/rakesh/practice/install/champ_msgs/include/champ_msgs/champ_msgs/msg/detail/pose__type_support.cpp
[1.229s] -- Up-to-date: /home/rakesh/practice/install/champ_msgs/include/champ_msgs/champ_msgs/msg/detail/point_array__type_support.cpp
[1.229s] -- Up-to-date: /home/rakesh/practice/install/champ_msgs/include/champ_msgs/champ_msgs/msg/detail/pid__rosidl_typesupport_introspection_cpp.hpp
[1.229s] -- Up-to-date: /home/rakesh/practice/install/champ_msgs/include/champ_msgs/champ_msgs/msg/detail/contacts__rosidl_typesupport_introspection_cpp.hpp
[1.229s] -- Up-to-date: /home/rakesh/practice/install/champ_msgs/include/champ_msgs/champ_msgs/msg/detail/imu__type_support.cpp
[1.229s] -- Up-to-date: /home/rakesh/practice/install/champ_msgs/include/champ_msgs/champ_msgs/msg/detail/joints__rosidl_typesupport_introspection_cpp.hpp
[1.229s] -- Up-to-date: /home/rakesh/practice/install/champ_msgs/include/champ_msgs/champ_msgs/msg/detail/velocities__rosidl_typesupport_introspection_cpp.hpp
[1.229s] -- Up-to-date: /home/rakesh/practice/install/champ_msgs/include/champ_msgs/champ_msgs/msg/detail/imu__rosidl_typesupport_introspection_cpp.hpp
[1.229s] -- Up-to-date: /home/rakesh/practice/install/champ_msgs/include/champ_msgs/champ_msgs/msg/detail/contacts_stamped__type_support.cpp
[1.229s] -- Up-to-date: /home/rakesh/practice/install/champ_msgs/lib/libchamp_msgs__rosidl_typesupport_introspection_cpp.so
[1.229s] -- Up-to-date: /home/rakesh/practice/install/champ_msgs/lib/libchamp_msgs__rosidl_typesupport_cpp.so
[1.229s] -- Up-to-date: /home/rakesh/practice/install/champ_msgs/share/champ_msgs/environment/pythonpath.sh
[1.229s] -- Up-to-date: /home/rakesh/practice/install/champ_msgs/share/champ_msgs/environment/pythonpath.dsv
[1.230s] -- Up-to-date: /home/rakesh/practice/install/champ_msgs/lib/python3.12/site-packages/champ_msgs-0.1.0-py3.12.egg-info
[1.230s] -- Installing: /home/rakesh/practice/install/champ_msgs/lib/python3.12/site-packages/champ_msgs-0.1.0-py3.12.egg-info/PKG-INFO
[1.230s] -- Installing: /home/rakesh/practice/install/champ_msgs/lib/python3.12/site-packages/champ_msgs-0.1.0-py3.12.egg-info/SOURCES.txt
[1.230s] -- Installing: /home/rakesh/practice/install/champ_msgs/lib/python3.12/site-packages/champ_msgs-0.1.0-py3.12.egg-info/top_level.txt
[1.230s] -- Installing: /home/rakesh/practice/install/champ_msgs/lib/python3.12/site-packages/champ_msgs-0.1.0-py3.12.egg-info/dependency_links.txt
[1.230s] -- Up-to-date: /home/rakesh/practice/install/champ_msgs/lib/python3.12/site-packages/champ_msgs
[1.231s] -- Up-to-date: /home/rakesh/practice/install/champ_msgs/lib/python3.12/site-packages/champ_msgs/_champ_msgs_s.ep.rosidl_typesupport_c.c
[1.231s] -- Up-to-date: /home/rakesh/practice/install/champ_msgs/lib/python3.12/site-packages/champ_msgs/__init__.py
[1.231s] -- Up-to-date: /home/rakesh/practice/install/champ_msgs/lib/python3.12/site-packages/champ_msgs/msg
[1.231s] -- Up-to-date: /home/rakesh/practice/install/champ_msgs/lib/python3.12/site-packages/champ_msgs/msg/_contacts_stamped_s.c
[1.231s] -- Up-to-date: /home/rakesh/practice/install/champ_msgs/lib/python3.12/site-packages/champ_msgs/msg/_pose_s.c
[1.231s] -- Up-to-date: /home/rakesh/practice/install/champ_msgs/lib/python3.12/site-packages/champ_msgs/msg/__init__.py
[1.231s] -- Up-to-date: /home/rakesh/practice/install/champ_msgs/lib/python3.12/site-packages/champ_msgs/msg/_velocities.py
[1.231s] -- Up-to-date: /home/rakesh/practice/install/champ_msgs/lib/python3.12/site-packages/champ_msgs/msg/_pose.py
[1.231s] -- Up-to-date: /home/rakesh/practice/install/champ_msgs/lib/python3.12/site-packages/champ_msgs/msg/_joints_s.c
[1.231s] -- Up-to-date: /home/rakesh/practice/install/champ_msgs/lib/python3.12/site-packages/champ_msgs/msg/_point.py
[1.231s] -- Up-to-date: /home/rakesh/practice/install/champ_msgs/lib/python3.12/site-packages/champ_msgs/msg/_point_s.c
[1.232s] -- Up-to-date: /home/rakesh/practice/install/champ_msgs/lib/python3.12/site-packages/champ_msgs/msg/_joints.py
[1.232s] -- Up-to-date: /home/rakesh/practice/install/champ_msgs/lib/python3.12/site-packages/champ_msgs/msg/_contacts.py
[1.232s] -- Up-to-date: /home/rakesh/practice/install/champ_msgs/lib/python3.12/site-packages/champ_msgs/msg/_pid.py
[1.232s] -- Up-to-date: /home/rakesh/practice/install/champ_msgs/lib/python3.12/site-packages/champ_msgs/msg/_point_array.py
[1.232s] -- Up-to-date: /home/rakesh/practice/install/champ_msgs/lib/python3.12/site-packages/champ_msgs/msg/_point_array_s.c
[1.232s] -- Up-to-date: /home/rakesh/practice/install/champ_msgs/lib/python3.12/site-packages/champ_msgs/msg/_contacts_stamped.py
[1.232s] -- Up-to-date: /home/rakesh/practice/install/champ_msgs/lib/python3.12/site-packages/champ_msgs/msg/_imu_s.c
[1.232s] -- Up-to-date: /home/rakesh/practice/install/champ_msgs/lib/python3.12/site-packages/champ_msgs/msg/_velocities_s.c
[1.232s] -- Up-to-date: /home/rakesh/practice/install/champ_msgs/lib/python3.12/site-packages/champ_msgs/msg/_imu.py
[1.232s] -- Up-to-date: /home/rakesh/practice/install/champ_msgs/lib/python3.12/site-packages/champ_msgs/msg/_pid_s.c
[1.232s] -- Up-to-date: /home/rakesh/practice/install/champ_msgs/lib/python3.12/site-packages/champ_msgs/msg/_contacts_s.c
[1.232s] -- Up-to-date: /home/rakesh/practice/install/champ_msgs/lib/python3.12/site-packages/champ_msgs/_champ_msgs_s.ep.rosidl_typesupport_introspection_c.c
[1.232s] -- Up-to-date: /home/rakesh/practice/install/champ_msgs/lib/python3.12/site-packages/champ_msgs/champ_msgs_s__rosidl_typesupport_fastrtps_c.so
[1.232s] -- Up-to-date: /home/rakesh/practice/install/champ_msgs/lib/python3.12/site-packages/champ_msgs/champ_msgs_s__rosidl_typesupport_c.so
[1.232s] -- Up-to-date: /home/rakesh/practice/install/champ_msgs/lib/python3.12/site-packages/champ_msgs/champ_msgs_s__rosidl_typesupport_introspection_c.so
[1.232s] -- Up-to-date: /home/rakesh/practice/install/champ_msgs/lib/python3.12/site-packages/champ_msgs/_champ_msgs_s.ep.rosidl_typesupport_fastrtps_c.c
[1.269s] Listing '/home/rakesh/practice/install/champ_msgs/lib/python3.12/site-packages/champ_msgs'...
[1.269s] Listing '/home/rakesh/practice/install/champ_msgs/lib/python3.12/site-packages/champ_msgs/msg'...
[1.276s] -- Up-to-date: /home/rakesh/practice/install/champ_msgs/lib/python3.12/site-packages/champ_msgs/champ_msgs_s__rosidl_typesupport_fastrtps_c.so
[1.277s] -- Up-to-date: /home/rakesh/practice/install/champ_msgs/lib/python3.12/site-packages/champ_msgs/champ_msgs_s__rosidl_typesupport_introspection_c.so
[1.277s] -- Up-to-date: /home/rakesh/practice/install/champ_msgs/lib/python3.12/site-packages/champ_msgs/champ_msgs_s__rosidl_typesupport_c.so
[1.278s] -- Up-to-date: /home/rakesh/practice/install/champ_msgs/lib/libchamp_msgs__rosidl_generator_py.so
[1.278s] -- Up-to-date: /home/rakesh/practice/install/champ_msgs/share/champ_msgs/msg/Velocities.idl
[1.278s] -- Up-to-date: /home/rakesh/practice/install/champ_msgs/share/champ_msgs/msg/PID.idl
[1.278s] -- Up-to-date: /home/rakesh/practice/install/champ_msgs/share/champ_msgs/msg/Imu.idl
[1.278s] -- Up-to-date: /home/rakesh/practice/install/champ_msgs/share/champ_msgs/msg/Point.idl
[1.278s] -- Up-to-date: /home/rakesh/practice/install/champ_msgs/share/champ_msgs/msg/PointArray.idl
[1.279s] -- Up-to-date: /home/rakesh/practice/install/champ_msgs/share/champ_msgs/msg/Joints.idl
[1.279s] -- Up-to-date: /home/rakesh/practice/install/champ_msgs/share/champ_msgs/msg/Contacts.idl
[1.279s] -- Up-to-date: /home/rakesh/practice/install/champ_msgs/share/champ_msgs/msg/ContactsStamped.idl
[1.279s] -- Up-to-date: /home/rakesh/practice/install/champ_msgs/share/champ_msgs/msg/Pose.idl
[1.279s] -- Up-to-date: /home/rakesh/practice/install/champ_msgs/share/champ_msgs/msg/Velocities.msg
[1.279s] -- Up-to-date: /home/rakesh/practice/install/champ_msgs/share/champ_msgs/msg/PID.msg
[1.279s] -- Up-to-date: /home/rakesh/practice/install/champ_msgs/share/champ_msgs/msg/Imu.msg
[1.279s] -- Up-to-date: /home/rakesh/practice/install/champ_msgs/share/champ_msgs/msg/Point.msg
[1.279s] -- Up-to-date: /home/rakesh/practice/install/champ_msgs/share/champ_msgs/msg/PointArray.msg
[1.279s] -- Up-to-date: /home/rakesh/practice/install/champ_msgs/share/champ_msgs/msg/Joints.msg
[1.279s] -- Up-to-date: /home/rakesh/practice/install/champ_msgs/share/champ_msgs/msg/Contacts.msg
[1.279s] -- Up-to-date: /home/rakesh/practice/install/champ_msgs/share/champ_msgs/msg/ContactsStamped.msg
[1.279s] -- Up-to-date: /home/rakesh/practice/install/champ_msgs/share/champ_msgs/msg/Pose.msg
[1.279s] -- Up-to-date: /home/rakesh/practice/install/champ_msgs/share/ament_index/resource_index/package_run_dependencies/champ_msgs
[1.280s] -- Up-to-date: /home/rakesh/practice/install/champ_msgs/share/ament_index/resource_index/parent_prefix_path/champ_msgs
[1.280s] -- Up-to-date: /home/rakesh/practice/install/champ_msgs/share/champ_msgs/environment/ament_prefix_path.sh
[1.280s] -- Up-to-date: /home/rakesh/practice/install/champ_msgs/share/champ_msgs/environment/ament_prefix_path.dsv
[1.280s] -- Up-to-date: /home/rakesh/practice/install/champ_msgs/share/champ_msgs/environment/path.sh
[1.280s] -- Up-to-date: /home/rakesh/practice/install/champ_msgs/share/champ_msgs/environment/path.dsv
[1.280s] -- Up-to-date: /home/rakesh/practice/install/champ_msgs/share/champ_msgs/local_setup.bash
[1.280s] -- Up-to-date: /home/rakesh/practice/install/champ_msgs/share/champ_msgs/local_setup.sh
[1.280s] -- Up-to-date: /home/rakesh/practice/install/champ_msgs/share/champ_msgs/local_setup.zsh
[1.280s] -- Up-to-date: /home/rakesh/practice/install/champ_msgs/share/champ_msgs/local_setup.dsv
[1.280s] -- Installing: /home/rakesh/practice/install/champ_msgs/share/champ_msgs/package.dsv
[1.280s] -- Up-to-date: /home/rakesh/practice/install/champ_msgs/share/ament_index/resource_index/packages/champ_msgs
[1.281s] -- Up-to-date: /home/rakesh/practice/install/champ_msgs/share/champ_msgs/cmake/export_champ_msgs__rosidl_generator_cExport.cmake
[1.281s] -- Up-to-date: /home/rakesh/practice/install/champ_msgs/share/champ_msgs/cmake/export_champ_msgs__rosidl_generator_cExport-noconfig.cmake
[1.282s] -- Up-to-date: /home/rakesh/practice/install/champ_msgs/share/champ_msgs/cmake/export_champ_msgs__rosidl_typesupport_fastrtps_cExport.cmake
[1.282s] -- Up-to-date: /home/rakesh/practice/install/champ_msgs/share/champ_msgs/cmake/export_champ_msgs__rosidl_typesupport_fastrtps_cExport-noconfig.cmake
[1.282s] -- Up-to-date: /home/rakesh/practice/install/champ_msgs/share/champ_msgs/cmake/champ_msgs__rosidl_typesupport_introspection_cExport.cmake
[1.282s] -- Up-to-date: /home/rakesh/practice/install/champ_msgs/share/champ_msgs/cmake/champ_msgs__rosidl_typesupport_introspection_cExport-noconfig.cmake
[1.283s] -- Up-to-date: /home/rakesh/practice/install/champ_msgs/share/champ_msgs/cmake/champ_msgs__rosidl_typesupport_cExport.cmake
[1.283s] -- Up-to-date: /home/rakesh/practice/install/champ_msgs/share/champ_msgs/cmake/champ_msgs__rosidl_typesupport_cExport-noconfig.cmake
[1.283s] -- Up-to-date: /home/rakesh/practice/install/champ_msgs/share/champ_msgs/cmake/export_champ_msgs__rosidl_generator_cppExport.cmake
[1.283s] -- Up-to-date: /home/rakesh/practice/install/champ_msgs/share/champ_msgs/cmake/export_champ_msgs__rosidl_typesupport_fastrtps_cppExport.cmake
[1.283s] -- Up-to-date: /home/rakesh/practice/install/champ_msgs/share/champ_msgs/cmake/export_champ_msgs__rosidl_typesupport_fastrtps_cppExport-noconfig.cmake
[1.284s] -- Up-to-date: /home/rakesh/practice/install/champ_msgs/share/champ_msgs/cmake/champ_msgs__rosidl_typesupport_introspection_cppExport.cmake
[1.284s] -- Up-to-date: /home/rakesh/practice/install/champ_msgs/share/champ_msgs/cmake/champ_msgs__rosidl_typesupport_introspection_cppExport-noconfig.cmake
[1.284s] -- Up-to-date: /home/rakesh/practice/install/champ_msgs/share/champ_msgs/cmake/champ_msgs__rosidl_typesupport_cppExport.cmake
[1.284s] -- Up-to-date: /home/rakesh/practice/install/champ_msgs/share/champ_msgs/cmake/champ_msgs__rosidl_typesupport_cppExport-noconfig.cmake
[1.284s] -- Up-to-date: /home/rakesh/practice/install/champ_msgs/share/champ_msgs/cmake/export_champ_msgs__rosidl_generator_pyExport.cmake
[1.285s] -- Up-to-date: /home/rakesh/practice/install/champ_msgs/share/champ_msgs/cmake/export_champ_msgs__rosidl_generator_pyExport-noconfig.cmake
[1.285s] -- Up-to-date: /home/rakesh/practice/install/champ_msgs/share/champ_msgs/cmake/rosidl_cmake-extras.cmake
[1.285s] -- Up-to-date: /home/rakesh/practice/install/champ_msgs/share/champ_msgs/cmake/ament_cmake_export_dependencies-extras.cmake
[1.285s] -- Up-to-date: /home/rakesh/practice/install/champ_msgs/share/champ_msgs/cmake/ament_cmake_export_include_directories-extras.cmake
[1.285s] -- Up-to-date: /home/rakesh/practice/install/champ_msgs/share/champ_msgs/cmake/ament_cmake_export_libraries-extras.cmake
[1.285s] -- Up-to-date: /home/rakesh/practice/install/champ_msgs/share/champ_msgs/cmake/ament_cmake_export_targets-extras.cmake
[1.285s] -- Up-to-date: /home/rakesh/practice/install/champ_msgs/share/champ_msgs/cmake/rosidl_cmake_export_typesupport_targets-extras.cmake
[1.285s] -- Up-to-date: /home/rakesh/practice/install/champ_msgs/share/champ_msgs/cmake/rosidl_cmake_export_typesupport_libraries-extras.cmake
[1.285s] -- Up-to-date: /home/rakesh/practice/install/champ_msgs/share/champ_msgs/cmake/champ_msgsConfig.cmake
[1.285s] -- Up-to-date: /home/rakesh/practice/install/champ_msgs/share/champ_msgs/cmake/champ_msgsConfig-version.cmake
[1.285s] -- Up-to-date: /home/rakesh/practice/install/champ_msgs/share/champ_msgs/package.xml
[1.288s] Invoked command in '/home/rakesh/practice/build/champ_msgs' returned '0': CMAKE_PREFIX_PATH=${CMAKE_PREFIX_PATH}:/opt/ros/jazzy: DEBUGINFOD_URLS=https://debuginfod.ubuntu.com /usr/bin/cmake --install /home/rakesh/practice/build/champ_msgs
